[2024-11-08T20:10:48.167+0000] {local_task_job_runner.py:123} INFO - ::group::Pre task execution logs
[2024-11-08T20:10:48.196+0000] {taskinstance.py:2613} INFO - Dependencies all met for dep_context=non-requeueable deps ti=<TaskInstance: spark_session_only.create_spark_session manual__2024-11-08T20:06:23.646765+00:00 [queued]>
[2024-11-08T20:10:48.209+0000] {taskinstance.py:2613} INFO - Dependencies all met for dep_context=requeueable deps ti=<TaskInstance: spark_session_only.create_spark_session manual__2024-11-08T20:06:23.646765+00:00 [queued]>
[2024-11-08T20:10:48.210+0000] {taskinstance.py:2866} INFO - Starting attempt 5 of 6
[2024-11-08T20:10:48.236+0000] {taskinstance.py:2889} INFO - Executing <Task(PythonOperator): create_spark_session> on 2024-11-08 20:06:23.646765+00:00
[2024-11-08T20:10:48.245+0000] {warnings.py:112} WARNING - /home/***/.local/lib/python3.12/site-packages/***/task/task_runner/standard_task_runner.py:70: DeprecationWarning: This process (pid=155) is multi-threaded, use of fork() may lead to deadlocks in the child.
  pid = os.fork()

[2024-11-08T20:10:48.247+0000] {standard_task_runner.py:72} INFO - Started process 157 to run task
[2024-11-08T20:10:48.248+0000] {standard_task_runner.py:104} INFO - Running: ['***', 'tasks', 'run', 'spark_session_only', 'create_spark_session', 'manual__2024-11-08T20:06:23.646765+00:00', '--job-id', '27', '--raw', '--subdir', 'DAGS_FOLDER/sber.py', '--cfg-path', '/tmp/tmpr3q0vksw']
[2024-11-08T20:10:48.250+0000] {standard_task_runner.py:105} INFO - Job 27: Subtask create_spark_session
[2024-11-08T20:10:48.321+0000] {task_command.py:467} INFO - Running <TaskInstance: spark_session_only.create_spark_session manual__2024-11-08T20:06:23.646765+00:00 [running]> on host 9a44e6d0086d
[2024-11-08T20:10:48.434+0000] {taskinstance.py:3132} INFO - Exporting env vars: AIRFLOW_CTX_DAG_OWNER='***' AIRFLOW_CTX_DAG_ID='spark_session_only' AIRFLOW_CTX_TASK_ID='create_spark_session' AIRFLOW_CTX_EXECUTION_DATE='2024-11-08T20:06:23.646765+00:00' AIRFLOW_CTX_TRY_NUMBER='5' AIRFLOW_CTX_DAG_RUN_ID='manual__2024-11-08T20:06:23.646765+00:00'
[2024-11-08T20:10:48.437+0000] {logging_mixin.py:190} INFO - Task instance is in running state
[2024-11-08T20:10:48.438+0000] {logging_mixin.py:190} INFO -  Previous state of the Task instance: queued
[2024-11-08T20:10:48.438+0000] {logging_mixin.py:190} INFO - Current task name:create_spark_session state:running start_date:2024-11-08 20:10:48.197119+00:00
[2024-11-08T20:10:48.439+0000] {logging_mixin.py:190} INFO - Dag name:spark_session_only and current dag run status:running
[2024-11-08T20:10:48.440+0000] {taskinstance.py:731} INFO - ::endgroup::
[2024-11-08T20:10:48.452+0000] {base.py:84} INFO - Retrieving connection 'spark_session_only'
[2024-11-08T20:10:48.453+0000] {logging_mixin.py:190} INFO - Error occurred while creating Spark session: Failed to create a Spark session.
[2024-11-08T20:10:48.454+0000] {taskinstance.py:3311} ERROR - Task failed with exception
Traceback (most recent call last):
  File "/home/airflow/.local/lib/python3.12/site-packages/airflow/models/taskinstance.py", line 767, in _execute_task
    result = _execute_callable(context=context, **execute_callable_kwargs)
             ^^^^^^^^^^^^^^^^^^^^^^^^^^^^^^^^^^^^^^^^^^^^^^^^^^^^^^^^^^^^^
  File "/home/airflow/.local/lib/python3.12/site-packages/airflow/models/taskinstance.py", line 733, in _execute_callable
    return ExecutionCallableRunner(
           ^^^^^^^^^^^^^^^^^^^^^^^^
  File "/home/airflow/.local/lib/python3.12/site-packages/airflow/utils/operator_helpers.py", line 252, in run
    return self.func(*args, **kwargs)
           ^^^^^^^^^^^^^^^^^^^^^^^^^^
  File "/home/airflow/.local/lib/python3.12/site-packages/airflow/models/baseoperator.py", line 417, in wrapper
    return func(self, *args, **kwargs)
           ^^^^^^^^^^^^^^^^^^^^^^^^^^^
  File "/home/airflow/.local/lib/python3.12/site-packages/airflow/operators/python.py", line 238, in execute
    return_value = self.execute_callable()
                   ^^^^^^^^^^^^^^^^^^^^^^^
  File "/home/airflow/.local/lib/python3.12/site-packages/airflow/operators/python.py", line 256, in execute_callable
    return runner.run(*self.op_args, **self.op_kwargs)
           ^^^^^^^^^^^^^^^^^^^^^^^^^^^^^^^^^^^^^^^^^^^
  File "/home/airflow/.local/lib/python3.12/site-packages/airflow/utils/operator_helpers.py", line 252, in run
    return self.func(*args, **kwargs)
           ^^^^^^^^^^^^^^^^^^^^^^^^^^
  File "/opt/airflow/dags/sber.py", line 20, in create_spark_session
    raise ValueError("Failed to create a Spark session.")
ValueError: Failed to create a Spark session.
[2024-11-08T20:10:48.473+0000] {logging_mixin.py:190} INFO - Task instance in failure state
[2024-11-08T20:10:48.474+0000] {logging_mixin.py:190} INFO - Task start:2024-11-08 20:10:48.197119+00:00 end:2024-11-08 20:10:48.473225+00:00 duration:0.276106
[2024-11-08T20:10:48.475+0000] {logging_mixin.py:190} INFO - Task:<Task(PythonOperator): create_spark_session> dag:<DAG: spark_session_only> dagrun:<DagRun spark_session_only @ 2024-11-08 20:06:23.646765+00:00: manual__2024-11-08T20:06:23.646765+00:00, state:running, queued_at: 2024-11-08 20:06:23.703445+00:00. externally triggered: True>
[2024-11-08T20:10:48.476+0000] {logging_mixin.py:190} INFO - Failure caused by Failed to create a Spark session.
[2024-11-08T20:10:48.477+0000] {taskinstance.py:1225} INFO - Marking task as UP_FOR_RETRY. dag_id=spark_session_only, task_id=create_spark_session, run_id=manual__2024-11-08T20:06:23.646765+00:00, execution_date=20241108T200623, start_date=20241108T201048, end_date=20241108T201048
[2024-11-08T20:10:48.501+0000] {taskinstance.py:340} INFO - ::group::Post task execution logs
[2024-11-08T20:10:48.502+0000] {standard_task_runner.py:124} ERROR - Failed to execute job 27 for task create_spark_session (Failed to create a Spark session.; 157)
Traceback (most recent call last):
  File "/home/airflow/.local/lib/python3.12/site-packages/airflow/task/task_runner/standard_task_runner.py", line 117, in _start_by_fork
    ret = args.func(args, dag=self.dag)
          ^^^^^^^^^^^^^^^^^^^^^^^^^^^^^
  File "/home/airflow/.local/lib/python3.12/site-packages/airflow/cli/cli_config.py", line 49, in command
    return func(*args, **kwargs)
           ^^^^^^^^^^^^^^^^^^^^^
  File "/home/airflow/.local/lib/python3.12/site-packages/airflow/utils/cli.py", line 116, in wrapper
    return f(*args, **kwargs)
           ^^^^^^^^^^^^^^^^^^
  File "/home/airflow/.local/lib/python3.12/site-packages/airflow/cli/commands/task_command.py", line 483, in task_run
    task_return_code = _run_task_by_selected_method(args, _dag, ti)
                       ^^^^^^^^^^^^^^^^^^^^^^^^^^^^^^^^^^^^^^^^^^^^
  File "/home/airflow/.local/lib/python3.12/site-packages/airflow/cli/commands/task_command.py", line 256, in _run_task_by_selected_method
    return _run_raw_task(args, ti)
           ^^^^^^^^^^^^^^^^^^^^^^^
  File "/home/airflow/.local/lib/python3.12/site-packages/airflow/cli/commands/task_command.py", line 341, in _run_raw_task
    return ti._run_raw_task(
           ^^^^^^^^^^^^^^^^^
  File "/home/airflow/.local/lib/python3.12/site-packages/airflow/utils/session.py", line 97, in wrapper
    return func(*args, session=session, **kwargs)
           ^^^^^^^^^^^^^^^^^^^^^^^^^^^^^^^^^^^^^^
  File "/home/airflow/.local/lib/python3.12/site-packages/airflow/models/taskinstance.py", line 3005, in _run_raw_task
    return _run_raw_task(
           ^^^^^^^^^^^^^^
  File "/home/airflow/.local/lib/python3.12/site-packages/airflow/models/taskinstance.py", line 273, in _run_raw_task
    TaskInstance._execute_task_with_callbacks(
  File "/home/airflow/.local/lib/python3.12/site-packages/airflow/models/taskinstance.py", line 3159, in _execute_task_with_callbacks
    result = self._execute_task(context, task_orig)
             ^^^^^^^^^^^^^^^^^^^^^^^^^^^^^^^^^^^^^^
  File "/home/airflow/.local/lib/python3.12/site-packages/airflow/models/taskinstance.py", line 3183, in _execute_task
    return _execute_task(self, context, task_orig)
           ^^^^^^^^^^^^^^^^^^^^^^^^^^^^^^^^^^^^^^^
  File "/home/airflow/.local/lib/python3.12/site-packages/airflow/models/taskinstance.py", line 767, in _execute_task
    result = _execute_callable(context=context, **execute_callable_kwargs)
             ^^^^^^^^^^^^^^^^^^^^^^^^^^^^^^^^^^^^^^^^^^^^^^^^^^^^^^^^^^^^^
  File "/home/airflow/.local/lib/python3.12/site-packages/airflow/models/taskinstance.py", line 733, in _execute_callable
    return ExecutionCallableRunner(
           ^^^^^^^^^^^^^^^^^^^^^^^^
  File "/home/airflow/.local/lib/python3.12/site-packages/airflow/utils/operator_helpers.py", line 252, in run
    return self.func(*args, **kwargs)
           ^^^^^^^^^^^^^^^^^^^^^^^^^^
  File "/home/airflow/.local/lib/python3.12/site-packages/airflow/models/baseoperator.py", line 417, in wrapper
    return func(self, *args, **kwargs)
           ^^^^^^^^^^^^^^^^^^^^^^^^^^^
  File "/home/airflow/.local/lib/python3.12/site-packages/airflow/operators/python.py", line 238, in execute
    return_value = self.execute_callable()
                   ^^^^^^^^^^^^^^^^^^^^^^^
  File "/home/airflow/.local/lib/python3.12/site-packages/airflow/operators/python.py", line 256, in execute_callable
    return runner.run(*self.op_args, **self.op_kwargs)
           ^^^^^^^^^^^^^^^^^^^^^^^^^^^^^^^^^^^^^^^^^^^
  File "/home/airflow/.local/lib/python3.12/site-packages/airflow/utils/operator_helpers.py", line 252, in run
    return self.func(*args, **kwargs)
           ^^^^^^^^^^^^^^^^^^^^^^^^^^
  File "/opt/airflow/dags/sber.py", line 20, in create_spark_session
    raise ValueError("Failed to create a Spark session.")
ValueError: Failed to create a Spark session.
[2024-11-08T20:10:48.545+0000] {local_task_job_runner.py:266} INFO - Task exited with return code 1
[2024-11-08T20:10:48.584+0000] {taskinstance.py:3895} INFO - 0 downstream tasks scheduled from follow-on schedule check
[2024-11-08T20:10:48.587+0000] {local_task_job_runner.py:245} INFO - ::endgroup::
