[2024-11-07T20:26:18.393+0000] {local_task_job_runner.py:123} INFO - ::group::Pre task execution logs
[2024-11-07T20:26:18.432+0000] {taskinstance.py:2613} INFO - Dependencies all met for dep_context=non-requeueable deps ti=<TaskInstance: dag_with_postgres_operator.create_postgres_table scheduled__2024-06-15T00:00:00+00:00 [queued]>
[2024-11-07T20:26:18.451+0000] {taskinstance.py:2613} INFO - Dependencies all met for dep_context=requeueable deps ti=<TaskInstance: dag_with_postgres_operator.create_postgres_table scheduled__2024-06-15T00:00:00+00:00 [queued]>
[2024-11-07T20:26:18.456+0000] {taskinstance.py:2866} INFO - Starting attempt 1 of 6
[2024-11-07T20:26:18.487+0000] {taskinstance.py:2889} INFO - Executing <Task(PostgresOperator): create_postgres_table> on 2024-06-15 00:00:00+00:00
[2024-11-07T20:26:18.497+0000] {warnings.py:112} WARNING - /home/***/.local/lib/python3.12/site-packages/***/task/task_runner/standard_task_runner.py:70: DeprecationWarning: This process (pid=1887) is multi-threaded, use of fork() may lead to deadlocks in the child.
  pid = os.fork()

[2024-11-07T20:26:18.499+0000] {standard_task_runner.py:72} INFO - Started process 1889 to run task
[2024-11-07T20:26:18.500+0000] {standard_task_runner.py:104} INFO - Running: ['***', 'tasks', 'run', 'dag_with_postgres_operator', 'create_postgres_table', 'scheduled__2024-06-15T00:00:00+00:00', '--job-id', '1000', '--raw', '--subdir', 'DAGS_FOLDER/postgres.py', '--cfg-path', '/tmp/tmprxg6hcmu']
[2024-11-07T20:26:18.502+0000] {standard_task_runner.py:105} INFO - Job 1000: Subtask create_postgres_table
[2024-11-07T20:26:18.574+0000] {task_command.py:467} INFO - Running <TaskInstance: dag_with_postgres_operator.create_postgres_table scheduled__2024-06-15T00:00:00+00:00 [running]> on host 3f85553e814e
[2024-11-07T20:26:18.942+0000] {taskinstance.py:3132} INFO - Exporting env vars: AIRFLOW_CTX_DAG_OWNER='sumit kumar' AIRFLOW_CTX_DAG_ID='dag_with_postgres_operator' AIRFLOW_CTX_TASK_ID='create_postgres_table' AIRFLOW_CTX_EXECUTION_DATE='2024-06-15T00:00:00+00:00' AIRFLOW_CTX_TRY_NUMBER='1' AIRFLOW_CTX_DAG_RUN_ID='scheduled__2024-06-15T00:00:00+00:00'
[2024-11-07T20:26:18.944+0000] {logging_mixin.py:190} INFO - Task instance is in running state
[2024-11-07T20:26:18.945+0000] {logging_mixin.py:190} INFO -  Previous state of the Task instance: queued
[2024-11-07T20:26:18.945+0000] {logging_mixin.py:190} INFO - Current task name:create_postgres_table state:running start_date:2024-11-07 20:26:18.434043+00:00
[2024-11-07T20:26:18.946+0000] {logging_mixin.py:190} INFO - Dag name:dag_with_postgres_operator and current dag run status:running
[2024-11-07T20:26:18.947+0000] {taskinstance.py:731} INFO - ::endgroup::
[2024-11-07T20:26:18.948+0000] {sql.py:278} INFO - Executing: 
            CREATE TABLE if not exists Orders (
                OrderID INT PRIMARY KEY,
                Status VARCHAR(50)
            )
        
[2024-11-07T20:26:18.967+0000] {base.py:84} INFO - Retrieving connection 'postgres_local'
[2024-11-07T20:26:18.983+0000] {base.py:84} INFO - Retrieving connection 'postgres_local'
[2024-11-07T20:26:19.001+0000] {sql.py:544} INFO - Running statement: 
            CREATE TABLE if not exists Orders (
                OrderID INT PRIMARY KEY,
                Status VARCHAR(50)
            )
        , parameters: None
[2024-11-07T20:26:19.027+0000] {taskinstance.py:340} INFO - ::group::Post task execution logs
[2024-11-07T20:26:19.028+0000] {taskinstance.py:352} INFO - Marking task as SUCCESS. dag_id=dag_with_postgres_operator, task_id=create_postgres_table, run_id=scheduled__2024-06-15T00:00:00+00:00, execution_date=20240615T000000, start_date=20241107T202618, end_date=20241107T202619
[2024-11-07T20:26:19.041+0000] {logging_mixin.py:190} INFO - Task instance in success state
[2024-11-07T20:26:19.042+0000] {logging_mixin.py:190} INFO -  Previous state of the Task instance: running
[2024-11-07T20:26:19.043+0000] {logging_mixin.py:190} INFO - Dag name:dag_with_postgres_operator queued_at:2024-11-07 20:26:16.019927+00:00
[2024-11-07T20:26:19.043+0000] {logging_mixin.py:190} INFO - Task hostname:3f85553e814e operator:PostgresOperator
[2024-11-07T20:26:19.078+0000] {local_task_job_runner.py:266} INFO - Task exited with return code 0
[2024-11-07T20:26:19.091+0000] {local_task_job_runner.py:245} INFO - ::endgroup::
[2024-11-09T21:09:01.285+0000] {local_task_job_runner.py:123} INFO - ::group::Pre task execution logs
[2024-11-09T21:09:01.335+0000] {taskinstance.py:2613} INFO - Dependencies all met for dep_context=non-requeueable deps ti=<TaskInstance: dag_with_postgres_operator.create_postgres_table scheduled__2024-06-15T00:00:00+00:00 [queued]>
[2024-11-09T21:09:01.374+0000] {taskinstance.py:2613} INFO - Dependencies all met for dep_context=requeueable deps ti=<TaskInstance: dag_with_postgres_operator.create_postgres_table scheduled__2024-06-15T00:00:00+00:00 [queued]>
[2024-11-09T21:09:01.377+0000] {taskinstance.py:2866} INFO - Starting attempt 1 of 6
[2024-11-09T21:09:01.486+0000] {taskinstance.py:2889} INFO - Executing <Task(PostgresOperator): create_postgres_table> on 2024-06-15 00:00:00+00:00
[2024-11-09T21:09:01.508+0000] {warnings.py:112} WARNING - /home/***/.local/lib/python3.12/site-packages/***/task/task_runner/standard_task_runner.py:70: DeprecationWarning: This process (pid=153) is multi-threaded, use of fork() may lead to deadlocks in the child.
  pid = os.fork()

[2024-11-09T21:09:01.511+0000] {standard_task_runner.py:72} INFO - Started process 228 to run task
[2024-11-09T21:09:01.530+0000] {standard_task_runner.py:104} INFO - Running: ['***', 'tasks', 'run', 'dag_with_postgres_operator', 'create_postgres_table', 'scheduled__2024-06-15T00:00:00+00:00', '--job-id', '1010', '--raw', '--subdir', 'DAGS_FOLDER/postgres.py', '--cfg-path', '/tmp/tmpc2eggos1']
[2024-11-09T21:09:01.551+0000] {standard_task_runner.py:105} INFO - Job 1010: Subtask create_postgres_table
[2024-11-09T21:09:01.967+0000] {task_command.py:467} INFO - Running <TaskInstance: dag_with_postgres_operator.create_postgres_table scheduled__2024-06-15T00:00:00+00:00 [running]> on host ca62e4f241b9
[2024-11-09T21:09:02.620+0000] {taskinstance.py:3132} INFO - Exporting env vars: AIRFLOW_CTX_DAG_OWNER='sumit kumar' AIRFLOW_CTX_DAG_ID='dag_with_postgres_operator' AIRFLOW_CTX_TASK_ID='create_postgres_table' AIRFLOW_CTX_EXECUTION_DATE='2024-06-15T00:00:00+00:00' AIRFLOW_CTX_TRY_NUMBER='1' AIRFLOW_CTX_DAG_RUN_ID='scheduled__2024-06-15T00:00:00+00:00'
[2024-11-09T21:09:02.623+0000] {logging_mixin.py:190} INFO - Task instance is in running state
[2024-11-09T21:09:02.628+0000] {logging_mixin.py:190} INFO -  Previous state of the Task instance: queued
[2024-11-09T21:09:02.630+0000] {logging_mixin.py:190} INFO - Current task name:create_postgres_table state:running start_date:2024-11-09 21:09:01.336285+00:00
[2024-11-09T21:09:02.631+0000] {logging_mixin.py:190} INFO - Dag name:dag_with_postgres_operator and current dag run status:running
[2024-11-09T21:09:02.632+0000] {taskinstance.py:731} INFO - ::endgroup::
[2024-11-09T21:09:02.634+0000] {sql.py:278} INFO - Executing: 
            CREATE TABLE if not exists Orders (
                OrderID INT PRIMARY KEY,
                Status VARCHAR(50)
            )
        
[2024-11-09T21:09:02.670+0000] {base.py:84} INFO - Retrieving connection 'postgres_local'
[2024-11-09T21:09:02.705+0000] {base.py:84} INFO - Retrieving connection 'postgres_local'
[2024-11-09T21:09:02.744+0000] {sql.py:544} INFO - Running statement: 
            CREATE TABLE if not exists Orders (
                OrderID INT PRIMARY KEY,
                Status VARCHAR(50)
            )
        , parameters: None
[2024-11-09T21:09:02.844+0000] {taskinstance.py:340} INFO - ::group::Post task execution logs
[2024-11-09T21:09:02.846+0000] {taskinstance.py:352} INFO - Marking task as SUCCESS. dag_id=dag_with_postgres_operator, task_id=create_postgres_table, run_id=scheduled__2024-06-15T00:00:00+00:00, execution_date=20240615T000000, start_date=20241109T210901, end_date=20241109T210902
[2024-11-09T21:09:02.891+0000] {logging_mixin.py:190} INFO - Task instance in success state
[2024-11-09T21:09:02.895+0000] {logging_mixin.py:190} INFO -  Previous state of the Task instance: running
[2024-11-09T21:09:02.918+0000] {logging_mixin.py:190} INFO - Dag name:dag_with_postgres_operator queued_at:2024-11-09 21:08:27.863259+00:00
[2024-11-09T21:09:02.921+0000] {logging_mixin.py:190} INFO - Task hostname:ca62e4f241b9 operator:PostgresOperator
[2024-11-09T21:09:03.065+0000] {local_task_job_runner.py:266} INFO - Task exited with return code 0
[2024-11-09T21:09:03.257+0000] {taskinstance.py:3895} INFO - 1 downstream tasks scheduled from follow-on schedule check
[2024-11-09T21:09:03.276+0000] {local_task_job_runner.py:245} INFO - ::endgroup::
