[2024-11-07T21:18:29.127+0000] {local_task_job_runner.py:123} INFO - ::group::Pre task execution logs
[2024-11-07T21:18:29.149+0000] {taskinstance.py:2613} INFO - Dependencies all met for dep_context=non-requeueable deps ti=<TaskInstance: dag_with_postgres_operator.create_postgres_table scheduled__2024-11-05T00:00:00+00:00 [queued]>
[2024-11-07T21:18:29.160+0000] {taskinstance.py:2613} INFO - Dependencies all met for dep_context=requeueable deps ti=<TaskInstance: dag_with_postgres_operator.create_postgres_table scheduled__2024-11-05T00:00:00+00:00 [queued]>
[2024-11-07T21:18:29.165+0000] {taskinstance.py:2866} INFO - Starting attempt 1 of 6
[2024-11-07T21:18:29.186+0000] {taskinstance.py:2889} INFO - Executing <Task(PostgresOperator): create_postgres_table> on 2024-11-05 00:00:00+00:00
[2024-11-07T21:18:29.196+0000] {warnings.py:112} WARNING - /home/***/.local/lib/python3.12/site-packages/***/task/task_runner/standard_task_runner.py:70: DeprecationWarning: This process (pid=6489) is multi-threaded, use of fork() may lead to deadlocks in the child.
  pid = os.fork()

[2024-11-07T21:18:29.200+0000] {standard_task_runner.py:72} INFO - Started process 6491 to run task
[2024-11-07T21:18:29.202+0000] {standard_task_runner.py:104} INFO - Running: ['***', 'tasks', 'run', 'dag_with_postgres_operator', 'create_postgres_table', 'scheduled__2024-11-05T00:00:00+00:00', '--job-id', '1995', '--raw', '--subdir', 'DAGS_FOLDER/postgres.py', '--cfg-path', '/tmp/tmpoh05qv_7']
[2024-11-07T21:18:29.204+0000] {standard_task_runner.py:105} INFO - Job 1995: Subtask create_postgres_table
[2024-11-07T21:18:29.311+0000] {task_command.py:467} INFO - Running <TaskInstance: dag_with_postgres_operator.create_postgres_table scheduled__2024-11-05T00:00:00+00:00 [running]> on host 3f85553e814e
[2024-11-07T21:18:29.780+0000] {taskinstance.py:3132} INFO - Exporting env vars: AIRFLOW_CTX_DAG_OWNER='sumit kumar' AIRFLOW_CTX_DAG_ID='dag_with_postgres_operator' AIRFLOW_CTX_TASK_ID='create_postgres_table' AIRFLOW_CTX_EXECUTION_DATE='2024-11-05T00:00:00+00:00' AIRFLOW_CTX_TRY_NUMBER='1' AIRFLOW_CTX_DAG_RUN_ID='scheduled__2024-11-05T00:00:00+00:00'
[2024-11-07T21:18:29.782+0000] {logging_mixin.py:190} INFO - Task instance is in running state
[2024-11-07T21:18:29.783+0000] {logging_mixin.py:190} INFO -  Previous state of the Task instance: queued
[2024-11-07T21:18:29.784+0000] {logging_mixin.py:190} INFO - Current task name:create_postgres_table state:running start_date:2024-11-07 21:18:29.150511+00:00
[2024-11-07T21:18:29.784+0000] {logging_mixin.py:190} INFO - Dag name:dag_with_postgres_operator and current dag run status:running
[2024-11-07T21:18:29.785+0000] {taskinstance.py:731} INFO - ::endgroup::
[2024-11-07T21:18:29.786+0000] {sql.py:278} INFO - Executing: 
            CREATE TABLE if not exists Orders (
                OrderID INT PRIMARY KEY,
                Status VARCHAR(50)
            )
        
[2024-11-07T21:18:29.798+0000] {base.py:84} INFO - Retrieving connection 'postgres_local'
[2024-11-07T21:18:29.812+0000] {base.py:84} INFO - Retrieving connection 'postgres_local'
[2024-11-07T21:18:29.830+0000] {sql.py:544} INFO - Running statement: 
            CREATE TABLE if not exists Orders (
                OrderID INT PRIMARY KEY,
                Status VARCHAR(50)
            )
        , parameters: None
[2024-11-07T21:18:29.858+0000] {taskinstance.py:340} INFO - ::group::Post task execution logs
[2024-11-07T21:18:29.859+0000] {taskinstance.py:352} INFO - Marking task as SUCCESS. dag_id=dag_with_postgres_operator, task_id=create_postgres_table, run_id=scheduled__2024-11-05T00:00:00+00:00, execution_date=20241105T000000, start_date=20241107T211829, end_date=20241107T211829
[2024-11-07T21:18:29.880+0000] {logging_mixin.py:190} INFO - Task instance in success state
[2024-11-07T21:18:29.881+0000] {logging_mixin.py:190} INFO -  Previous state of the Task instance: running
[2024-11-07T21:18:29.882+0000] {logging_mixin.py:190} INFO - Dag name:dag_with_postgres_operator queued_at:2024-11-07 21:18:26.344617+00:00
[2024-11-07T21:18:29.883+0000] {logging_mixin.py:190} INFO - Task hostname:3f85553e814e operator:PostgresOperator
[2024-11-07T21:18:29.940+0000] {local_task_job_runner.py:266} INFO - Task exited with return code 0
[2024-11-07T21:18:29.971+0000] {taskinstance.py:3895} INFO - 1 downstream tasks scheduled from follow-on schedule check
[2024-11-07T21:18:29.978+0000] {local_task_job_runner.py:245} INFO - ::endgroup::
[2024-11-09T22:10:50.023+0000] {local_task_job_runner.py:123} INFO - ::group::Pre task execution logs
[2024-11-09T22:10:50.066+0000] {taskinstance.py:2613} INFO - Dependencies all met for dep_context=non-requeueable deps ti=<TaskInstance: dag_with_postgres_operator.create_postgres_table scheduled__2024-11-05T00:00:00+00:00 [queued]>
[2024-11-09T22:10:50.102+0000] {taskinstance.py:2613} INFO - Dependencies all met for dep_context=requeueable deps ti=<TaskInstance: dag_with_postgres_operator.create_postgres_table scheduled__2024-11-05T00:00:00+00:00 [queued]>
[2024-11-09T22:10:50.103+0000] {taskinstance.py:2866} INFO - Starting attempt 1 of 6
[2024-11-09T22:10:50.145+0000] {taskinstance.py:2889} INFO - Executing <Task(PostgresOperator): create_postgres_table> on 2024-11-05 00:00:00+00:00
[2024-11-09T22:10:50.157+0000] {warnings.py:112} WARNING - /home/***/.local/lib/python3.12/site-packages/***/task/task_runner/standard_task_runner.py:70: DeprecationWarning: This process (pid=2788) is multi-threaded, use of fork() may lead to deadlocks in the child.
  pid = os.fork()

[2024-11-09T22:10:50.161+0000] {standard_task_runner.py:72} INFO - Started process 2802 to run task
[2024-11-09T22:10:50.166+0000] {standard_task_runner.py:104} INFO - Running: ['***', 'tasks', 'run', 'dag_with_postgres_operator', 'create_postgres_table', 'scheduled__2024-11-05T00:00:00+00:00', '--job-id', '2014', '--raw', '--subdir', 'DAGS_FOLDER/postgres.py', '--cfg-path', '/tmp/tmp01x5pxi0']
[2024-11-09T22:10:50.169+0000] {standard_task_runner.py:105} INFO - Job 2014: Subtask create_postgres_table
[2024-11-09T22:10:50.301+0000] {task_command.py:467} INFO - Running <TaskInstance: dag_with_postgres_operator.create_postgres_table scheduled__2024-11-05T00:00:00+00:00 [running]> on host 4778426a6c09
[2024-11-09T22:10:50.530+0000] {taskinstance.py:3132} INFO - Exporting env vars: AIRFLOW_CTX_DAG_OWNER='sumit kumar' AIRFLOW_CTX_DAG_ID='dag_with_postgres_operator' AIRFLOW_CTX_TASK_ID='create_postgres_table' AIRFLOW_CTX_EXECUTION_DATE='2024-11-05T00:00:00+00:00' AIRFLOW_CTX_TRY_NUMBER='1' AIRFLOW_CTX_DAG_RUN_ID='scheduled__2024-11-05T00:00:00+00:00'
[2024-11-09T22:10:50.533+0000] {logging_mixin.py:190} INFO - Task instance is in running state
[2024-11-09T22:10:50.534+0000] {logging_mixin.py:190} INFO -  Previous state of the Task instance: queued
[2024-11-09T22:10:50.535+0000] {logging_mixin.py:190} INFO - Current task name:create_postgres_table state:running start_date:2024-11-09 22:10:50.067774+00:00
[2024-11-09T22:10:50.536+0000] {logging_mixin.py:190} INFO - Dag name:dag_with_postgres_operator and current dag run status:running
[2024-11-09T22:10:50.538+0000] {taskinstance.py:731} INFO - ::endgroup::
[2024-11-09T22:10:50.539+0000] {sql.py:278} INFO - Executing: 
            CREATE TABLE if not exists Orders (
                OrderID INT PRIMARY KEY,
                Status VARCHAR(50)
            )
        
[2024-11-09T22:10:50.556+0000] {base.py:84} INFO - Retrieving connection 'postgres_local'
[2024-11-09T22:10:50.574+0000] {base.py:84} INFO - Retrieving connection 'postgres_local'
[2024-11-09T22:10:50.591+0000] {sql.py:544} INFO - Running statement: 
            CREATE TABLE if not exists Orders (
                OrderID INT PRIMARY KEY,
                Status VARCHAR(50)
            )
        , parameters: None
[2024-11-09T22:10:50.620+0000] {taskinstance.py:340} INFO - ::group::Post task execution logs
[2024-11-09T22:10:50.622+0000] {taskinstance.py:352} INFO - Marking task as SUCCESS. dag_id=dag_with_postgres_operator, task_id=create_postgres_table, run_id=scheduled__2024-11-05T00:00:00+00:00, execution_date=20241105T000000, start_date=20241109T221050, end_date=20241109T221050
[2024-11-09T22:10:50.643+0000] {logging_mixin.py:190} INFO - Task instance in success state
[2024-11-09T22:10:50.644+0000] {logging_mixin.py:190} INFO -  Previous state of the Task instance: running
[2024-11-09T22:10:50.645+0000] {logging_mixin.py:190} INFO - Dag name:dag_with_postgres_operator queued_at:2024-11-09 22:10:43.907527+00:00
[2024-11-09T22:10:50.646+0000] {logging_mixin.py:190} INFO - Task hostname:4778426a6c09 operator:PostgresOperator
[2024-11-09T22:10:50.663+0000] {local_task_job_runner.py:266} INFO - Task exited with return code 0
[2024-11-09T22:10:50.680+0000] {local_task_job_runner.py:245} INFO - ::endgroup::
