[2024-11-10T12:19:01.756+0000] {processor.py:186} INFO - Started process (PID=2551) to work on /opt/airflow/dags/email.py
[2024-11-10T12:19:01.759+0000] {processor.py:914} INFO - Processing file /opt/airflow/dags/email.py for tasks to queue
[2024-11-10T12:19:01.763+0000] {logging_mixin.py:190} INFO - [2024-11-10T12:19:01.762+0000] {dagbag.py:588} INFO - Filling up the DagBag from /opt/airflow/dags/email.py
[2024-11-10T12:19:01.856+0000] {processor.py:925} INFO - DAG(s) 'test_email_dag' retrieved from /opt/airflow/dags/email.py
[2024-11-10T12:19:02.230+0000] {logging_mixin.py:190} INFO - [2024-11-10T12:19:02.226+0000] {override.py:1911} INFO - Created Permission View: can edit on DAG:test_email_dag
[2024-11-10T12:19:02.258+0000] {logging_mixin.py:190} INFO - [2024-11-10T12:19:02.258+0000] {override.py:1911} INFO - Created Permission View: can delete on DAG:test_email_dag
[2024-11-10T12:19:02.276+0000] {logging_mixin.py:190} INFO - [2024-11-10T12:19:02.276+0000] {override.py:1911} INFO - Created Permission View: can read on DAG:test_email_dag
[2024-11-10T12:19:02.296+0000] {logging_mixin.py:190} INFO - [2024-11-10T12:19:02.296+0000] {override.py:1911} INFO - Created Permission View: menu access on DAG Run:test_email_dag
[2024-11-10T12:19:02.313+0000] {logging_mixin.py:190} INFO - [2024-11-10T12:19:02.313+0000] {override.py:1911} INFO - Created Permission View: can delete on DAG Run:test_email_dag
[2024-11-10T12:19:02.332+0000] {logging_mixin.py:190} INFO - [2024-11-10T12:19:02.331+0000] {override.py:1911} INFO - Created Permission View: can create on DAG Run:test_email_dag
[2024-11-10T12:19:02.349+0000] {logging_mixin.py:190} INFO - [2024-11-10T12:19:02.348+0000] {override.py:1911} INFO - Created Permission View: can read on DAG Run:test_email_dag
[2024-11-10T12:19:02.351+0000] {logging_mixin.py:190} INFO - [2024-11-10T12:19:02.350+0000] {dag.py:3239} INFO - Sync 1 DAGs
[2024-11-10T12:19:02.385+0000] {logging_mixin.py:190} INFO - [2024-11-10T12:19:02.384+0000] {dag.py:3262} INFO - Creating ORM DAG for test_email_dag
[2024-11-10T12:19:02.387+0000] {logging_mixin.py:190} INFO - [2024-11-10T12:19:02.387+0000] {dag.py:4180} INFO - Setting next_dagrun for test_email_dag to None, run_after=None
[2024-11-10T12:19:02.433+0000] {processor.py:208} INFO - Processing /opt/airflow/dags/email.py took 0.691 seconds
[2024-11-10T12:19:33.131+0000] {processor.py:186} INFO - Started process (PID=2616) to work on /opt/airflow/dags/email.py
[2024-11-10T12:19:33.133+0000] {processor.py:914} INFO - Processing file /opt/airflow/dags/email.py for tasks to queue
[2024-11-10T12:19:33.135+0000] {logging_mixin.py:190} INFO - [2024-11-10T12:19:33.135+0000] {dagbag.py:588} INFO - Filling up the DagBag from /opt/airflow/dags/email.py
[2024-11-10T12:19:33.168+0000] {processor.py:925} INFO - DAG(s) 'test_email_dag' retrieved from /opt/airflow/dags/email.py
[2024-11-10T12:19:33.203+0000] {logging_mixin.py:190} INFO - [2024-11-10T12:19:33.202+0000] {dag.py:3239} INFO - Sync 1 DAGs
[2024-11-10T12:19:33.234+0000] {logging_mixin.py:190} INFO - [2024-11-10T12:19:33.233+0000] {dag.py:4180} INFO - Setting next_dagrun for test_email_dag to None, run_after=None
[2024-11-10T12:19:33.275+0000] {processor.py:208} INFO - Processing /opt/airflow/dags/email.py took 0.157 seconds
[2024-11-10T12:20:03.693+0000] {processor.py:186} INFO - Started process (PID=2680) to work on /opt/airflow/dags/email.py
[2024-11-10T12:20:03.695+0000] {processor.py:914} INFO - Processing file /opt/airflow/dags/email.py for tasks to queue
[2024-11-10T12:20:03.697+0000] {logging_mixin.py:190} INFO - [2024-11-10T12:20:03.697+0000] {dagbag.py:588} INFO - Filling up the DagBag from /opt/airflow/dags/email.py
[2024-11-10T12:20:03.725+0000] {processor.py:925} INFO - DAG(s) 'test_email_dag' retrieved from /opt/airflow/dags/email.py
[2024-11-10T12:20:03.757+0000] {logging_mixin.py:190} INFO - [2024-11-10T12:20:03.757+0000] {dag.py:3239} INFO - Sync 1 DAGs
[2024-11-10T12:20:03.783+0000] {logging_mixin.py:190} INFO - [2024-11-10T12:20:03.782+0000] {dag.py:4180} INFO - Setting next_dagrun for test_email_dag to None, run_after=None
[2024-11-10T12:20:03.817+0000] {processor.py:208} INFO - Processing /opt/airflow/dags/email.py took 0.139 seconds
[2024-11-10T12:20:34.330+0000] {processor.py:186} INFO - Started process (PID=2745) to work on /opt/airflow/dags/email.py
[2024-11-10T12:20:34.336+0000] {processor.py:914} INFO - Processing file /opt/airflow/dags/email.py for tasks to queue
[2024-11-10T12:20:34.342+0000] {logging_mixin.py:190} INFO - [2024-11-10T12:20:34.340+0000] {dagbag.py:588} INFO - Filling up the DagBag from /opt/airflow/dags/email.py
[2024-11-10T12:20:34.431+0000] {processor.py:925} INFO - DAG(s) 'test_email_dag' retrieved from /opt/airflow/dags/email.py
[2024-11-10T12:20:34.519+0000] {logging_mixin.py:190} INFO - [2024-11-10T12:20:34.518+0000] {dag.py:3239} INFO - Sync 1 DAGs
[2024-11-10T12:20:34.589+0000] {logging_mixin.py:190} INFO - [2024-11-10T12:20:34.588+0000] {dag.py:4180} INFO - Setting next_dagrun for test_email_dag to None, run_after=None
[2024-11-10T12:20:34.674+0000] {processor.py:208} INFO - Processing /opt/airflow/dags/email.py took 0.383 seconds
[2024-11-10T12:21:05.540+0000] {processor.py:186} INFO - Started process (PID=2810) to work on /opt/airflow/dags/email.py
[2024-11-10T12:21:05.545+0000] {processor.py:914} INFO - Processing file /opt/airflow/dags/email.py for tasks to queue
[2024-11-10T12:21:05.552+0000] {logging_mixin.py:190} INFO - [2024-11-10T12:21:05.550+0000] {dagbag.py:588} INFO - Filling up the DagBag from /opt/airflow/dags/email.py
[2024-11-10T12:21:05.640+0000] {processor.py:925} INFO - DAG(s) 'test_email_dag' retrieved from /opt/airflow/dags/email.py
[2024-11-10T12:21:05.720+0000] {logging_mixin.py:190} INFO - [2024-11-10T12:21:05.719+0000] {dag.py:3239} INFO - Sync 1 DAGs
[2024-11-10T12:21:05.791+0000] {logging_mixin.py:190} INFO - [2024-11-10T12:21:05.790+0000] {dag.py:4180} INFO - Setting next_dagrun for test_email_dag to None, run_after=None
[2024-11-10T12:21:05.905+0000] {processor.py:208} INFO - Processing /opt/airflow/dags/email.py took 0.394 seconds
[2024-11-10T12:21:36.026+0000] {processor.py:186} INFO - Started process (PID=2853) to work on /opt/airflow/dags/email.py
[2024-11-10T12:21:36.029+0000] {processor.py:914} INFO - Processing file /opt/airflow/dags/email.py for tasks to queue
[2024-11-10T12:21:36.033+0000] {logging_mixin.py:190} INFO - [2024-11-10T12:21:36.032+0000] {dagbag.py:588} INFO - Filling up the DagBag from /opt/airflow/dags/email.py
[2024-11-10T12:21:36.111+0000] {processor.py:925} INFO - DAG(s) 'test_email_dag' retrieved from /opt/airflow/dags/email.py
[2024-11-10T12:21:36.207+0000] {logging_mixin.py:190} INFO - [2024-11-10T12:21:36.206+0000] {dag.py:3239} INFO - Sync 1 DAGs
[2024-11-10T12:21:36.287+0000] {logging_mixin.py:190} INFO - [2024-11-10T12:21:36.286+0000] {dag.py:4180} INFO - Setting next_dagrun for test_email_dag to None, run_after=None
[2024-11-10T12:21:36.347+0000] {processor.py:208} INFO - Processing /opt/airflow/dags/email.py took 0.337 seconds
[2024-11-10T12:22:07.547+0000] {processor.py:186} INFO - Started process (PID=2916) to work on /opt/airflow/dags/email.py
[2024-11-10T12:22:07.549+0000] {processor.py:914} INFO - Processing file /opt/airflow/dags/email.py for tasks to queue
[2024-11-10T12:22:07.551+0000] {logging_mixin.py:190} INFO - [2024-11-10T12:22:07.550+0000] {dagbag.py:588} INFO - Filling up the DagBag from /opt/airflow/dags/email.py
[2024-11-10T12:22:07.586+0000] {processor.py:925} INFO - DAG(s) 'test_email_dag' retrieved from /opt/airflow/dags/email.py
[2024-11-10T12:22:07.617+0000] {logging_mixin.py:190} INFO - [2024-11-10T12:22:07.616+0000] {dag.py:3239} INFO - Sync 1 DAGs
[2024-11-10T12:22:07.643+0000] {logging_mixin.py:190} INFO - [2024-11-10T12:22:07.643+0000] {dag.py:4180} INFO - Setting next_dagrun for test_email_dag to None, run_after=None
[2024-11-10T12:22:07.679+0000] {processor.py:208} INFO - Processing /opt/airflow/dags/email.py took 0.143 seconds
[2024-11-10T12:22:38.147+0000] {processor.py:186} INFO - Started process (PID=2978) to work on /opt/airflow/dags/email.py
[2024-11-10T12:22:38.148+0000] {processor.py:914} INFO - Processing file /opt/airflow/dags/email.py for tasks to queue
[2024-11-10T12:22:38.151+0000] {logging_mixin.py:190} INFO - [2024-11-10T12:22:38.150+0000] {dagbag.py:588} INFO - Filling up the DagBag from /opt/airflow/dags/email.py
[2024-11-10T12:22:38.173+0000] {processor.py:925} INFO - DAG(s) 'test_email_dag' retrieved from /opt/airflow/dags/email.py
[2024-11-10T12:22:38.207+0000] {logging_mixin.py:190} INFO - [2024-11-10T12:22:38.206+0000] {dag.py:3239} INFO - Sync 1 DAGs
[2024-11-10T12:22:38.240+0000] {logging_mixin.py:190} INFO - [2024-11-10T12:22:38.239+0000] {dag.py:4180} INFO - Setting next_dagrun for test_email_dag to None, run_after=None
[2024-11-10T12:22:38.287+0000] {processor.py:208} INFO - Processing /opt/airflow/dags/email.py took 0.155 seconds
[2024-11-10T12:23:08.623+0000] {processor.py:186} INFO - Started process (PID=3043) to work on /opt/airflow/dags/email.py
[2024-11-10T12:23:08.625+0000] {processor.py:914} INFO - Processing file /opt/airflow/dags/email.py for tasks to queue
[2024-11-10T12:23:08.628+0000] {logging_mixin.py:190} INFO - [2024-11-10T12:23:08.627+0000] {dagbag.py:588} INFO - Filling up the DagBag from /opt/airflow/dags/email.py
[2024-11-10T12:23:08.673+0000] {processor.py:925} INFO - DAG(s) 'test_email_dag' retrieved from /opt/airflow/dags/email.py
[2024-11-10T12:23:08.723+0000] {logging_mixin.py:190} INFO - [2024-11-10T12:23:08.722+0000] {dag.py:3239} INFO - Sync 1 DAGs
[2024-11-10T12:23:08.765+0000] {logging_mixin.py:190} INFO - [2024-11-10T12:23:08.764+0000] {dag.py:4180} INFO - Setting next_dagrun for test_email_dag to None, run_after=None
[2024-11-10T12:23:08.806+0000] {processor.py:208} INFO - Processing /opt/airflow/dags/email.py took 0.200 seconds
[2024-11-10T12:23:39.268+0000] {processor.py:186} INFO - Started process (PID=3108) to work on /opt/airflow/dags/email.py
[2024-11-10T12:23:39.279+0000] {processor.py:914} INFO - Processing file /opt/airflow/dags/email.py for tasks to queue
[2024-11-10T12:23:39.293+0000] {logging_mixin.py:190} INFO - [2024-11-10T12:23:39.290+0000] {dagbag.py:588} INFO - Filling up the DagBag from /opt/airflow/dags/email.py
[2024-11-10T12:23:39.414+0000] {processor.py:925} INFO - DAG(s) 'test_email_dag' retrieved from /opt/airflow/dags/email.py
[2024-11-10T12:23:39.519+0000] {logging_mixin.py:190} INFO - [2024-11-10T12:23:39.519+0000] {dag.py:3239} INFO - Sync 1 DAGs
[2024-11-10T12:23:39.925+0000] {logging_mixin.py:190} INFO - [2024-11-10T12:23:39.924+0000] {dag.py:4180} INFO - Setting next_dagrun for test_email_dag to None, run_after=None
[2024-11-10T12:23:39.998+0000] {processor.py:208} INFO - Processing /opt/airflow/dags/email.py took 0.792 seconds
[2024-11-10T12:23:47.501+0000] {processor.py:186} INFO - Started process (PID=3129) to work on /opt/airflow/dags/email.py
[2024-11-10T12:23:47.503+0000] {processor.py:914} INFO - Processing file /opt/airflow/dags/email.py for tasks to queue
[2024-11-10T12:23:47.507+0000] {logging_mixin.py:190} INFO - [2024-11-10T12:23:47.506+0000] {dagbag.py:588} INFO - Filling up the DagBag from /opt/airflow/dags/email.py
[2024-11-10T12:23:47.556+0000] {processor.py:925} INFO - DAG(s) 'test_email_dag' retrieved from /opt/airflow/dags/email.py
[2024-11-10T12:23:48.130+0000] {logging_mixin.py:190} INFO - [2024-11-10T12:23:48.129+0000] {dag.py:3239} INFO - Sync 1 DAGs
[2024-11-10T12:23:48.155+0000] {logging_mixin.py:190} INFO - [2024-11-10T12:23:48.155+0000] {dag.py:4180} INFO - Setting next_dagrun for test_email_dag to None, run_after=None
[2024-11-10T12:23:48.195+0000] {processor.py:208} INFO - Processing /opt/airflow/dags/email.py took 0.711 seconds
[2024-11-10T12:24:21.526+0000] {processor.py:186} INFO - Started process (PID=3193) to work on /opt/airflow/dags/email.py
[2024-11-10T12:24:21.528+0000] {processor.py:914} INFO - Processing file /opt/airflow/dags/email.py for tasks to queue
[2024-11-10T12:24:21.531+0000] {logging_mixin.py:190} INFO - [2024-11-10T12:24:21.530+0000] {dagbag.py:588} INFO - Filling up the DagBag from /opt/airflow/dags/email.py
[2024-11-10T12:24:21.557+0000] {processor.py:925} INFO - DAG(s) 'test_email_dag' retrieved from /opt/airflow/dags/email.py
[2024-11-10T12:24:21.593+0000] {logging_mixin.py:190} INFO - [2024-11-10T12:24:21.592+0000] {dag.py:3239} INFO - Sync 1 DAGs
[2024-11-10T12:24:21.630+0000] {logging_mixin.py:190} INFO - [2024-11-10T12:24:21.630+0000] {dag.py:4180} INFO - Setting next_dagrun for test_email_dag to None, run_after=None
[2024-11-10T12:24:21.678+0000] {processor.py:208} INFO - Processing /opt/airflow/dags/email.py took 0.167 seconds
[2024-11-10T12:24:54.213+0000] {processor.py:186} INFO - Started process (PID=3257) to work on /opt/airflow/dags/email.py
[2024-11-10T12:24:54.216+0000] {processor.py:914} INFO - Processing file /opt/airflow/dags/email.py for tasks to queue
[2024-11-10T12:24:54.219+0000] {logging_mixin.py:190} INFO - [2024-11-10T12:24:54.219+0000] {dagbag.py:588} INFO - Filling up the DagBag from /opt/airflow/dags/email.py
[2024-11-10T12:24:54.268+0000] {processor.py:925} INFO - DAG(s) 'test_email_dag' retrieved from /opt/airflow/dags/email.py
[2024-11-10T12:24:54.677+0000] {logging_mixin.py:190} INFO - [2024-11-10T12:24:54.676+0000] {dag.py:3239} INFO - Sync 1 DAGs
[2024-11-10T12:24:54.709+0000] {logging_mixin.py:190} INFO - [2024-11-10T12:24:54.708+0000] {dag.py:4180} INFO - Setting next_dagrun for test_email_dag to None, run_after=None
[2024-11-10T12:24:54.749+0000] {processor.py:208} INFO - Processing /opt/airflow/dags/email.py took 0.552 seconds
[2024-11-10T12:25:24.996+0000] {processor.py:186} INFO - Started process (PID=3322) to work on /opt/airflow/dags/email.py
[2024-11-10T12:25:24.997+0000] {processor.py:914} INFO - Processing file /opt/airflow/dags/email.py for tasks to queue
[2024-11-10T12:25:24.999+0000] {logging_mixin.py:190} INFO - [2024-11-10T12:25:24.999+0000] {dagbag.py:588} INFO - Filling up the DagBag from /opt/airflow/dags/email.py
[2024-11-10T12:25:25.029+0000] {processor.py:925} INFO - DAG(s) 'test_email_dag' retrieved from /opt/airflow/dags/email.py
[2024-11-10T12:25:25.062+0000] {logging_mixin.py:190} INFO - [2024-11-10T12:25:25.062+0000] {dag.py:3239} INFO - Sync 1 DAGs
[2024-11-10T12:25:25.091+0000] {logging_mixin.py:190} INFO - [2024-11-10T12:25:25.091+0000] {dag.py:4180} INFO - Setting next_dagrun for test_email_dag to None, run_after=None
[2024-11-10T12:25:25.129+0000] {processor.py:208} INFO - Processing /opt/airflow/dags/email.py took 0.140 seconds
[2024-11-10T12:25:55.586+0000] {processor.py:186} INFO - Started process (PID=3388) to work on /opt/airflow/dags/email.py
[2024-11-10T12:25:55.588+0000] {processor.py:914} INFO - Processing file /opt/airflow/dags/email.py for tasks to queue
[2024-11-10T12:25:55.590+0000] {logging_mixin.py:190} INFO - [2024-11-10T12:25:55.589+0000] {dagbag.py:588} INFO - Filling up the DagBag from /opt/airflow/dags/email.py
[2024-11-10T12:25:55.621+0000] {processor.py:925} INFO - DAG(s) 'test_email_dag' retrieved from /opt/airflow/dags/email.py
[2024-11-10T12:25:55.659+0000] {logging_mixin.py:190} INFO - [2024-11-10T12:25:55.659+0000] {dag.py:3239} INFO - Sync 1 DAGs
[2024-11-10T12:25:55.690+0000] {logging_mixin.py:190} INFO - [2024-11-10T12:25:55.690+0000] {dag.py:4180} INFO - Setting next_dagrun for test_email_dag to None, run_after=None
[2024-11-10T12:25:55.722+0000] {processor.py:208} INFO - Processing /opt/airflow/dags/email.py took 0.147 seconds
[2024-11-10T12:26:26.325+0000] {processor.py:186} INFO - Started process (PID=3440) to work on /opt/airflow/dags/email.py
[2024-11-10T12:26:26.330+0000] {processor.py:914} INFO - Processing file /opt/airflow/dags/email.py for tasks to queue
[2024-11-10T12:26:26.337+0000] {logging_mixin.py:190} INFO - [2024-11-10T12:26:26.335+0000] {dagbag.py:588} INFO - Filling up the DagBag from /opt/airflow/dags/email.py
[2024-11-10T12:26:26.424+0000] {processor.py:925} INFO - DAG(s) 'test_email_dag' retrieved from /opt/airflow/dags/email.py
[2024-11-10T12:26:26.562+0000] {logging_mixin.py:190} INFO - [2024-11-10T12:26:26.561+0000] {dag.py:3239} INFO - Sync 1 DAGs
[2024-11-10T12:26:26.601+0000] {logging_mixin.py:190} INFO - [2024-11-10T12:26:26.600+0000] {dag.py:4180} INFO - Setting next_dagrun for test_email_dag to None, run_after=None
[2024-11-10T12:26:26.646+0000] {processor.py:208} INFO - Processing /opt/airflow/dags/email.py took 0.352 seconds
[2024-11-10T12:26:56.770+0000] {processor.py:186} INFO - Started process (PID=3511) to work on /opt/airflow/dags/email.py
[2024-11-10T12:26:56.771+0000] {processor.py:914} INFO - Processing file /opt/airflow/dags/email.py for tasks to queue
[2024-11-10T12:26:56.775+0000] {logging_mixin.py:190} INFO - [2024-11-10T12:26:56.774+0000] {dagbag.py:588} INFO - Filling up the DagBag from /opt/airflow/dags/email.py
[2024-11-10T12:26:56.804+0000] {processor.py:925} INFO - DAG(s) 'test_email_dag' retrieved from /opt/airflow/dags/email.py
[2024-11-10T12:26:56.843+0000] {logging_mixin.py:190} INFO - [2024-11-10T12:26:56.842+0000] {dag.py:3239} INFO - Sync 1 DAGs
[2024-11-10T12:26:56.878+0000] {logging_mixin.py:190} INFO - [2024-11-10T12:26:56.878+0000] {dag.py:4180} INFO - Setting next_dagrun for test_email_dag to None, run_after=None
[2024-11-10T12:26:56.918+0000] {processor.py:208} INFO - Processing /opt/airflow/dags/email.py took 0.161 seconds
[2024-11-10T12:27:27.057+0000] {processor.py:186} INFO - Started process (PID=3575) to work on /opt/airflow/dags/email.py
[2024-11-10T12:27:27.060+0000] {processor.py:914} INFO - Processing file /opt/airflow/dags/email.py for tasks to queue
[2024-11-10T12:27:27.065+0000] {logging_mixin.py:190} INFO - [2024-11-10T12:27:27.064+0000] {dagbag.py:588} INFO - Filling up the DagBag from /opt/airflow/dags/email.py
[2024-11-10T12:27:27.144+0000] {processor.py:925} INFO - DAG(s) 'test_email_dag' retrieved from /opt/airflow/dags/email.py
[2024-11-10T12:27:27.255+0000] {logging_mixin.py:190} INFO - [2024-11-10T12:27:27.254+0000] {dag.py:3239} INFO - Sync 1 DAGs
[2024-11-10T12:27:27.291+0000] {logging_mixin.py:190} INFO - [2024-11-10T12:27:27.290+0000] {dag.py:4180} INFO - Setting next_dagrun for test_email_dag to None, run_after=None
[2024-11-10T12:27:27.331+0000] {processor.py:208} INFO - Processing /opt/airflow/dags/email.py took 0.295 seconds
[2024-11-10T12:27:57.535+0000] {processor.py:186} INFO - Started process (PID=3638) to work on /opt/airflow/dags/email.py
[2024-11-10T12:27:57.539+0000] {processor.py:914} INFO - Processing file /opt/airflow/dags/email.py for tasks to queue
[2024-11-10T12:27:57.543+0000] {logging_mixin.py:190} INFO - [2024-11-10T12:27:57.542+0000] {dagbag.py:588} INFO - Filling up the DagBag from /opt/airflow/dags/email.py
[2024-11-10T12:27:57.595+0000] {processor.py:925} INFO - DAG(s) 'test_email_dag' retrieved from /opt/airflow/dags/email.py
[2024-11-10T12:27:57.653+0000] {logging_mixin.py:190} INFO - [2024-11-10T12:27:57.652+0000] {dag.py:3239} INFO - Sync 1 DAGs
[2024-11-10T12:27:57.702+0000] {logging_mixin.py:190} INFO - [2024-11-10T12:27:57.701+0000] {dag.py:4180} INFO - Setting next_dagrun for test_email_dag to None, run_after=None
[2024-11-10T12:27:57.761+0000] {processor.py:208} INFO - Processing /opt/airflow/dags/email.py took 0.245 seconds
[2024-11-10T12:28:28.163+0000] {processor.py:186} INFO - Started process (PID=3703) to work on /opt/airflow/dags/email.py
[2024-11-10T12:28:28.165+0000] {processor.py:914} INFO - Processing file /opt/airflow/dags/email.py for tasks to queue
[2024-11-10T12:28:28.168+0000] {logging_mixin.py:190} INFO - [2024-11-10T12:28:28.167+0000] {dagbag.py:588} INFO - Filling up the DagBag from /opt/airflow/dags/email.py
[2024-11-10T12:28:28.197+0000] {processor.py:925} INFO - DAG(s) 'test_email_dag' retrieved from /opt/airflow/dags/email.py
[2024-11-10T12:28:28.230+0000] {logging_mixin.py:190} INFO - [2024-11-10T12:28:28.230+0000] {dag.py:3239} INFO - Sync 1 DAGs
[2024-11-10T12:28:28.266+0000] {logging_mixin.py:190} INFO - [2024-11-10T12:28:28.266+0000] {dag.py:4180} INFO - Setting next_dagrun for test_email_dag to None, run_after=None
[2024-11-10T12:28:28.303+0000] {processor.py:208} INFO - Processing /opt/airflow/dags/email.py took 0.153 seconds
[2024-11-10T12:28:58.680+0000] {processor.py:186} INFO - Started process (PID=3768) to work on /opt/airflow/dags/email.py
[2024-11-10T12:28:58.684+0000] {processor.py:914} INFO - Processing file /opt/airflow/dags/email.py for tasks to queue
[2024-11-10T12:28:58.692+0000] {logging_mixin.py:190} INFO - [2024-11-10T12:28:58.689+0000] {dagbag.py:588} INFO - Filling up the DagBag from /opt/airflow/dags/email.py
[2024-11-10T12:28:58.751+0000] {processor.py:925} INFO - DAG(s) 'test_email_dag' retrieved from /opt/airflow/dags/email.py
[2024-11-10T12:28:58.814+0000] {logging_mixin.py:190} INFO - [2024-11-10T12:28:58.812+0000] {dag.py:3239} INFO - Sync 1 DAGs
[2024-11-10T12:28:58.862+0000] {logging_mixin.py:190} INFO - [2024-11-10T12:28:58.862+0000] {dag.py:4180} INFO - Setting next_dagrun for test_email_dag to None, run_after=None
[2024-11-10T12:28:58.901+0000] {processor.py:208} INFO - Processing /opt/airflow/dags/email.py took 0.243 seconds
[2024-11-10T12:29:29.264+0000] {processor.py:186} INFO - Started process (PID=3832) to work on /opt/airflow/dags/email.py
[2024-11-10T12:29:29.265+0000] {processor.py:914} INFO - Processing file /opt/airflow/dags/email.py for tasks to queue
[2024-11-10T12:29:29.268+0000] {logging_mixin.py:190} INFO - [2024-11-10T12:29:29.267+0000] {dagbag.py:588} INFO - Filling up the DagBag from /opt/airflow/dags/email.py
[2024-11-10T12:29:29.293+0000] {processor.py:925} INFO - DAG(s) 'test_email_dag' retrieved from /opt/airflow/dags/email.py
[2024-11-10T12:29:29.322+0000] {logging_mixin.py:190} INFO - [2024-11-10T12:29:29.322+0000] {dag.py:3239} INFO - Sync 1 DAGs
[2024-11-10T12:29:29.344+0000] {logging_mixin.py:190} INFO - [2024-11-10T12:29:29.343+0000] {dag.py:4180} INFO - Setting next_dagrun for test_email_dag to None, run_after=None
[2024-11-10T12:29:29.374+0000] {processor.py:208} INFO - Processing /opt/airflow/dags/email.py took 0.119 seconds
[2024-11-10T12:29:59.594+0000] {processor.py:186} INFO - Started process (PID=3897) to work on /opt/airflow/dags/email.py
[2024-11-10T12:29:59.595+0000] {processor.py:914} INFO - Processing file /opt/airflow/dags/email.py for tasks to queue
[2024-11-10T12:29:59.597+0000] {logging_mixin.py:190} INFO - [2024-11-10T12:29:59.596+0000] {dagbag.py:588} INFO - Filling up the DagBag from /opt/airflow/dags/email.py
[2024-11-10T12:29:59.621+0000] {processor.py:925} INFO - DAG(s) 'test_email_dag' retrieved from /opt/airflow/dags/email.py
[2024-11-10T12:29:59.644+0000] {logging_mixin.py:190} INFO - [2024-11-10T12:29:59.643+0000] {dag.py:3239} INFO - Sync 1 DAGs
[2024-11-10T12:29:59.661+0000] {logging_mixin.py:190} INFO - [2024-11-10T12:29:59.660+0000] {dag.py:4180} INFO - Setting next_dagrun for test_email_dag to None, run_after=None
[2024-11-10T12:29:59.684+0000] {processor.py:208} INFO - Processing /opt/airflow/dags/email.py took 0.099 seconds
[2024-11-10T12:30:30.304+0000] {processor.py:186} INFO - Started process (PID=3962) to work on /opt/airflow/dags/email.py
[2024-11-10T12:30:30.305+0000] {processor.py:914} INFO - Processing file /opt/airflow/dags/email.py for tasks to queue
[2024-11-10T12:30:30.307+0000] {logging_mixin.py:190} INFO - [2024-11-10T12:30:30.306+0000] {dagbag.py:588} INFO - Filling up the DagBag from /opt/airflow/dags/email.py
[2024-11-10T12:30:30.326+0000] {processor.py:925} INFO - DAG(s) 'test_email_dag' retrieved from /opt/airflow/dags/email.py
[2024-11-10T12:30:30.347+0000] {logging_mixin.py:190} INFO - [2024-11-10T12:30:30.347+0000] {dag.py:3239} INFO - Sync 1 DAGs
[2024-11-10T12:30:30.366+0000] {logging_mixin.py:190} INFO - [2024-11-10T12:30:30.366+0000] {dag.py:4180} INFO - Setting next_dagrun for test_email_dag to None, run_after=None
[2024-11-10T12:30:30.390+0000] {processor.py:208} INFO - Processing /opt/airflow/dags/email.py took 0.093 seconds
[2024-11-10T12:33:21.897+0000] {processor.py:186} INFO - Started process (PID=70) to work on /opt/airflow/dags/email.py
[2024-11-10T12:33:21.900+0000] {processor.py:914} INFO - Processing file /opt/airflow/dags/email.py for tasks to queue
[2024-11-10T12:33:21.903+0000] {logging_mixin.py:190} INFO - [2024-11-10T12:33:21.903+0000] {dagbag.py:588} INFO - Filling up the DagBag from /opt/airflow/dags/email.py
[2024-11-10T12:33:21.968+0000] {processor.py:925} INFO - DAG(s) 'test_email_dag' retrieved from /opt/airflow/dags/email.py
[2024-11-10T12:33:22.272+0000] {logging_mixin.py:190} INFO - [2024-11-10T12:33:22.272+0000] {dag.py:3239} INFO - Sync 1 DAGs
[2024-11-10T12:33:22.292+0000] {logging_mixin.py:190} INFO - [2024-11-10T12:33:22.292+0000] {dag.py:4180} INFO - Setting next_dagrun for test_email_dag to None, run_after=None
[2024-11-10T12:33:22.327+0000] {processor.py:208} INFO - Processing /opt/airflow/dags/email.py took 0.440 seconds
[2024-11-10T12:33:52.651+0000] {processor.py:186} INFO - Started process (PID=135) to work on /opt/airflow/dags/email.py
[2024-11-10T12:33:52.652+0000] {processor.py:914} INFO - Processing file /opt/airflow/dags/email.py for tasks to queue
[2024-11-10T12:33:52.655+0000] {logging_mixin.py:190} INFO - [2024-11-10T12:33:52.655+0000] {dagbag.py:588} INFO - Filling up the DagBag from /opt/airflow/dags/email.py
[2024-11-10T12:33:52.674+0000] {processor.py:925} INFO - DAG(s) 'test_email_dag' retrieved from /opt/airflow/dags/email.py
[2024-11-10T12:33:52.696+0000] {logging_mixin.py:190} INFO - [2024-11-10T12:33:52.695+0000] {dag.py:3239} INFO - Sync 1 DAGs
[2024-11-10T12:33:52.713+0000] {logging_mixin.py:190} INFO - [2024-11-10T12:33:52.713+0000] {dag.py:4180} INFO - Setting next_dagrun for test_email_dag to None, run_after=None
[2024-11-10T12:33:52.734+0000] {processor.py:208} INFO - Processing /opt/airflow/dags/email.py took 0.091 seconds
[2024-11-10T12:34:23.344+0000] {processor.py:186} INFO - Started process (PID=200) to work on /opt/airflow/dags/email.py
[2024-11-10T12:34:23.345+0000] {processor.py:914} INFO - Processing file /opt/airflow/dags/email.py for tasks to queue
[2024-11-10T12:34:23.349+0000] {logging_mixin.py:190} INFO - [2024-11-10T12:34:23.348+0000] {dagbag.py:588} INFO - Filling up the DagBag from /opt/airflow/dags/email.py
[2024-11-10T12:34:23.370+0000] {processor.py:925} INFO - DAG(s) 'test_email_dag' retrieved from /opt/airflow/dags/email.py
[2024-11-10T12:34:23.396+0000] {logging_mixin.py:190} INFO - [2024-11-10T12:34:23.396+0000] {dag.py:3239} INFO - Sync 1 DAGs
[2024-11-10T12:34:23.416+0000] {logging_mixin.py:190} INFO - [2024-11-10T12:34:23.416+0000] {dag.py:4180} INFO - Setting next_dagrun for test_email_dag to None, run_after=None
[2024-11-10T12:34:23.447+0000] {processor.py:208} INFO - Processing /opt/airflow/dags/email.py took 0.112 seconds
[2024-11-10T12:34:53.594+0000] {processor.py:186} INFO - Started process (PID=265) to work on /opt/airflow/dags/email.py
[2024-11-10T12:34:53.595+0000] {processor.py:914} INFO - Processing file /opt/airflow/dags/email.py for tasks to queue
[2024-11-10T12:34:53.599+0000] {logging_mixin.py:190} INFO - [2024-11-10T12:34:53.598+0000] {dagbag.py:588} INFO - Filling up the DagBag from /opt/airflow/dags/email.py
[2024-11-10T12:34:53.618+0000] {processor.py:925} INFO - DAG(s) 'test_email_dag' retrieved from /opt/airflow/dags/email.py
[2024-11-10T12:34:53.638+0000] {logging_mixin.py:190} INFO - [2024-11-10T12:34:53.638+0000] {dag.py:3239} INFO - Sync 1 DAGs
[2024-11-10T12:34:53.654+0000] {logging_mixin.py:190} INFO - [2024-11-10T12:34:53.654+0000] {dag.py:4180} INFO - Setting next_dagrun for test_email_dag to None, run_after=None
[2024-11-10T12:34:53.679+0000] {processor.py:208} INFO - Processing /opt/airflow/dags/email.py took 0.091 seconds
[2024-11-10T12:35:24.036+0000] {processor.py:186} INFO - Started process (PID=330) to work on /opt/airflow/dags/email.py
[2024-11-10T12:35:24.037+0000] {processor.py:914} INFO - Processing file /opt/airflow/dags/email.py for tasks to queue
[2024-11-10T12:35:24.041+0000] {logging_mixin.py:190} INFO - [2024-11-10T12:35:24.040+0000] {dagbag.py:588} INFO - Filling up the DagBag from /opt/airflow/dags/email.py
[2024-11-10T12:35:24.061+0000] {processor.py:925} INFO - DAG(s) 'test_email_dag' retrieved from /opt/airflow/dags/email.py
[2024-11-10T12:35:24.081+0000] {logging_mixin.py:190} INFO - [2024-11-10T12:35:24.081+0000] {dag.py:3239} INFO - Sync 1 DAGs
[2024-11-10T12:35:24.098+0000] {logging_mixin.py:190} INFO - [2024-11-10T12:35:24.097+0000] {dag.py:4180} INFO - Setting next_dagrun for test_email_dag to None, run_after=None
[2024-11-10T12:35:24.122+0000] {processor.py:208} INFO - Processing /opt/airflow/dags/email.py took 0.095 seconds
[2024-11-10T12:35:54.834+0000] {processor.py:186} INFO - Started process (PID=395) to work on /opt/airflow/dags/email.py
[2024-11-10T12:35:54.835+0000] {processor.py:914} INFO - Processing file /opt/airflow/dags/email.py for tasks to queue
[2024-11-10T12:35:54.839+0000] {logging_mixin.py:190} INFO - [2024-11-10T12:35:54.838+0000] {dagbag.py:588} INFO - Filling up the DagBag from /opt/airflow/dags/email.py
[2024-11-10T12:35:54.859+0000] {processor.py:925} INFO - DAG(s) 'test_email_dag' retrieved from /opt/airflow/dags/email.py
[2024-11-10T12:35:54.880+0000] {logging_mixin.py:190} INFO - [2024-11-10T12:35:54.880+0000] {dag.py:3239} INFO - Sync 1 DAGs
[2024-11-10T12:35:54.898+0000] {logging_mixin.py:190} INFO - [2024-11-10T12:35:54.897+0000] {dag.py:4180} INFO - Setting next_dagrun for test_email_dag to None, run_after=None
[2024-11-10T12:35:54.922+0000] {processor.py:208} INFO - Processing /opt/airflow/dags/email.py took 0.095 seconds
[2024-11-10T12:36:25.249+0000] {processor.py:186} INFO - Started process (PID=460) to work on /opt/airflow/dags/email.py
[2024-11-10T12:36:25.250+0000] {processor.py:914} INFO - Processing file /opt/airflow/dags/email.py for tasks to queue
[2024-11-10T12:36:25.253+0000] {logging_mixin.py:190} INFO - [2024-11-10T12:36:25.253+0000] {dagbag.py:588} INFO - Filling up the DagBag from /opt/airflow/dags/email.py
[2024-11-10T12:36:25.277+0000] {processor.py:925} INFO - DAG(s) 'test_email_dag' retrieved from /opt/airflow/dags/email.py
[2024-11-10T12:36:25.299+0000] {logging_mixin.py:190} INFO - [2024-11-10T12:36:25.298+0000] {dag.py:3239} INFO - Sync 1 DAGs
[2024-11-10T12:36:25.321+0000] {logging_mixin.py:190} INFO - [2024-11-10T12:36:25.321+0000] {dag.py:4180} INFO - Setting next_dagrun for test_email_dag to None, run_after=None
[2024-11-10T12:36:25.351+0000] {processor.py:208} INFO - Processing /opt/airflow/dags/email.py took 0.109 seconds
[2024-11-10T12:36:56.063+0000] {processor.py:186} INFO - Started process (PID=525) to work on /opt/airflow/dags/email.py
[2024-11-10T12:36:56.064+0000] {processor.py:914} INFO - Processing file /opt/airflow/dags/email.py for tasks to queue
[2024-11-10T12:36:56.067+0000] {logging_mixin.py:190} INFO - [2024-11-10T12:36:56.066+0000] {dagbag.py:588} INFO - Filling up the DagBag from /opt/airflow/dags/email.py
[2024-11-10T12:36:56.090+0000] {processor.py:925} INFO - DAG(s) 'test_email_dag' retrieved from /opt/airflow/dags/email.py
[2024-11-10T12:36:56.113+0000] {logging_mixin.py:190} INFO - [2024-11-10T12:36:56.113+0000] {dag.py:3239} INFO - Sync 1 DAGs
[2024-11-10T12:36:56.130+0000] {logging_mixin.py:190} INFO - [2024-11-10T12:36:56.129+0000] {dag.py:4180} INFO - Setting next_dagrun for test_email_dag to None, run_after=None
[2024-11-10T12:36:56.154+0000] {processor.py:208} INFO - Processing /opt/airflow/dags/email.py took 0.099 seconds
[2024-11-10T12:37:26.940+0000] {processor.py:186} INFO - Started process (PID=590) to work on /opt/airflow/dags/email.py
[2024-11-10T12:37:26.941+0000] {processor.py:914} INFO - Processing file /opt/airflow/dags/email.py for tasks to queue
[2024-11-10T12:37:26.943+0000] {logging_mixin.py:190} INFO - [2024-11-10T12:37:26.943+0000] {dagbag.py:588} INFO - Filling up the DagBag from /opt/airflow/dags/email.py
[2024-11-10T12:37:26.963+0000] {processor.py:925} INFO - DAG(s) 'test_email_dag' retrieved from /opt/airflow/dags/email.py
[2024-11-10T12:37:26.984+0000] {logging_mixin.py:190} INFO - [2024-11-10T12:37:26.984+0000] {dag.py:3239} INFO - Sync 1 DAGs
[2024-11-10T12:37:27.001+0000] {logging_mixin.py:190} INFO - [2024-11-10T12:37:27.001+0000] {dag.py:4180} INFO - Setting next_dagrun for test_email_dag to None, run_after=None
[2024-11-10T12:37:27.027+0000] {processor.py:208} INFO - Processing /opt/airflow/dags/email.py took 0.094 seconds
[2024-11-10T12:37:45.061+0000] {processor.py:186} INFO - Started process (PID=655) to work on /opt/airflow/dags/email.py
[2024-11-10T12:37:45.062+0000] {processor.py:914} INFO - Processing file /opt/airflow/dags/email.py for tasks to queue
[2024-11-10T12:37:45.065+0000] {logging_mixin.py:190} INFO - [2024-11-10T12:37:45.064+0000] {dagbag.py:588} INFO - Filling up the DagBag from /opt/airflow/dags/email.py
[2024-11-10T12:37:45.090+0000] {processor.py:925} INFO - DAG(s) 'test_email_dag' retrieved from /opt/airflow/dags/email.py
[2024-11-10T12:37:45.111+0000] {logging_mixin.py:190} INFO - [2024-11-10T12:37:45.111+0000] {dag.py:3239} INFO - Sync 1 DAGs
[2024-11-10T12:37:45.127+0000] {logging_mixin.py:190} INFO - [2024-11-10T12:37:45.126+0000] {dag.py:4180} INFO - Setting next_dagrun for test_email_dag to None, run_after=None
[2024-11-10T12:37:45.167+0000] {processor.py:208} INFO - Processing /opt/airflow/dags/email.py took 0.113 seconds
[2024-11-10T12:38:16.125+0000] {processor.py:186} INFO - Started process (PID=720) to work on /opt/airflow/dags/email.py
[2024-11-10T12:38:16.127+0000] {processor.py:914} INFO - Processing file /opt/airflow/dags/email.py for tasks to queue
[2024-11-10T12:38:16.131+0000] {logging_mixin.py:190} INFO - [2024-11-10T12:38:16.130+0000] {dagbag.py:588} INFO - Filling up the DagBag from /opt/airflow/dags/email.py
[2024-11-10T12:38:16.157+0000] {processor.py:925} INFO - DAG(s) 'test_email_dag' retrieved from /opt/airflow/dags/email.py
[2024-11-10T12:38:16.184+0000] {logging_mixin.py:190} INFO - [2024-11-10T12:38:16.184+0000] {dag.py:3239} INFO - Sync 1 DAGs
[2024-11-10T12:38:16.205+0000] {logging_mixin.py:190} INFO - [2024-11-10T12:38:16.204+0000] {dag.py:4180} INFO - Setting next_dagrun for test_email_dag to None, run_after=None
[2024-11-10T12:38:16.235+0000] {processor.py:208} INFO - Processing /opt/airflow/dags/email.py took 0.118 seconds
[2024-11-10T12:38:46.815+0000] {processor.py:186} INFO - Started process (PID=785) to work on /opt/airflow/dags/email.py
[2024-11-10T12:38:46.816+0000] {processor.py:914} INFO - Processing file /opt/airflow/dags/email.py for tasks to queue
[2024-11-10T12:38:46.819+0000] {logging_mixin.py:190} INFO - [2024-11-10T12:38:46.819+0000] {dagbag.py:588} INFO - Filling up the DagBag from /opt/airflow/dags/email.py
[2024-11-10T12:38:46.841+0000] {processor.py:925} INFO - DAG(s) 'test_email_dag' retrieved from /opt/airflow/dags/email.py
[2024-11-10T12:38:46.864+0000] {logging_mixin.py:190} INFO - [2024-11-10T12:38:46.863+0000] {dag.py:3239} INFO - Sync 1 DAGs
[2024-11-10T12:38:46.882+0000] {logging_mixin.py:190} INFO - [2024-11-10T12:38:46.882+0000] {dag.py:4180} INFO - Setting next_dagrun for test_email_dag to None, run_after=None
[2024-11-10T12:38:46.913+0000] {processor.py:208} INFO - Processing /opt/airflow/dags/email.py took 0.106 seconds
[2024-11-10T12:39:17.831+0000] {processor.py:186} INFO - Started process (PID=850) to work on /opt/airflow/dags/email.py
[2024-11-10T12:39:17.832+0000] {processor.py:914} INFO - Processing file /opt/airflow/dags/email.py for tasks to queue
[2024-11-10T12:39:17.835+0000] {logging_mixin.py:190} INFO - [2024-11-10T12:39:17.834+0000] {dagbag.py:588} INFO - Filling up the DagBag from /opt/airflow/dags/email.py
[2024-11-10T12:39:17.855+0000] {processor.py:925} INFO - DAG(s) 'test_email_dag' retrieved from /opt/airflow/dags/email.py
[2024-11-10T12:39:17.875+0000] {logging_mixin.py:190} INFO - [2024-11-10T12:39:17.875+0000] {dag.py:3239} INFO - Sync 1 DAGs
[2024-11-10T12:39:17.895+0000] {logging_mixin.py:190} INFO - [2024-11-10T12:39:17.894+0000] {dag.py:4180} INFO - Setting next_dagrun for test_email_dag to None, run_after=None
[2024-11-10T12:39:17.919+0000] {processor.py:208} INFO - Processing /opt/airflow/dags/email.py took 0.095 seconds
[2024-11-10T12:39:48.220+0000] {processor.py:186} INFO - Started process (PID=915) to work on /opt/airflow/dags/email.py
[2024-11-10T12:39:48.221+0000] {processor.py:914} INFO - Processing file /opt/airflow/dags/email.py for tasks to queue
[2024-11-10T12:39:48.224+0000] {logging_mixin.py:190} INFO - [2024-11-10T12:39:48.223+0000] {dagbag.py:588} INFO - Filling up the DagBag from /opt/airflow/dags/email.py
[2024-11-10T12:39:48.243+0000] {processor.py:925} INFO - DAG(s) 'test_email_dag' retrieved from /opt/airflow/dags/email.py
[2024-11-10T12:39:48.263+0000] {logging_mixin.py:190} INFO - [2024-11-10T12:39:48.262+0000] {dag.py:3239} INFO - Sync 1 DAGs
[2024-11-10T12:39:48.279+0000] {logging_mixin.py:190} INFO - [2024-11-10T12:39:48.279+0000] {dag.py:4180} INFO - Setting next_dagrun for test_email_dag to None, run_after=None
[2024-11-10T12:39:48.306+0000] {processor.py:208} INFO - Processing /opt/airflow/dags/email.py took 0.093 seconds
[2024-11-10T12:40:19.223+0000] {processor.py:186} INFO - Started process (PID=980) to work on /opt/airflow/dags/email.py
[2024-11-10T12:40:19.225+0000] {processor.py:914} INFO - Processing file /opt/airflow/dags/email.py for tasks to queue
[2024-11-10T12:40:19.227+0000] {logging_mixin.py:190} INFO - [2024-11-10T12:40:19.227+0000] {dagbag.py:588} INFO - Filling up the DagBag from /opt/airflow/dags/email.py
[2024-11-10T12:40:19.250+0000] {processor.py:925} INFO - DAG(s) 'test_email_dag' retrieved from /opt/airflow/dags/email.py
[2024-11-10T12:40:19.270+0000] {logging_mixin.py:190} INFO - [2024-11-10T12:40:19.270+0000] {dag.py:3239} INFO - Sync 1 DAGs
[2024-11-10T12:40:19.286+0000] {logging_mixin.py:190} INFO - [2024-11-10T12:40:19.286+0000] {dag.py:4180} INFO - Setting next_dagrun for test_email_dag to None, run_after=None
[2024-11-10T12:40:19.312+0000] {processor.py:208} INFO - Processing /opt/airflow/dags/email.py took 0.095 seconds
[2024-11-10T12:42:42.830+0000] {processor.py:186} INFO - Started process (PID=72) to work on /opt/airflow/dags/email.py
[2024-11-10T12:42:42.831+0000] {processor.py:914} INFO - Processing file /opt/airflow/dags/email.py for tasks to queue
[2024-11-10T12:42:42.835+0000] {logging_mixin.py:190} INFO - [2024-11-10T12:42:42.834+0000] {dagbag.py:588} INFO - Filling up the DagBag from /opt/airflow/dags/email.py
[2024-11-10T12:42:42.872+0000] {processor.py:925} INFO - DAG(s) 'test_email_dag' retrieved from /opt/airflow/dags/email.py
[2024-11-10T12:42:42.931+0000] {logging_mixin.py:190} INFO - [2024-11-10T12:42:42.931+0000] {dag.py:3239} INFO - Sync 1 DAGs
[2024-11-10T12:42:42.950+0000] {logging_mixin.py:190} INFO - [2024-11-10T12:42:42.950+0000] {dag.py:4180} INFO - Setting next_dagrun for test_email_dag to None, run_after=None
[2024-11-10T12:42:42.982+0000] {processor.py:208} INFO - Processing /opt/airflow/dags/email.py took 0.161 seconds
[2024-11-10T12:43:13.795+0000] {processor.py:186} INFO - Started process (PID=137) to work on /opt/airflow/dags/email.py
[2024-11-10T12:43:13.796+0000] {processor.py:914} INFO - Processing file /opt/airflow/dags/email.py for tasks to queue
[2024-11-10T12:43:13.799+0000] {logging_mixin.py:190} INFO - [2024-11-10T12:43:13.799+0000] {dagbag.py:588} INFO - Filling up the DagBag from /opt/airflow/dags/email.py
[2024-11-10T12:43:13.824+0000] {processor.py:925} INFO - DAG(s) 'test_email_dag' retrieved from /opt/airflow/dags/email.py
[2024-11-10T12:43:13.865+0000] {logging_mixin.py:190} INFO - [2024-11-10T12:43:13.864+0000] {dag.py:3239} INFO - Sync 1 DAGs
[2024-11-10T12:43:13.903+0000] {logging_mixin.py:190} INFO - [2024-11-10T12:43:13.899+0000] {dag.py:4180} INFO - Setting next_dagrun for test_email_dag to None, run_after=None
[2024-11-10T12:43:13.934+0000] {processor.py:208} INFO - Processing /opt/airflow/dags/email.py took 0.149 seconds
[2024-11-10T12:43:44.442+0000] {processor.py:186} INFO - Started process (PID=202) to work on /opt/airflow/dags/email.py
[2024-11-10T12:43:44.444+0000] {processor.py:914} INFO - Processing file /opt/airflow/dags/email.py for tasks to queue
[2024-11-10T12:43:44.446+0000] {logging_mixin.py:190} INFO - [2024-11-10T12:43:44.446+0000] {dagbag.py:588} INFO - Filling up the DagBag from /opt/airflow/dags/email.py
[2024-11-10T12:43:44.466+0000] {processor.py:925} INFO - DAG(s) 'test_email_dag' retrieved from /opt/airflow/dags/email.py
[2024-11-10T12:43:44.487+0000] {logging_mixin.py:190} INFO - [2024-11-10T12:43:44.486+0000] {dag.py:3239} INFO - Sync 1 DAGs
[2024-11-10T12:43:44.502+0000] {logging_mixin.py:190} INFO - [2024-11-10T12:43:44.502+0000] {dag.py:4180} INFO - Setting next_dagrun for test_email_dag to None, run_after=None
[2024-11-10T12:43:44.531+0000] {processor.py:208} INFO - Processing /opt/airflow/dags/email.py took 0.096 seconds
[2024-11-10T12:44:14.966+0000] {processor.py:186} INFO - Started process (PID=267) to work on /opt/airflow/dags/email.py
[2024-11-10T12:44:14.967+0000] {processor.py:914} INFO - Processing file /opt/airflow/dags/email.py for tasks to queue
[2024-11-10T12:44:14.971+0000] {logging_mixin.py:190} INFO - [2024-11-10T12:44:14.970+0000] {dagbag.py:588} INFO - Filling up the DagBag from /opt/airflow/dags/email.py
[2024-11-10T12:44:14.992+0000] {processor.py:925} INFO - DAG(s) 'test_email_dag' retrieved from /opt/airflow/dags/email.py
[2024-11-10T12:44:15.013+0000] {logging_mixin.py:190} INFO - [2024-11-10T12:44:15.012+0000] {dag.py:3239} INFO - Sync 1 DAGs
[2024-11-10T12:44:15.028+0000] {logging_mixin.py:190} INFO - [2024-11-10T12:44:15.028+0000] {dag.py:4180} INFO - Setting next_dagrun for test_email_dag to None, run_after=None
[2024-11-10T12:44:15.057+0000] {processor.py:208} INFO - Processing /opt/airflow/dags/email.py took 0.097 seconds
[2024-11-10T12:44:45.290+0000] {processor.py:186} INFO - Started process (PID=332) to work on /opt/airflow/dags/email.py
[2024-11-10T12:44:45.292+0000] {processor.py:914} INFO - Processing file /opt/airflow/dags/email.py for tasks to queue
[2024-11-10T12:44:45.295+0000] {logging_mixin.py:190} INFO - [2024-11-10T12:44:45.294+0000] {dagbag.py:588} INFO - Filling up the DagBag from /opt/airflow/dags/email.py
[2024-11-10T12:44:45.313+0000] {processor.py:925} INFO - DAG(s) 'test_email_dag' retrieved from /opt/airflow/dags/email.py
[2024-11-10T12:44:45.337+0000] {logging_mixin.py:190} INFO - [2024-11-10T12:44:45.336+0000] {dag.py:3239} INFO - Sync 1 DAGs
[2024-11-10T12:44:45.353+0000] {logging_mixin.py:190} INFO - [2024-11-10T12:44:45.352+0000] {dag.py:4180} INFO - Setting next_dagrun for test_email_dag to None, run_after=None
[2024-11-10T12:44:45.375+0000] {processor.py:208} INFO - Processing /opt/airflow/dags/email.py took 0.091 seconds
[2024-11-10T12:45:15.543+0000] {processor.py:186} INFO - Started process (PID=397) to work on /opt/airflow/dags/email.py
[2024-11-10T12:45:15.544+0000] {processor.py:914} INFO - Processing file /opt/airflow/dags/email.py for tasks to queue
[2024-11-10T12:45:15.547+0000] {logging_mixin.py:190} INFO - [2024-11-10T12:45:15.547+0000] {dagbag.py:588} INFO - Filling up the DagBag from /opt/airflow/dags/email.py
[2024-11-10T12:45:15.564+0000] {processor.py:925} INFO - DAG(s) 'test_email_dag' retrieved from /opt/airflow/dags/email.py
[2024-11-10T12:45:15.584+0000] {logging_mixin.py:190} INFO - [2024-11-10T12:45:15.584+0000] {dag.py:3239} INFO - Sync 1 DAGs
[2024-11-10T12:45:15.602+0000] {logging_mixin.py:190} INFO - [2024-11-10T12:45:15.601+0000] {dag.py:4180} INFO - Setting next_dagrun for test_email_dag to None, run_after=None
[2024-11-10T12:45:15.628+0000] {processor.py:208} INFO - Processing /opt/airflow/dags/email.py took 0.093 seconds
[2024-11-10T12:45:45.703+0000] {processor.py:186} INFO - Started process (PID=462) to work on /opt/airflow/dags/email.py
[2024-11-10T12:45:45.704+0000] {processor.py:914} INFO - Processing file /opt/airflow/dags/email.py for tasks to queue
[2024-11-10T12:45:45.708+0000] {logging_mixin.py:190} INFO - [2024-11-10T12:45:45.707+0000] {dagbag.py:588} INFO - Filling up the DagBag from /opt/airflow/dags/email.py
[2024-11-10T12:45:45.729+0000] {processor.py:925} INFO - DAG(s) 'test_email_dag' retrieved from /opt/airflow/dags/email.py
[2024-11-10T12:45:45.749+0000] {logging_mixin.py:190} INFO - [2024-11-10T12:45:45.749+0000] {dag.py:3239} INFO - Sync 1 DAGs
[2024-11-10T12:45:45.765+0000] {logging_mixin.py:190} INFO - [2024-11-10T12:45:45.764+0000] {dag.py:4180} INFO - Setting next_dagrun for test_email_dag to None, run_after=None
[2024-11-10T12:45:45.789+0000] {processor.py:208} INFO - Processing /opt/airflow/dags/email.py took 0.094 seconds
[2024-11-10T12:46:16.520+0000] {processor.py:186} INFO - Started process (PID=527) to work on /opt/airflow/dags/email.py
[2024-11-10T12:46:16.522+0000] {processor.py:914} INFO - Processing file /opt/airflow/dags/email.py for tasks to queue
[2024-11-10T12:46:16.524+0000] {logging_mixin.py:190} INFO - [2024-11-10T12:46:16.524+0000] {dagbag.py:588} INFO - Filling up the DagBag from /opt/airflow/dags/email.py
[2024-11-10T12:46:16.545+0000] {processor.py:925} INFO - DAG(s) 'test_email_dag' retrieved from /opt/airflow/dags/email.py
[2024-11-10T12:46:16.567+0000] {logging_mixin.py:190} INFO - [2024-11-10T12:46:16.567+0000] {dag.py:3239} INFO - Sync 1 DAGs
[2024-11-10T12:46:16.585+0000] {logging_mixin.py:190} INFO - [2024-11-10T12:46:16.585+0000] {dag.py:4180} INFO - Setting next_dagrun for test_email_dag to None, run_after=None
[2024-11-10T12:46:16.611+0000] {processor.py:208} INFO - Processing /opt/airflow/dags/email.py took 0.098 seconds
[2024-11-10T12:46:47.092+0000] {processor.py:186} INFO - Started process (PID=592) to work on /opt/airflow/dags/email.py
[2024-11-10T12:46:47.094+0000] {processor.py:914} INFO - Processing file /opt/airflow/dags/email.py for tasks to queue
[2024-11-10T12:46:47.096+0000] {logging_mixin.py:190} INFO - [2024-11-10T12:46:47.096+0000] {dagbag.py:588} INFO - Filling up the DagBag from /opt/airflow/dags/email.py
[2024-11-10T12:46:47.114+0000] {processor.py:925} INFO - DAG(s) 'test_email_dag' retrieved from /opt/airflow/dags/email.py
[2024-11-10T12:46:47.136+0000] {logging_mixin.py:190} INFO - [2024-11-10T12:46:47.136+0000] {dag.py:3239} INFO - Sync 1 DAGs
[2024-11-10T12:46:47.154+0000] {logging_mixin.py:190} INFO - [2024-11-10T12:46:47.153+0000] {dag.py:4180} INFO - Setting next_dagrun for test_email_dag to None, run_after=None
[2024-11-10T12:46:47.230+0000] {processor.py:208} INFO - Processing /opt/airflow/dags/email.py took 0.144 seconds
[2024-11-10T12:47:17.593+0000] {processor.py:186} INFO - Started process (PID=657) to work on /opt/airflow/dags/email.py
[2024-11-10T12:47:17.594+0000] {processor.py:914} INFO - Processing file /opt/airflow/dags/email.py for tasks to queue
[2024-11-10T12:47:17.598+0000] {logging_mixin.py:190} INFO - [2024-11-10T12:47:17.598+0000] {dagbag.py:588} INFO - Filling up the DagBag from /opt/airflow/dags/email.py
[2024-11-10T12:47:17.620+0000] {processor.py:925} INFO - DAG(s) 'test_email_dag' retrieved from /opt/airflow/dags/email.py
[2024-11-10T12:47:17.643+0000] {logging_mixin.py:190} INFO - [2024-11-10T12:47:17.643+0000] {dag.py:3239} INFO - Sync 1 DAGs
[2024-11-10T12:47:17.663+0000] {logging_mixin.py:190} INFO - [2024-11-10T12:47:17.663+0000] {dag.py:4180} INFO - Setting next_dagrun for test_email_dag to None, run_after=None
[2024-11-10T12:47:17.690+0000] {processor.py:208} INFO - Processing /opt/airflow/dags/email.py took 0.106 seconds
[2024-11-10T12:47:48.065+0000] {processor.py:186} INFO - Started process (PID=722) to work on /opt/airflow/dags/email.py
[2024-11-10T12:47:48.066+0000] {processor.py:914} INFO - Processing file /opt/airflow/dags/email.py for tasks to queue
[2024-11-10T12:47:48.069+0000] {logging_mixin.py:190} INFO - [2024-11-10T12:47:48.069+0000] {dagbag.py:588} INFO - Filling up the DagBag from /opt/airflow/dags/email.py
[2024-11-10T12:47:48.089+0000] {processor.py:925} INFO - DAG(s) 'test_email_dag' retrieved from /opt/airflow/dags/email.py
[2024-11-10T12:47:48.113+0000] {logging_mixin.py:190} INFO - [2024-11-10T12:47:48.113+0000] {dag.py:3239} INFO - Sync 1 DAGs
[2024-11-10T12:47:48.129+0000] {logging_mixin.py:190} INFO - [2024-11-10T12:47:48.129+0000] {dag.py:4180} INFO - Setting next_dagrun for test_email_dag to None, run_after=None
[2024-11-10T12:47:48.154+0000] {processor.py:208} INFO - Processing /opt/airflow/dags/email.py took 0.096 seconds
[2024-11-10T12:48:02.353+0000] {processor.py:186} INFO - Started process (PID=787) to work on /opt/airflow/dags/email.py
[2024-11-10T12:48:02.354+0000] {processor.py:914} INFO - Processing file /opt/airflow/dags/email.py for tasks to queue
[2024-11-10T12:48:02.357+0000] {logging_mixin.py:190} INFO - [2024-11-10T12:48:02.357+0000] {dagbag.py:588} INFO - Filling up the DagBag from /opt/airflow/dags/email.py
[2024-11-10T12:48:02.394+0000] {logging_mixin.py:190} INFO - [2024-11-10T12:48:02.388+0000] {dagbag.py:387} ERROR - Failed to import: /opt/airflow/dags/email.py
Traceback (most recent call last):
  File "/home/airflow/.local/lib/python3.12/site-packages/airflow/models/dagbag.py", line 383, in parse
    loader.exec_module(new_module)
  File "<frozen importlib._bootstrap_external>", line 995, in exec_module
  File "<frozen importlib._bootstrap>", line 488, in _call_with_frames_removed
  File "/opt/airflow/dags/email.py", line 20, in <module>
    dag = DAG(
          ^^^^
TypeError: DAG.__init__() got an unexpected keyword argument 'email_conn_id'
[2024-11-10T12:48:02.395+0000] {processor.py:927} WARNING - No viable dags retrieved from /opt/airflow/dags/email.py
[2024-11-10T12:48:02.421+0000] {processor.py:208} INFO - Processing /opt/airflow/dags/email.py took 0.075 seconds
[2024-11-10T12:48:32.805+0000] {processor.py:186} INFO - Started process (PID=849) to work on /opt/airflow/dags/email.py
[2024-11-10T12:48:32.807+0000] {processor.py:914} INFO - Processing file /opt/airflow/dags/email.py for tasks to queue
[2024-11-10T12:48:32.810+0000] {logging_mixin.py:190} INFO - [2024-11-10T12:48:32.810+0000] {dagbag.py:588} INFO - Filling up the DagBag from /opt/airflow/dags/email.py
[2024-11-10T12:48:32.829+0000] {logging_mixin.py:190} INFO - [2024-11-10T12:48:32.826+0000] {dagbag.py:387} ERROR - Failed to import: /opt/airflow/dags/email.py
Traceback (most recent call last):
  File "/home/airflow/.local/lib/python3.12/site-packages/airflow/models/dagbag.py", line 383, in parse
    loader.exec_module(new_module)
  File "<frozen importlib._bootstrap_external>", line 995, in exec_module
  File "<frozen importlib._bootstrap>", line 488, in _call_with_frames_removed
  File "/opt/airflow/dags/email.py", line 20, in <module>
    dag = DAG(
          ^^^^
TypeError: DAG.__init__() got an unexpected keyword argument 'email_conn_id'
[2024-11-10T12:48:32.830+0000] {processor.py:927} WARNING - No viable dags retrieved from /opt/airflow/dags/email.py
[2024-11-10T12:48:32.856+0000] {processor.py:208} INFO - Processing /opt/airflow/dags/email.py took 0.059 seconds
[2024-11-10T12:49:03.622+0000] {processor.py:186} INFO - Started process (PID=914) to work on /opt/airflow/dags/email.py
[2024-11-10T12:49:03.624+0000] {processor.py:914} INFO - Processing file /opt/airflow/dags/email.py for tasks to queue
[2024-11-10T12:49:03.628+0000] {logging_mixin.py:190} INFO - [2024-11-10T12:49:03.628+0000] {dagbag.py:588} INFO - Filling up the DagBag from /opt/airflow/dags/email.py
[2024-11-10T12:49:03.653+0000] {logging_mixin.py:190} INFO - [2024-11-10T12:49:03.648+0000] {dagbag.py:387} ERROR - Failed to import: /opt/airflow/dags/email.py
Traceback (most recent call last):
  File "/home/airflow/.local/lib/python3.12/site-packages/airflow/models/dagbag.py", line 383, in parse
    loader.exec_module(new_module)
  File "<frozen importlib._bootstrap_external>", line 995, in exec_module
  File "<frozen importlib._bootstrap>", line 488, in _call_with_frames_removed
  File "/opt/airflow/dags/email.py", line 20, in <module>
    dag = DAG(
          ^^^^
TypeError: DAG.__init__() got an unexpected keyword argument 'email_conn_id'
[2024-11-10T12:49:03.655+0000] {processor.py:927} WARNING - No viable dags retrieved from /opt/airflow/dags/email.py
[2024-11-10T12:49:03.693+0000] {processor.py:208} INFO - Processing /opt/airflow/dags/email.py took 0.082 seconds
[2024-11-10T12:49:33.986+0000] {processor.py:186} INFO - Started process (PID=971) to work on /opt/airflow/dags/email.py
[2024-11-10T12:49:33.987+0000] {processor.py:914} INFO - Processing file /opt/airflow/dags/email.py for tasks to queue
[2024-11-10T12:49:33.990+0000] {logging_mixin.py:190} INFO - [2024-11-10T12:49:33.989+0000] {dagbag.py:588} INFO - Filling up the DagBag from /opt/airflow/dags/email.py
[2024-11-10T12:49:34.006+0000] {logging_mixin.py:190} INFO - [2024-11-10T12:49:34.003+0000] {dagbag.py:387} ERROR - Failed to import: /opt/airflow/dags/email.py
Traceback (most recent call last):
  File "/home/airflow/.local/lib/python3.12/site-packages/airflow/models/dagbag.py", line 383, in parse
    loader.exec_module(new_module)
  File "<frozen importlib._bootstrap_external>", line 995, in exec_module
  File "<frozen importlib._bootstrap>", line 488, in _call_with_frames_removed
  File "/opt/airflow/dags/email.py", line 20, in <module>
    dag = DAG(
          ^^^^
TypeError: DAG.__init__() got an unexpected keyword argument 'email_conn_id'
[2024-11-10T12:49:34.008+0000] {processor.py:927} WARNING - No viable dags retrieved from /opt/airflow/dags/email.py
[2024-11-10T12:49:34.033+0000] {processor.py:208} INFO - Processing /opt/airflow/dags/email.py took 0.054 seconds
[2024-11-10T12:50:04.364+0000] {processor.py:186} INFO - Started process (PID=1031) to work on /opt/airflow/dags/email.py
[2024-11-10T12:50:04.365+0000] {processor.py:914} INFO - Processing file /opt/airflow/dags/email.py for tasks to queue
[2024-11-10T12:50:04.366+0000] {logging_mixin.py:190} INFO - [2024-11-10T12:50:04.366+0000] {dagbag.py:588} INFO - Filling up the DagBag from /opt/airflow/dags/email.py
[2024-11-10T12:50:04.382+0000] {logging_mixin.py:190} INFO - [2024-11-10T12:50:04.379+0000] {dagbag.py:387} ERROR - Failed to import: /opt/airflow/dags/email.py
Traceback (most recent call last):
  File "/home/airflow/.local/lib/python3.12/site-packages/airflow/models/dagbag.py", line 383, in parse
    loader.exec_module(new_module)
  File "<frozen importlib._bootstrap_external>", line 995, in exec_module
  File "<frozen importlib._bootstrap>", line 488, in _call_with_frames_removed
  File "/opt/airflow/dags/email.py", line 20, in <module>
    dag = DAG(
          ^^^^
TypeError: DAG.__init__() got an unexpected keyword argument 'email_conn_id'
[2024-11-10T12:50:04.383+0000] {processor.py:927} WARNING - No viable dags retrieved from /opt/airflow/dags/email.py
[2024-11-10T12:50:04.408+0000] {processor.py:208} INFO - Processing /opt/airflow/dags/email.py took 0.053 seconds
[2024-11-10T12:50:34.490+0000] {processor.py:186} INFO - Started process (PID=1095) to work on /opt/airflow/dags/email.py
[2024-11-10T12:50:34.492+0000] {processor.py:914} INFO - Processing file /opt/airflow/dags/email.py for tasks to queue
[2024-11-10T12:50:34.493+0000] {logging_mixin.py:190} INFO - [2024-11-10T12:50:34.493+0000] {dagbag.py:588} INFO - Filling up the DagBag from /opt/airflow/dags/email.py
[2024-11-10T12:50:34.515+0000] {logging_mixin.py:190} INFO - [2024-11-10T12:50:34.510+0000] {dagbag.py:387} ERROR - Failed to import: /opt/airflow/dags/email.py
Traceback (most recent call last):
  File "/home/airflow/.local/lib/python3.12/site-packages/airflow/models/dagbag.py", line 383, in parse
    loader.exec_module(new_module)
  File "<frozen importlib._bootstrap_external>", line 995, in exec_module
  File "<frozen importlib._bootstrap>", line 488, in _call_with_frames_removed
  File "/opt/airflow/dags/email.py", line 20, in <module>
    dag = DAG(
          ^^^^
TypeError: DAG.__init__() got an unexpected keyword argument 'email_conn_id'
[2024-11-10T12:50:34.517+0000] {processor.py:927} WARNING - No viable dags retrieved from /opt/airflow/dags/email.py
[2024-11-10T12:50:34.541+0000] {processor.py:208} INFO - Processing /opt/airflow/dags/email.py took 0.057 seconds
[2024-11-10T12:51:04.646+0000] {processor.py:186} INFO - Started process (PID=1157) to work on /opt/airflow/dags/email.py
[2024-11-10T12:51:04.647+0000] {processor.py:914} INFO - Processing file /opt/airflow/dags/email.py for tasks to queue
[2024-11-10T12:51:04.649+0000] {logging_mixin.py:190} INFO - [2024-11-10T12:51:04.649+0000] {dagbag.py:588} INFO - Filling up the DagBag from /opt/airflow/dags/email.py
[2024-11-10T12:51:04.670+0000] {logging_mixin.py:190} INFO - [2024-11-10T12:51:04.666+0000] {dagbag.py:387} ERROR - Failed to import: /opt/airflow/dags/email.py
Traceback (most recent call last):
  File "/home/airflow/.local/lib/python3.12/site-packages/airflow/models/dagbag.py", line 383, in parse
    loader.exec_module(new_module)
  File "<frozen importlib._bootstrap_external>", line 995, in exec_module
  File "<frozen importlib._bootstrap>", line 488, in _call_with_frames_removed
  File "/opt/airflow/dags/email.py", line 20, in <module>
    dag = DAG(
          ^^^^
TypeError: DAG.__init__() got an unexpected keyword argument 'email_conn_id'
[2024-11-10T12:51:04.673+0000] {processor.py:927} WARNING - No viable dags retrieved from /opt/airflow/dags/email.py
[2024-11-10T12:51:04.704+0000] {processor.py:208} INFO - Processing /opt/airflow/dags/email.py took 0.068 seconds
[2024-11-10T12:54:08.331+0000] {processor.py:186} INFO - Started process (PID=69) to work on /opt/airflow/dags/email.py
[2024-11-10T12:54:08.333+0000] {processor.py:914} INFO - Processing file /opt/airflow/dags/email.py for tasks to queue
[2024-11-10T12:54:08.335+0000] {logging_mixin.py:190} INFO - [2024-11-10T12:54:08.335+0000] {dagbag.py:588} INFO - Filling up the DagBag from /opt/airflow/dags/email.py
[2024-11-10T12:54:08.352+0000] {logging_mixin.py:190} INFO - [2024-11-10T12:54:08.347+0000] {dagbag.py:387} ERROR - Failed to import: /opt/airflow/dags/email.py
Traceback (most recent call last):
  File "/home/airflow/.local/lib/python3.12/site-packages/airflow/models/dagbag.py", line 383, in parse
    loader.exec_module(new_module)
  File "<frozen importlib._bootstrap_external>", line 995, in exec_module
  File "<frozen importlib._bootstrap>", line 488, in _call_with_frames_removed
  File "/opt/airflow/dags/email.py", line 20, in <module>
    dag = DAG(
          ^^^^
TypeError: DAG.__init__() got an unexpected keyword argument 'email_conn_id'
[2024-11-10T12:54:08.353+0000] {processor.py:927} WARNING - No viable dags retrieved from /opt/airflow/dags/email.py
[2024-11-10T12:54:08.388+0000] {processor.py:208} INFO - Processing /opt/airflow/dags/email.py took 0.064 seconds
[2024-11-10T12:54:39.026+0000] {processor.py:186} INFO - Started process (PID=134) to work on /opt/airflow/dags/email.py
[2024-11-10T12:54:39.027+0000] {processor.py:914} INFO - Processing file /opt/airflow/dags/email.py for tasks to queue
[2024-11-10T12:54:39.030+0000] {logging_mixin.py:190} INFO - [2024-11-10T12:54:39.030+0000] {dagbag.py:588} INFO - Filling up the DagBag from /opt/airflow/dags/email.py
[2024-11-10T12:54:39.050+0000] {logging_mixin.py:190} INFO - [2024-11-10T12:54:39.046+0000] {dagbag.py:387} ERROR - Failed to import: /opt/airflow/dags/email.py
Traceback (most recent call last):
  File "/home/airflow/.local/lib/python3.12/site-packages/airflow/models/dagbag.py", line 383, in parse
    loader.exec_module(new_module)
  File "<frozen importlib._bootstrap_external>", line 995, in exec_module
  File "<frozen importlib._bootstrap>", line 488, in _call_with_frames_removed
  File "/opt/airflow/dags/email.py", line 20, in <module>
    dag = DAG(
          ^^^^
TypeError: DAG.__init__() got an unexpected keyword argument 'email_conn_id'
[2024-11-10T12:54:39.052+0000] {processor.py:927} WARNING - No viable dags retrieved from /opt/airflow/dags/email.py
[2024-11-10T12:54:39.077+0000] {processor.py:208} INFO - Processing /opt/airflow/dags/email.py took 0.058 seconds
[2024-11-10T12:55:09.517+0000] {processor.py:186} INFO - Started process (PID=199) to work on /opt/airflow/dags/email.py
[2024-11-10T12:55:09.518+0000] {processor.py:914} INFO - Processing file /opt/airflow/dags/email.py for tasks to queue
[2024-11-10T12:55:09.522+0000] {logging_mixin.py:190} INFO - [2024-11-10T12:55:09.521+0000] {dagbag.py:588} INFO - Filling up the DagBag from /opt/airflow/dags/email.py
[2024-11-10T12:55:09.542+0000] {logging_mixin.py:190} INFO - [2024-11-10T12:55:09.537+0000] {dagbag.py:387} ERROR - Failed to import: /opt/airflow/dags/email.py
Traceback (most recent call last):
  File "/home/airflow/.local/lib/python3.12/site-packages/airflow/models/dagbag.py", line 383, in parse
    loader.exec_module(new_module)
  File "<frozen importlib._bootstrap_external>", line 995, in exec_module
  File "<frozen importlib._bootstrap>", line 488, in _call_with_frames_removed
  File "/opt/airflow/dags/email.py", line 20, in <module>
    dag = DAG(
          ^^^^
TypeError: DAG.__init__() got an unexpected keyword argument 'email_conn_id'
[2024-11-10T12:55:09.544+0000] {processor.py:927} WARNING - No viable dags retrieved from /opt/airflow/dags/email.py
[2024-11-10T12:55:09.573+0000] {processor.py:208} INFO - Processing /opt/airflow/dags/email.py took 0.065 seconds
[2024-11-10T12:55:40.151+0000] {processor.py:186} INFO - Started process (PID=264) to work on /opt/airflow/dags/email.py
[2024-11-10T12:55:40.152+0000] {processor.py:914} INFO - Processing file /opt/airflow/dags/email.py for tasks to queue
[2024-11-10T12:55:40.155+0000] {logging_mixin.py:190} INFO - [2024-11-10T12:55:40.155+0000] {dagbag.py:588} INFO - Filling up the DagBag from /opt/airflow/dags/email.py
[2024-11-10T12:55:40.174+0000] {logging_mixin.py:190} INFO - [2024-11-10T12:55:40.169+0000] {dagbag.py:387} ERROR - Failed to import: /opt/airflow/dags/email.py
Traceback (most recent call last):
  File "/home/airflow/.local/lib/python3.12/site-packages/airflow/models/dagbag.py", line 383, in parse
    loader.exec_module(new_module)
  File "<frozen importlib._bootstrap_external>", line 995, in exec_module
  File "<frozen importlib._bootstrap>", line 488, in _call_with_frames_removed
  File "/opt/airflow/dags/email.py", line 20, in <module>
    dag = DAG(
          ^^^^
TypeError: DAG.__init__() got an unexpected keyword argument 'email_conn_id'
[2024-11-10T12:55:40.176+0000] {processor.py:927} WARNING - No viable dags retrieved from /opt/airflow/dags/email.py
[2024-11-10T12:55:40.197+0000] {processor.py:208} INFO - Processing /opt/airflow/dags/email.py took 0.052 seconds
[2024-11-10T12:56:10.582+0000] {processor.py:186} INFO - Started process (PID=329) to work on /opt/airflow/dags/email.py
[2024-11-10T12:56:10.583+0000] {processor.py:914} INFO - Processing file /opt/airflow/dags/email.py for tasks to queue
[2024-11-10T12:56:10.587+0000] {logging_mixin.py:190} INFO - [2024-11-10T12:56:10.587+0000] {dagbag.py:588} INFO - Filling up the DagBag from /opt/airflow/dags/email.py
[2024-11-10T12:56:10.612+0000] {logging_mixin.py:190} INFO - [2024-11-10T12:56:10.607+0000] {dagbag.py:387} ERROR - Failed to import: /opt/airflow/dags/email.py
Traceback (most recent call last):
  File "/home/airflow/.local/lib/python3.12/site-packages/airflow/models/dagbag.py", line 383, in parse
    loader.exec_module(new_module)
  File "<frozen importlib._bootstrap_external>", line 995, in exec_module
  File "<frozen importlib._bootstrap>", line 488, in _call_with_frames_removed
  File "/opt/airflow/dags/email.py", line 20, in <module>
    dag = DAG(
          ^^^^
TypeError: DAG.__init__() got an unexpected keyword argument 'email_conn_id'
[2024-11-10T12:56:10.614+0000] {processor.py:927} WARNING - No viable dags retrieved from /opt/airflow/dags/email.py
[2024-11-10T12:56:10.647+0000] {processor.py:208} INFO - Processing /opt/airflow/dags/email.py took 0.073 seconds
[2024-11-10T12:56:41.363+0000] {processor.py:186} INFO - Started process (PID=394) to work on /opt/airflow/dags/email.py
[2024-11-10T12:56:41.365+0000] {processor.py:914} INFO - Processing file /opt/airflow/dags/email.py for tasks to queue
[2024-11-10T12:56:41.369+0000] {logging_mixin.py:190} INFO - [2024-11-10T12:56:41.368+0000] {dagbag.py:588} INFO - Filling up the DagBag from /opt/airflow/dags/email.py
[2024-11-10T12:56:41.388+0000] {logging_mixin.py:190} INFO - [2024-11-10T12:56:41.383+0000] {dagbag.py:387} ERROR - Failed to import: /opt/airflow/dags/email.py
Traceback (most recent call last):
  File "/home/airflow/.local/lib/python3.12/site-packages/airflow/models/dagbag.py", line 383, in parse
    loader.exec_module(new_module)
  File "<frozen importlib._bootstrap_external>", line 995, in exec_module
  File "<frozen importlib._bootstrap>", line 488, in _call_with_frames_removed
  File "/opt/airflow/dags/email.py", line 20, in <module>
    dag = DAG(
          ^^^^
TypeError: DAG.__init__() got an unexpected keyword argument 'email_conn_id'
[2024-11-10T12:56:41.390+0000] {processor.py:927} WARNING - No viable dags retrieved from /opt/airflow/dags/email.py
[2024-11-10T12:56:41.418+0000] {processor.py:208} INFO - Processing /opt/airflow/dags/email.py took 0.062 seconds
[2024-11-10T12:57:11.490+0000] {processor.py:186} INFO - Started process (PID=459) to work on /opt/airflow/dags/email.py
[2024-11-10T12:57:11.491+0000] {processor.py:914} INFO - Processing file /opt/airflow/dags/email.py for tasks to queue
[2024-11-10T12:57:11.495+0000] {logging_mixin.py:190} INFO - [2024-11-10T12:57:11.494+0000] {dagbag.py:588} INFO - Filling up the DagBag from /opt/airflow/dags/email.py
[2024-11-10T12:57:11.517+0000] {logging_mixin.py:190} INFO - [2024-11-10T12:57:11.513+0000] {dagbag.py:387} ERROR - Failed to import: /opt/airflow/dags/email.py
Traceback (most recent call last):
  File "/home/airflow/.local/lib/python3.12/site-packages/airflow/models/dagbag.py", line 383, in parse
    loader.exec_module(new_module)
  File "<frozen importlib._bootstrap_external>", line 995, in exec_module
  File "<frozen importlib._bootstrap>", line 488, in _call_with_frames_removed
  File "/opt/airflow/dags/email.py", line 20, in <module>
    dag = DAG(
          ^^^^
TypeError: DAG.__init__() got an unexpected keyword argument 'email_conn_id'
[2024-11-10T12:57:11.519+0000] {processor.py:927} WARNING - No viable dags retrieved from /opt/airflow/dags/email.py
[2024-11-10T12:57:11.547+0000] {processor.py:208} INFO - Processing /opt/airflow/dags/email.py took 0.064 seconds
[2024-11-10T12:57:38.141+0000] {processor.py:186} INFO - Started process (PID=524) to work on /opt/airflow/dags/email.py
[2024-11-10T12:57:38.142+0000] {processor.py:914} INFO - Processing file /opt/airflow/dags/email.py for tasks to queue
[2024-11-10T12:57:38.146+0000] {logging_mixin.py:190} INFO - [2024-11-10T12:57:38.145+0000] {dagbag.py:588} INFO - Filling up the DagBag from /opt/airflow/dags/email.py
[2024-11-10T12:57:38.176+0000] {processor.py:925} INFO - DAG(s) 'test_email_dag' retrieved from /opt/airflow/dags/email.py
[2024-11-10T12:57:38.309+0000] {logging_mixin.py:190} INFO - [2024-11-10T12:57:38.308+0000] {dag.py:3239} INFO - Sync 1 DAGs
[2024-11-10T12:57:38.330+0000] {logging_mixin.py:190} INFO - [2024-11-10T12:57:38.329+0000] {dag.py:4180} INFO - Setting next_dagrun for test_email_dag to None, run_after=None
[2024-11-10T12:57:38.365+0000] {processor.py:208} INFO - Processing /opt/airflow/dags/email.py took 0.233 seconds
[2024-11-10T12:57:41.184+0000] {processor.py:186} INFO - Started process (PID=525) to work on /opt/airflow/dags/email.py
[2024-11-10T12:57:41.186+0000] {processor.py:914} INFO - Processing file /opt/airflow/dags/email.py for tasks to queue
[2024-11-10T12:57:41.189+0000] {logging_mixin.py:190} INFO - [2024-11-10T12:57:41.188+0000] {dagbag.py:588} INFO - Filling up the DagBag from /opt/airflow/dags/email.py
[2024-11-10T12:57:41.213+0000] {logging_mixin.py:190} INFO - [2024-11-10T12:57:41.212+0000] {dagbag.py:387} ERROR - Failed to import: /opt/airflow/dags/email.py
Traceback (most recent call last):
  File "/home/airflow/.local/lib/python3.12/site-packages/airflow/models/dagbag.py", line 383, in parse
    loader.exec_module(new_module)
  File "<frozen importlib._bootstrap_external>", line 991, in exec_module
  File "<frozen importlib._bootstrap_external>", line 1129, in get_code
  File "<frozen importlib._bootstrap_external>", line 1059, in source_to_code
  File "<frozen importlib._bootstrap>", line 488, in _call_with_frames_removed
  File "/opt/airflow/dags/email.py", line 17
    email_conn_id='smtp_gmail',
                ^
SyntaxError: ':' expected after dictionary key
[2024-11-10T12:57:41.215+0000] {processor.py:927} WARNING - No viable dags retrieved from /opt/airflow/dags/email.py
[2024-11-10T12:57:41.242+0000] {processor.py:208} INFO - Processing /opt/airflow/dags/email.py took 0.065 seconds
[2024-11-10T12:57:43.797+0000] {processor.py:186} INFO - Started process (PID=533) to work on /opt/airflow/dags/email.py
[2024-11-10T12:57:43.799+0000] {processor.py:914} INFO - Processing file /opt/airflow/dags/email.py for tasks to queue
[2024-11-10T12:57:43.801+0000] {logging_mixin.py:190} INFO - [2024-11-10T12:57:43.801+0000] {dagbag.py:588} INFO - Filling up the DagBag from /opt/airflow/dags/email.py
[2024-11-10T12:57:43.824+0000] {logging_mixin.py:190} INFO - [2024-11-10T12:57:43.823+0000] {dagbag.py:387} ERROR - Failed to import: /opt/airflow/dags/email.py
Traceback (most recent call last):
  File "/home/airflow/.local/lib/python3.12/site-packages/airflow/models/dagbag.py", line 383, in parse
    loader.exec_module(new_module)
  File "<frozen importlib._bootstrap_external>", line 991, in exec_module
  File "<frozen importlib._bootstrap_external>", line 1129, in get_code
  File "<frozen importlib._bootstrap_external>", line 1059, in source_to_code
  File "<frozen importlib._bootstrap>", line 488, in _call_with_frames_removed
  File "/opt/airflow/dags/email.py", line 17
    "email_conn_id='smtp_gmail',
    ^
SyntaxError: unterminated string literal (detected at line 17)
[2024-11-10T12:57:43.825+0000] {processor.py:927} WARNING - No viable dags retrieved from /opt/airflow/dags/email.py
[2024-11-10T12:57:43.847+0000] {processor.py:208} INFO - Processing /opt/airflow/dags/email.py took 0.057 seconds
[2024-11-10T12:57:46.774+0000] {processor.py:186} INFO - Started process (PID=547) to work on /opt/airflow/dags/email.py
[2024-11-10T12:57:46.775+0000] {processor.py:914} INFO - Processing file /opt/airflow/dags/email.py for tasks to queue
[2024-11-10T12:57:46.778+0000] {logging_mixin.py:190} INFO - [2024-11-10T12:57:46.778+0000] {dagbag.py:588} INFO - Filling up the DagBag from /opt/airflow/dags/email.py
[2024-11-10T12:57:46.798+0000] {logging_mixin.py:190} INFO - [2024-11-10T12:57:46.797+0000] {dagbag.py:387} ERROR - Failed to import: /opt/airflow/dags/email.py
Traceback (most recent call last):
  File "/home/airflow/.local/lib/python3.12/site-packages/airflow/models/dagbag.py", line 383, in parse
    loader.exec_module(new_module)
  File "<frozen importlib._bootstrap_external>", line 991, in exec_module
  File "<frozen importlib._bootstrap_external>", line 1129, in get_code
  File "<frozen importlib._bootstrap_external>", line 1059, in source_to_code
  File "<frozen importlib._bootstrap>", line 488, in _call_with_frames_removed
  File "/opt/airflow/dags/email.py", line 17
    "email_conn_id" ='smtp_gmail',
                  ^
SyntaxError: ':' expected after dictionary key
[2024-11-10T12:57:46.799+0000] {processor.py:927} WARNING - No viable dags retrieved from /opt/airflow/dags/email.py
[2024-11-10T12:57:46.822+0000] {processor.py:208} INFO - Processing /opt/airflow/dags/email.py took 0.055 seconds
[2024-11-10T12:57:50.221+0000] {processor.py:186} INFO - Started process (PID=562) to work on /opt/airflow/dags/email.py
[2024-11-10T12:57:50.222+0000] {processor.py:914} INFO - Processing file /opt/airflow/dags/email.py for tasks to queue
[2024-11-10T12:57:50.225+0000] {logging_mixin.py:190} INFO - [2024-11-10T12:57:50.224+0000] {dagbag.py:588} INFO - Filling up the DagBag from /opt/airflow/dags/email.py
[2024-11-10T12:57:50.243+0000] {logging_mixin.py:190} INFO - [2024-11-10T12:57:50.241+0000] {dagbag.py:387} ERROR - Failed to import: /opt/airflow/dags/email.py
Traceback (most recent call last):
  File "/home/airflow/.local/lib/python3.12/site-packages/airflow/models/dagbag.py", line 383, in parse
    loader.exec_module(new_module)
  File "<frozen importlib._bootstrap_external>", line 991, in exec_module
  File "<frozen importlib._bootstrap_external>", line 1129, in get_code
  File "<frozen importlib._bootstrap_external>", line 1059, in source_to_code
  File "<frozen importlib._bootstrap>", line 488, in _call_with_frames_removed
  File "/opt/airflow/dags/email.py", line 17
    "email_conn_id"='smtp_gmail',
                  ^
SyntaxError: ':' expected after dictionary key
[2024-11-10T12:57:50.243+0000] {processor.py:927} WARNING - No viable dags retrieved from /opt/airflow/dags/email.py
[2024-11-10T12:57:50.265+0000] {processor.py:208} INFO - Processing /opt/airflow/dags/email.py took 0.051 seconds
[2024-11-10T12:58:13.876+0000] {processor.py:186} INFO - Started process (PID=593) to work on /opt/airflow/dags/email.py
[2024-11-10T12:58:13.877+0000] {processor.py:914} INFO - Processing file /opt/airflow/dags/email.py for tasks to queue
[2024-11-10T12:58:13.881+0000] {logging_mixin.py:190} INFO - [2024-11-10T12:58:13.880+0000] {dagbag.py:588} INFO - Filling up the DagBag from /opt/airflow/dags/email.py
[2024-11-10T12:58:13.908+0000] {processor.py:925} INFO - DAG(s) 'test_email_dag' retrieved from /opt/airflow/dags/email.py
[2024-11-10T12:58:13.930+0000] {logging_mixin.py:190} INFO - [2024-11-10T12:58:13.930+0000] {dag.py:3239} INFO - Sync 1 DAGs
[2024-11-10T12:58:13.947+0000] {logging_mixin.py:190} INFO - [2024-11-10T12:58:13.947+0000] {dag.py:4180} INFO - Setting next_dagrun for test_email_dag to None, run_after=None
[2024-11-10T12:58:13.977+0000] {processor.py:208} INFO - Processing /opt/airflow/dags/email.py took 0.107 seconds
[2024-11-10T12:58:44.666+0000] {processor.py:186} INFO - Started process (PID=658) to work on /opt/airflow/dags/email.py
[2024-11-10T12:58:44.667+0000] {processor.py:914} INFO - Processing file /opt/airflow/dags/email.py for tasks to queue
[2024-11-10T12:58:44.671+0000] {logging_mixin.py:190} INFO - [2024-11-10T12:58:44.670+0000] {dagbag.py:588} INFO - Filling up the DagBag from /opt/airflow/dags/email.py
[2024-11-10T12:58:44.691+0000] {processor.py:925} INFO - DAG(s) 'test_email_dag' retrieved from /opt/airflow/dags/email.py
[2024-11-10T12:58:44.728+0000] {logging_mixin.py:190} INFO - [2024-11-10T12:58:44.728+0000] {dag.py:3239} INFO - Sync 1 DAGs
[2024-11-10T12:58:44.751+0000] {logging_mixin.py:190} INFO - [2024-11-10T12:58:44.750+0000] {dag.py:4180} INFO - Setting next_dagrun for test_email_dag to None, run_after=None
[2024-11-10T12:58:44.777+0000] {processor.py:208} INFO - Processing /opt/airflow/dags/email.py took 0.117 seconds
[2024-11-10T12:59:14.824+0000] {processor.py:186} INFO - Started process (PID=723) to work on /opt/airflow/dags/email.py
[2024-11-10T12:59:14.825+0000] {processor.py:914} INFO - Processing file /opt/airflow/dags/email.py for tasks to queue
[2024-11-10T12:59:14.829+0000] {logging_mixin.py:190} INFO - [2024-11-10T12:59:14.828+0000] {dagbag.py:588} INFO - Filling up the DagBag from /opt/airflow/dags/email.py
[2024-11-10T12:59:14.847+0000] {processor.py:925} INFO - DAG(s) 'test_email_dag' retrieved from /opt/airflow/dags/email.py
[2024-11-10T12:59:14.867+0000] {logging_mixin.py:190} INFO - [2024-11-10T12:59:14.866+0000] {dag.py:3239} INFO - Sync 1 DAGs
[2024-11-10T12:59:14.882+0000] {logging_mixin.py:190} INFO - [2024-11-10T12:59:14.882+0000] {dag.py:4180} INFO - Setting next_dagrun for test_email_dag to None, run_after=None
[2024-11-10T12:59:14.905+0000] {processor.py:208} INFO - Processing /opt/airflow/dags/email.py took 0.087 seconds
[2024-11-10T13:01:49.329+0000] {processor.py:186} INFO - Started process (PID=73) to work on /opt/airflow/dags/email.py
[2024-11-10T13:01:49.331+0000] {processor.py:914} INFO - Processing file /opt/airflow/dags/email.py for tasks to queue
[2024-11-10T13:01:49.335+0000] {logging_mixin.py:190} INFO - [2024-11-10T13:01:49.335+0000] {dagbag.py:588} INFO - Filling up the DagBag from /opt/airflow/dags/email.py
[2024-11-10T13:01:49.388+0000] {processor.py:925} INFO - DAG(s) 'test_email_dag' retrieved from /opt/airflow/dags/email.py
[2024-11-10T13:01:49.453+0000] {logging_mixin.py:190} INFO - [2024-11-10T13:01:49.453+0000] {dag.py:3239} INFO - Sync 1 DAGs
[2024-11-10T13:01:49.479+0000] {logging_mixin.py:190} INFO - [2024-11-10T13:01:49.479+0000] {dag.py:4180} INFO - Setting next_dagrun for test_email_dag to None, run_after=None
[2024-11-10T13:01:49.512+0000] {processor.py:208} INFO - Processing /opt/airflow/dags/email.py took 0.193 seconds
[2024-11-10T13:02:20.499+0000] {processor.py:186} INFO - Started process (PID=138) to work on /opt/airflow/dags/email.py
[2024-11-10T13:02:20.500+0000] {processor.py:914} INFO - Processing file /opt/airflow/dags/email.py for tasks to queue
[2024-11-10T13:02:20.503+0000] {logging_mixin.py:190} INFO - [2024-11-10T13:02:20.503+0000] {dagbag.py:588} INFO - Filling up the DagBag from /opt/airflow/dags/email.py
[2024-11-10T13:02:20.521+0000] {processor.py:925} INFO - DAG(s) 'test_email_dag' retrieved from /opt/airflow/dags/email.py
[2024-11-10T13:02:20.541+0000] {logging_mixin.py:190} INFO - [2024-11-10T13:02:20.541+0000] {dag.py:3239} INFO - Sync 1 DAGs
[2024-11-10T13:02:20.557+0000] {logging_mixin.py:190} INFO - [2024-11-10T13:02:20.557+0000] {dag.py:4180} INFO - Setting next_dagrun for test_email_dag to None, run_after=None
[2024-11-10T13:02:20.579+0000] {processor.py:208} INFO - Processing /opt/airflow/dags/email.py took 0.087 seconds
[2024-11-10T13:02:51.030+0000] {processor.py:186} INFO - Started process (PID=203) to work on /opt/airflow/dags/email.py
[2024-11-10T13:02:51.031+0000] {processor.py:914} INFO - Processing file /opt/airflow/dags/email.py for tasks to queue
[2024-11-10T13:02:51.035+0000] {logging_mixin.py:190} INFO - [2024-11-10T13:02:51.034+0000] {dagbag.py:588} INFO - Filling up the DagBag from /opt/airflow/dags/email.py
[2024-11-10T13:02:51.054+0000] {processor.py:925} INFO - DAG(s) 'test_email_dag' retrieved from /opt/airflow/dags/email.py
[2024-11-10T13:02:51.074+0000] {logging_mixin.py:190} INFO - [2024-11-10T13:02:51.074+0000] {dag.py:3239} INFO - Sync 1 DAGs
[2024-11-10T13:02:51.090+0000] {logging_mixin.py:190} INFO - [2024-11-10T13:02:51.090+0000] {dag.py:4180} INFO - Setting next_dagrun for test_email_dag to None, run_after=None
[2024-11-10T13:02:51.116+0000] {processor.py:208} INFO - Processing /opt/airflow/dags/email.py took 0.094 seconds
[2024-11-10T13:03:21.701+0000] {processor.py:186} INFO - Started process (PID=268) to work on /opt/airflow/dags/email.py
[2024-11-10T13:03:21.703+0000] {processor.py:914} INFO - Processing file /opt/airflow/dags/email.py for tasks to queue
[2024-11-10T13:03:21.706+0000] {logging_mixin.py:190} INFO - [2024-11-10T13:03:21.706+0000] {dagbag.py:588} INFO - Filling up the DagBag from /opt/airflow/dags/email.py
[2024-11-10T13:03:21.725+0000] {processor.py:925} INFO - DAG(s) 'test_email_dag' retrieved from /opt/airflow/dags/email.py
[2024-11-10T13:03:21.745+0000] {logging_mixin.py:190} INFO - [2024-11-10T13:03:21.745+0000] {dag.py:3239} INFO - Sync 1 DAGs
[2024-11-10T13:03:21.761+0000] {logging_mixin.py:190} INFO - [2024-11-10T13:03:21.760+0000] {dag.py:4180} INFO - Setting next_dagrun for test_email_dag to None, run_after=None
[2024-11-10T13:03:21.790+0000] {processor.py:208} INFO - Processing /opt/airflow/dags/email.py took 0.097 seconds
[2024-11-10T13:03:52.001+0000] {processor.py:186} INFO - Started process (PID=333) to work on /opt/airflow/dags/email.py
[2024-11-10T13:03:52.002+0000] {processor.py:914} INFO - Processing file /opt/airflow/dags/email.py for tasks to queue
[2024-11-10T13:03:52.005+0000] {logging_mixin.py:190} INFO - [2024-11-10T13:03:52.005+0000] {dagbag.py:588} INFO - Filling up the DagBag from /opt/airflow/dags/email.py
[2024-11-10T13:03:52.029+0000] {processor.py:925} INFO - DAG(s) 'test_email_dag' retrieved from /opt/airflow/dags/email.py
[2024-11-10T13:03:52.050+0000] {logging_mixin.py:190} INFO - [2024-11-10T13:03:52.050+0000] {dag.py:3239} INFO - Sync 1 DAGs
[2024-11-10T13:03:52.066+0000] {logging_mixin.py:190} INFO - [2024-11-10T13:03:52.066+0000] {dag.py:4180} INFO - Setting next_dagrun for test_email_dag to None, run_after=None
[2024-11-10T13:03:52.091+0000] {processor.py:208} INFO - Processing /opt/airflow/dags/email.py took 0.098 seconds
[2024-11-10T13:04:22.364+0000] {processor.py:186} INFO - Started process (PID=398) to work on /opt/airflow/dags/email.py
[2024-11-10T13:04:22.366+0000] {processor.py:914} INFO - Processing file /opt/airflow/dags/email.py for tasks to queue
[2024-11-10T13:04:22.369+0000] {logging_mixin.py:190} INFO - [2024-11-10T13:04:22.369+0000] {dagbag.py:588} INFO - Filling up the DagBag from /opt/airflow/dags/email.py
[2024-11-10T13:04:22.388+0000] {processor.py:925} INFO - DAG(s) 'test_email_dag' retrieved from /opt/airflow/dags/email.py
[2024-11-10T13:04:22.409+0000] {logging_mixin.py:190} INFO - [2024-11-10T13:04:22.408+0000] {dag.py:3239} INFO - Sync 1 DAGs
[2024-11-10T13:04:22.424+0000] {logging_mixin.py:190} INFO - [2024-11-10T13:04:22.424+0000] {dag.py:4180} INFO - Setting next_dagrun for test_email_dag to None, run_after=None
[2024-11-10T13:04:22.448+0000] {processor.py:208} INFO - Processing /opt/airflow/dags/email.py took 0.091 seconds
[2024-11-10T13:04:52.959+0000] {processor.py:186} INFO - Started process (PID=463) to work on /opt/airflow/dags/email.py
[2024-11-10T13:04:52.960+0000] {processor.py:914} INFO - Processing file /opt/airflow/dags/email.py for tasks to queue
[2024-11-10T13:04:52.963+0000] {logging_mixin.py:190} INFO - [2024-11-10T13:04:52.963+0000] {dagbag.py:588} INFO - Filling up the DagBag from /opt/airflow/dags/email.py
[2024-11-10T13:04:52.983+0000] {processor.py:925} INFO - DAG(s) 'test_email_dag' retrieved from /opt/airflow/dags/email.py
[2024-11-10T13:04:53.004+0000] {logging_mixin.py:190} INFO - [2024-11-10T13:04:53.004+0000] {dag.py:3239} INFO - Sync 1 DAGs
[2024-11-10T13:04:53.021+0000] {logging_mixin.py:190} INFO - [2024-11-10T13:04:53.021+0000] {dag.py:4180} INFO - Setting next_dagrun for test_email_dag to None, run_after=None
[2024-11-10T13:04:53.045+0000] {processor.py:208} INFO - Processing /opt/airflow/dags/email.py took 0.094 seconds
[2024-11-10T13:05:23.202+0000] {processor.py:186} INFO - Started process (PID=528) to work on /opt/airflow/dags/email.py
[2024-11-10T13:05:23.203+0000] {processor.py:914} INFO - Processing file /opt/airflow/dags/email.py for tasks to queue
[2024-11-10T13:05:23.207+0000] {logging_mixin.py:190} INFO - [2024-11-10T13:05:23.206+0000] {dagbag.py:588} INFO - Filling up the DagBag from /opt/airflow/dags/email.py
[2024-11-10T13:05:23.227+0000] {processor.py:925} INFO - DAG(s) 'test_email_dag' retrieved from /opt/airflow/dags/email.py
[2024-11-10T13:05:23.249+0000] {logging_mixin.py:190} INFO - [2024-11-10T13:05:23.249+0000] {dag.py:3239} INFO - Sync 1 DAGs
[2024-11-10T13:05:23.264+0000] {logging_mixin.py:190} INFO - [2024-11-10T13:05:23.264+0000] {dag.py:4180} INFO - Setting next_dagrun for test_email_dag to None, run_after=None
[2024-11-10T13:05:23.286+0000] {processor.py:208} INFO - Processing /opt/airflow/dags/email.py took 0.091 seconds
[2024-11-10T13:05:53.672+0000] {processor.py:186} INFO - Started process (PID=593) to work on /opt/airflow/dags/email.py
[2024-11-10T13:05:53.673+0000] {processor.py:914} INFO - Processing file /opt/airflow/dags/email.py for tasks to queue
[2024-11-10T13:05:53.676+0000] {logging_mixin.py:190} INFO - [2024-11-10T13:05:53.676+0000] {dagbag.py:588} INFO - Filling up the DagBag from /opt/airflow/dags/email.py
[2024-11-10T13:05:53.697+0000] {processor.py:925} INFO - DAG(s) 'test_email_dag' retrieved from /opt/airflow/dags/email.py
[2024-11-10T13:05:53.718+0000] {logging_mixin.py:190} INFO - [2024-11-10T13:05:53.718+0000] {dag.py:3239} INFO - Sync 1 DAGs
[2024-11-10T13:05:53.734+0000] {logging_mixin.py:190} INFO - [2024-11-10T13:05:53.733+0000] {dag.py:4180} INFO - Setting next_dagrun for test_email_dag to None, run_after=None
[2024-11-10T13:05:53.758+0000] {processor.py:208} INFO - Processing /opt/airflow/dags/email.py took 0.093 seconds
[2024-11-10T13:06:24.231+0000] {processor.py:186} INFO - Started process (PID=658) to work on /opt/airflow/dags/email.py
[2024-11-10T13:06:24.232+0000] {processor.py:914} INFO - Processing file /opt/airflow/dags/email.py for tasks to queue
[2024-11-10T13:06:24.235+0000] {logging_mixin.py:190} INFO - [2024-11-10T13:06:24.234+0000] {dagbag.py:588} INFO - Filling up the DagBag from /opt/airflow/dags/email.py
[2024-11-10T13:06:24.255+0000] {processor.py:925} INFO - DAG(s) 'test_email_dag' retrieved from /opt/airflow/dags/email.py
[2024-11-10T13:06:24.275+0000] {logging_mixin.py:190} INFO - [2024-11-10T13:06:24.275+0000] {dag.py:3239} INFO - Sync 1 DAGs
[2024-11-10T13:06:24.290+0000] {logging_mixin.py:190} INFO - [2024-11-10T13:06:24.290+0000] {dag.py:4180} INFO - Setting next_dagrun for test_email_dag to None, run_after=None
[2024-11-10T13:06:24.315+0000] {processor.py:208} INFO - Processing /opt/airflow/dags/email.py took 0.090 seconds
