[2024-11-07T20:38:01.689+0000] {local_task_job_runner.py:123} INFO - ::group::Pre task execution logs
[2024-11-07T20:38:01.711+0000] {taskinstance.py:2613} INFO - Dependencies all met for dep_context=non-requeueable deps ti=<TaskInstance: dag_with_postgres_operator.create_postgres_table scheduled__2024-07-18T00:00:00+00:00 [queued]>
[2024-11-07T20:38:01.721+0000] {taskinstance.py:2613} INFO - Dependencies all met for dep_context=requeueable deps ti=<TaskInstance: dag_with_postgres_operator.create_postgres_table scheduled__2024-07-18T00:00:00+00:00 [queued]>
[2024-11-07T20:38:01.725+0000] {taskinstance.py:2866} INFO - Starting attempt 1 of 6
[2024-11-07T20:38:01.748+0000] {taskinstance.py:2889} INFO - Executing <Task(PostgresOperator): create_postgres_table> on 2024-07-18 00:00:00+00:00
[2024-11-07T20:38:01.762+0000] {warnings.py:112} WARNING - /home/***/.local/lib/python3.12/site-packages/***/task/task_runner/standard_task_runner.py:70: DeprecationWarning: This process (pid=2968) is multi-threaded, use of fork() may lead to deadlocks in the child.
  pid = os.fork()

[2024-11-07T20:38:01.766+0000] {standard_task_runner.py:72} INFO - Started process 2970 to run task
[2024-11-07T20:38:01.768+0000] {standard_task_runner.py:104} INFO - Running: ['***', 'tasks', 'run', 'dag_with_postgres_operator', 'create_postgres_table', 'scheduled__2024-07-18T00:00:00+00:00', '--job-id', '1233', '--raw', '--subdir', 'DAGS_FOLDER/postgres.py', '--cfg-path', '/tmp/tmpseyixcg4']
[2024-11-07T20:38:01.772+0000] {standard_task_runner.py:105} INFO - Job 1233: Subtask create_postgres_table
[2024-11-07T20:38:01.883+0000] {task_command.py:467} INFO - Running <TaskInstance: dag_with_postgres_operator.create_postgres_table scheduled__2024-07-18T00:00:00+00:00 [running]> on host 3f85553e814e
[2024-11-07T20:38:02.347+0000] {taskinstance.py:3132} INFO - Exporting env vars: AIRFLOW_CTX_DAG_OWNER='sumit kumar' AIRFLOW_CTX_DAG_ID='dag_with_postgres_operator' AIRFLOW_CTX_TASK_ID='create_postgres_table' AIRFLOW_CTX_EXECUTION_DATE='2024-07-18T00:00:00+00:00' AIRFLOW_CTX_TRY_NUMBER='1' AIRFLOW_CTX_DAG_RUN_ID='scheduled__2024-07-18T00:00:00+00:00'
[2024-11-07T20:38:02.349+0000] {logging_mixin.py:190} INFO - Task instance is in running state
[2024-11-07T20:38:02.350+0000] {logging_mixin.py:190} INFO -  Previous state of the Task instance: queued
[2024-11-07T20:38:02.351+0000] {logging_mixin.py:190} INFO - Current task name:create_postgres_table state:running start_date:2024-11-07 20:38:01.712091+00:00
[2024-11-07T20:38:02.352+0000] {logging_mixin.py:190} INFO - Dag name:dag_with_postgres_operator and current dag run status:running
[2024-11-07T20:38:02.353+0000] {taskinstance.py:731} INFO - ::endgroup::
[2024-11-07T20:38:02.355+0000] {sql.py:278} INFO - Executing: 
            CREATE TABLE if not exists Orders (
                OrderID INT PRIMARY KEY,
                Status VARCHAR(50)
            )
        
[2024-11-07T20:38:02.373+0000] {base.py:84} INFO - Retrieving connection 'postgres_local'
[2024-11-07T20:38:02.393+0000] {base.py:84} INFO - Retrieving connection 'postgres_local'
[2024-11-07T20:38:02.420+0000] {sql.py:544} INFO - Running statement: 
            CREATE TABLE if not exists Orders (
                OrderID INT PRIMARY KEY,
                Status VARCHAR(50)
            )
        , parameters: None
[2024-11-07T20:38:02.457+0000] {taskinstance.py:340} INFO - ::group::Post task execution logs
[2024-11-07T20:38:02.459+0000] {taskinstance.py:352} INFO - Marking task as SUCCESS. dag_id=dag_with_postgres_operator, task_id=create_postgres_table, run_id=scheduled__2024-07-18T00:00:00+00:00, execution_date=20240718T000000, start_date=20241107T203801, end_date=20241107T203802
[2024-11-07T20:38:02.493+0000] {logging_mixin.py:190} INFO - Task instance in success state
[2024-11-07T20:38:02.494+0000] {logging_mixin.py:190} INFO -  Previous state of the Task instance: running
[2024-11-07T20:38:02.496+0000] {logging_mixin.py:190} INFO - Dag name:dag_with_postgres_operator queued_at:2024-11-07 20:37:59.133964+00:00
[2024-11-07T20:38:02.497+0000] {logging_mixin.py:190} INFO - Task hostname:3f85553e814e operator:PostgresOperator
[2024-11-07T20:38:02.546+0000] {local_task_job_runner.py:266} INFO - Task exited with return code 0
[2024-11-07T20:38:02.594+0000] {taskinstance.py:3895} INFO - 1 downstream tasks scheduled from follow-on schedule check
[2024-11-07T20:38:02.608+0000] {local_task_job_runner.py:245} INFO - ::endgroup::
[2024-11-09T21:23:30.693+0000] {local_task_job_runner.py:123} INFO - ::group::Pre task execution logs
[2024-11-09T21:23:30.765+0000] {taskinstance.py:2613} INFO - Dependencies all met for dep_context=non-requeueable deps ti=<TaskInstance: dag_with_postgres_operator.create_postgres_table scheduled__2024-07-18T00:00:00+00:00 [queued]>
[2024-11-09T21:23:30.789+0000] {taskinstance.py:2613} INFO - Dependencies all met for dep_context=requeueable deps ti=<TaskInstance: dag_with_postgres_operator.create_postgres_table scheduled__2024-07-18T00:00:00+00:00 [queued]>
[2024-11-09T21:23:30.790+0000] {taskinstance.py:2866} INFO - Starting attempt 1 of 6
[2024-11-09T21:23:30.829+0000] {taskinstance.py:2889} INFO - Executing <Task(PostgresOperator): create_postgres_table> on 2024-07-18 00:00:00+00:00
[2024-11-09T21:23:30.856+0000] {warnings.py:112} WARNING - /home/***/.local/lib/python3.12/site-packages/***/task/task_runner/standard_task_runner.py:70: DeprecationWarning: This process (pid=902) is multi-threaded, use of fork() may lead to deadlocks in the child.
  pid = os.fork()

[2024-11-09T21:23:30.862+0000] {standard_task_runner.py:72} INFO - Started process 917 to run task
[2024-11-09T21:23:30.866+0000] {standard_task_runner.py:104} INFO - Running: ['***', 'tasks', 'run', 'dag_with_postgres_operator', 'create_postgres_table', 'scheduled__2024-07-18T00:00:00+00:00', '--job-id', '1230', '--raw', '--subdir', 'DAGS_FOLDER/postgres.py', '--cfg-path', '/tmp/tmpzy7wqqyd']
[2024-11-09T21:23:30.879+0000] {standard_task_runner.py:105} INFO - Job 1230: Subtask create_postgres_table
[2024-11-09T21:23:31.101+0000] {task_command.py:467} INFO - Running <TaskInstance: dag_with_postgres_operator.create_postgres_table scheduled__2024-07-18T00:00:00+00:00 [running]> on host d5d7d0963395
[2024-11-09T21:23:31.449+0000] {taskinstance.py:3132} INFO - Exporting env vars: AIRFLOW_CTX_DAG_OWNER='sumit kumar' AIRFLOW_CTX_DAG_ID='dag_with_postgres_operator' AIRFLOW_CTX_TASK_ID='create_postgres_table' AIRFLOW_CTX_EXECUTION_DATE='2024-07-18T00:00:00+00:00' AIRFLOW_CTX_TRY_NUMBER='1' AIRFLOW_CTX_DAG_RUN_ID='scheduled__2024-07-18T00:00:00+00:00'
[2024-11-09T21:23:31.452+0000] {logging_mixin.py:190} INFO - Task instance is in running state
[2024-11-09T21:23:31.453+0000] {logging_mixin.py:190} INFO -  Previous state of the Task instance: queued
[2024-11-09T21:23:31.455+0000] {logging_mixin.py:190} INFO - Current task name:create_postgres_table state:running start_date:2024-11-09 21:23:30.767089+00:00
[2024-11-09T21:23:31.457+0000] {logging_mixin.py:190} INFO - Dag name:dag_with_postgres_operator and current dag run status:running
[2024-11-09T21:23:31.459+0000] {taskinstance.py:731} INFO - ::endgroup::
[2024-11-09T21:23:31.460+0000] {sql.py:278} INFO - Executing: 
            CREATE TABLE if not exists Orders (
                OrderID INT PRIMARY KEY,
                Status VARCHAR(50)
            )
        
[2024-11-09T21:23:31.495+0000] {base.py:84} INFO - Retrieving connection 'postgres_local'
[2024-11-09T21:23:31.528+0000] {base.py:84} INFO - Retrieving connection 'postgres_local'
[2024-11-09T21:23:31.565+0000] {sql.py:544} INFO - Running statement: 
            CREATE TABLE if not exists Orders (
                OrderID INT PRIMARY KEY,
                Status VARCHAR(50)
            )
        , parameters: None
[2024-11-09T21:23:31.617+0000] {taskinstance.py:340} INFO - ::group::Post task execution logs
[2024-11-09T21:23:31.620+0000] {taskinstance.py:352} INFO - Marking task as SUCCESS. dag_id=dag_with_postgres_operator, task_id=create_postgres_table, run_id=scheduled__2024-07-18T00:00:00+00:00, execution_date=20240718T000000, start_date=20241109T212330, end_date=20241109T212331
[2024-11-09T21:23:31.647+0000] {logging_mixin.py:190} INFO - Task instance in success state
[2024-11-09T21:23:31.649+0000] {logging_mixin.py:190} INFO -  Previous state of the Task instance: running
[2024-11-09T21:23:31.650+0000] {logging_mixin.py:190} INFO - Dag name:dag_with_postgres_operator queued_at:2024-11-09 21:23:22.882002+00:00
[2024-11-09T21:23:31.652+0000] {logging_mixin.py:190} INFO - Task hostname:d5d7d0963395 operator:PostgresOperator
[2024-11-09T21:23:31.712+0000] {local_task_job_runner.py:266} INFO - Task exited with return code 0
[2024-11-09T21:23:31.797+0000] {taskinstance.py:3895} INFO - 1 downstream tasks scheduled from follow-on schedule check
[2024-11-09T21:23:31.805+0000] {local_task_job_runner.py:245} INFO - ::endgroup::
