[2024-11-07T20:30:22.229+0000] {local_task_job_runner.py:123} INFO - ::group::Pre task execution logs
[2024-11-07T20:30:22.254+0000] {taskinstance.py:2613} INFO - Dependencies all met for dep_context=non-requeueable deps ti=<TaskInstance: dag_with_postgres_operator.create_postgres_table scheduled__2024-06-29T00:00:00+00:00 [queued]>
[2024-11-07T20:30:22.266+0000] {taskinstance.py:2613} INFO - Dependencies all met for dep_context=requeueable deps ti=<TaskInstance: dag_with_postgres_operator.create_postgres_table scheduled__2024-06-29T00:00:00+00:00 [queued]>
[2024-11-07T20:30:22.272+0000] {taskinstance.py:2866} INFO - Starting attempt 1 of 6
[2024-11-07T20:30:22.293+0000] {taskinstance.py:2889} INFO - Executing <Task(PostgresOperator): create_postgres_table> on 2024-06-29 00:00:00+00:00
[2024-11-07T20:30:22.304+0000] {warnings.py:112} WARNING - /home/***/.local/lib/python3.12/site-packages/***/task/task_runner/standard_task_runner.py:70: DeprecationWarning: This process (pid=2300) is multi-threaded, use of fork() may lead to deadlocks in the child.
  pid = os.fork()

[2024-11-07T20:30:22.307+0000] {standard_task_runner.py:72} INFO - Started process 2302 to run task
[2024-11-07T20:30:22.308+0000] {standard_task_runner.py:104} INFO - Running: ['***', 'tasks', 'run', 'dag_with_postgres_operator', 'create_postgres_table', 'scheduled__2024-06-29T00:00:00+00:00', '--job-id', '1091', '--raw', '--subdir', 'DAGS_FOLDER/postgres.py', '--cfg-path', '/tmp/tmpcg1llo2p']
[2024-11-07T20:30:22.310+0000] {standard_task_runner.py:105} INFO - Job 1091: Subtask create_postgres_table
[2024-11-07T20:30:22.380+0000] {task_command.py:467} INFO - Running <TaskInstance: dag_with_postgres_operator.create_postgres_table scheduled__2024-06-29T00:00:00+00:00 [running]> on host 3f85553e814e
[2024-11-07T20:30:22.778+0000] {taskinstance.py:3132} INFO - Exporting env vars: AIRFLOW_CTX_DAG_OWNER='sumit kumar' AIRFLOW_CTX_DAG_ID='dag_with_postgres_operator' AIRFLOW_CTX_TASK_ID='create_postgres_table' AIRFLOW_CTX_EXECUTION_DATE='2024-06-29T00:00:00+00:00' AIRFLOW_CTX_TRY_NUMBER='1' AIRFLOW_CTX_DAG_RUN_ID='scheduled__2024-06-29T00:00:00+00:00'
[2024-11-07T20:30:22.779+0000] {logging_mixin.py:190} INFO - Task instance is in running state
[2024-11-07T20:30:22.780+0000] {logging_mixin.py:190} INFO -  Previous state of the Task instance: queued
[2024-11-07T20:30:22.781+0000] {logging_mixin.py:190} INFO - Current task name:create_postgres_table state:running start_date:2024-11-07 20:30:22.255884+00:00
[2024-11-07T20:30:22.782+0000] {logging_mixin.py:190} INFO - Dag name:dag_with_postgres_operator and current dag run status:running
[2024-11-07T20:30:22.782+0000] {taskinstance.py:731} INFO - ::endgroup::
[2024-11-07T20:30:22.783+0000] {sql.py:278} INFO - Executing: 
            CREATE TABLE if not exists Orders (
                OrderID INT PRIMARY KEY,
                Status VARCHAR(50)
            )
        
[2024-11-07T20:30:22.794+0000] {base.py:84} INFO - Retrieving connection 'postgres_local'
[2024-11-07T20:30:22.804+0000] {base.py:84} INFO - Retrieving connection 'postgres_local'
[2024-11-07T20:30:22.819+0000] {sql.py:544} INFO - Running statement: 
            CREATE TABLE if not exists Orders (
                OrderID INT PRIMARY KEY,
                Status VARCHAR(50)
            )
        , parameters: None
[2024-11-07T20:30:22.839+0000] {taskinstance.py:340} INFO - ::group::Post task execution logs
[2024-11-07T20:30:22.840+0000] {taskinstance.py:352} INFO - Marking task as SUCCESS. dag_id=dag_with_postgres_operator, task_id=create_postgres_table, run_id=scheduled__2024-06-29T00:00:00+00:00, execution_date=20240629T000000, start_date=20241107T203022, end_date=20241107T203022
[2024-11-07T20:30:22.857+0000] {logging_mixin.py:190} INFO - Task instance in success state
[2024-11-07T20:30:22.858+0000] {logging_mixin.py:190} INFO -  Previous state of the Task instance: running
[2024-11-07T20:30:22.858+0000] {logging_mixin.py:190} INFO - Dag name:dag_with_postgres_operator queued_at:2024-11-07 20:30:19.834173+00:00
[2024-11-07T20:30:22.859+0000] {logging_mixin.py:190} INFO - Task hostname:3f85553e814e operator:PostgresOperator
[2024-11-07T20:30:22.886+0000] {local_task_job_runner.py:266} INFO - Task exited with return code 0
[2024-11-07T20:30:22.936+0000] {taskinstance.py:3895} INFO - 1 downstream tasks scheduled from follow-on schedule check
[2024-11-07T20:30:22.945+0000] {local_task_job_runner.py:245} INFO - ::endgroup::
[2024-11-09T21:16:27.376+0000] {local_task_job_runner.py:123} INFO - ::group::Pre task execution logs
[2024-11-09T21:16:27.413+0000] {taskinstance.py:2613} INFO - Dependencies all met for dep_context=non-requeueable deps ti=<TaskInstance: dag_with_postgres_operator.create_postgres_table scheduled__2024-06-29T00:00:00+00:00 [queued]>
[2024-11-09T21:16:27.426+0000] {taskinstance.py:2613} INFO - Dependencies all met for dep_context=requeueable deps ti=<TaskInstance: dag_with_postgres_operator.create_postgres_table scheduled__2024-06-29T00:00:00+00:00 [queued]>
[2024-11-09T21:16:27.427+0000] {taskinstance.py:2866} INFO - Starting attempt 1 of 6
[2024-11-09T21:16:27.451+0000] {taskinstance.py:2889} INFO - Executing <Task(PostgresOperator): create_postgres_table> on 2024-06-29 00:00:00+00:00
[2024-11-09T21:16:27.466+0000] {warnings.py:112} WARNING - /home/***/.local/lib/python3.12/site-packages/***/task/task_runner/standard_task_runner.py:70: DeprecationWarning: This process (pid=307) is multi-threaded, use of fork() may lead to deadlocks in the child.
  pid = os.fork()

[2024-11-09T21:16:27.471+0000] {standard_task_runner.py:72} INFO - Started process 319 to run task
[2024-11-09T21:16:27.471+0000] {standard_task_runner.py:104} INFO - Running: ['***', 'tasks', 'run', 'dag_with_postgres_operator', 'create_postgres_table', 'scheduled__2024-06-29T00:00:00+00:00', '--job-id', '1102', '--raw', '--subdir', 'DAGS_FOLDER/postgres.py', '--cfg-path', '/tmp/tmpq0o81on2']
[2024-11-09T21:16:27.473+0000] {standard_task_runner.py:105} INFO - Job 1102: Subtask create_postgres_table
[2024-11-09T21:16:27.567+0000] {task_command.py:467} INFO - Running <TaskInstance: dag_with_postgres_operator.create_postgres_table scheduled__2024-06-29T00:00:00+00:00 [running]> on host d5d7d0963395
[2024-11-09T21:16:27.799+0000] {taskinstance.py:3132} INFO - Exporting env vars: AIRFLOW_CTX_DAG_OWNER='sumit kumar' AIRFLOW_CTX_DAG_ID='dag_with_postgres_operator' AIRFLOW_CTX_TASK_ID='create_postgres_table' AIRFLOW_CTX_EXECUTION_DATE='2024-06-29T00:00:00+00:00' AIRFLOW_CTX_TRY_NUMBER='1' AIRFLOW_CTX_DAG_RUN_ID='scheduled__2024-06-29T00:00:00+00:00'
[2024-11-09T21:16:27.802+0000] {logging_mixin.py:190} INFO - Task instance is in running state
[2024-11-09T21:16:27.803+0000] {logging_mixin.py:190} INFO -  Previous state of the Task instance: queued
[2024-11-09T21:16:27.804+0000] {logging_mixin.py:190} INFO - Current task name:create_postgres_table state:running start_date:2024-11-09 21:16:27.414282+00:00
[2024-11-09T21:16:27.806+0000] {logging_mixin.py:190} INFO - Dag name:dag_with_postgres_operator and current dag run status:running
[2024-11-09T21:16:27.807+0000] {taskinstance.py:731} INFO - ::endgroup::
[2024-11-09T21:16:27.809+0000] {sql.py:278} INFO - Executing: 
            CREATE TABLE if not exists Orders (
                OrderID INT PRIMARY KEY,
                Status VARCHAR(50)
            )
        
[2024-11-09T21:16:27.835+0000] {base.py:84} INFO - Retrieving connection 'postgres_local'
[2024-11-09T21:16:27.873+0000] {base.py:84} INFO - Retrieving connection 'postgres_local'
[2024-11-09T21:16:27.962+0000] {sql.py:544} INFO - Running statement: 
            CREATE TABLE if not exists Orders (
                OrderID INT PRIMARY KEY,
                Status VARCHAR(50)
            )
        , parameters: None
[2024-11-09T21:16:28.054+0000] {taskinstance.py:340} INFO - ::group::Post task execution logs
[2024-11-09T21:16:28.055+0000] {taskinstance.py:352} INFO - Marking task as SUCCESS. dag_id=dag_with_postgres_operator, task_id=create_postgres_table, run_id=scheduled__2024-06-29T00:00:00+00:00, execution_date=20240629T000000, start_date=20241109T211627, end_date=20241109T211628
[2024-11-09T21:16:28.134+0000] {logging_mixin.py:190} INFO - Task instance in success state
[2024-11-09T21:16:28.136+0000] {logging_mixin.py:190} INFO -  Previous state of the Task instance: running
[2024-11-09T21:16:28.143+0000] {logging_mixin.py:190} INFO - Dag name:dag_with_postgres_operator queued_at:2024-11-09 21:16:20.010269+00:00
[2024-11-09T21:16:28.149+0000] {logging_mixin.py:190} INFO - Task hostname:d5d7d0963395 operator:PostgresOperator
[2024-11-09T21:16:28.234+0000] {local_task_job_runner.py:266} INFO - Task exited with return code 0
[2024-11-09T21:16:28.344+0000] {taskinstance.py:3895} INFO - 1 downstream tasks scheduled from follow-on schedule check
[2024-11-09T21:16:28.408+0000] {local_task_job_runner.py:245} INFO - ::endgroup::
