[2024-11-07T20:45:07.887+0000] {local_task_job_runner.py:123} INFO - ::group::Pre task execution logs
[2024-11-07T20:45:07.929+0000] {taskinstance.py:2613} INFO - Dependencies all met for dep_context=non-requeueable deps ti=<TaskInstance: dag_with_postgres_operator.create_postgres_table scheduled__2024-08-10T00:00:00+00:00 [queued]>
[2024-11-07T20:45:07.961+0000] {taskinstance.py:2613} INFO - Dependencies all met for dep_context=requeueable deps ti=<TaskInstance: dag_with_postgres_operator.create_postgres_table scheduled__2024-08-10T00:00:00+00:00 [queued]>
[2024-11-07T20:45:07.966+0000] {taskinstance.py:2866} INFO - Starting attempt 1 of 6
[2024-11-07T20:45:07.990+0000] {taskinstance.py:2889} INFO - Executing <Task(PostgresOperator): create_postgres_table> on 2024-08-10 00:00:00+00:00
[2024-11-07T20:45:07.999+0000] {warnings.py:112} WARNING - /home/***/.local/lib/python3.12/site-packages/***/task/task_runner/standard_task_runner.py:70: DeprecationWarning: This process (pid=3628) is multi-threaded, use of fork() may lead to deadlocks in the child.
  pid = os.fork()

[2024-11-07T20:45:08.002+0000] {standard_task_runner.py:72} INFO - Started process 3640 to run task
[2024-11-07T20:45:08.003+0000] {standard_task_runner.py:104} INFO - Running: ['***', 'tasks', 'run', 'dag_with_postgres_operator', 'create_postgres_table', 'scheduled__2024-08-10T00:00:00+00:00', '--job-id', '1377', '--raw', '--subdir', 'DAGS_FOLDER/postgres.py', '--cfg-path', '/tmp/tmpwrhd3j2p']
[2024-11-07T20:45:08.005+0000] {standard_task_runner.py:105} INFO - Job 1377: Subtask create_postgres_table
[2024-11-07T20:45:08.099+0000] {task_command.py:467} INFO - Running <TaskInstance: dag_with_postgres_operator.create_postgres_table scheduled__2024-08-10T00:00:00+00:00 [running]> on host 3f85553e814e
[2024-11-07T20:45:08.621+0000] {taskinstance.py:3132} INFO - Exporting env vars: AIRFLOW_CTX_DAG_OWNER='sumit kumar' AIRFLOW_CTX_DAG_ID='dag_with_postgres_operator' AIRFLOW_CTX_TASK_ID='create_postgres_table' AIRFLOW_CTX_EXECUTION_DATE='2024-08-10T00:00:00+00:00' AIRFLOW_CTX_TRY_NUMBER='1' AIRFLOW_CTX_DAG_RUN_ID='scheduled__2024-08-10T00:00:00+00:00'
[2024-11-07T20:45:08.624+0000] {logging_mixin.py:190} INFO - Task instance is in running state
[2024-11-07T20:45:08.625+0000] {logging_mixin.py:190} INFO -  Previous state of the Task instance: queued
[2024-11-07T20:45:08.626+0000] {logging_mixin.py:190} INFO - Current task name:create_postgres_table state:running start_date:2024-11-07 20:45:07.939534+00:00
[2024-11-07T20:45:08.629+0000] {logging_mixin.py:190} INFO - Dag name:dag_with_postgres_operator and current dag run status:running
[2024-11-07T20:45:08.630+0000] {taskinstance.py:731} INFO - ::endgroup::
[2024-11-07T20:45:08.638+0000] {sql.py:278} INFO - Executing: 
            CREATE TABLE if not exists Orders (
                OrderID INT PRIMARY KEY,
                Status VARCHAR(50)
            )
        
[2024-11-07T20:45:08.667+0000] {base.py:84} INFO - Retrieving connection 'postgres_local'
[2024-11-07T20:45:08.688+0000] {base.py:84} INFO - Retrieving connection 'postgres_local'
[2024-11-07T20:45:08.707+0000] {sql.py:544} INFO - Running statement: 
            CREATE TABLE if not exists Orders (
                OrderID INT PRIMARY KEY,
                Status VARCHAR(50)
            )
        , parameters: None
[2024-11-07T20:45:08.756+0000] {taskinstance.py:340} INFO - ::group::Post task execution logs
[2024-11-07T20:45:08.757+0000] {taskinstance.py:352} INFO - Marking task as SUCCESS. dag_id=dag_with_postgres_operator, task_id=create_postgres_table, run_id=scheduled__2024-08-10T00:00:00+00:00, execution_date=20240810T000000, start_date=20241107T204507, end_date=20241107T204508
[2024-11-07T20:45:08.796+0000] {logging_mixin.py:190} INFO - Task instance in success state
[2024-11-07T20:45:08.801+0000] {logging_mixin.py:190} INFO -  Previous state of the Task instance: running
[2024-11-07T20:45:08.802+0000] {logging_mixin.py:190} INFO - Dag name:dag_with_postgres_operator queued_at:2024-11-07 20:45:04.299460+00:00
[2024-11-07T20:45:08.803+0000] {logging_mixin.py:190} INFO - Task hostname:3f85553e814e operator:PostgresOperator
[2024-11-07T20:45:08.869+0000] {local_task_job_runner.py:266} INFO - Task exited with return code 0
[2024-11-07T20:45:08.929+0000] {taskinstance.py:3895} INFO - 1 downstream tasks scheduled from follow-on schedule check
[2024-11-07T20:45:08.937+0000] {local_task_job_runner.py:245} INFO - ::endgroup::
[2024-11-09T21:30:30.069+0000] {local_task_job_runner.py:123} INFO - ::group::Pre task execution logs
[2024-11-09T21:30:30.127+0000] {taskinstance.py:2613} INFO - Dependencies all met for dep_context=non-requeueable deps ti=<TaskInstance: dag_with_postgres_operator.create_postgres_table scheduled__2024-08-10T00:00:00+00:00 [queued]>
[2024-11-09T21:30:30.149+0000] {taskinstance.py:2613} INFO - Dependencies all met for dep_context=requeueable deps ti=<TaskInstance: dag_with_postgres_operator.create_postgres_table scheduled__2024-08-10T00:00:00+00:00 [queued]>
[2024-11-09T21:30:30.151+0000] {taskinstance.py:2866} INFO - Starting attempt 1 of 6
[2024-11-09T21:30:30.187+0000] {taskinstance.py:2889} INFO - Executing <Task(PostgresOperator): create_postgres_table> on 2024-08-10 00:00:00+00:00
[2024-11-09T21:30:30.209+0000] {warnings.py:112} WARNING - /home/***/.local/lib/python3.12/site-packages/***/task/task_runner/standard_task_runner.py:70: DeprecationWarning: This process (pid=1500) is multi-threaded, use of fork() may lead to deadlocks in the child.
  pid = os.fork()

[2024-11-09T21:30:30.221+0000] {standard_task_runner.py:72} INFO - Started process 1523 to run task
[2024-11-09T21:30:30.219+0000] {standard_task_runner.py:104} INFO - Running: ['***', 'tasks', 'run', 'dag_with_postgres_operator', 'create_postgres_table', 'scheduled__2024-08-10T00:00:00+00:00', '--job-id', '1365', '--raw', '--subdir', 'DAGS_FOLDER/postgres.py', '--cfg-path', '/tmp/tmptlhgtbzi']
[2024-11-09T21:30:30.228+0000] {standard_task_runner.py:105} INFO - Job 1365: Subtask create_postgres_table
[2024-11-09T21:30:30.377+0000] {task_command.py:467} INFO - Running <TaskInstance: dag_with_postgres_operator.create_postgres_table scheduled__2024-08-10T00:00:00+00:00 [running]> on host d5d7d0963395
[2024-11-09T21:30:30.613+0000] {taskinstance.py:3132} INFO - Exporting env vars: AIRFLOW_CTX_DAG_OWNER='sumit kumar' AIRFLOW_CTX_DAG_ID='dag_with_postgres_operator' AIRFLOW_CTX_TASK_ID='create_postgres_table' AIRFLOW_CTX_EXECUTION_DATE='2024-08-10T00:00:00+00:00' AIRFLOW_CTX_TRY_NUMBER='1' AIRFLOW_CTX_DAG_RUN_ID='scheduled__2024-08-10T00:00:00+00:00'
[2024-11-09T21:30:30.616+0000] {logging_mixin.py:190} INFO - Task instance is in running state
[2024-11-09T21:30:30.617+0000] {logging_mixin.py:190} INFO -  Previous state of the Task instance: queued
[2024-11-09T21:30:30.618+0000] {logging_mixin.py:190} INFO - Current task name:create_postgres_table state:running start_date:2024-11-09 21:30:30.128730+00:00
[2024-11-09T21:30:30.619+0000] {logging_mixin.py:190} INFO - Dag name:dag_with_postgres_operator and current dag run status:running
[2024-11-09T21:30:30.620+0000] {taskinstance.py:731} INFO - ::endgroup::
[2024-11-09T21:30:30.621+0000] {sql.py:278} INFO - Executing: 
            CREATE TABLE if not exists Orders (
                OrderID INT PRIMARY KEY,
                Status VARCHAR(50)
            )
        
[2024-11-09T21:30:30.643+0000] {base.py:84} INFO - Retrieving connection 'postgres_local'
[2024-11-09T21:30:30.664+0000] {base.py:84} INFO - Retrieving connection 'postgres_local'
[2024-11-09T21:30:30.686+0000] {sql.py:544} INFO - Running statement: 
            CREATE TABLE if not exists Orders (
                OrderID INT PRIMARY KEY,
                Status VARCHAR(50)
            )
        , parameters: None
[2024-11-09T21:30:30.741+0000] {taskinstance.py:340} INFO - ::group::Post task execution logs
[2024-11-09T21:30:30.746+0000] {taskinstance.py:352} INFO - Marking task as SUCCESS. dag_id=dag_with_postgres_operator, task_id=create_postgres_table, run_id=scheduled__2024-08-10T00:00:00+00:00, execution_date=20240810T000000, start_date=20241109T213030, end_date=20241109T213030
[2024-11-09T21:30:30.780+0000] {logging_mixin.py:190} INFO - Task instance in success state
[2024-11-09T21:30:30.782+0000] {logging_mixin.py:190} INFO -  Previous state of the Task instance: running
[2024-11-09T21:30:30.783+0000] {logging_mixin.py:190} INFO - Dag name:dag_with_postgres_operator queued_at:2024-11-09 21:30:19.438999+00:00
[2024-11-09T21:30:30.784+0000] {logging_mixin.py:190} INFO - Task hostname:d5d7d0963395 operator:PostgresOperator
[2024-11-09T21:30:30.810+0000] {local_task_job_runner.py:266} INFO - Task exited with return code 0
[2024-11-09T21:30:30.932+0000] {taskinstance.py:3895} INFO - 1 downstream tasks scheduled from follow-on schedule check
[2024-11-09T21:30:30.967+0000] {local_task_job_runner.py:245} INFO - ::endgroup::
