[2024-11-07T21:00:02.625+0000] {local_task_job_runner.py:123} INFO - ::group::Pre task execution logs
[2024-11-07T21:00:02.648+0000] {taskinstance.py:2613} INFO - Dependencies all met for dep_context=non-requeueable deps ti=<TaskInstance: dag_with_postgres_operator.create_postgres_table scheduled__2024-09-18T00:00:00+00:00 [queued]>
[2024-11-07T21:00:02.661+0000] {taskinstance.py:2613} INFO - Dependencies all met for dep_context=requeueable deps ti=<TaskInstance: dag_with_postgres_operator.create_postgres_table scheduled__2024-09-18T00:00:00+00:00 [queued]>
[2024-11-07T21:00:02.662+0000] {taskinstance.py:2866} INFO - Starting attempt 1 of 6
[2024-11-07T21:00:02.683+0000] {taskinstance.py:2889} INFO - Executing <Task(PostgresOperator): create_postgres_table> on 2024-09-18 00:00:00+00:00
[2024-11-07T21:00:02.694+0000] {warnings.py:112} WARNING - /home/***/.local/lib/python3.12/site-packages/***/task/task_runner/standard_task_runner.py:70: DeprecationWarning: This process (pid=4918) is multi-threaded, use of fork() may lead to deadlocks in the child.
  pid = os.fork()

[2024-11-07T21:00:02.697+0000] {standard_task_runner.py:72} INFO - Started process 4920 to run task
[2024-11-07T21:00:02.698+0000] {standard_task_runner.py:104} INFO - Running: ['***', 'tasks', 'run', 'dag_with_postgres_operator', 'create_postgres_table', 'scheduled__2024-09-18T00:00:00+00:00', '--job-id', '1656', '--raw', '--subdir', 'DAGS_FOLDER/postgres.py', '--cfg-path', '/tmp/tmp_1r8t8t_']
[2024-11-07T21:00:02.701+0000] {standard_task_runner.py:105} INFO - Job 1656: Subtask create_postgres_table
[2024-11-07T21:00:02.807+0000] {task_command.py:467} INFO - Running <TaskInstance: dag_with_postgres_operator.create_postgres_table scheduled__2024-09-18T00:00:00+00:00 [running]> on host 3f85553e814e
[2024-11-07T21:00:03.339+0000] {taskinstance.py:3132} INFO - Exporting env vars: AIRFLOW_CTX_DAG_OWNER='sumit kumar' AIRFLOW_CTX_DAG_ID='dag_with_postgres_operator' AIRFLOW_CTX_TASK_ID='create_postgres_table' AIRFLOW_CTX_EXECUTION_DATE='2024-09-18T00:00:00+00:00' AIRFLOW_CTX_TRY_NUMBER='1' AIRFLOW_CTX_DAG_RUN_ID='scheduled__2024-09-18T00:00:00+00:00'
[2024-11-07T21:00:03.340+0000] {logging_mixin.py:190} INFO - Task instance is in running state
[2024-11-07T21:00:03.341+0000] {logging_mixin.py:190} INFO -  Previous state of the Task instance: queued
[2024-11-07T21:00:03.342+0000] {logging_mixin.py:190} INFO - Current task name:create_postgres_table state:running start_date:2024-11-07 21:00:02.649767+00:00
[2024-11-07T21:00:03.342+0000] {logging_mixin.py:190} INFO - Dag name:dag_with_postgres_operator and current dag run status:running
[2024-11-07T21:00:03.343+0000] {taskinstance.py:731} INFO - ::endgroup::
[2024-11-07T21:00:03.344+0000] {sql.py:278} INFO - Executing: 
            CREATE TABLE if not exists Orders (
                OrderID INT PRIMARY KEY,
                Status VARCHAR(50)
            )
        
[2024-11-07T21:00:03.354+0000] {base.py:84} INFO - Retrieving connection 'postgres_local'
[2024-11-07T21:00:03.365+0000] {base.py:84} INFO - Retrieving connection 'postgres_local'
[2024-11-07T21:00:03.379+0000] {sql.py:544} INFO - Running statement: 
            CREATE TABLE if not exists Orders (
                OrderID INT PRIMARY KEY,
                Status VARCHAR(50)
            )
        , parameters: None
[2024-11-07T21:00:03.400+0000] {taskinstance.py:340} INFO - ::group::Post task execution logs
[2024-11-07T21:00:03.401+0000] {taskinstance.py:352} INFO - Marking task as SUCCESS. dag_id=dag_with_postgres_operator, task_id=create_postgres_table, run_id=scheduled__2024-09-18T00:00:00+00:00, execution_date=20240918T000000, start_date=20241107T210002, end_date=20241107T210003
[2024-11-07T21:00:03.418+0000] {logging_mixin.py:190} INFO - Task instance in success state
[2024-11-07T21:00:03.419+0000] {logging_mixin.py:190} INFO -  Previous state of the Task instance: running
[2024-11-07T21:00:03.420+0000] {logging_mixin.py:190} INFO - Dag name:dag_with_postgres_operator queued_at:2024-11-07 20:59:59.928474+00:00
[2024-11-07T21:00:03.420+0000] {logging_mixin.py:190} INFO - Task hostname:3f85553e814e operator:PostgresOperator
[2024-11-07T21:00:03.437+0000] {local_task_job_runner.py:266} INFO - Task exited with return code 0
[2024-11-07T21:00:03.463+0000] {taskinstance.py:3895} INFO - 1 downstream tasks scheduled from follow-on schedule check
[2024-11-07T21:00:03.466+0000] {local_task_job_runner.py:245} INFO - ::endgroup::
[2024-11-09T21:51:56.440+0000] {local_task_job_runner.py:123} INFO - ::group::Pre task execution logs
[2024-11-09T21:51:56.588+0000] {taskinstance.py:2613} INFO - Dependencies all met for dep_context=non-requeueable deps ti=<TaskInstance: dag_with_postgres_operator.create_postgres_table scheduled__2024-09-18T00:00:00+00:00 [queued]>
[2024-11-09T21:51:56.696+0000] {taskinstance.py:2613} INFO - Dependencies all met for dep_context=requeueable deps ti=<TaskInstance: dag_with_postgres_operator.create_postgres_table scheduled__2024-09-18T00:00:00+00:00 [queued]>
[2024-11-09T21:51:56.707+0000] {taskinstance.py:2866} INFO - Starting attempt 1 of 6
[2024-11-09T21:51:57.052+0000] {taskinstance.py:2889} INFO - Executing <Task(PostgresOperator): create_postgres_table> on 2024-09-18 00:00:00+00:00
[2024-11-09T21:51:57.091+0000] {warnings.py:112} WARNING - /home/***/.local/lib/python3.12/site-packages/***/task/task_runner/standard_task_runner.py:70: DeprecationWarning: This process (pid=1169) is multi-threaded, use of fork() may lead to deadlocks in the child.
  pid = os.fork()

[2024-11-09T21:51:57.117+0000] {standard_task_runner.py:72} INFO - Started process 1213 to run task
[2024-11-09T21:51:57.093+0000] {standard_task_runner.py:104} INFO - Running: ['***', 'tasks', 'run', 'dag_with_postgres_operator', 'create_postgres_table', 'scheduled__2024-09-18T00:00:00+00:00', '--job-id', '1668', '--raw', '--subdir', 'DAGS_FOLDER/postgres.py', '--cfg-path', '/tmp/tmpkf5yl8ax']
[2024-11-09T21:51:57.140+0000] {standard_task_runner.py:105} INFO - Job 1668: Subtask create_postgres_table
[2024-11-09T21:51:57.444+0000] {task_command.py:467} INFO - Running <TaskInstance: dag_with_postgres_operator.create_postgres_table scheduled__2024-09-18T00:00:00+00:00 [running]> on host 4778426a6c09
[2024-11-09T21:51:58.046+0000] {taskinstance.py:3132} INFO - Exporting env vars: AIRFLOW_CTX_DAG_OWNER='sumit kumar' AIRFLOW_CTX_DAG_ID='dag_with_postgres_operator' AIRFLOW_CTX_TASK_ID='create_postgres_table' AIRFLOW_CTX_EXECUTION_DATE='2024-09-18T00:00:00+00:00' AIRFLOW_CTX_TRY_NUMBER='1' AIRFLOW_CTX_DAG_RUN_ID='scheduled__2024-09-18T00:00:00+00:00'
[2024-11-09T21:51:58.060+0000] {logging_mixin.py:190} INFO - Task instance is in running state
[2024-11-09T21:51:58.063+0000] {logging_mixin.py:190} INFO -  Previous state of the Task instance: queued
[2024-11-09T21:51:58.064+0000] {logging_mixin.py:190} INFO - Current task name:create_postgres_table state:running start_date:2024-11-09 21:51:56.595809+00:00
[2024-11-09T21:51:58.073+0000] {logging_mixin.py:190} INFO - Dag name:dag_with_postgres_operator and current dag run status:running
[2024-11-09T21:51:58.085+0000] {taskinstance.py:731} INFO - ::endgroup::
[2024-11-09T21:51:58.087+0000] {sql.py:278} INFO - Executing: 
            CREATE TABLE if not exists Orders (
                OrderID INT PRIMARY KEY,
                Status VARCHAR(50)
            )
        
[2024-11-09T21:51:58.121+0000] {base.py:84} INFO - Retrieving connection 'postgres_local'
[2024-11-09T21:51:58.221+0000] {base.py:84} INFO - Retrieving connection 'postgres_local'
[2024-11-09T21:51:58.270+0000] {sql.py:544} INFO - Running statement: 
            CREATE TABLE if not exists Orders (
                OrderID INT PRIMARY KEY,
                Status VARCHAR(50)
            )
        , parameters: None
[2024-11-09T21:51:58.328+0000] {taskinstance.py:340} INFO - ::group::Post task execution logs
[2024-11-09T21:51:58.332+0000] {taskinstance.py:352} INFO - Marking task as SUCCESS. dag_id=dag_with_postgres_operator, task_id=create_postgres_table, run_id=scheduled__2024-09-18T00:00:00+00:00, execution_date=20240918T000000, start_date=20241109T215156, end_date=20241109T215158
[2024-11-09T21:51:58.387+0000] {logging_mixin.py:190} INFO - Task instance in success state
[2024-11-09T21:51:58.392+0000] {logging_mixin.py:190} INFO -  Previous state of the Task instance: running
[2024-11-09T21:51:58.393+0000] {logging_mixin.py:190} INFO - Dag name:dag_with_postgres_operator queued_at:2024-11-09 21:51:43.111496+00:00
[2024-11-09T21:51:58.394+0000] {logging_mixin.py:190} INFO - Task hostname:4778426a6c09 operator:PostgresOperator
[2024-11-09T21:51:58.461+0000] {local_task_job_runner.py:266} INFO - Task exited with return code 0
[2024-11-09T21:51:58.555+0000] {taskinstance.py:3895} INFO - 1 downstream tasks scheduled from follow-on schedule check
[2024-11-09T21:51:58.589+0000] {local_task_job_runner.py:245} INFO - ::endgroup::
