[2024-11-07T21:09:31.147+0000] {local_task_job_runner.py:123} INFO - ::group::Pre task execution logs
[2024-11-07T21:09:31.169+0000] {taskinstance.py:2613} INFO - Dependencies all met for dep_context=non-requeueable deps ti=<TaskInstance: dag_with_postgres_operator.create_postgres_table scheduled__2024-10-18T00:00:00+00:00 [queued]>
[2024-11-07T21:09:31.180+0000] {taskinstance.py:2613} INFO - Dependencies all met for dep_context=requeueable deps ti=<TaskInstance: dag_with_postgres_operator.create_postgres_table scheduled__2024-10-18T00:00:00+00:00 [queued]>
[2024-11-07T21:09:31.181+0000] {taskinstance.py:2866} INFO - Starting attempt 1 of 6
[2024-11-07T21:09:31.208+0000] {taskinstance.py:2889} INFO - Executing <Task(PostgresOperator): create_postgres_table> on 2024-10-18 00:00:00+00:00
[2024-11-07T21:09:31.218+0000] {warnings.py:112} WARNING - /home/***/.local/lib/python3.12/site-packages/***/task/task_runner/standard_task_runner.py:70: DeprecationWarning: This process (pid=5729) is multi-threaded, use of fork() may lead to deadlocks in the child.
  pid = os.fork()

[2024-11-07T21:09:31.222+0000] {standard_task_runner.py:72} INFO - Started process 5739 to run task
[2024-11-07T21:09:31.223+0000] {standard_task_runner.py:104} INFO - Running: ['***', 'tasks', 'run', 'dag_with_postgres_operator', 'create_postgres_table', 'scheduled__2024-10-18T00:00:00+00:00', '--job-id', '1833', '--raw', '--subdir', 'DAGS_FOLDER/postgres.py', '--cfg-path', '/tmp/tmpbjmkc8qw']
[2024-11-07T21:09:31.226+0000] {standard_task_runner.py:105} INFO - Job 1833: Subtask create_postgres_table
[2024-11-07T21:09:31.299+0000] {task_command.py:467} INFO - Running <TaskInstance: dag_with_postgres_operator.create_postgres_table scheduled__2024-10-18T00:00:00+00:00 [running]> on host 3f85553e814e
[2024-11-07T21:09:31.769+0000] {taskinstance.py:3132} INFO - Exporting env vars: AIRFLOW_CTX_DAG_OWNER='sumit kumar' AIRFLOW_CTX_DAG_ID='dag_with_postgres_operator' AIRFLOW_CTX_TASK_ID='create_postgres_table' AIRFLOW_CTX_EXECUTION_DATE='2024-10-18T00:00:00+00:00' AIRFLOW_CTX_TRY_NUMBER='1' AIRFLOW_CTX_DAG_RUN_ID='scheduled__2024-10-18T00:00:00+00:00'
[2024-11-07T21:09:31.772+0000] {logging_mixin.py:190} INFO - Task instance is in running state
[2024-11-07T21:09:31.773+0000] {logging_mixin.py:190} INFO -  Previous state of the Task instance: queued
[2024-11-07T21:09:31.774+0000] {logging_mixin.py:190} INFO - Current task name:create_postgres_table state:running start_date:2024-11-07 21:09:31.170342+00:00
[2024-11-07T21:09:31.774+0000] {logging_mixin.py:190} INFO - Dag name:dag_with_postgres_operator and current dag run status:running
[2024-11-07T21:09:31.775+0000] {taskinstance.py:731} INFO - ::endgroup::
[2024-11-07T21:09:31.776+0000] {sql.py:278} INFO - Executing: 
            CREATE TABLE if not exists Orders (
                OrderID INT PRIMARY KEY,
                Status VARCHAR(50)
            )
        
[2024-11-07T21:09:31.787+0000] {base.py:84} INFO - Retrieving connection 'postgres_local'
[2024-11-07T21:09:31.798+0000] {base.py:84} INFO - Retrieving connection 'postgres_local'
[2024-11-07T21:09:31.812+0000] {sql.py:544} INFO - Running statement: 
            CREATE TABLE if not exists Orders (
                OrderID INT PRIMARY KEY,
                Status VARCHAR(50)
            )
        , parameters: None
[2024-11-07T21:09:31.831+0000] {taskinstance.py:340} INFO - ::group::Post task execution logs
[2024-11-07T21:09:31.832+0000] {taskinstance.py:352} INFO - Marking task as SUCCESS. dag_id=dag_with_postgres_operator, task_id=create_postgres_table, run_id=scheduled__2024-10-18T00:00:00+00:00, execution_date=20241018T000000, start_date=20241107T210931, end_date=20241107T210931
[2024-11-07T21:09:31.847+0000] {logging_mixin.py:190} INFO - Task instance in success state
[2024-11-07T21:09:31.849+0000] {logging_mixin.py:190} INFO -  Previous state of the Task instance: running
[2024-11-07T21:09:31.850+0000] {logging_mixin.py:190} INFO - Dag name:dag_with_postgres_operator queued_at:2024-11-07 21:09:26.910052+00:00
[2024-11-07T21:09:31.851+0000] {logging_mixin.py:190} INFO - Task hostname:3f85553e814e operator:PostgresOperator
[2024-11-07T21:09:31.882+0000] {local_task_job_runner.py:266} INFO - Task exited with return code 0
[2024-11-07T21:09:31.929+0000] {taskinstance.py:3895} INFO - 1 downstream tasks scheduled from follow-on schedule check
[2024-11-07T21:09:31.946+0000] {local_task_job_runner.py:245} INFO - ::endgroup::
[2024-11-09T22:04:36.943+0000] {local_task_job_runner.py:123} INFO - ::group::Pre task execution logs
[2024-11-09T22:04:37.011+0000] {taskinstance.py:2613} INFO - Dependencies all met for dep_context=non-requeueable deps ti=<TaskInstance: dag_with_postgres_operator.create_postgres_table scheduled__2024-10-18T00:00:00+00:00 [queued]>
[2024-11-09T22:04:37.079+0000] {taskinstance.py:2613} INFO - Dependencies all met for dep_context=requeueable deps ti=<TaskInstance: dag_with_postgres_operator.create_postgres_table scheduled__2024-10-18T00:00:00+00:00 [queued]>
[2024-11-09T22:04:37.110+0000] {taskinstance.py:2866} INFO - Starting attempt 1 of 6
[2024-11-09T22:04:37.233+0000] {taskinstance.py:2889} INFO - Executing <Task(PostgresOperator): create_postgres_table> on 2024-10-18 00:00:00+00:00
[2024-11-09T22:04:37.255+0000] {warnings.py:112} WARNING - /home/***/.local/lib/python3.12/site-packages/***/task/task_runner/standard_task_runner.py:70: DeprecationWarning: This process (pid=2242) is multi-threaded, use of fork() may lead to deadlocks in the child.
  pid = os.fork()

[2024-11-09T22:04:37.272+0000] {standard_task_runner.py:72} INFO - Started process 2260 to run task
[2024-11-09T22:04:37.277+0000] {standard_task_runner.py:104} INFO - Running: ['***', 'tasks', 'run', 'dag_with_postgres_operator', 'create_postgres_table', 'scheduled__2024-10-18T00:00:00+00:00', '--job-id', '1894', '--raw', '--subdir', 'DAGS_FOLDER/postgres.py', '--cfg-path', '/tmp/tmpmg75lzff']
[2024-11-09T22:04:37.280+0000] {standard_task_runner.py:105} INFO - Job 1894: Subtask create_postgres_table
[2024-11-09T22:04:37.515+0000] {task_command.py:467} INFO - Running <TaskInstance: dag_with_postgres_operator.create_postgres_table scheduled__2024-10-18T00:00:00+00:00 [running]> on host 4778426a6c09
[2024-11-09T22:04:38.206+0000] {taskinstance.py:3132} INFO - Exporting env vars: AIRFLOW_CTX_DAG_OWNER='sumit kumar' AIRFLOW_CTX_DAG_ID='dag_with_postgres_operator' AIRFLOW_CTX_TASK_ID='create_postgres_table' AIRFLOW_CTX_EXECUTION_DATE='2024-10-18T00:00:00+00:00' AIRFLOW_CTX_TRY_NUMBER='1' AIRFLOW_CTX_DAG_RUN_ID='scheduled__2024-10-18T00:00:00+00:00'
[2024-11-09T22:04:38.221+0000] {logging_mixin.py:190} INFO - Task instance is in running state
[2024-11-09T22:04:38.234+0000] {logging_mixin.py:190} INFO -  Previous state of the Task instance: queued
[2024-11-09T22:04:38.238+0000] {logging_mixin.py:190} INFO - Current task name:create_postgres_table state:running start_date:2024-11-09 22:04:37.012724+00:00
[2024-11-09T22:04:38.239+0000] {logging_mixin.py:190} INFO - Dag name:dag_with_postgres_operator and current dag run status:running
[2024-11-09T22:04:38.241+0000] {taskinstance.py:731} INFO - ::endgroup::
[2024-11-09T22:04:38.248+0000] {sql.py:278} INFO - Executing: 
            CREATE TABLE if not exists Orders (
                OrderID INT PRIMARY KEY,
                Status VARCHAR(50)
            )
        
[2024-11-09T22:04:38.313+0000] {base.py:84} INFO - Retrieving connection 'postgres_local'
[2024-11-09T22:04:38.358+0000] {base.py:84} INFO - Retrieving connection 'postgres_local'
[2024-11-09T22:04:38.404+0000] {sql.py:544} INFO - Running statement: 
            CREATE TABLE if not exists Orders (
                OrderID INT PRIMARY KEY,
                Status VARCHAR(50)
            )
        , parameters: None
[2024-11-09T22:04:38.467+0000] {taskinstance.py:340} INFO - ::group::Post task execution logs
[2024-11-09T22:04:38.479+0000] {taskinstance.py:352} INFO - Marking task as SUCCESS. dag_id=dag_with_postgres_operator, task_id=create_postgres_table, run_id=scheduled__2024-10-18T00:00:00+00:00, execution_date=20241018T000000, start_date=20241109T220437, end_date=20241109T220438
[2024-11-09T22:04:38.543+0000] {logging_mixin.py:190} INFO - Task instance in success state
[2024-11-09T22:04:38.547+0000] {logging_mixin.py:190} INFO -  Previous state of the Task instance: running
[2024-11-09T22:04:38.549+0000] {logging_mixin.py:190} INFO - Dag name:dag_with_postgres_operator queued_at:2024-11-09 22:04:29.715793+00:00
[2024-11-09T22:04:38.549+0000] {logging_mixin.py:190} INFO - Task hostname:4778426a6c09 operator:PostgresOperator
[2024-11-09T22:04:38.587+0000] {local_task_job_runner.py:266} INFO - Task exited with return code 0
[2024-11-09T22:04:38.670+0000] {taskinstance.py:3895} INFO - 1 downstream tasks scheduled from follow-on schedule check
[2024-11-09T22:04:38.680+0000] {local_task_job_runner.py:245} INFO - ::endgroup::
