[2024-11-07T20:54:54.154+0000] {local_task_job_runner.py:123} INFO - ::group::Pre task execution logs
[2024-11-07T20:54:54.175+0000] {taskinstance.py:2613} INFO - Dependencies all met for dep_context=non-requeueable deps ti=<TaskInstance: dag_with_postgres_operator.create_postgres_table scheduled__2024-09-04T00:00:00+00:00 [queued]>
[2024-11-07T20:54:54.187+0000] {taskinstance.py:2613} INFO - Dependencies all met for dep_context=requeueable deps ti=<TaskInstance: dag_with_postgres_operator.create_postgres_table scheduled__2024-09-04T00:00:00+00:00 [queued]>
[2024-11-07T20:54:54.191+0000] {taskinstance.py:2866} INFO - Starting attempt 1 of 6
[2024-11-07T20:54:54.209+0000] {taskinstance.py:2889} INFO - Executing <Task(PostgresOperator): create_postgres_table> on 2024-09-04 00:00:00+00:00
[2024-11-07T20:54:54.217+0000] {warnings.py:112} WARNING - /home/***/.local/lib/python3.12/site-packages/***/task/task_runner/standard_task_runner.py:70: DeprecationWarning: This process (pid=4486) is multi-threaded, use of fork() may lead to deadlocks in the child.
  pid = os.fork()

[2024-11-07T20:54:54.219+0000] {standard_task_runner.py:72} INFO - Started process 4490 to run task
[2024-11-07T20:54:54.220+0000] {standard_task_runner.py:104} INFO - Running: ['***', 'tasks', 'run', 'dag_with_postgres_operator', 'create_postgres_table', 'scheduled__2024-09-04T00:00:00+00:00', '--job-id', '1562', '--raw', '--subdir', 'DAGS_FOLDER/postgres.py', '--cfg-path', '/tmp/tmpsbw7_6h_']
[2024-11-07T20:54:54.222+0000] {standard_task_runner.py:105} INFO - Job 1562: Subtask create_postgres_table
[2024-11-07T20:54:54.287+0000] {task_command.py:467} INFO - Running <TaskInstance: dag_with_postgres_operator.create_postgres_table scheduled__2024-09-04T00:00:00+00:00 [running]> on host 3f85553e814e
[2024-11-07T20:54:54.774+0000] {taskinstance.py:3132} INFO - Exporting env vars: AIRFLOW_CTX_DAG_OWNER='sumit kumar' AIRFLOW_CTX_DAG_ID='dag_with_postgres_operator' AIRFLOW_CTX_TASK_ID='create_postgres_table' AIRFLOW_CTX_EXECUTION_DATE='2024-09-04T00:00:00+00:00' AIRFLOW_CTX_TRY_NUMBER='1' AIRFLOW_CTX_DAG_RUN_ID='scheduled__2024-09-04T00:00:00+00:00'
[2024-11-07T20:54:54.776+0000] {logging_mixin.py:190} INFO - Task instance is in running state
[2024-11-07T20:54:54.776+0000] {logging_mixin.py:190} INFO -  Previous state of the Task instance: queued
[2024-11-07T20:54:54.777+0000] {logging_mixin.py:190} INFO - Current task name:create_postgres_table state:running start_date:2024-11-07 20:54:54.176541+00:00
[2024-11-07T20:54:54.778+0000] {logging_mixin.py:190} INFO - Dag name:dag_with_postgres_operator and current dag run status:running
[2024-11-07T20:54:54.778+0000] {taskinstance.py:731} INFO - ::endgroup::
[2024-11-07T20:54:54.779+0000] {sql.py:278} INFO - Executing: 
            CREATE TABLE if not exists Orders (
                OrderID INT PRIMARY KEY,
                Status VARCHAR(50)
            )
        
[2024-11-07T20:54:54.795+0000] {base.py:84} INFO - Retrieving connection 'postgres_local'
[2024-11-07T20:54:54.811+0000] {base.py:84} INFO - Retrieving connection 'postgres_local'
[2024-11-07T20:54:54.831+0000] {sql.py:544} INFO - Running statement: 
            CREATE TABLE if not exists Orders (
                OrderID INT PRIMARY KEY,
                Status VARCHAR(50)
            )
        , parameters: None
[2024-11-07T20:54:54.859+0000] {taskinstance.py:340} INFO - ::group::Post task execution logs
[2024-11-07T20:54:54.860+0000] {taskinstance.py:352} INFO - Marking task as SUCCESS. dag_id=dag_with_postgres_operator, task_id=create_postgres_table, run_id=scheduled__2024-09-04T00:00:00+00:00, execution_date=20240904T000000, start_date=20241107T205454, end_date=20241107T205454
[2024-11-07T20:54:54.881+0000] {logging_mixin.py:190} INFO - Task instance in success state
[2024-11-07T20:54:54.882+0000] {logging_mixin.py:190} INFO -  Previous state of the Task instance: running
[2024-11-07T20:54:54.883+0000] {logging_mixin.py:190} INFO - Dag name:dag_with_postgres_operator queued_at:2024-11-07 20:54:51.517926+00:00
[2024-11-07T20:54:54.885+0000] {logging_mixin.py:190} INFO - Task hostname:3f85553e814e operator:PostgresOperator
[2024-11-07T20:54:54.919+0000] {local_task_job_runner.py:266} INFO - Task exited with return code 0
[2024-11-07T20:54:54.951+0000] {taskinstance.py:3895} INFO - 1 downstream tasks scheduled from follow-on schedule check
[2024-11-07T20:54:54.957+0000] {local_task_job_runner.py:245} INFO - ::endgroup::
[2024-11-09T21:46:00.949+0000] {local_task_job_runner.py:123} INFO - ::group::Pre task execution logs
[2024-11-09T21:46:00.988+0000] {taskinstance.py:2613} INFO - Dependencies all met for dep_context=non-requeueable deps ti=<TaskInstance: dag_with_postgres_operator.create_postgres_table scheduled__2024-09-04T00:00:00+00:00 [queued]>
[2024-11-09T21:46:01.004+0000] {taskinstance.py:2613} INFO - Dependencies all met for dep_context=requeueable deps ti=<TaskInstance: dag_with_postgres_operator.create_postgres_table scheduled__2024-09-04T00:00:00+00:00 [queued]>
[2024-11-09T21:46:01.005+0000] {taskinstance.py:2866} INFO - Starting attempt 1 of 6
[2024-11-09T21:46:01.037+0000] {taskinstance.py:2889} INFO - Executing <Task(PostgresOperator): create_postgres_table> on 2024-09-04 00:00:00+00:00
[2024-11-09T21:46:01.050+0000] {warnings.py:112} WARNING - /home/***/.local/lib/python3.12/site-packages/***/task/task_runner/standard_task_runner.py:70: DeprecationWarning: This process (pid=716) is multi-threaded, use of fork() may lead to deadlocks in the child.
  pid = os.fork()

[2024-11-09T21:46:01.053+0000] {standard_task_runner.py:72} INFO - Started process 722 to run task
[2024-11-09T21:46:01.053+0000] {standard_task_runner.py:104} INFO - Running: ['***', 'tasks', 'run', 'dag_with_postgres_operator', 'create_postgres_table', 'scheduled__2024-09-04T00:00:00+00:00', '--job-id', '1566', '--raw', '--subdir', 'DAGS_FOLDER/postgres.py', '--cfg-path', '/tmp/tmpg3vsi_jl']
[2024-11-09T21:46:01.056+0000] {standard_task_runner.py:105} INFO - Job 1566: Subtask create_postgres_table
[2024-11-09T21:46:01.150+0000] {task_command.py:467} INFO - Running <TaskInstance: dag_with_postgres_operator.create_postgres_table scheduled__2024-09-04T00:00:00+00:00 [running]> on host 4778426a6c09
[2024-11-09T21:46:01.327+0000] {taskinstance.py:3132} INFO - Exporting env vars: AIRFLOW_CTX_DAG_OWNER='sumit kumar' AIRFLOW_CTX_DAG_ID='dag_with_postgres_operator' AIRFLOW_CTX_TASK_ID='create_postgres_table' AIRFLOW_CTX_EXECUTION_DATE='2024-09-04T00:00:00+00:00' AIRFLOW_CTX_TRY_NUMBER='1' AIRFLOW_CTX_DAG_RUN_ID='scheduled__2024-09-04T00:00:00+00:00'
[2024-11-09T21:46:01.330+0000] {logging_mixin.py:190} INFO - Task instance is in running state
[2024-11-09T21:46:01.332+0000] {logging_mixin.py:190} INFO -  Previous state of the Task instance: queued
[2024-11-09T21:46:01.334+0000] {logging_mixin.py:190} INFO - Current task name:create_postgres_table state:running start_date:2024-11-09 21:46:00.989769+00:00
[2024-11-09T21:46:01.335+0000] {logging_mixin.py:190} INFO - Dag name:dag_with_postgres_operator and current dag run status:running
[2024-11-09T21:46:01.336+0000] {taskinstance.py:731} INFO - ::endgroup::
[2024-11-09T21:46:01.339+0000] {sql.py:278} INFO - Executing: 
            CREATE TABLE if not exists Orders (
                OrderID INT PRIMARY KEY,
                Status VARCHAR(50)
            )
        
[2024-11-09T21:46:01.361+0000] {base.py:84} INFO - Retrieving connection 'postgres_local'
[2024-11-09T21:46:01.386+0000] {base.py:84} INFO - Retrieving connection 'postgres_local'
[2024-11-09T21:46:01.410+0000] {sql.py:544} INFO - Running statement: 
            CREATE TABLE if not exists Orders (
                OrderID INT PRIMARY KEY,
                Status VARCHAR(50)
            )
        , parameters: None
[2024-11-09T21:46:01.450+0000] {taskinstance.py:340} INFO - ::group::Post task execution logs
[2024-11-09T21:46:01.452+0000] {taskinstance.py:352} INFO - Marking task as SUCCESS. dag_id=dag_with_postgres_operator, task_id=create_postgres_table, run_id=scheduled__2024-09-04T00:00:00+00:00, execution_date=20240904T000000, start_date=20241109T214600, end_date=20241109T214601
[2024-11-09T21:46:01.491+0000] {logging_mixin.py:190} INFO - Task instance in success state
[2024-11-09T21:46:01.492+0000] {logging_mixin.py:190} INFO -  Previous state of the Task instance: running
[2024-11-09T21:46:01.493+0000] {logging_mixin.py:190} INFO - Dag name:dag_with_postgres_operator queued_at:2024-11-09 21:45:57.257811+00:00
[2024-11-09T21:46:01.494+0000] {logging_mixin.py:190} INFO - Task hostname:4778426a6c09 operator:PostgresOperator
[2024-11-09T21:46:01.552+0000] {local_task_job_runner.py:266} INFO - Task exited with return code 0
[2024-11-09T21:46:01.607+0000] {taskinstance.py:3895} INFO - 1 downstream tasks scheduled from follow-on schedule check
[2024-11-09T21:46:01.613+0000] {local_task_job_runner.py:245} INFO - ::endgroup::
