[2024-11-10T13:05:50.519+0000] {local_task_job_runner.py:123} INFO - ::group::Pre task execution logs
[2024-11-10T13:05:50.537+0000] {taskinstance.py:2613} INFO - Dependencies all met for dep_context=non-requeueable deps ti=<TaskInstance: Etl_pipeline.load_data_task manual__2024-11-10T13:05:38.714390+00:00 [queued]>
[2024-11-10T13:05:50.545+0000] {taskinstance.py:2613} INFO - Dependencies all met for dep_context=requeueable deps ti=<TaskInstance: Etl_pipeline.load_data_task manual__2024-11-10T13:05:38.714390+00:00 [queued]>
[2024-11-10T13:05:50.546+0000] {taskinstance.py:2866} INFO - Starting attempt 1 of 3
[2024-11-10T13:05:50.561+0000] {taskinstance.py:2889} INFO - Executing <Task(PythonOperator): load_data_task> on 2024-11-10 13:05:38.714390+00:00
[2024-11-10T13:05:50.568+0000] {warnings.py:112} WARNING - /home/***/.local/lib/python3.12/site-packages/***/task/task_runner/standard_task_runner.py:70: DeprecationWarning: This process (pid=123) is multi-threaded, use of fork() may lead to deadlocks in the child.
  pid = os.fork()

[2024-11-10T13:05:50.570+0000] {standard_task_runner.py:72} INFO - Started process 125 to run task
[2024-11-10T13:05:50.571+0000] {standard_task_runner.py:104} INFO - Running: ['***', 'tasks', 'run', 'Etl_pipeline', 'load_data_task', 'manual__2024-11-10T13:05:38.714390+00:00', '--job-id', '2129', '--raw', '--subdir', 'DAGS_FOLDER/pipeline.py', '--cfg-path', '/tmp/tmp91xcnhm7']
[2024-11-10T13:05:50.572+0000] {standard_task_runner.py:105} INFO - Job 2129: Subtask load_data_task
[2024-11-10T13:05:50.627+0000] {task_command.py:467} INFO - Running <TaskInstance: Etl_pipeline.load_data_task manual__2024-11-10T13:05:38.714390+00:00 [running]> on host 6674ee350ec8
[2024-11-10T13:05:50.727+0000] {taskinstance.py:3132} INFO - Exporting env vars: AIRFLOW_CTX_DAG_EMAIL='elidrissi.soukaina2024@gmail.com' AIRFLOW_CTX_DAG_OWNER='***' AIRFLOW_CTX_DAG_ID='Etl_pipeline' AIRFLOW_CTX_TASK_ID='load_data_task' AIRFLOW_CTX_EXECUTION_DATE='2024-11-10T13:05:38.714390+00:00' AIRFLOW_CTX_TRY_NUMBER='1' AIRFLOW_CTX_DAG_RUN_ID='manual__2024-11-10T13:05:38.714390+00:00'
[2024-11-10T13:05:50.728+0000] {logging_mixin.py:190} INFO - Task instance is in running state
[2024-11-10T13:05:50.729+0000] {logging_mixin.py:190} INFO -  Previous state of the Task instance: queued
[2024-11-10T13:05:50.729+0000] {logging_mixin.py:190} INFO - Current task name:load_data_task state:running start_date:2024-11-10 13:05:50.537860+00:00
[2024-11-10T13:05:50.730+0000] {logging_mixin.py:190} INFO - Dag name:Etl_pipeline and current dag run status:running
[2024-11-10T13:05:50.730+0000] {taskinstance.py:731} INFO - ::endgroup::
[2024-11-10T13:05:50.786+0000] {base.py:84} INFO - Retrieving connection 'postgres_local'
[2024-11-10T13:05:51.754+0000] {python.py:240} INFO - Done. Returned value was: None
[2024-11-10T13:05:51.766+0000] {taskinstance.py:340} INFO - ::group::Post task execution logs
[2024-11-10T13:05:51.767+0000] {taskinstance.py:352} INFO - Marking task as SUCCESS. dag_id=Etl_pipeline, task_id=load_data_task, run_id=manual__2024-11-10T13:05:38.714390+00:00, execution_date=20241110T130538, start_date=20241110T130550, end_date=20241110T130551
[2024-11-10T13:05:51.779+0000] {logging_mixin.py:190} INFO - Task instance in success state
[2024-11-10T13:05:51.780+0000] {logging_mixin.py:190} INFO -  Previous state of the Task instance: running
[2024-11-10T13:05:51.780+0000] {logging_mixin.py:190} INFO - Dag name:Etl_pipeline queued_at:2024-11-10 13:05:38.740014+00:00
[2024-11-10T13:05:51.781+0000] {logging_mixin.py:190} INFO - Task hostname:6674ee350ec8 operator:PythonOperator
[2024-11-10T13:05:51.830+0000] {local_task_job_runner.py:266} INFO - Task exited with return code 0
[2024-11-10T13:05:51.847+0000] {taskinstance.py:3895} INFO - 0 downstream tasks scheduled from follow-on schedule check
[2024-11-10T13:05:51.851+0000] {local_task_job_runner.py:245} INFO - ::endgroup::
