[2024-11-07T21:13:54.862+0000] {local_task_job_runner.py:123} INFO - ::group::Pre task execution logs
[2024-11-07T21:13:54.903+0000] {taskinstance.py:2613} INFO - Dependencies all met for dep_context=non-requeueable deps ti=<TaskInstance: dag_with_postgres_operator.create_postgres_table scheduled__2024-10-23T00:00:00+00:00 [queued]>
[2024-11-07T21:13:54.927+0000] {taskinstance.py:2613} INFO - Dependencies all met for dep_context=requeueable deps ti=<TaskInstance: dag_with_postgres_operator.create_postgres_table scheduled__2024-10-23T00:00:00+00:00 [queued]>
[2024-11-07T21:13:54.929+0000] {taskinstance.py:2866} INFO - Starting attempt 1 of 6
[2024-11-07T21:13:54.974+0000] {taskinstance.py:2889} INFO - Executing <Task(PostgresOperator): create_postgres_table> on 2024-10-23 00:00:00+00:00
[2024-11-07T21:13:54.984+0000] {warnings.py:112} WARNING - /home/***/.local/lib/python3.12/site-packages/***/task/task_runner/standard_task_runner.py:70: DeprecationWarning: This process (pid=6074) is multi-threaded, use of fork() may lead to deadlocks in the child.
  pid = os.fork()

[2024-11-07T21:13:54.987+0000] {standard_task_runner.py:72} INFO - Started process 6083 to run task
[2024-11-07T21:13:54.988+0000] {standard_task_runner.py:104} INFO - Running: ['***', 'tasks', 'run', 'dag_with_postgres_operator', 'create_postgres_table', 'scheduled__2024-10-23T00:00:00+00:00', '--job-id', '1905', '--raw', '--subdir', 'DAGS_FOLDER/postgres.py', '--cfg-path', '/tmp/tmp2grnimkh']
[2024-11-07T21:13:54.991+0000] {standard_task_runner.py:105} INFO - Job 1905: Subtask create_postgres_table
[2024-11-07T21:13:55.067+0000] {task_command.py:467} INFO - Running <TaskInstance: dag_with_postgres_operator.create_postgres_table scheduled__2024-10-23T00:00:00+00:00 [running]> on host 3f85553e814e
[2024-11-07T21:13:55.576+0000] {taskinstance.py:3132} INFO - Exporting env vars: AIRFLOW_CTX_DAG_OWNER='sumit kumar' AIRFLOW_CTX_DAG_ID='dag_with_postgres_operator' AIRFLOW_CTX_TASK_ID='create_postgres_table' AIRFLOW_CTX_EXECUTION_DATE='2024-10-23T00:00:00+00:00' AIRFLOW_CTX_TRY_NUMBER='1' AIRFLOW_CTX_DAG_RUN_ID='scheduled__2024-10-23T00:00:00+00:00'
[2024-11-07T21:13:55.578+0000] {logging_mixin.py:190} INFO - Task instance is in running state
[2024-11-07T21:13:55.579+0000] {logging_mixin.py:190} INFO -  Previous state of the Task instance: queued
[2024-11-07T21:13:55.580+0000] {logging_mixin.py:190} INFO - Current task name:create_postgres_table state:running start_date:2024-11-07 21:13:54.904225+00:00
[2024-11-07T21:13:55.581+0000] {logging_mixin.py:190} INFO - Dag name:dag_with_postgres_operator and current dag run status:running
[2024-11-07T21:13:55.582+0000] {taskinstance.py:731} INFO - ::endgroup::
[2024-11-07T21:13:55.583+0000] {sql.py:278} INFO - Executing: 
            CREATE TABLE if not exists Orders (
                OrderID INT PRIMARY KEY,
                Status VARCHAR(50)
            )
        
[2024-11-07T21:13:55.601+0000] {base.py:84} INFO - Retrieving connection 'postgres_local'
[2024-11-07T21:13:55.617+0000] {base.py:84} INFO - Retrieving connection 'postgres_local'
[2024-11-07T21:13:55.639+0000] {sql.py:544} INFO - Running statement: 
            CREATE TABLE if not exists Orders (
                OrderID INT PRIMARY KEY,
                Status VARCHAR(50)
            )
        , parameters: None
[2024-11-07T21:13:55.674+0000] {taskinstance.py:340} INFO - ::group::Post task execution logs
[2024-11-07T21:13:55.675+0000] {taskinstance.py:352} INFO - Marking task as SUCCESS. dag_id=dag_with_postgres_operator, task_id=create_postgres_table, run_id=scheduled__2024-10-23T00:00:00+00:00, execution_date=20241023T000000, start_date=20241107T211354, end_date=20241107T211355
[2024-11-07T21:13:55.696+0000] {logging_mixin.py:190} INFO - Task instance in success state
[2024-11-07T21:13:55.697+0000] {logging_mixin.py:190} INFO -  Previous state of the Task instance: running
[2024-11-07T21:13:55.697+0000] {logging_mixin.py:190} INFO - Dag name:dag_with_postgres_operator queued_at:2024-11-07 21:13:51.863966+00:00
[2024-11-07T21:13:55.698+0000] {logging_mixin.py:190} INFO - Task hostname:3f85553e814e operator:PostgresOperator
[2024-11-07T21:13:55.726+0000] {local_task_job_runner.py:266} INFO - Task exited with return code 0
[2024-11-07T21:13:55.763+0000] {taskinstance.py:3895} INFO - 1 downstream tasks scheduled from follow-on schedule check
[2024-11-07T21:13:55.767+0000] {local_task_job_runner.py:245} INFO - ::endgroup::
[2024-11-09T22:04:41.426+0000] {local_task_job_runner.py:123} INFO - ::group::Pre task execution logs
[2024-11-09T22:04:41.502+0000] {taskinstance.py:2613} INFO - Dependencies all met for dep_context=non-requeueable deps ti=<TaskInstance: dag_with_postgres_operator.create_postgres_table scheduled__2024-10-23T00:00:00+00:00 [queued]>
[2024-11-09T22:04:41.547+0000] {taskinstance.py:2613} INFO - Dependencies all met for dep_context=requeueable deps ti=<TaskInstance: dag_with_postgres_operator.create_postgres_table scheduled__2024-10-23T00:00:00+00:00 [queued]>
[2024-11-09T22:04:41.548+0000] {taskinstance.py:2866} INFO - Starting attempt 1 of 6
[2024-11-09T22:04:41.844+0000] {taskinstance.py:2889} INFO - Executing <Task(PostgresOperator): create_postgres_table> on 2024-10-23 00:00:00+00:00
[2024-11-09T22:04:41.861+0000] {warnings.py:112} WARNING - /home/***/.local/lib/python3.12/site-packages/***/task/task_runner/standard_task_runner.py:70: DeprecationWarning: This process (pid=2252) is multi-threaded, use of fork() may lead to deadlocks in the child.
  pid = os.fork()

[2024-11-09T22:04:41.868+0000] {standard_task_runner.py:72} INFO - Started process 2278 to run task
[2024-11-09T22:04:41.877+0000] {standard_task_runner.py:104} INFO - Running: ['***', 'tasks', 'run', 'dag_with_postgres_operator', 'create_postgres_table', 'scheduled__2024-10-23T00:00:00+00:00', '--job-id', '1900', '--raw', '--subdir', 'DAGS_FOLDER/postgres.py', '--cfg-path', '/tmp/tmppq_qfhu6']
[2024-11-09T22:04:41.888+0000] {standard_task_runner.py:105} INFO - Job 1900: Subtask create_postgres_table
[2024-11-09T22:04:42.127+0000] {task_command.py:467} INFO - Running <TaskInstance: dag_with_postgres_operator.create_postgres_table scheduled__2024-10-23T00:00:00+00:00 [running]> on host 4778426a6c09
[2024-11-09T22:04:42.582+0000] {taskinstance.py:3132} INFO - Exporting env vars: AIRFLOW_CTX_DAG_OWNER='sumit kumar' AIRFLOW_CTX_DAG_ID='dag_with_postgres_operator' AIRFLOW_CTX_TASK_ID='create_postgres_table' AIRFLOW_CTX_EXECUTION_DATE='2024-10-23T00:00:00+00:00' AIRFLOW_CTX_TRY_NUMBER='1' AIRFLOW_CTX_DAG_RUN_ID='scheduled__2024-10-23T00:00:00+00:00'
[2024-11-09T22:04:42.586+0000] {logging_mixin.py:190} INFO - Task instance is in running state
[2024-11-09T22:04:42.589+0000] {logging_mixin.py:190} INFO -  Previous state of the Task instance: queued
[2024-11-09T22:04:42.590+0000] {logging_mixin.py:190} INFO - Current task name:create_postgres_table state:running start_date:2024-11-09 22:04:41.505894+00:00
[2024-11-09T22:04:42.591+0000] {logging_mixin.py:190} INFO - Dag name:dag_with_postgres_operator and current dag run status:running
[2024-11-09T22:04:42.592+0000] {taskinstance.py:731} INFO - ::endgroup::
[2024-11-09T22:04:42.593+0000] {sql.py:278} INFO - Executing: 
            CREATE TABLE if not exists Orders (
                OrderID INT PRIMARY KEY,
                Status VARCHAR(50)
            )
        
[2024-11-09T22:04:42.632+0000] {base.py:84} INFO - Retrieving connection 'postgres_local'
[2024-11-09T22:04:42.678+0000] {base.py:84} INFO - Retrieving connection 'postgres_local'
[2024-11-09T22:04:42.704+0000] {sql.py:544} INFO - Running statement: 
            CREATE TABLE if not exists Orders (
                OrderID INT PRIMARY KEY,
                Status VARCHAR(50)
            )
        , parameters: None
[2024-11-09T22:04:42.826+0000] {taskinstance.py:340} INFO - ::group::Post task execution logs
[2024-11-09T22:04:42.840+0000] {taskinstance.py:352} INFO - Marking task as SUCCESS. dag_id=dag_with_postgres_operator, task_id=create_postgres_table, run_id=scheduled__2024-10-23T00:00:00+00:00, execution_date=20241023T000000, start_date=20241109T220441, end_date=20241109T220442
[2024-11-09T22:04:42.904+0000] {logging_mixin.py:190} INFO - Task instance in success state
[2024-11-09T22:04:42.906+0000] {logging_mixin.py:190} INFO -  Previous state of the Task instance: running
[2024-11-09T22:04:42.908+0000] {logging_mixin.py:190} INFO - Dag name:dag_with_postgres_operator queued_at:2024-11-09 22:04:31.958463+00:00
[2024-11-09T22:04:42.909+0000] {logging_mixin.py:190} INFO - Task hostname:4778426a6c09 operator:PostgresOperator
[2024-11-09T22:04:42.969+0000] {local_task_job_runner.py:266} INFO - Task exited with return code 0
[2024-11-09T22:04:43.115+0000] {taskinstance.py:3895} INFO - 1 downstream tasks scheduled from follow-on schedule check
[2024-11-09T22:04:43.195+0000] {local_task_job_runner.py:245} INFO - ::endgroup::
