[2024-11-07T20:53:53.865+0000] {local_task_job_runner.py:123} INFO - ::group::Pre task execution logs
[2024-11-07T20:53:53.896+0000] {taskinstance.py:2613} INFO - Dependencies all met for dep_context=non-requeueable deps ti=<TaskInstance: dag_with_postgres_operator.create_postgres_table scheduled__2024-09-02T00:00:00+00:00 [queued]>
[2024-11-07T20:53:53.909+0000] {taskinstance.py:2613} INFO - Dependencies all met for dep_context=requeueable deps ti=<TaskInstance: dag_with_postgres_operator.create_postgres_table scheduled__2024-09-02T00:00:00+00:00 [queued]>
[2024-11-07T20:53:53.912+0000] {taskinstance.py:2866} INFO - Starting attempt 1 of 6
[2024-11-07T20:53:53.937+0000] {taskinstance.py:2889} INFO - Executing <Task(PostgresOperator): create_postgres_table> on 2024-09-02 00:00:00+00:00
[2024-11-07T20:53:53.947+0000] {warnings.py:112} WARNING - /home/***/.local/lib/python3.12/site-packages/***/task/task_runner/standard_task_runner.py:70: DeprecationWarning: This process (pid=4402) is multi-threaded, use of fork() may lead to deadlocks in the child.
  pid = os.fork()

[2024-11-07T20:53:53.950+0000] {standard_task_runner.py:72} INFO - Started process 4404 to run task
[2024-11-07T20:53:53.953+0000] {standard_task_runner.py:104} INFO - Running: ['***', 'tasks', 'run', 'dag_with_postgres_operator', 'create_postgres_table', 'scheduled__2024-09-02T00:00:00+00:00', '--job-id', '1544', '--raw', '--subdir', 'DAGS_FOLDER/postgres.py', '--cfg-path', '/tmp/tmpvbgkwj3u']
[2024-11-07T20:53:53.956+0000] {standard_task_runner.py:105} INFO - Job 1544: Subtask create_postgres_table
[2024-11-07T20:53:54.016+0000] {task_command.py:467} INFO - Running <TaskInstance: dag_with_postgres_operator.create_postgres_table scheduled__2024-09-02T00:00:00+00:00 [running]> on host 3f85553e814e
[2024-11-07T20:53:54.420+0000] {taskinstance.py:3132} INFO - Exporting env vars: AIRFLOW_CTX_DAG_OWNER='sumit kumar' AIRFLOW_CTX_DAG_ID='dag_with_postgres_operator' AIRFLOW_CTX_TASK_ID='create_postgres_table' AIRFLOW_CTX_EXECUTION_DATE='2024-09-02T00:00:00+00:00' AIRFLOW_CTX_TRY_NUMBER='1' AIRFLOW_CTX_DAG_RUN_ID='scheduled__2024-09-02T00:00:00+00:00'
[2024-11-07T20:53:54.422+0000] {logging_mixin.py:190} INFO - Task instance is in running state
[2024-11-07T20:53:54.423+0000] {logging_mixin.py:190} INFO -  Previous state of the Task instance: queued
[2024-11-07T20:53:54.424+0000] {logging_mixin.py:190} INFO - Current task name:create_postgres_table state:running start_date:2024-11-07 20:53:53.897387+00:00
[2024-11-07T20:53:54.425+0000] {logging_mixin.py:190} INFO - Dag name:dag_with_postgres_operator and current dag run status:running
[2024-11-07T20:53:54.425+0000] {taskinstance.py:731} INFO - ::endgroup::
[2024-11-07T20:53:54.426+0000] {sql.py:278} INFO - Executing: 
            CREATE TABLE if not exists Orders (
                OrderID INT PRIMARY KEY,
                Status VARCHAR(50)
            )
        
[2024-11-07T20:53:54.438+0000] {base.py:84} INFO - Retrieving connection 'postgres_local'
[2024-11-07T20:53:54.450+0000] {base.py:84} INFO - Retrieving connection 'postgres_local'
[2024-11-07T20:53:54.466+0000] {sql.py:544} INFO - Running statement: 
            CREATE TABLE if not exists Orders (
                OrderID INT PRIMARY KEY,
                Status VARCHAR(50)
            )
        , parameters: None
[2024-11-07T20:53:54.499+0000] {taskinstance.py:340} INFO - ::group::Post task execution logs
[2024-11-07T20:53:54.500+0000] {taskinstance.py:352} INFO - Marking task as SUCCESS. dag_id=dag_with_postgres_operator, task_id=create_postgres_table, run_id=scheduled__2024-09-02T00:00:00+00:00, execution_date=20240902T000000, start_date=20241107T205353, end_date=20241107T205354
[2024-11-07T20:53:54.520+0000] {logging_mixin.py:190} INFO - Task instance in success state
[2024-11-07T20:53:54.521+0000] {logging_mixin.py:190} INFO -  Previous state of the Task instance: running
[2024-11-07T20:53:54.522+0000] {logging_mixin.py:190} INFO - Dag name:dag_with_postgres_operator queued_at:2024-11-07 20:53:50.987430+00:00
[2024-11-07T20:53:54.523+0000] {logging_mixin.py:190} INFO - Task hostname:3f85553e814e operator:PostgresOperator
[2024-11-07T20:53:54.568+0000] {local_task_job_runner.py:266} INFO - Task exited with return code 0
[2024-11-07T20:53:54.607+0000] {taskinstance.py:3895} INFO - 1 downstream tasks scheduled from follow-on schedule check
[2024-11-07T20:53:54.610+0000] {local_task_job_runner.py:245} INFO - ::endgroup::
[2024-11-09T21:45:41.271+0000] {local_task_job_runner.py:123} INFO - ::group::Pre task execution logs
[2024-11-09T21:45:41.326+0000] {taskinstance.py:2613} INFO - Dependencies all met for dep_context=non-requeueable deps ti=<TaskInstance: dag_with_postgres_operator.create_postgres_table scheduled__2024-09-02T00:00:00+00:00 [queued]>
[2024-11-09T21:45:41.356+0000] {taskinstance.py:2613} INFO - Dependencies all met for dep_context=requeueable deps ti=<TaskInstance: dag_with_postgres_operator.create_postgres_table scheduled__2024-09-02T00:00:00+00:00 [queued]>
[2024-11-09T21:45:41.363+0000] {taskinstance.py:2866} INFO - Starting attempt 1 of 6
[2024-11-09T21:45:41.456+0000] {taskinstance.py:2889} INFO - Executing <Task(PostgresOperator): create_postgres_table> on 2024-09-02 00:00:00+00:00
[2024-11-09T21:45:41.476+0000] {warnings.py:112} WARNING - /home/***/.local/lib/python3.12/site-packages/***/task/task_runner/standard_task_runner.py:70: DeprecationWarning: This process (pid=648) is multi-threaded, use of fork() may lead to deadlocks in the child.
  pid = os.fork()

[2024-11-09T21:45:41.480+0000] {standard_task_runner.py:72} INFO - Started process 678 to run task
[2024-11-09T21:45:41.483+0000] {standard_task_runner.py:104} INFO - Running: ['***', 'tasks', 'run', 'dag_with_postgres_operator', 'create_postgres_table', 'scheduled__2024-09-02T00:00:00+00:00', '--job-id', '1558', '--raw', '--subdir', 'DAGS_FOLDER/postgres.py', '--cfg-path', '/tmp/tmpxzncym6o']
[2024-11-09T21:45:41.486+0000] {standard_task_runner.py:105} INFO - Job 1558: Subtask create_postgres_table
[2024-11-09T21:45:41.646+0000] {task_command.py:467} INFO - Running <TaskInstance: dag_with_postgres_operator.create_postgres_table scheduled__2024-09-02T00:00:00+00:00 [running]> on host 4778426a6c09
[2024-11-09T21:45:41.883+0000] {taskinstance.py:3132} INFO - Exporting env vars: AIRFLOW_CTX_DAG_OWNER='sumit kumar' AIRFLOW_CTX_DAG_ID='dag_with_postgres_operator' AIRFLOW_CTX_TASK_ID='create_postgres_table' AIRFLOW_CTX_EXECUTION_DATE='2024-09-02T00:00:00+00:00' AIRFLOW_CTX_TRY_NUMBER='1' AIRFLOW_CTX_DAG_RUN_ID='scheduled__2024-09-02T00:00:00+00:00'
[2024-11-09T21:45:41.886+0000] {logging_mixin.py:190} INFO - Task instance is in running state
[2024-11-09T21:45:41.887+0000] {logging_mixin.py:190} INFO -  Previous state of the Task instance: queued
[2024-11-09T21:45:41.888+0000] {logging_mixin.py:190} INFO - Current task name:create_postgres_table state:running start_date:2024-11-09 21:45:41.328651+00:00
[2024-11-09T21:45:41.890+0000] {logging_mixin.py:190} INFO - Dag name:dag_with_postgres_operator and current dag run status:running
[2024-11-09T21:45:41.891+0000] {taskinstance.py:731} INFO - ::endgroup::
[2024-11-09T21:45:41.894+0000] {sql.py:278} INFO - Executing: 
            CREATE TABLE if not exists Orders (
                OrderID INT PRIMARY KEY,
                Status VARCHAR(50)
            )
        
[2024-11-09T21:45:41.926+0000] {base.py:84} INFO - Retrieving connection 'postgres_local'
[2024-11-09T21:45:41.951+0000] {base.py:84} INFO - Retrieving connection 'postgres_local'
[2024-11-09T21:45:41.974+0000] {sql.py:544} INFO - Running statement: 
            CREATE TABLE if not exists Orders (
                OrderID INT PRIMARY KEY,
                Status VARCHAR(50)
            )
        , parameters: None
[2024-11-09T21:45:42.001+0000] {taskinstance.py:340} INFO - ::group::Post task execution logs
[2024-11-09T21:45:42.002+0000] {taskinstance.py:352} INFO - Marking task as SUCCESS. dag_id=dag_with_postgres_operator, task_id=create_postgres_table, run_id=scheduled__2024-09-02T00:00:00+00:00, execution_date=20240902T000000, start_date=20241109T214541, end_date=20241109T214542
[2024-11-09T21:45:42.022+0000] {logging_mixin.py:190} INFO - Task instance in success state
[2024-11-09T21:45:42.023+0000] {logging_mixin.py:190} INFO -  Previous state of the Task instance: running
[2024-11-09T21:45:42.024+0000] {logging_mixin.py:190} INFO - Dag name:dag_with_postgres_operator queued_at:2024-11-09 21:45:28.870645+00:00
[2024-11-09T21:45:42.025+0000] {logging_mixin.py:190} INFO - Task hostname:4778426a6c09 operator:PostgresOperator
[2024-11-09T21:45:42.072+0000] {local_task_job_runner.py:266} INFO - Task exited with return code 0
[2024-11-09T21:45:42.095+0000] {local_task_job_runner.py:245} INFO - ::endgroup::
