[2024-11-07T21:10:44.747+0000] {local_task_job_runner.py:123} INFO - ::group::Pre task execution logs
[2024-11-07T21:10:44.891+0000] {taskinstance.py:2613} INFO - Dependencies all met for dep_context=non-requeueable deps ti=<TaskInstance: dag_with_postgres_operator.create_postgres_table scheduled__2024-10-19T00:00:00+00:00 [queued]>
[2024-11-07T21:10:44.914+0000] {taskinstance.py:2613} INFO - Dependencies all met for dep_context=requeueable deps ti=<TaskInstance: dag_with_postgres_operator.create_postgres_table scheduled__2024-10-19T00:00:00+00:00 [queued]>
[2024-11-07T21:10:44.915+0000] {taskinstance.py:2866} INFO - Starting attempt 1 of 6
[2024-11-07T21:10:45.153+0000] {taskinstance.py:2889} INFO - Executing <Task(PostgresOperator): create_postgres_table> on 2024-10-19 00:00:00+00:00
[2024-11-07T21:10:45.174+0000] {standard_task_runner.py:104} INFO - Running: ['***', 'tasks', 'run', 'dag_with_postgres_operator', 'create_postgres_table', 'scheduled__2024-10-19T00:00:00+00:00', '--job-id', '1854', '--raw', '--subdir', 'DAGS_FOLDER/postgres.py', '--cfg-path', '/tmp/tmpaqb0tqmd']
[2024-11-07T21:10:45.174+0000] {warnings.py:112} WARNING - /home/***/.local/lib/python3.12/site-packages/***/task/task_runner/standard_task_runner.py:70: DeprecationWarning: This process (pid=5819) is multi-threaded, use of fork() may lead to deadlocks in the child.
  pid = os.fork()

[2024-11-07T21:10:45.194+0000] {standard_task_runner.py:72} INFO - Started process 5841 to run task
[2024-11-07T21:10:45.182+0000] {standard_task_runner.py:105} INFO - Job 1854: Subtask create_postgres_table
[2024-11-07T21:10:45.474+0000] {task_command.py:467} INFO - Running <TaskInstance: dag_with_postgres_operator.create_postgres_table scheduled__2024-10-19T00:00:00+00:00 [running]> on host 3f85553e814e
[2024-11-07T21:10:46.666+0000] {taskinstance.py:3132} INFO - Exporting env vars: AIRFLOW_CTX_DAG_OWNER='sumit kumar' AIRFLOW_CTX_DAG_ID='dag_with_postgres_operator' AIRFLOW_CTX_TASK_ID='create_postgres_table' AIRFLOW_CTX_EXECUTION_DATE='2024-10-19T00:00:00+00:00' AIRFLOW_CTX_TRY_NUMBER='1' AIRFLOW_CTX_DAG_RUN_ID='scheduled__2024-10-19T00:00:00+00:00'
[2024-11-07T21:10:46.670+0000] {logging_mixin.py:190} INFO - Task instance is in running state
[2024-11-07T21:10:46.672+0000] {logging_mixin.py:190} INFO -  Previous state of the Task instance: queued
[2024-11-07T21:10:46.673+0000] {logging_mixin.py:190} INFO - Current task name:create_postgres_table state:running start_date:2024-11-07 21:10:44.892648+00:00
[2024-11-07T21:10:46.674+0000] {logging_mixin.py:190} INFO - Dag name:dag_with_postgres_operator and current dag run status:running
[2024-11-07T21:10:46.675+0000] {taskinstance.py:731} INFO - ::endgroup::
[2024-11-07T21:10:46.676+0000] {sql.py:278} INFO - Executing: 
            CREATE TABLE if not exists Orders (
                OrderID INT PRIMARY KEY,
                Status VARCHAR(50)
            )
        
[2024-11-07T21:10:46.744+0000] {base.py:84} INFO - Retrieving connection 'postgres_local'
[2024-11-07T21:10:46.777+0000] {base.py:84} INFO - Retrieving connection 'postgres_local'
[2024-11-07T21:10:46.813+0000] {sql.py:544} INFO - Running statement: 
            CREATE TABLE if not exists Orders (
                OrderID INT PRIMARY KEY,
                Status VARCHAR(50)
            )
        , parameters: None
[2024-11-07T21:10:46.866+0000] {taskinstance.py:340} INFO - ::group::Post task execution logs
[2024-11-07T21:10:46.870+0000] {taskinstance.py:352} INFO - Marking task as SUCCESS. dag_id=dag_with_postgres_operator, task_id=create_postgres_table, run_id=scheduled__2024-10-19T00:00:00+00:00, execution_date=20241019T000000, start_date=20241107T211044, end_date=20241107T211046
[2024-11-07T21:10:46.909+0000] {logging_mixin.py:190} INFO - Task instance in success state
[2024-11-07T21:10:46.910+0000] {logging_mixin.py:190} INFO -  Previous state of the Task instance: running
[2024-11-07T21:10:46.911+0000] {logging_mixin.py:190} INFO - Dag name:dag_with_postgres_operator queued_at:2024-11-07 21:10:38.372508+00:00
[2024-11-07T21:10:46.913+0000] {logging_mixin.py:190} INFO - Task hostname:3f85553e814e operator:PostgresOperator
[2024-11-07T21:10:46.957+0000] {local_task_job_runner.py:266} INFO - Task exited with return code 0
[2024-11-07T21:10:47.014+0000] {taskinstance.py:3895} INFO - 1 downstream tasks scheduled from follow-on schedule check
[2024-11-07T21:10:47.019+0000] {local_task_job_runner.py:245} INFO - ::endgroup::
[2024-11-09T22:04:38.247+0000] {local_task_job_runner.py:123} INFO - ::group::Pre task execution logs
[2024-11-09T22:04:38.330+0000] {taskinstance.py:2613} INFO - Dependencies all met for dep_context=non-requeueable deps ti=<TaskInstance: dag_with_postgres_operator.create_postgres_table scheduled__2024-10-19T00:00:00+00:00 [queued]>
[2024-11-09T22:04:38.359+0000] {taskinstance.py:2613} INFO - Dependencies all met for dep_context=requeueable deps ti=<TaskInstance: dag_with_postgres_operator.create_postgres_table scheduled__2024-10-19T00:00:00+00:00 [queued]>
[2024-11-09T22:04:38.377+0000] {taskinstance.py:2866} INFO - Starting attempt 1 of 6
[2024-11-09T22:04:38.442+0000] {taskinstance.py:2889} INFO - Executing <Task(PostgresOperator): create_postgres_table> on 2024-10-19 00:00:00+00:00
[2024-11-09T22:04:38.473+0000] {warnings.py:112} WARNING - /home/***/.local/lib/python3.12/site-packages/***/task/task_runner/standard_task_runner.py:70: DeprecationWarning: This process (pid=2244) is multi-threaded, use of fork() may lead to deadlocks in the child.
  pid = os.fork()

[2024-11-09T22:04:38.481+0000] {standard_task_runner.py:72} INFO - Started process 2264 to run task
[2024-11-09T22:04:38.501+0000] {standard_task_runner.py:104} INFO - Running: ['***', 'tasks', 'run', 'dag_with_postgres_operator', 'create_postgres_table', 'scheduled__2024-10-19T00:00:00+00:00', '--job-id', '1896', '--raw', '--subdir', 'DAGS_FOLDER/postgres.py', '--cfg-path', '/tmp/tmpq6h86l5y']
[2024-11-09T22:04:38.518+0000] {standard_task_runner.py:105} INFO - Job 1896: Subtask create_postgres_table
[2024-11-09T22:04:38.782+0000] {task_command.py:467} INFO - Running <TaskInstance: dag_with_postgres_operator.create_postgres_table scheduled__2024-10-19T00:00:00+00:00 [running]> on host 4778426a6c09
[2024-11-09T22:04:39.408+0000] {taskinstance.py:3132} INFO - Exporting env vars: AIRFLOW_CTX_DAG_OWNER='sumit kumar' AIRFLOW_CTX_DAG_ID='dag_with_postgres_operator' AIRFLOW_CTX_TASK_ID='create_postgres_table' AIRFLOW_CTX_EXECUTION_DATE='2024-10-19T00:00:00+00:00' AIRFLOW_CTX_TRY_NUMBER='1' AIRFLOW_CTX_DAG_RUN_ID='scheduled__2024-10-19T00:00:00+00:00'
[2024-11-09T22:04:39.411+0000] {logging_mixin.py:190} INFO - Task instance is in running state
[2024-11-09T22:04:39.416+0000] {logging_mixin.py:190} INFO -  Previous state of the Task instance: queued
[2024-11-09T22:04:39.417+0000] {logging_mixin.py:190} INFO - Current task name:create_postgres_table state:running start_date:2024-11-09 22:04:38.332008+00:00
[2024-11-09T22:04:39.418+0000] {logging_mixin.py:190} INFO - Dag name:dag_with_postgres_operator and current dag run status:running
[2024-11-09T22:04:39.420+0000] {taskinstance.py:731} INFO - ::endgroup::
[2024-11-09T22:04:39.421+0000] {sql.py:278} INFO - Executing: 
            CREATE TABLE if not exists Orders (
                OrderID INT PRIMARY KEY,
                Status VARCHAR(50)
            )
        
[2024-11-09T22:04:39.453+0000] {base.py:84} INFO - Retrieving connection 'postgres_local'
[2024-11-09T22:04:39.513+0000] {base.py:84} INFO - Retrieving connection 'postgres_local'
[2024-11-09T22:04:39.557+0000] {sql.py:544} INFO - Running statement: 
            CREATE TABLE if not exists Orders (
                OrderID INT PRIMARY KEY,
                Status VARCHAR(50)
            )
        , parameters: None
[2024-11-09T22:04:39.671+0000] {taskinstance.py:340} INFO - ::group::Post task execution logs
[2024-11-09T22:04:39.679+0000] {taskinstance.py:352} INFO - Marking task as SUCCESS. dag_id=dag_with_postgres_operator, task_id=create_postgres_table, run_id=scheduled__2024-10-19T00:00:00+00:00, execution_date=20241019T000000, start_date=20241109T220438, end_date=20241109T220439
[2024-11-09T22:04:39.768+0000] {logging_mixin.py:190} INFO - Task instance in success state
[2024-11-09T22:04:39.770+0000] {logging_mixin.py:190} INFO -  Previous state of the Task instance: running
[2024-11-09T22:04:39.772+0000] {logging_mixin.py:190} INFO - Dag name:dag_with_postgres_operator queued_at:2024-11-09 22:04:30.025060+00:00
[2024-11-09T22:04:39.773+0000] {logging_mixin.py:190} INFO - Task hostname:4778426a6c09 operator:PostgresOperator
[2024-11-09T22:04:39.851+0000] {local_task_job_runner.py:266} INFO - Task exited with return code 0
[2024-11-09T22:04:39.918+0000] {taskinstance.py:3895} INFO - 1 downstream tasks scheduled from follow-on schedule check
[2024-11-09T22:04:39.922+0000] {local_task_job_runner.py:245} INFO - ::endgroup::
