[2024-11-06T19:41:04.789+0000] {local_task_job_runner.py:123} INFO - ::group::Pre task execution logs
[2024-11-06T19:41:04.826+0000] {taskinstance.py:2613} INFO - Dependencies all met for dep_context=non-requeueable deps ti=<TaskInstance: dag_with_postgres_operator.create_postgres_table scheduled__2024-04-17T00:00:00+00:00 [queued]>
[2024-11-06T19:41:04.846+0000] {taskinstance.py:2613} INFO - Dependencies all met for dep_context=requeueable deps ti=<TaskInstance: dag_with_postgres_operator.create_postgres_table scheduled__2024-04-17T00:00:00+00:00 [queued]>
[2024-11-06T19:41:04.847+0000] {taskinstance.py:2866} INFO - Starting attempt 1 of 6
[2024-11-06T19:41:04.886+0000] {taskinstance.py:2889} INFO - Executing <Task(PostgresOperator): create_postgres_table> on 2024-04-17 00:00:00+00:00
[2024-11-06T19:41:04.899+0000] {warnings.py:112} WARNING - /home/***/.local/lib/python3.12/site-packages/***/task/task_runner/standard_task_runner.py:70: DeprecationWarning: This process (pid=2448) is multi-threaded, use of fork() may lead to deadlocks in the child.
  pid = os.fork()

[2024-11-06T19:41:04.902+0000] {standard_task_runner.py:72} INFO - Started process 2458 to run task
[2024-11-06T19:41:04.903+0000] {standard_task_runner.py:104} INFO - Running: ['***', 'tasks', 'run', 'dag_with_postgres_operator', 'create_postgres_table', 'scheduled__2024-04-17T00:00:00+00:00', '--job-id', '487', '--raw', '--subdir', 'DAGS_FOLDER/postgres.py', '--cfg-path', '/tmp/tmppavdxzgh']
[2024-11-06T19:41:04.908+0000] {standard_task_runner.py:105} INFO - Job 487: Subtask create_postgres_table
[2024-11-06T19:41:05.054+0000] {task_command.py:467} INFO - Running <TaskInstance: dag_with_postgres_operator.create_postgres_table scheduled__2024-04-17T00:00:00+00:00 [running]> on host 4b5a50a11bce
[2024-11-06T19:41:05.474+0000] {taskinstance.py:3132} INFO - Exporting env vars: AIRFLOW_CTX_DAG_OWNER='sumit kumar' AIRFLOW_CTX_DAG_ID='dag_with_postgres_operator' AIRFLOW_CTX_TASK_ID='create_postgres_table' AIRFLOW_CTX_EXECUTION_DATE='2024-04-17T00:00:00+00:00' AIRFLOW_CTX_TRY_NUMBER='1' AIRFLOW_CTX_DAG_RUN_ID='scheduled__2024-04-17T00:00:00+00:00'
[2024-11-06T19:41:05.480+0000] {logging_mixin.py:190} INFO - Task instance is in running state
[2024-11-06T19:41:05.482+0000] {logging_mixin.py:190} INFO -  Previous state of the Task instance: queued
[2024-11-06T19:41:05.483+0000] {logging_mixin.py:190} INFO - Current task name:create_postgres_table state:running start_date:2024-11-06 19:41:04.826909+00:00
[2024-11-06T19:41:05.484+0000] {logging_mixin.py:190} INFO - Dag name:dag_with_postgres_operator and current dag run status:running
[2024-11-06T19:41:05.488+0000] {taskinstance.py:731} INFO - ::endgroup::
[2024-11-06T19:41:05.489+0000] {sql.py:278} INFO - Executing: 
            CREATE TABLE if not exists Orders (
                OrderID INT PRIMARY KEY,
                Status VARCHAR(50)
            )
        
[2024-11-06T19:41:05.982+0000] {taskinstance.py:3311} ERROR - Task failed with exception
Traceback (most recent call last):
  File "/home/airflow/.local/lib/python3.12/site-packages/airflow/models/taskinstance.py", line 767, in _execute_task
    result = _execute_callable(context=context, **execute_callable_kwargs)
             ^^^^^^^^^^^^^^^^^^^^^^^^^^^^^^^^^^^^^^^^^^^^^^^^^^^^^^^^^^^^^
  File "/home/airflow/.local/lib/python3.12/site-packages/airflow/models/taskinstance.py", line 733, in _execute_callable
    return ExecutionCallableRunner(
           ^^^^^^^^^^^^^^^^^^^^^^^^
  File "/home/airflow/.local/lib/python3.12/site-packages/airflow/utils/operator_helpers.py", line 252, in run
    return self.func(*args, **kwargs)
           ^^^^^^^^^^^^^^^^^^^^^^^^^^
  File "/home/airflow/.local/lib/python3.12/site-packages/airflow/models/baseoperator.py", line 417, in wrapper
    return func(self, *args, **kwargs)
           ^^^^^^^^^^^^^^^^^^^^^^^^^^^
  File "/home/airflow/.local/lib/python3.12/site-packages/airflow/providers/common/sql/operators/sql.py", line 279, in execute
    hook = self.get_db_hook()
           ^^^^^^^^^^^^^^^^^^
  File "/home/airflow/.local/lib/python3.12/site-packages/airflow/providers/common/sql/operators/sql.py", line 190, in get_db_hook
    return self._hook
           ^^^^^^^^^^
  File "/usr/local/lib/python3.12/functools.py", line 993, in __get__
    val = self.func(instance)
          ^^^^^^^^^^^^^^^^^^^
  File "/home/airflow/.local/lib/python3.12/site-packages/airflow/providers/common/sql/operators/sql.py", line 166, in _hook
    hook = self.get_hook(conn_id=conn_id, hook_params=self.hook_params)
           ^^^^^^^^^^^^^^^^^^^^^^^^^^^^^^^^^^^^^^^^^^^^^^^^^^^^^^^^^^^^
  File "/home/airflow/.local/lib/python3.12/site-packages/airflow/providers/common/sql/operators/sql.py", line 158, in get_hook
    connection = BaseHook.get_connection(conn_id)
                 ^^^^^^^^^^^^^^^^^^^^^^^^^^^^^^^^
  File "/home/airflow/.local/lib/python3.12/site-packages/airflow/hooks/base.py", line 83, in get_connection
    conn = Connection.get_connection_from_secrets(conn_id)
           ^^^^^^^^^^^^^^^^^^^^^^^^^^^^^^^^^^^^^^^^^^^^^^^
  File "/home/airflow/.local/lib/python3.12/site-packages/airflow/models/connection.py", line 537, in get_connection_from_secrets
    raise AirflowNotFoundException(f"The conn_id `{conn_id}` isn't defined")
airflow.exceptions.AirflowNotFoundException: The conn_id `postgres_local` isn't defined
[2024-11-06T19:41:05.999+0000] {logging_mixin.py:190} INFO - Task instance in failure state
[2024-11-06T19:41:06.000+0000] {logging_mixin.py:190} INFO - Task start:2024-11-06 19:41:04.826909+00:00 end:2024-11-06 19:41:05.998624+00:00 duration:1.171715
[2024-11-06T19:41:06.001+0000] {logging_mixin.py:190} INFO - Task:<Task(PostgresOperator): create_postgres_table> dag:<DAG: dag_with_postgres_operator> dagrun:<DagRun dag_with_postgres_operator @ 2024-04-17 00:00:00+00:00: scheduled__2024-04-17T00:00:00+00:00, state:running, queued_at: 2024-11-06 19:41:00.119413+00:00. externally triggered: False>
[2024-11-06T19:41:06.002+0000] {logging_mixin.py:190} INFO - Failure caused by The conn_id `postgres_local` isn't defined
[2024-11-06T19:41:06.003+0000] {taskinstance.py:1225} INFO - Marking task as UP_FOR_RETRY. dag_id=dag_with_postgres_operator, task_id=create_postgres_table, run_id=scheduled__2024-04-17T00:00:00+00:00, execution_date=20240417T000000, start_date=20241106T194104, end_date=20241106T194105
[2024-11-06T19:41:06.046+0000] {taskinstance.py:340} INFO - ::group::Post task execution logs
[2024-11-06T19:41:06.047+0000] {standard_task_runner.py:124} ERROR - Failed to execute job 487 for task create_postgres_table (The conn_id `postgres_local` isn't defined; 2458)
Traceback (most recent call last):
  File "/home/airflow/.local/lib/python3.12/site-packages/airflow/task/task_runner/standard_task_runner.py", line 117, in _start_by_fork
    ret = args.func(args, dag=self.dag)
          ^^^^^^^^^^^^^^^^^^^^^^^^^^^^^
  File "/home/airflow/.local/lib/python3.12/site-packages/airflow/cli/cli_config.py", line 49, in command
    return func(*args, **kwargs)
           ^^^^^^^^^^^^^^^^^^^^^
  File "/home/airflow/.local/lib/python3.12/site-packages/airflow/utils/cli.py", line 116, in wrapper
    return f(*args, **kwargs)
           ^^^^^^^^^^^^^^^^^^
  File "/home/airflow/.local/lib/python3.12/site-packages/airflow/cli/commands/task_command.py", line 483, in task_run
    task_return_code = _run_task_by_selected_method(args, _dag, ti)
                       ^^^^^^^^^^^^^^^^^^^^^^^^^^^^^^^^^^^^^^^^^^^^
  File "/home/airflow/.local/lib/python3.12/site-packages/airflow/cli/commands/task_command.py", line 256, in _run_task_by_selected_method
    return _run_raw_task(args, ti)
           ^^^^^^^^^^^^^^^^^^^^^^^
  File "/home/airflow/.local/lib/python3.12/site-packages/airflow/cli/commands/task_command.py", line 341, in _run_raw_task
    return ti._run_raw_task(
           ^^^^^^^^^^^^^^^^^
  File "/home/airflow/.local/lib/python3.12/site-packages/airflow/utils/session.py", line 97, in wrapper
    return func(*args, session=session, **kwargs)
           ^^^^^^^^^^^^^^^^^^^^^^^^^^^^^^^^^^^^^^
  File "/home/airflow/.local/lib/python3.12/site-packages/airflow/models/taskinstance.py", line 3005, in _run_raw_task
    return _run_raw_task(
           ^^^^^^^^^^^^^^
  File "/home/airflow/.local/lib/python3.12/site-packages/airflow/models/taskinstance.py", line 273, in _run_raw_task
    TaskInstance._execute_task_with_callbacks(
  File "/home/airflow/.local/lib/python3.12/site-packages/airflow/models/taskinstance.py", line 3159, in _execute_task_with_callbacks
    result = self._execute_task(context, task_orig)
             ^^^^^^^^^^^^^^^^^^^^^^^^^^^^^^^^^^^^^^
  File "/home/airflow/.local/lib/python3.12/site-packages/airflow/models/taskinstance.py", line 3183, in _execute_task
    return _execute_task(self, context, task_orig)
           ^^^^^^^^^^^^^^^^^^^^^^^^^^^^^^^^^^^^^^^
  File "/home/airflow/.local/lib/python3.12/site-packages/airflow/models/taskinstance.py", line 767, in _execute_task
    result = _execute_callable(context=context, **execute_callable_kwargs)
             ^^^^^^^^^^^^^^^^^^^^^^^^^^^^^^^^^^^^^^^^^^^^^^^^^^^^^^^^^^^^^
  File "/home/airflow/.local/lib/python3.12/site-packages/airflow/models/taskinstance.py", line 733, in _execute_callable
    return ExecutionCallableRunner(
           ^^^^^^^^^^^^^^^^^^^^^^^^
  File "/home/airflow/.local/lib/python3.12/site-packages/airflow/utils/operator_helpers.py", line 252, in run
    return self.func(*args, **kwargs)
           ^^^^^^^^^^^^^^^^^^^^^^^^^^
  File "/home/airflow/.local/lib/python3.12/site-packages/airflow/models/baseoperator.py", line 417, in wrapper
    return func(self, *args, **kwargs)
           ^^^^^^^^^^^^^^^^^^^^^^^^^^^
  File "/home/airflow/.local/lib/python3.12/site-packages/airflow/providers/common/sql/operators/sql.py", line 279, in execute
    hook = self.get_db_hook()
           ^^^^^^^^^^^^^^^^^^
  File "/home/airflow/.local/lib/python3.12/site-packages/airflow/providers/common/sql/operators/sql.py", line 190, in get_db_hook
    return self._hook
           ^^^^^^^^^^
  File "/usr/local/lib/python3.12/functools.py", line 993, in __get__
    val = self.func(instance)
          ^^^^^^^^^^^^^^^^^^^
  File "/home/airflow/.local/lib/python3.12/site-packages/airflow/providers/common/sql/operators/sql.py", line 166, in _hook
    hook = self.get_hook(conn_id=conn_id, hook_params=self.hook_params)
           ^^^^^^^^^^^^^^^^^^^^^^^^^^^^^^^^^^^^^^^^^^^^^^^^^^^^^^^^^^^^
  File "/home/airflow/.local/lib/python3.12/site-packages/airflow/providers/common/sql/operators/sql.py", line 158, in get_hook
    connection = BaseHook.get_connection(conn_id)
                 ^^^^^^^^^^^^^^^^^^^^^^^^^^^^^^^^
  File "/home/airflow/.local/lib/python3.12/site-packages/airflow/hooks/base.py", line 83, in get_connection
    conn = Connection.get_connection_from_secrets(conn_id)
           ^^^^^^^^^^^^^^^^^^^^^^^^^^^^^^^^^^^^^^^^^^^^^^^
  File "/home/airflow/.local/lib/python3.12/site-packages/airflow/models/connection.py", line 537, in get_connection_from_secrets
    raise AirflowNotFoundException(f"The conn_id `{conn_id}` isn't defined")
airflow.exceptions.AirflowNotFoundException: The conn_id `postgres_local` isn't defined
[2024-11-06T19:41:06.103+0000] {local_task_job_runner.py:266} INFO - Task exited with return code 1
[2024-11-06T19:41:06.158+0000] {taskinstance.py:3895} INFO - 0 downstream tasks scheduled from follow-on schedule check
[2024-11-06T19:41:06.162+0000] {local_task_job_runner.py:245} INFO - ::endgroup::
[2024-11-06T21:14:42.057+0000] {local_task_job_runner.py:123} INFO - ::group::Pre task execution logs
[2024-11-06T21:14:42.131+0000] {taskinstance.py:2613} INFO - Dependencies all met for dep_context=non-requeueable deps ti=<TaskInstance: dag_with_postgres_operator.create_postgres_table scheduled__2024-04-17T00:00:00+00:00 [queued]>
[2024-11-06T21:14:42.182+0000] {taskinstance.py:2613} INFO - Dependencies all met for dep_context=requeueable deps ti=<TaskInstance: dag_with_postgres_operator.create_postgres_table scheduled__2024-04-17T00:00:00+00:00 [queued]>
[2024-11-06T21:14:42.197+0000] {taskinstance.py:2866} INFO - Starting attempt 1 of 6
[2024-11-06T21:14:42.375+0000] {taskinstance.py:2889} INFO - Executing <Task(PostgresOperator): create_postgres_table> on 2024-04-17 00:00:00+00:00
[2024-11-06T21:14:42.385+0000] {warnings.py:112} WARNING - /home/***/.local/lib/python3.12/site-packages/***/task/task_runner/standard_task_runner.py:70: DeprecationWarning: This process (pid=2884) is multi-threaded, use of fork() may lead to deadlocks in the child.
  pid = os.fork()

[2024-11-06T21:14:42.388+0000] {standard_task_runner.py:72} INFO - Started process 2904 to run task
[2024-11-06T21:14:42.394+0000] {standard_task_runner.py:104} INFO - Running: ['***', 'tasks', 'run', 'dag_with_postgres_operator', 'create_postgres_table', 'scheduled__2024-04-17T00:00:00+00:00', '--job-id', '567', '--raw', '--subdir', 'DAGS_FOLDER/postgres.py', '--cfg-path', '/tmp/tmp4217ygyh']
[2024-11-06T21:14:42.396+0000] {standard_task_runner.py:105} INFO - Job 567: Subtask create_postgres_table
[2024-11-06T21:14:42.581+0000] {task_command.py:467} INFO - Running <TaskInstance: dag_with_postgres_operator.create_postgres_table scheduled__2024-04-17T00:00:00+00:00 [running]> on host 3f85553e814e
[2024-11-06T21:14:43.188+0000] {taskinstance.py:3132} INFO - Exporting env vars: AIRFLOW_CTX_DAG_OWNER='sumit kumar' AIRFLOW_CTX_DAG_ID='dag_with_postgres_operator' AIRFLOW_CTX_TASK_ID='create_postgres_table' AIRFLOW_CTX_EXECUTION_DATE='2024-04-17T00:00:00+00:00' AIRFLOW_CTX_TRY_NUMBER='1' AIRFLOW_CTX_DAG_RUN_ID='scheduled__2024-04-17T00:00:00+00:00'
[2024-11-06T21:14:43.193+0000] {logging_mixin.py:190} INFO - Task instance is in running state
[2024-11-06T21:14:43.208+0000] {logging_mixin.py:190} INFO -  Previous state of the Task instance: queued
[2024-11-06T21:14:43.208+0000] {logging_mixin.py:190} INFO - Current task name:create_postgres_table state:running start_date:2024-11-06 21:14:42.132786+00:00
[2024-11-06T21:14:43.209+0000] {logging_mixin.py:190} INFO - Dag name:dag_with_postgres_operator and current dag run status:running
[2024-11-06T21:14:43.210+0000] {taskinstance.py:731} INFO - ::endgroup::
[2024-11-06T21:14:43.211+0000] {sql.py:278} INFO - Executing: 
            CREATE TABLE if not exists Orders (
                OrderID INT PRIMARY KEY,
                Status VARCHAR(50)
            )
        
[2024-11-06T21:14:43.229+0000] {base.py:84} INFO - Retrieving connection 'postgres_local'
[2024-11-06T21:14:43.254+0000] {base.py:84} INFO - Retrieving connection 'postgres_local'
[2024-11-06T21:14:43.283+0000] {sql.py:544} INFO - Running statement: 
            CREATE TABLE if not exists Orders (
                OrderID INT PRIMARY KEY,
                Status VARCHAR(50)
            )
        , parameters: None
[2024-11-06T21:14:43.317+0000] {taskinstance.py:340} INFO - ::group::Post task execution logs
[2024-11-06T21:14:43.318+0000] {taskinstance.py:352} INFO - Marking task as SUCCESS. dag_id=dag_with_postgres_operator, task_id=create_postgres_table, run_id=scheduled__2024-04-17T00:00:00+00:00, execution_date=20240417T000000, start_date=20241106T211442, end_date=20241106T211443
[2024-11-06T21:14:43.355+0000] {logging_mixin.py:190} INFO - Task instance in success state
[2024-11-06T21:14:43.357+0000] {logging_mixin.py:190} INFO -  Previous state of the Task instance: running
[2024-11-06T21:14:43.358+0000] {logging_mixin.py:190} INFO - Dag name:dag_with_postgres_operator queued_at:2024-11-06 21:14:38.189184+00:00
[2024-11-06T21:14:43.360+0000] {logging_mixin.py:190} INFO - Task hostname:3f85553e814e operator:PostgresOperator
[2024-11-06T21:14:43.403+0000] {local_task_job_runner.py:266} INFO - Task exited with return code 0
[2024-11-06T21:14:43.458+0000] {local_task_job_runner.py:245} INFO - ::endgroup::
[2024-11-09T20:39:58.977+0000] {local_task_job_runner.py:123} INFO - ::group::Pre task execution logs
[2024-11-09T20:39:59.059+0000] {taskinstance.py:2613} INFO - Dependencies all met for dep_context=non-requeueable deps ti=<TaskInstance: dag_with_postgres_operator.create_postgres_table scheduled__2024-04-17T00:00:00+00:00 [queued]>
[2024-11-09T20:39:59.121+0000] {taskinstance.py:2613} INFO - Dependencies all met for dep_context=requeueable deps ti=<TaskInstance: dag_with_postgres_operator.create_postgres_table scheduled__2024-04-17T00:00:00+00:00 [queued]>
[2024-11-09T20:39:59.132+0000] {taskinstance.py:2866} INFO - Starting attempt 1 of 6
[2024-11-09T20:39:59.230+0000] {taskinstance.py:2889} INFO - Executing <Task(PostgresOperator): create_postgres_table> on 2024-04-17 00:00:00+00:00
[2024-11-09T20:39:59.273+0000] {standard_task_runner.py:104} INFO - Running: ['***', 'tasks', 'run', 'dag_with_postgres_operator', 'create_postgres_table', 'scheduled__2024-04-17T00:00:00+00:00', '--job-id', '561', '--raw', '--subdir', 'DAGS_FOLDER/postgres.py', '--cfg-path', '/tmp/tmp9n5jlla4']
[2024-11-09T20:39:59.262+0000] {warnings.py:112} WARNING - /home/***/.local/lib/python3.12/site-packages/***/task/task_runner/standard_task_runner.py:70: DeprecationWarning: This process (pid=2139) is multi-threaded, use of fork() may lead to deadlocks in the child.
  pid = os.fork()

[2024-11-09T20:39:59.296+0000] {standard_task_runner.py:105} INFO - Job 561: Subtask create_postgres_table
[2024-11-09T20:39:59.297+0000] {standard_task_runner.py:72} INFO - Started process 2165 to run task
[2024-11-09T20:39:59.777+0000] {task_command.py:467} INFO - Running <TaskInstance: dag_with_postgres_operator.create_postgres_table scheduled__2024-04-17T00:00:00+00:00 [running]> on host 7a581205cd28
[2024-11-09T20:40:00.187+0000] {taskinstance.py:3132} INFO - Exporting env vars: AIRFLOW_CTX_DAG_OWNER='sumit kumar' AIRFLOW_CTX_DAG_ID='dag_with_postgres_operator' AIRFLOW_CTX_TASK_ID='create_postgres_table' AIRFLOW_CTX_EXECUTION_DATE='2024-04-17T00:00:00+00:00' AIRFLOW_CTX_TRY_NUMBER='1' AIRFLOW_CTX_DAG_RUN_ID='scheduled__2024-04-17T00:00:00+00:00'
[2024-11-09T20:40:00.195+0000] {logging_mixin.py:190} INFO - Task instance is in running state
[2024-11-09T20:40:00.198+0000] {logging_mixin.py:190} INFO -  Previous state of the Task instance: queued
[2024-11-09T20:40:00.200+0000] {logging_mixin.py:190} INFO - Current task name:create_postgres_table state:running start_date:2024-11-09 20:39:59.065868+00:00
[2024-11-09T20:40:00.202+0000] {logging_mixin.py:190} INFO - Dag name:dag_with_postgres_operator and current dag run status:running
[2024-11-09T20:40:00.203+0000] {taskinstance.py:731} INFO - ::endgroup::
[2024-11-09T20:40:00.216+0000] {sql.py:278} INFO - Executing: 
            CREATE TABLE if not exists Orders (
                OrderID INT PRIMARY KEY,
                Status VARCHAR(50)
            )
        
[2024-11-09T20:40:00.309+0000] {base.py:84} INFO - Retrieving connection 'postgres_local'
[2024-11-09T20:40:00.363+0000] {base.py:84} INFO - Retrieving connection 'postgres_local'
[2024-11-09T20:40:00.477+0000] {sql.py:544} INFO - Running statement: 
            CREATE TABLE if not exists Orders (
                OrderID INT PRIMARY KEY,
                Status VARCHAR(50)
            )
        , parameters: None
[2024-11-09T20:40:00.618+0000] {taskinstance.py:340} INFO - ::group::Post task execution logs
[2024-11-09T20:40:00.631+0000] {taskinstance.py:352} INFO - Marking task as SUCCESS. dag_id=dag_with_postgres_operator, task_id=create_postgres_table, run_id=scheduled__2024-04-17T00:00:00+00:00, execution_date=20240417T000000, start_date=20241109T203959, end_date=20241109T204000
[2024-11-09T20:40:00.746+0000] {logging_mixin.py:190} INFO - Task instance in success state
[2024-11-09T20:40:00.797+0000] {logging_mixin.py:190} INFO -  Previous state of the Task instance: running
[2024-11-09T20:40:00.851+0000] {logging_mixin.py:190} INFO - Dag name:dag_with_postgres_operator queued_at:2024-11-09 20:39:42.737354+00:00
[2024-11-09T20:40:00.853+0000] {logging_mixin.py:190} INFO - Task hostname:7a581205cd28 operator:PostgresOperator
[2024-11-09T20:40:00.951+0000] {local_task_job_runner.py:266} INFO - Task exited with return code 0
[2024-11-09T20:40:01.049+0000] {local_task_job_runner.py:245} INFO - ::endgroup::
