[2024-11-07T20:44:13.342+0000] {local_task_job_runner.py:123} INFO - ::group::Pre task execution logs
[2024-11-07T20:44:13.367+0000] {taskinstance.py:2613} INFO - Dependencies all met for dep_context=non-requeueable deps ti=<TaskInstance: dag_with_postgres_operator.create_postgres_table scheduled__2024-08-09T00:00:00+00:00 [queued]>
[2024-11-07T20:44:13.380+0000] {taskinstance.py:2613} INFO - Dependencies all met for dep_context=requeueable deps ti=<TaskInstance: dag_with_postgres_operator.create_postgres_table scheduled__2024-08-09T00:00:00+00:00 [queued]>
[2024-11-07T20:44:13.382+0000] {taskinstance.py:2866} INFO - Starting attempt 1 of 6
[2024-11-07T20:44:13.410+0000] {taskinstance.py:2889} INFO - Executing <Task(PostgresOperator): create_postgres_table> on 2024-08-09 00:00:00+00:00
[2024-11-07T20:44:13.419+0000] {warnings.py:112} WARNING - /home/***/.local/lib/python3.12/site-packages/***/task/task_runner/standard_task_runner.py:70: DeprecationWarning: This process (pid=3543) is multi-threaded, use of fork() may lead to deadlocks in the child.
  pid = os.fork()

[2024-11-07T20:44:13.422+0000] {standard_task_runner.py:72} INFO - Started process 3555 to run task
[2024-11-07T20:44:13.422+0000] {standard_task_runner.py:104} INFO - Running: ['***', 'tasks', 'run', 'dag_with_postgres_operator', 'create_postgres_table', 'scheduled__2024-08-09T00:00:00+00:00', '--job-id', '1360', '--raw', '--subdir', 'DAGS_FOLDER/postgres.py', '--cfg-path', '/tmp/tmp8nxo45dg']
[2024-11-07T20:44:13.424+0000] {standard_task_runner.py:105} INFO - Job 1360: Subtask create_postgres_table
[2024-11-07T20:44:13.514+0000] {task_command.py:467} INFO - Running <TaskInstance: dag_with_postgres_operator.create_postgres_table scheduled__2024-08-09T00:00:00+00:00 [running]> on host 3f85553e814e
[2024-11-07T20:44:14.145+0000] {taskinstance.py:3132} INFO - Exporting env vars: AIRFLOW_CTX_DAG_OWNER='sumit kumar' AIRFLOW_CTX_DAG_ID='dag_with_postgres_operator' AIRFLOW_CTX_TASK_ID='create_postgres_table' AIRFLOW_CTX_EXECUTION_DATE='2024-08-09T00:00:00+00:00' AIRFLOW_CTX_TRY_NUMBER='1' AIRFLOW_CTX_DAG_RUN_ID='scheduled__2024-08-09T00:00:00+00:00'
[2024-11-07T20:44:14.147+0000] {logging_mixin.py:190} INFO - Task instance is in running state
[2024-11-07T20:44:14.148+0000] {logging_mixin.py:190} INFO -  Previous state of the Task instance: queued
[2024-11-07T20:44:14.149+0000] {logging_mixin.py:190} INFO - Current task name:create_postgres_table state:running start_date:2024-11-07 20:44:13.368197+00:00
[2024-11-07T20:44:14.150+0000] {logging_mixin.py:190} INFO - Dag name:dag_with_postgres_operator and current dag run status:running
[2024-11-07T20:44:14.152+0000] {taskinstance.py:731} INFO - ::endgroup::
[2024-11-07T20:44:14.153+0000] {sql.py:278} INFO - Executing: 
            CREATE TABLE if not exists Orders (
                OrderID INT PRIMARY KEY,
                Status VARCHAR(50)
            )
        
[2024-11-07T20:44:14.172+0000] {base.py:84} INFO - Retrieving connection 'postgres_local'
[2024-11-07T20:44:14.190+0000] {base.py:84} INFO - Retrieving connection 'postgres_local'
[2024-11-07T20:44:14.210+0000] {sql.py:544} INFO - Running statement: 
            CREATE TABLE if not exists Orders (
                OrderID INT PRIMARY KEY,
                Status VARCHAR(50)
            )
        , parameters: None
[2024-11-07T20:44:14.238+0000] {taskinstance.py:340} INFO - ::group::Post task execution logs
[2024-11-07T20:44:14.239+0000] {taskinstance.py:352} INFO - Marking task as SUCCESS. dag_id=dag_with_postgres_operator, task_id=create_postgres_table, run_id=scheduled__2024-08-09T00:00:00+00:00, execution_date=20240809T000000, start_date=20241107T204413, end_date=20241107T204414
[2024-11-07T20:44:14.258+0000] {logging_mixin.py:190} INFO - Task instance in success state
[2024-11-07T20:44:14.259+0000] {logging_mixin.py:190} INFO -  Previous state of the Task instance: running
[2024-11-07T20:44:14.260+0000] {logging_mixin.py:190} INFO - Dag name:dag_with_postgres_operator queued_at:2024-11-07 20:44:09.697736+00:00
[2024-11-07T20:44:14.261+0000] {logging_mixin.py:190} INFO - Task hostname:3f85553e814e operator:PostgresOperator
[2024-11-07T20:44:14.289+0000] {local_task_job_runner.py:266} INFO - Task exited with return code 0
[2024-11-07T20:44:14.349+0000] {taskinstance.py:3895} INFO - 1 downstream tasks scheduled from follow-on schedule check
[2024-11-07T20:44:14.353+0000] {local_task_job_runner.py:245} INFO - ::endgroup::
[2024-11-09T21:30:28.934+0000] {local_task_job_runner.py:123} INFO - ::group::Pre task execution logs
[2024-11-09T21:30:28.995+0000] {taskinstance.py:2613} INFO - Dependencies all met for dep_context=non-requeueable deps ti=<TaskInstance: dag_with_postgres_operator.create_postgres_table scheduled__2024-08-09T00:00:00+00:00 [queued]>
[2024-11-09T21:30:29.026+0000] {taskinstance.py:2613} INFO - Dependencies all met for dep_context=requeueable deps ti=<TaskInstance: dag_with_postgres_operator.create_postgres_table scheduled__2024-08-09T00:00:00+00:00 [queued]>
[2024-11-09T21:30:29.034+0000] {taskinstance.py:2866} INFO - Starting attempt 1 of 6
[2024-11-09T21:30:29.096+0000] {taskinstance.py:2889} INFO - Executing <Task(PostgresOperator): create_postgres_table> on 2024-08-09 00:00:00+00:00
[2024-11-09T21:30:29.119+0000] {warnings.py:112} WARNING - /home/***/.local/lib/python3.12/site-packages/***/task/task_runner/standard_task_runner.py:70: DeprecationWarning: This process (pid=1497) is multi-threaded, use of fork() may lead to deadlocks in the child.
  pid = os.fork()

[2024-11-09T21:30:29.126+0000] {standard_task_runner.py:72} INFO - Started process 1519 to run task
[2024-11-09T21:30:29.149+0000] {standard_task_runner.py:104} INFO - Running: ['***', 'tasks', 'run', 'dag_with_postgres_operator', 'create_postgres_table', 'scheduled__2024-08-09T00:00:00+00:00', '--job-id', '1363', '--raw', '--subdir', 'DAGS_FOLDER/postgres.py', '--cfg-path', '/tmp/tmpw1gkoevm']
[2024-11-09T21:30:29.155+0000] {standard_task_runner.py:105} INFO - Job 1363: Subtask create_postgres_table
[2024-11-09T21:30:29.463+0000] {task_command.py:467} INFO - Running <TaskInstance: dag_with_postgres_operator.create_postgres_table scheduled__2024-08-09T00:00:00+00:00 [running]> on host d5d7d0963395
[2024-11-09T21:30:29.813+0000] {taskinstance.py:3132} INFO - Exporting env vars: AIRFLOW_CTX_DAG_OWNER='sumit kumar' AIRFLOW_CTX_DAG_ID='dag_with_postgres_operator' AIRFLOW_CTX_TASK_ID='create_postgres_table' AIRFLOW_CTX_EXECUTION_DATE='2024-08-09T00:00:00+00:00' AIRFLOW_CTX_TRY_NUMBER='1' AIRFLOW_CTX_DAG_RUN_ID='scheduled__2024-08-09T00:00:00+00:00'
[2024-11-09T21:30:29.817+0000] {logging_mixin.py:190} INFO - Task instance is in running state
[2024-11-09T21:30:29.818+0000] {logging_mixin.py:190} INFO -  Previous state of the Task instance: queued
[2024-11-09T21:30:29.819+0000] {logging_mixin.py:190} INFO - Current task name:create_postgres_table state:running start_date:2024-11-09 21:30:28.996243+00:00
[2024-11-09T21:30:29.821+0000] {logging_mixin.py:190} INFO - Dag name:dag_with_postgres_operator and current dag run status:running
[2024-11-09T21:30:29.822+0000] {taskinstance.py:731} INFO - ::endgroup::
[2024-11-09T21:30:29.823+0000] {sql.py:278} INFO - Executing: 
            CREATE TABLE if not exists Orders (
                OrderID INT PRIMARY KEY,
                Status VARCHAR(50)
            )
        
[2024-11-09T21:30:29.850+0000] {base.py:84} INFO - Retrieving connection 'postgres_local'
[2024-11-09T21:30:29.872+0000] {base.py:84} INFO - Retrieving connection 'postgres_local'
[2024-11-09T21:30:29.898+0000] {sql.py:544} INFO - Running statement: 
            CREATE TABLE if not exists Orders (
                OrderID INT PRIMARY KEY,
                Status VARCHAR(50)
            )
        , parameters: None
[2024-11-09T21:30:29.932+0000] {taskinstance.py:340} INFO - ::group::Post task execution logs
[2024-11-09T21:30:29.934+0000] {taskinstance.py:352} INFO - Marking task as SUCCESS. dag_id=dag_with_postgres_operator, task_id=create_postgres_table, run_id=scheduled__2024-08-09T00:00:00+00:00, execution_date=20240809T000000, start_date=20241109T213028, end_date=20241109T213029
[2024-11-09T21:30:29.956+0000] {logging_mixin.py:190} INFO - Task instance in success state
[2024-11-09T21:30:29.958+0000] {logging_mixin.py:190} INFO -  Previous state of the Task instance: running
[2024-11-09T21:30:29.959+0000] {logging_mixin.py:190} INFO - Dag name:dag_with_postgres_operator queued_at:2024-11-09 21:30:18.584637+00:00
[2024-11-09T21:30:29.960+0000] {logging_mixin.py:190} INFO - Task hostname:d5d7d0963395 operator:PostgresOperator
[2024-11-09T21:30:30.008+0000] {local_task_job_runner.py:266} INFO - Task exited with return code 0
[2024-11-09T21:30:30.080+0000] {taskinstance.py:3895} INFO - 1 downstream tasks scheduled from follow-on schedule check
[2024-11-09T21:30:30.088+0000] {local_task_job_runner.py:245} INFO - ::endgroup::
