[2024-11-07T20:51:03.685+0000] {local_task_job_runner.py:123} INFO - ::group::Pre task execution logs
[2024-11-07T20:51:03.739+0000] {taskinstance.py:2613} INFO - Dependencies all met for dep_context=non-requeueable deps ti=<TaskInstance: dag_with_postgres_operator.create_postgres_table scheduled__2024-08-30T00:00:00+00:00 [queued]>
[2024-11-07T20:51:03.759+0000] {taskinstance.py:2613} INFO - Dependencies all met for dep_context=requeueable deps ti=<TaskInstance: dag_with_postgres_operator.create_postgres_table scheduled__2024-08-30T00:00:00+00:00 [queued]>
[2024-11-07T20:51:03.760+0000] {taskinstance.py:2866} INFO - Starting attempt 1 of 6
[2024-11-07T20:51:03.804+0000] {taskinstance.py:2889} INFO - Executing <Task(PostgresOperator): create_postgres_table> on 2024-08-30 00:00:00+00:00
[2024-11-07T20:51:03.822+0000] {warnings.py:112} WARNING - /home/***/.local/lib/python3.12/site-packages/***/task/task_runner/standard_task_runner.py:70: DeprecationWarning: This process (pid=4162) is multi-threaded, use of fork() may lead to deadlocks in the child.
  pid = os.fork()

[2024-11-07T20:51:03.825+0000] {standard_task_runner.py:72} INFO - Started process 4176 to run task
[2024-11-07T20:51:03.824+0000] {standard_task_runner.py:104} INFO - Running: ['***', 'tasks', 'run', 'dag_with_postgres_operator', 'create_postgres_table', 'scheduled__2024-08-30T00:00:00+00:00', '--job-id', '1493', '--raw', '--subdir', 'DAGS_FOLDER/postgres.py', '--cfg-path', '/tmp/tmpnjm3uuid']
[2024-11-07T20:51:03.834+0000] {standard_task_runner.py:105} INFO - Job 1493: Subtask create_postgres_table
[2024-11-07T20:51:03.970+0000] {task_command.py:467} INFO - Running <TaskInstance: dag_with_postgres_operator.create_postgres_table scheduled__2024-08-30T00:00:00+00:00 [running]> on host 3f85553e814e
[2024-11-07T20:51:04.806+0000] {taskinstance.py:3132} INFO - Exporting env vars: AIRFLOW_CTX_DAG_OWNER='sumit kumar' AIRFLOW_CTX_DAG_ID='dag_with_postgres_operator' AIRFLOW_CTX_TASK_ID='create_postgres_table' AIRFLOW_CTX_EXECUTION_DATE='2024-08-30T00:00:00+00:00' AIRFLOW_CTX_TRY_NUMBER='1' AIRFLOW_CTX_DAG_RUN_ID='scheduled__2024-08-30T00:00:00+00:00'
[2024-11-07T20:51:04.813+0000] {logging_mixin.py:190} INFO - Task instance is in running state
[2024-11-07T20:51:04.817+0000] {logging_mixin.py:190} INFO -  Previous state of the Task instance: queued
[2024-11-07T20:51:04.821+0000] {logging_mixin.py:190} INFO - Current task name:create_postgres_table state:running start_date:2024-11-07 20:51:03.740146+00:00
[2024-11-07T20:51:04.822+0000] {logging_mixin.py:190} INFO - Dag name:dag_with_postgres_operator and current dag run status:running
[2024-11-07T20:51:04.824+0000] {taskinstance.py:731} INFO - ::endgroup::
[2024-11-07T20:51:04.825+0000] {sql.py:278} INFO - Executing: 
            CREATE TABLE if not exists Orders (
                OrderID INT PRIMARY KEY,
                Status VARCHAR(50)
            )
        
[2024-11-07T20:51:04.854+0000] {base.py:84} INFO - Retrieving connection 'postgres_local'
[2024-11-07T20:51:04.877+0000] {base.py:84} INFO - Retrieving connection 'postgres_local'
[2024-11-07T20:51:04.910+0000] {sql.py:544} INFO - Running statement: 
            CREATE TABLE if not exists Orders (
                OrderID INT PRIMARY KEY,
                Status VARCHAR(50)
            )
        , parameters: None
[2024-11-07T20:51:04.970+0000] {taskinstance.py:340} INFO - ::group::Post task execution logs
[2024-11-07T20:51:04.971+0000] {taskinstance.py:352} INFO - Marking task as SUCCESS. dag_id=dag_with_postgres_operator, task_id=create_postgres_table, run_id=scheduled__2024-08-30T00:00:00+00:00, execution_date=20240830T000000, start_date=20241107T205103, end_date=20241107T205104
[2024-11-07T20:51:04.992+0000] {logging_mixin.py:190} INFO - Task instance in success state
[2024-11-07T20:51:04.993+0000] {logging_mixin.py:190} INFO -  Previous state of the Task instance: running
[2024-11-07T20:51:04.994+0000] {logging_mixin.py:190} INFO - Dag name:dag_with_postgres_operator queued_at:2024-11-07 20:50:58.841767+00:00
[2024-11-07T20:51:04.995+0000] {logging_mixin.py:190} INFO - Task hostname:3f85553e814e operator:PostgresOperator
[2024-11-07T20:51:05.023+0000] {local_task_job_runner.py:266} INFO - Task exited with return code 0
[2024-11-07T20:51:05.079+0000] {taskinstance.py:3895} INFO - 1 downstream tasks scheduled from follow-on schedule check
[2024-11-07T20:51:05.082+0000] {local_task_job_runner.py:245} INFO - ::endgroup::
[2024-11-09T21:45:40.117+0000] {local_task_job_runner.py:123} INFO - ::group::Pre task execution logs
[2024-11-09T21:45:40.216+0000] {taskinstance.py:2613} INFO - Dependencies all met for dep_context=non-requeueable deps ti=<TaskInstance: dag_with_postgres_operator.create_postgres_table scheduled__2024-08-30T00:00:00+00:00 [queued]>
[2024-11-09T21:45:40.243+0000] {taskinstance.py:2613} INFO - Dependencies all met for dep_context=requeueable deps ti=<TaskInstance: dag_with_postgres_operator.create_postgres_table scheduled__2024-08-30T00:00:00+00:00 [queued]>
[2024-11-09T21:45:40.244+0000] {taskinstance.py:2866} INFO - Starting attempt 1 of 6
[2024-11-09T21:45:40.314+0000] {taskinstance.py:2889} INFO - Executing <Task(PostgresOperator): create_postgres_table> on 2024-08-30 00:00:00+00:00
[2024-11-09T21:45:40.333+0000] {warnings.py:112} WARNING - /home/***/.local/lib/python3.12/site-packages/***/task/task_runner/standard_task_runner.py:70: DeprecationWarning: This process (pid=640) is multi-threaded, use of fork() may lead to deadlocks in the child.
  pid = os.fork()

[2024-11-09T21:45:40.342+0000] {standard_task_runner.py:72} INFO - Started process 668 to run task
[2024-11-09T21:45:40.358+0000] {standard_task_runner.py:104} INFO - Running: ['***', 'tasks', 'run', 'dag_with_postgres_operator', 'create_postgres_table', 'scheduled__2024-08-30T00:00:00+00:00', '--job-id', '1554', '--raw', '--subdir', 'DAGS_FOLDER/postgres.py', '--cfg-path', '/tmp/tmpg5suze2n']
[2024-11-09T21:45:40.364+0000] {standard_task_runner.py:105} INFO - Job 1554: Subtask create_postgres_table
[2024-11-09T21:45:40.678+0000] {task_command.py:467} INFO - Running <TaskInstance: dag_with_postgres_operator.create_postgres_table scheduled__2024-08-30T00:00:00+00:00 [running]> on host 4778426a6c09
[2024-11-09T21:45:41.117+0000] {taskinstance.py:3132} INFO - Exporting env vars: AIRFLOW_CTX_DAG_OWNER='sumit kumar' AIRFLOW_CTX_DAG_ID='dag_with_postgres_operator' AIRFLOW_CTX_TASK_ID='create_postgres_table' AIRFLOW_CTX_EXECUTION_DATE='2024-08-30T00:00:00+00:00' AIRFLOW_CTX_TRY_NUMBER='1' AIRFLOW_CTX_DAG_RUN_ID='scheduled__2024-08-30T00:00:00+00:00'
[2024-11-09T21:45:41.123+0000] {logging_mixin.py:190} INFO - Task instance is in running state
[2024-11-09T21:45:41.141+0000] {logging_mixin.py:190} INFO -  Previous state of the Task instance: queued
[2024-11-09T21:45:41.142+0000] {logging_mixin.py:190} INFO - Current task name:create_postgres_table state:running start_date:2024-11-09 21:45:40.218763+00:00
[2024-11-09T21:45:41.145+0000] {logging_mixin.py:190} INFO - Dag name:dag_with_postgres_operator and current dag run status:running
[2024-11-09T21:45:41.152+0000] {taskinstance.py:731} INFO - ::endgroup::
[2024-11-09T21:45:41.156+0000] {sql.py:278} INFO - Executing: 
            CREATE TABLE if not exists Orders (
                OrderID INT PRIMARY KEY,
                Status VARCHAR(50)
            )
        
[2024-11-09T21:45:41.180+0000] {base.py:84} INFO - Retrieving connection 'postgres_local'
[2024-11-09T21:45:41.211+0000] {base.py:84} INFO - Retrieving connection 'postgres_local'
[2024-11-09T21:45:41.237+0000] {sql.py:544} INFO - Running statement: 
            CREATE TABLE if not exists Orders (
                OrderID INT PRIMARY KEY,
                Status VARCHAR(50)
            )
        , parameters: None
[2024-11-09T21:45:41.283+0000] {taskinstance.py:340} INFO - ::group::Post task execution logs
[2024-11-09T21:45:41.284+0000] {taskinstance.py:352} INFO - Marking task as SUCCESS. dag_id=dag_with_postgres_operator, task_id=create_postgres_table, run_id=scheduled__2024-08-30T00:00:00+00:00, execution_date=20240830T000000, start_date=20241109T214540, end_date=20241109T214541
[2024-11-09T21:45:41.310+0000] {logging_mixin.py:190} INFO - Task instance in success state
[2024-11-09T21:45:41.315+0000] {logging_mixin.py:190} INFO -  Previous state of the Task instance: running
[2024-11-09T21:45:41.316+0000] {logging_mixin.py:190} INFO - Dag name:dag_with_postgres_operator queued_at:2024-11-09 21:45:27.261664+00:00
[2024-11-09T21:45:41.317+0000] {logging_mixin.py:190} INFO - Task hostname:4778426a6c09 operator:PostgresOperator
[2024-11-09T21:45:41.389+0000] {local_task_job_runner.py:266} INFO - Task exited with return code 0
[2024-11-09T21:45:41.472+0000] {taskinstance.py:3895} INFO - 1 downstream tasks scheduled from follow-on schedule check
[2024-11-09T21:45:41.487+0000] {local_task_job_runner.py:245} INFO - ::endgroup::
