[2024-11-09T20:33:39.788+0000] {local_task_job_runner.py:123} INFO - ::group::Pre task execution logs
[2024-11-09T20:33:39.905+0000] {taskinstance.py:2613} INFO - Dependencies all met for dep_context=non-requeueable deps ti=<TaskInstance: dag_with_postgres_operator.create_postgres_table manual__2024-11-09T20:33:19.134854+00:00 [queued]>
[2024-11-09T20:33:39.981+0000] {taskinstance.py:2613} INFO - Dependencies all met for dep_context=requeueable deps ti=<TaskInstance: dag_with_postgres_operator.create_postgres_table manual__2024-11-09T20:33:19.134854+00:00 [queued]>
[2024-11-09T20:33:39.987+0000] {taskinstance.py:2866} INFO - Starting attempt 1 of 6
[2024-11-09T20:33:40.557+0000] {taskinstance.py:2889} INFO - Executing <Task(PostgresOperator): create_postgres_table> on 2024-11-09 20:33:19.134854+00:00
[2024-11-09T20:33:40.614+0000] {warnings.py:112} WARNING - /home/***/.local/lib/python3.12/site-packages/***/task/task_runner/standard_task_runner.py:70: DeprecationWarning: This process (pid=1618) is multi-threaded, use of fork() may lead to deadlocks in the child.
  pid = os.fork()

[2024-11-09T20:33:40.632+0000] {standard_task_runner.py:72} INFO - Started process 1663 to run task
[2024-11-09T20:33:40.611+0000] {standard_task_runner.py:104} INFO - Running: ['***', 'tasks', 'run', 'dag_with_postgres_operator', 'create_postgres_table', 'manual__2024-11-09T20:33:19.134854+00:00', '--job-id', '452', '--raw', '--subdir', 'DAGS_FOLDER/postgres.py', '--cfg-path', '/tmp/tmp8677ajpx']
[2024-11-09T20:33:40.646+0000] {standard_task_runner.py:105} INFO - Job 452: Subtask create_postgres_table
[2024-11-09T20:33:40.913+0000] {task_command.py:467} INFO - Running <TaskInstance: dag_with_postgres_operator.create_postgres_table manual__2024-11-09T20:33:19.134854+00:00 [running]> on host 7a581205cd28
[2024-11-09T20:33:41.590+0000] {taskinstance.py:3132} INFO - Exporting env vars: AIRFLOW_CTX_DAG_OWNER='sumit kumar' AIRFLOW_CTX_DAG_ID='dag_with_postgres_operator' AIRFLOW_CTX_TASK_ID='create_postgres_table' AIRFLOW_CTX_EXECUTION_DATE='2024-11-09T20:33:19.134854+00:00' AIRFLOW_CTX_TRY_NUMBER='1' AIRFLOW_CTX_DAG_RUN_ID='manual__2024-11-09T20:33:19.134854+00:00'
[2024-11-09T20:33:41.597+0000] {logging_mixin.py:190} INFO - Task instance is in running state
[2024-11-09T20:33:41.612+0000] {logging_mixin.py:190} INFO -  Previous state of the Task instance: queued
[2024-11-09T20:33:41.613+0000] {logging_mixin.py:190} INFO - Current task name:create_postgres_table state:running start_date:2024-11-09 20:33:39.911076+00:00
[2024-11-09T20:33:41.614+0000] {logging_mixin.py:190} INFO - Dag name:dag_with_postgres_operator and current dag run status:running
[2024-11-09T20:33:41.615+0000] {taskinstance.py:731} INFO - ::endgroup::
[2024-11-09T20:33:41.617+0000] {sql.py:278} INFO - Executing: 
            CREATE TABLE if not exists Orders (
                OrderID INT PRIMARY KEY,
                Status VARCHAR(50)
            )
        
[2024-11-09T20:33:41.640+0000] {base.py:84} INFO - Retrieving connection 'postgres_local'
[2024-11-09T20:33:41.666+0000] {base.py:84} INFO - Retrieving connection 'postgres_local'
[2024-11-09T20:33:41.735+0000] {sql.py:544} INFO - Running statement: 
            CREATE TABLE if not exists Orders (
                OrderID INT PRIMARY KEY,
                Status VARCHAR(50)
            )
        , parameters: None
[2024-11-09T20:33:41.851+0000] {taskinstance.py:340} INFO - ::group::Post task execution logs
[2024-11-09T20:33:41.857+0000] {taskinstance.py:352} INFO - Marking task as SUCCESS. dag_id=dag_with_postgres_operator, task_id=create_postgres_table, run_id=manual__2024-11-09T20:33:19.134854+00:00, execution_date=20241109T203319, start_date=20241109T203339, end_date=20241109T203341
[2024-11-09T20:33:41.910+0000] {logging_mixin.py:190} INFO - Task instance in success state
[2024-11-09T20:33:41.916+0000] {logging_mixin.py:190} INFO -  Previous state of the Task instance: running
[2024-11-09T20:33:41.918+0000] {logging_mixin.py:190} INFO - Dag name:dag_with_postgres_operator queued_at:2024-11-09 20:33:19.243875+00:00
[2024-11-09T20:33:41.919+0000] {logging_mixin.py:190} INFO - Task hostname:7a581205cd28 operator:PostgresOperator
[2024-11-09T20:33:41.949+0000] {local_task_job_runner.py:266} INFO - Task exited with return code 0
[2024-11-09T20:33:42.013+0000] {local_task_job_runner.py:245} INFO - ::endgroup::
