[2024-11-07T20:32:40.289+0000] {local_task_job_runner.py:123} INFO - ::group::Pre task execution logs
[2024-11-07T20:32:40.376+0000] {taskinstance.py:2613} INFO - Dependencies all met for dep_context=non-requeueable deps ti=<TaskInstance: dag_with_postgres_operator.create_postgres_table scheduled__2024-07-04T00:00:00+00:00 [queued]>
[2024-11-07T20:32:40.426+0000] {taskinstance.py:2613} INFO - Dependencies all met for dep_context=requeueable deps ti=<TaskInstance: dag_with_postgres_operator.create_postgres_table scheduled__2024-07-04T00:00:00+00:00 [queued]>
[2024-11-07T20:32:40.431+0000] {taskinstance.py:2866} INFO - Starting attempt 1 of 6
[2024-11-07T20:32:40.469+0000] {taskinstance.py:2889} INFO - Executing <Task(PostgresOperator): create_postgres_table> on 2024-07-04 00:00:00+00:00
[2024-11-07T20:32:40.491+0000] {warnings.py:112} WARNING - /home/***/.local/lib/python3.12/site-packages/***/task/task_runner/standard_task_runner.py:70: DeprecationWarning: This process (pid=2490) is multi-threaded, use of fork() may lead to deadlocks in the child.
  pid = os.fork()

[2024-11-07T20:32:40.498+0000] {standard_task_runner.py:72} INFO - Started process 2509 to run task
[2024-11-07T20:32:40.512+0000] {standard_task_runner.py:104} INFO - Running: ['***', 'tasks', 'run', 'dag_with_postgres_operator', 'create_postgres_table', 'scheduled__2024-07-04T00:00:00+00:00', '--job-id', '1132', '--raw', '--subdir', 'DAGS_FOLDER/postgres.py', '--cfg-path', '/tmp/tmpsjo70jzo']
[2024-11-07T20:32:40.534+0000] {standard_task_runner.py:105} INFO - Job 1132: Subtask create_postgres_table
[2024-11-07T20:32:40.687+0000] {task_command.py:467} INFO - Running <TaskInstance: dag_with_postgres_operator.create_postgres_table scheduled__2024-07-04T00:00:00+00:00 [running]> on host 3f85553e814e
[2024-11-07T20:32:41.276+0000] {taskinstance.py:3132} INFO - Exporting env vars: AIRFLOW_CTX_DAG_OWNER='sumit kumar' AIRFLOW_CTX_DAG_ID='dag_with_postgres_operator' AIRFLOW_CTX_TASK_ID='create_postgres_table' AIRFLOW_CTX_EXECUTION_DATE='2024-07-04T00:00:00+00:00' AIRFLOW_CTX_TRY_NUMBER='1' AIRFLOW_CTX_DAG_RUN_ID='scheduled__2024-07-04T00:00:00+00:00'
[2024-11-07T20:32:41.278+0000] {logging_mixin.py:190} INFO - Task instance is in running state
[2024-11-07T20:32:41.279+0000] {logging_mixin.py:190} INFO -  Previous state of the Task instance: queued
[2024-11-07T20:32:41.280+0000] {logging_mixin.py:190} INFO - Current task name:create_postgres_table state:running start_date:2024-11-07 20:32:40.386247+00:00
[2024-11-07T20:32:41.281+0000] {logging_mixin.py:190} INFO - Dag name:dag_with_postgres_operator and current dag run status:running
[2024-11-07T20:32:41.282+0000] {taskinstance.py:731} INFO - ::endgroup::
[2024-11-07T20:32:41.283+0000] {sql.py:278} INFO - Executing: 
            CREATE TABLE if not exists Orders (
                OrderID INT PRIMARY KEY,
                Status VARCHAR(50)
            )
        
[2024-11-07T20:32:41.296+0000] {base.py:84} INFO - Retrieving connection 'postgres_local'
[2024-11-07T20:32:41.313+0000] {base.py:84} INFO - Retrieving connection 'postgres_local'
[2024-11-07T20:32:41.329+0000] {sql.py:544} INFO - Running statement: 
            CREATE TABLE if not exists Orders (
                OrderID INT PRIMARY KEY,
                Status VARCHAR(50)
            )
        , parameters: None
[2024-11-07T20:32:41.355+0000] {taskinstance.py:340} INFO - ::group::Post task execution logs
[2024-11-07T20:32:41.357+0000] {taskinstance.py:352} INFO - Marking task as SUCCESS. dag_id=dag_with_postgres_operator, task_id=create_postgres_table, run_id=scheduled__2024-07-04T00:00:00+00:00, execution_date=20240704T000000, start_date=20241107T203240, end_date=20241107T203241
[2024-11-07T20:32:41.379+0000] {logging_mixin.py:190} INFO - Task instance in success state
[2024-11-07T20:32:41.380+0000] {logging_mixin.py:190} INFO -  Previous state of the Task instance: running
[2024-11-07T20:32:41.383+0000] {logging_mixin.py:190} INFO - Dag name:dag_with_postgres_operator queued_at:2024-11-07 20:32:36.774973+00:00
[2024-11-07T20:32:41.384+0000] {logging_mixin.py:190} INFO - Task hostname:3f85553e814e operator:PostgresOperator
[2024-11-07T20:32:41.423+0000] {local_task_job_runner.py:266} INFO - Task exited with return code 0
[2024-11-07T20:32:41.463+0000] {taskinstance.py:3895} INFO - 1 downstream tasks scheduled from follow-on schedule check
[2024-11-07T20:32:41.466+0000] {local_task_job_runner.py:245} INFO - ::endgroup::
[2024-11-09T21:17:29.469+0000] {local_task_job_runner.py:123} INFO - ::group::Pre task execution logs
[2024-11-09T21:17:29.554+0000] {taskinstance.py:2613} INFO - Dependencies all met for dep_context=non-requeueable deps ti=<TaskInstance: dag_with_postgres_operator.create_postgres_table scheduled__2024-07-04T00:00:00+00:00 [queued]>
[2024-11-09T21:17:29.607+0000] {taskinstance.py:2613} INFO - Dependencies all met for dep_context=requeueable deps ti=<TaskInstance: dag_with_postgres_operator.create_postgres_table scheduled__2024-07-04T00:00:00+00:00 [queued]>
[2024-11-09T21:17:29.616+0000] {taskinstance.py:2866} INFO - Starting attempt 1 of 6
[2024-11-09T21:17:29.828+0000] {taskinstance.py:2889} INFO - Executing <Task(PostgresOperator): create_postgres_table> on 2024-07-04 00:00:00+00:00
[2024-11-09T21:17:29.842+0000] {warnings.py:112} WARNING - /home/***/.local/lib/python3.12/site-packages/***/task/task_runner/standard_task_runner.py:70: DeprecationWarning: This process (pid=397) is multi-threaded, use of fork() may lead to deadlocks in the child.
  pid = os.fork()

[2024-11-09T21:17:29.848+0000] {standard_task_runner.py:72} INFO - Started process 417 to run task
[2024-11-09T21:17:29.851+0000] {standard_task_runner.py:104} INFO - Running: ['***', 'tasks', 'run', 'dag_with_postgres_operator', 'create_postgres_table', 'scheduled__2024-07-04T00:00:00+00:00', '--job-id', '1123', '--raw', '--subdir', 'DAGS_FOLDER/postgres.py', '--cfg-path', '/tmp/tmpwytefe_m']
[2024-11-09T21:17:29.854+0000] {standard_task_runner.py:105} INFO - Job 1123: Subtask create_postgres_table
[2024-11-09T21:17:30.064+0000] {task_command.py:467} INFO - Running <TaskInstance: dag_with_postgres_operator.create_postgres_table scheduled__2024-07-04T00:00:00+00:00 [running]> on host d5d7d0963395
[2024-11-09T21:17:30.339+0000] {taskinstance.py:3132} INFO - Exporting env vars: AIRFLOW_CTX_DAG_OWNER='sumit kumar' AIRFLOW_CTX_DAG_ID='dag_with_postgres_operator' AIRFLOW_CTX_TASK_ID='create_postgres_table' AIRFLOW_CTX_EXECUTION_DATE='2024-07-04T00:00:00+00:00' AIRFLOW_CTX_TRY_NUMBER='1' AIRFLOW_CTX_DAG_RUN_ID='scheduled__2024-07-04T00:00:00+00:00'
[2024-11-09T21:17:30.342+0000] {logging_mixin.py:190} INFO - Task instance is in running state
[2024-11-09T21:17:30.342+0000] {logging_mixin.py:190} INFO -  Previous state of the Task instance: queued
[2024-11-09T21:17:30.343+0000] {logging_mixin.py:190} INFO - Current task name:create_postgres_table state:running start_date:2024-11-09 21:17:29.561816+00:00
[2024-11-09T21:17:30.344+0000] {logging_mixin.py:190} INFO - Dag name:dag_with_postgres_operator and current dag run status:running
[2024-11-09T21:17:30.345+0000] {taskinstance.py:731} INFO - ::endgroup::
[2024-11-09T21:17:30.345+0000] {sql.py:278} INFO - Executing: 
            CREATE TABLE if not exists Orders (
                OrderID INT PRIMARY KEY,
                Status VARCHAR(50)
            )
        
[2024-11-09T21:17:30.362+0000] {base.py:84} INFO - Retrieving connection 'postgres_local'
[2024-11-09T21:17:30.378+0000] {base.py:84} INFO - Retrieving connection 'postgres_local'
[2024-11-09T21:17:30.395+0000] {sql.py:544} INFO - Running statement: 
            CREATE TABLE if not exists Orders (
                OrderID INT PRIMARY KEY,
                Status VARCHAR(50)
            )
        , parameters: None
[2024-11-09T21:17:30.426+0000] {taskinstance.py:340} INFO - ::group::Post task execution logs
[2024-11-09T21:17:30.427+0000] {taskinstance.py:352} INFO - Marking task as SUCCESS. dag_id=dag_with_postgres_operator, task_id=create_postgres_table, run_id=scheduled__2024-07-04T00:00:00+00:00, execution_date=20240704T000000, start_date=20241109T211729, end_date=20241109T211730
[2024-11-09T21:17:30.455+0000] {logging_mixin.py:190} INFO - Task instance in success state
[2024-11-09T21:17:30.456+0000] {logging_mixin.py:190} INFO -  Previous state of the Task instance: running
[2024-11-09T21:17:30.457+0000] {logging_mixin.py:190} INFO - Dag name:dag_with_postgres_operator queued_at:2024-11-09 21:17:20.416089+00:00
[2024-11-09T21:17:30.458+0000] {logging_mixin.py:190} INFO - Task hostname:d5d7d0963395 operator:PostgresOperator
[2024-11-09T21:17:30.473+0000] {local_task_job_runner.py:266} INFO - Task exited with return code 0
[2024-11-09T21:17:30.519+0000] {taskinstance.py:3895} INFO - 1 downstream tasks scheduled from follow-on schedule check
[2024-11-09T21:17:30.524+0000] {local_task_job_runner.py:245} INFO - ::endgroup::
