[2024-11-07T20:26:48.797+0000] {local_task_job_runner.py:123} INFO - ::group::Pre task execution logs
[2024-11-07T20:26:48.838+0000] {taskinstance.py:2613} INFO - Dependencies all met for dep_context=non-requeueable deps ti=<TaskInstance: dag_with_postgres_operator.create_postgres_table scheduled__2024-06-16T00:00:00+00:00 [queued]>
[2024-11-07T20:26:48.854+0000] {taskinstance.py:2613} INFO - Dependencies all met for dep_context=requeueable deps ti=<TaskInstance: dag_with_postgres_operator.create_postgres_table scheduled__2024-06-16T00:00:00+00:00 [queued]>
[2024-11-07T20:26:48.859+0000] {taskinstance.py:2866} INFO - Starting attempt 1 of 6
[2024-11-07T20:26:48.886+0000] {taskinstance.py:2889} INFO - Executing <Task(PostgresOperator): create_postgres_table> on 2024-06-16 00:00:00+00:00
[2024-11-07T20:26:48.897+0000] {warnings.py:112} WARNING - /home/***/.local/lib/python3.12/site-packages/***/task/task_runner/standard_task_runner.py:70: DeprecationWarning: This process (pid=1954) is multi-threaded, use of fork() may lead to deadlocks in the child.
  pid = os.fork()

[2024-11-07T20:26:48.903+0000] {standard_task_runner.py:72} INFO - Started process 1968 to run task
[2024-11-07T20:26:48.901+0000] {standard_task_runner.py:104} INFO - Running: ['***', 'tasks', 'run', 'dag_with_postgres_operator', 'create_postgres_table', 'scheduled__2024-06-16T00:00:00+00:00', '--job-id', '1015', '--raw', '--subdir', 'DAGS_FOLDER/postgres.py', '--cfg-path', '/tmp/tmpvtbim_af']
[2024-11-07T20:26:48.905+0000] {standard_task_runner.py:105} INFO - Job 1015: Subtask create_postgres_table
[2024-11-07T20:26:49.031+0000] {task_command.py:467} INFO - Running <TaskInstance: dag_with_postgres_operator.create_postgres_table scheduled__2024-06-16T00:00:00+00:00 [running]> on host 3f85553e814e
[2024-11-07T20:26:49.735+0000] {taskinstance.py:3132} INFO - Exporting env vars: AIRFLOW_CTX_DAG_OWNER='sumit kumar' AIRFLOW_CTX_DAG_ID='dag_with_postgres_operator' AIRFLOW_CTX_TASK_ID='create_postgres_table' AIRFLOW_CTX_EXECUTION_DATE='2024-06-16T00:00:00+00:00' AIRFLOW_CTX_TRY_NUMBER='1' AIRFLOW_CTX_DAG_RUN_ID='scheduled__2024-06-16T00:00:00+00:00'
[2024-11-07T20:26:49.737+0000] {logging_mixin.py:190} INFO - Task instance is in running state
[2024-11-07T20:26:49.738+0000] {logging_mixin.py:190} INFO -  Previous state of the Task instance: queued
[2024-11-07T20:26:49.741+0000] {logging_mixin.py:190} INFO - Current task name:create_postgres_table state:running start_date:2024-11-07 20:26:48.839863+00:00
[2024-11-07T20:26:49.742+0000] {logging_mixin.py:190} INFO - Dag name:dag_with_postgres_operator and current dag run status:running
[2024-11-07T20:26:49.747+0000] {taskinstance.py:731} INFO - ::endgroup::
[2024-11-07T20:26:49.748+0000] {sql.py:278} INFO - Executing: 
            CREATE TABLE if not exists Orders (
                OrderID INT PRIMARY KEY,
                Status VARCHAR(50)
            )
        
[2024-11-07T20:26:49.767+0000] {base.py:84} INFO - Retrieving connection 'postgres_local'
[2024-11-07T20:26:49.798+0000] {base.py:84} INFO - Retrieving connection 'postgres_local'
[2024-11-07T20:26:49.828+0000] {sql.py:544} INFO - Running statement: 
            CREATE TABLE if not exists Orders (
                OrderID INT PRIMARY KEY,
                Status VARCHAR(50)
            )
        , parameters: None
[2024-11-07T20:26:49.863+0000] {taskinstance.py:340} INFO - ::group::Post task execution logs
[2024-11-07T20:26:49.864+0000] {taskinstance.py:352} INFO - Marking task as SUCCESS. dag_id=dag_with_postgres_operator, task_id=create_postgres_table, run_id=scheduled__2024-06-16T00:00:00+00:00, execution_date=20240616T000000, start_date=20241107T202648, end_date=20241107T202649
[2024-11-07T20:26:49.900+0000] {logging_mixin.py:190} INFO - Task instance in success state
[2024-11-07T20:26:49.903+0000] {logging_mixin.py:190} INFO -  Previous state of the Task instance: running
[2024-11-07T20:26:49.908+0000] {logging_mixin.py:190} INFO - Dag name:dag_with_postgres_operator queued_at:2024-11-07 20:26:45.541458+00:00
[2024-11-07T20:26:49.914+0000] {logging_mixin.py:190} INFO - Task hostname:3f85553e814e operator:PostgresOperator
[2024-11-07T20:26:49.982+0000] {local_task_job_runner.py:266} INFO - Task exited with return code 0
[2024-11-07T20:26:50.036+0000] {taskinstance.py:3895} INFO - 1 downstream tasks scheduled from follow-on schedule check
[2024-11-07T20:26:50.050+0000] {local_task_job_runner.py:245} INFO - ::endgroup::
[2024-11-09T21:09:02.508+0000] {local_task_job_runner.py:123} INFO - ::group::Pre task execution logs
[2024-11-09T21:09:02.600+0000] {taskinstance.py:2613} INFO - Dependencies all met for dep_context=non-requeueable deps ti=<TaskInstance: dag_with_postgres_operator.create_postgres_table scheduled__2024-06-16T00:00:00+00:00 [queued]>
[2024-11-09T21:09:02.656+0000] {taskinstance.py:2613} INFO - Dependencies all met for dep_context=requeueable deps ti=<TaskInstance: dag_with_postgres_operator.create_postgres_table scheduled__2024-06-16T00:00:00+00:00 [queued]>
[2024-11-09T21:09:02.657+0000] {taskinstance.py:2866} INFO - Starting attempt 1 of 6
[2024-11-09T21:09:02.745+0000] {taskinstance.py:2889} INFO - Executing <Task(PostgresOperator): create_postgres_table> on 2024-06-16 00:00:00+00:00
[2024-11-09T21:09:02.766+0000] {warnings.py:112} WARNING - /home/***/.local/lib/python3.12/site-packages/***/task/task_runner/standard_task_runner.py:70: DeprecationWarning: This process (pid=156) is multi-threaded, use of fork() may lead to deadlocks in the child.
  pid = os.fork()

[2024-11-09T21:09:02.772+0000] {standard_task_runner.py:72} INFO - Started process 232 to run task
[2024-11-09T21:09:02.785+0000] {standard_task_runner.py:104} INFO - Running: ['***', 'tasks', 'run', 'dag_with_postgres_operator', 'create_postgres_table', 'scheduled__2024-06-16T00:00:00+00:00', '--job-id', '1011', '--raw', '--subdir', 'DAGS_FOLDER/postgres.py', '--cfg-path', '/tmp/tmplcqqaif1']
[2024-11-09T21:09:02.794+0000] {standard_task_runner.py:105} INFO - Job 1011: Subtask create_postgres_table
[2024-11-09T21:09:03.128+0000] {task_command.py:467} INFO - Running <TaskInstance: dag_with_postgres_operator.create_postgres_table scheduled__2024-06-16T00:00:00+00:00 [running]> on host ca62e4f241b9
[2024-11-09T21:09:03.863+0000] {taskinstance.py:3132} INFO - Exporting env vars: AIRFLOW_CTX_DAG_OWNER='sumit kumar' AIRFLOW_CTX_DAG_ID='dag_with_postgres_operator' AIRFLOW_CTX_TASK_ID='create_postgres_table' AIRFLOW_CTX_EXECUTION_DATE='2024-06-16T00:00:00+00:00' AIRFLOW_CTX_TRY_NUMBER='1' AIRFLOW_CTX_DAG_RUN_ID='scheduled__2024-06-16T00:00:00+00:00'
[2024-11-09T21:09:03.870+0000] {logging_mixin.py:190} INFO - Task instance is in running state
[2024-11-09T21:09:03.871+0000] {logging_mixin.py:190} INFO -  Previous state of the Task instance: queued
[2024-11-09T21:09:03.872+0000] {logging_mixin.py:190} INFO - Current task name:create_postgres_table state:running start_date:2024-11-09 21:09:02.601518+00:00
[2024-11-09T21:09:03.873+0000] {logging_mixin.py:190} INFO - Dag name:dag_with_postgres_operator and current dag run status:running
[2024-11-09T21:09:03.880+0000] {taskinstance.py:731} INFO - ::endgroup::
[2024-11-09T21:09:03.882+0000] {sql.py:278} INFO - Executing: 
            CREATE TABLE if not exists Orders (
                OrderID INT PRIMARY KEY,
                Status VARCHAR(50)
            )
        
[2024-11-09T21:09:03.924+0000] {base.py:84} INFO - Retrieving connection 'postgres_local'
[2024-11-09T21:09:03.952+0000] {base.py:84} INFO - Retrieving connection 'postgres_local'
[2024-11-09T21:09:03.992+0000] {sql.py:544} INFO - Running statement: 
            CREATE TABLE if not exists Orders (
                OrderID INT PRIMARY KEY,
                Status VARCHAR(50)
            )
        , parameters: None
[2024-11-09T21:09:04.046+0000] {taskinstance.py:340} INFO - ::group::Post task execution logs
[2024-11-09T21:09:04.048+0000] {taskinstance.py:352} INFO - Marking task as SUCCESS. dag_id=dag_with_postgres_operator, task_id=create_postgres_table, run_id=scheduled__2024-06-16T00:00:00+00:00, execution_date=20240616T000000, start_date=20241109T210902, end_date=20241109T210904
[2024-11-09T21:09:04.096+0000] {logging_mixin.py:190} INFO - Task instance in success state
[2024-11-09T21:09:04.098+0000] {logging_mixin.py:190} INFO -  Previous state of the Task instance: running
[2024-11-09T21:09:04.101+0000] {logging_mixin.py:190} INFO - Dag name:dag_with_postgres_operator queued_at:2024-11-09 21:08:28.387970+00:00
[2024-11-09T21:09:04.102+0000] {logging_mixin.py:190} INFO - Task hostname:ca62e4f241b9 operator:PostgresOperator
[2024-11-09T21:09:04.144+0000] {local_task_job_runner.py:266} INFO - Task exited with return code 0
[2024-11-09T21:09:04.227+0000] {taskinstance.py:3895} INFO - 1 downstream tasks scheduled from follow-on schedule check
[2024-11-09T21:09:04.254+0000] {local_task_job_runner.py:245} INFO - ::endgroup::
