[2024-11-07T21:14:54.606+0000] {local_task_job_runner.py:123} INFO - ::group::Pre task execution logs
[2024-11-07T21:14:54.635+0000] {taskinstance.py:2613} INFO - Dependencies all met for dep_context=non-requeueable deps ti=<TaskInstance: dag_with_postgres_operator.create_postgres_table scheduled__2024-10-29T00:00:00+00:00 [queued]>
[2024-11-07T21:14:54.651+0000] {taskinstance.py:2613} INFO - Dependencies all met for dep_context=requeueable deps ti=<TaskInstance: dag_with_postgres_operator.create_postgres_table scheduled__2024-10-29T00:00:00+00:00 [queued]>
[2024-11-07T21:14:54.656+0000] {taskinstance.py:2866} INFO - Starting attempt 1 of 6
[2024-11-07T21:14:54.677+0000] {taskinstance.py:2889} INFO - Executing <Task(PostgresOperator): create_postgres_table> on 2024-10-29 00:00:00+00:00
[2024-11-07T21:14:54.687+0000] {warnings.py:112} WARNING - /home/***/.local/lib/python3.12/site-packages/***/task/task_runner/standard_task_runner.py:70: DeprecationWarning: This process (pid=6196) is multi-threaded, use of fork() may lead to deadlocks in the child.
  pid = os.fork()

[2024-11-07T21:14:54.690+0000] {standard_task_runner.py:72} INFO - Started process 6198 to run task
[2024-11-07T21:14:54.691+0000] {standard_task_runner.py:104} INFO - Running: ['***', 'tasks', 'run', 'dag_with_postgres_operator', 'create_postgres_table', 'scheduled__2024-10-29T00:00:00+00:00', '--job-id', '1932', '--raw', '--subdir', 'DAGS_FOLDER/postgres.py', '--cfg-path', '/tmp/tmpsxsjauq0']
[2024-11-07T21:14:54.693+0000] {standard_task_runner.py:105} INFO - Job 1932: Subtask create_postgres_table
[2024-11-07T21:14:54.771+0000] {task_command.py:467} INFO - Running <TaskInstance: dag_with_postgres_operator.create_postgres_table scheduled__2024-10-29T00:00:00+00:00 [running]> on host 3f85553e814e
[2024-11-07T21:14:55.195+0000] {taskinstance.py:3132} INFO - Exporting env vars: AIRFLOW_CTX_DAG_OWNER='sumit kumar' AIRFLOW_CTX_DAG_ID='dag_with_postgres_operator' AIRFLOW_CTX_TASK_ID='create_postgres_table' AIRFLOW_CTX_EXECUTION_DATE='2024-10-29T00:00:00+00:00' AIRFLOW_CTX_TRY_NUMBER='1' AIRFLOW_CTX_DAG_RUN_ID='scheduled__2024-10-29T00:00:00+00:00'
[2024-11-07T21:14:55.197+0000] {logging_mixin.py:190} INFO - Task instance is in running state
[2024-11-07T21:14:55.198+0000] {logging_mixin.py:190} INFO -  Previous state of the Task instance: queued
[2024-11-07T21:14:55.199+0000] {logging_mixin.py:190} INFO - Current task name:create_postgres_table state:running start_date:2024-11-07 21:14:54.636146+00:00
[2024-11-07T21:14:55.200+0000] {logging_mixin.py:190} INFO - Dag name:dag_with_postgres_operator and current dag run status:running
[2024-11-07T21:14:55.201+0000] {taskinstance.py:731} INFO - ::endgroup::
[2024-11-07T21:14:55.202+0000] {sql.py:278} INFO - Executing: 
            CREATE TABLE if not exists Orders (
                OrderID INT PRIMARY KEY,
                Status VARCHAR(50)
            )
        
[2024-11-07T21:14:55.215+0000] {base.py:84} INFO - Retrieving connection 'postgres_local'
[2024-11-07T21:14:55.230+0000] {base.py:84} INFO - Retrieving connection 'postgres_local'
[2024-11-07T21:14:55.248+0000] {sql.py:544} INFO - Running statement: 
            CREATE TABLE if not exists Orders (
                OrderID INT PRIMARY KEY,
                Status VARCHAR(50)
            )
        , parameters: None
[2024-11-07T21:14:55.275+0000] {taskinstance.py:340} INFO - ::group::Post task execution logs
[2024-11-07T21:14:55.277+0000] {taskinstance.py:352} INFO - Marking task as SUCCESS. dag_id=dag_with_postgres_operator, task_id=create_postgres_table, run_id=scheduled__2024-10-29T00:00:00+00:00, execution_date=20241029T000000, start_date=20241107T211454, end_date=20241107T211455
[2024-11-07T21:14:55.298+0000] {logging_mixin.py:190} INFO - Task instance in success state
[2024-11-07T21:14:55.299+0000] {logging_mixin.py:190} INFO -  Previous state of the Task instance: running
[2024-11-07T21:14:55.299+0000] {logging_mixin.py:190} INFO - Dag name:dag_with_postgres_operator queued_at:2024-11-07 21:14:51.593140+00:00
[2024-11-07T21:14:55.301+0000] {logging_mixin.py:190} INFO - Task hostname:3f85553e814e operator:PostgresOperator
[2024-11-07T21:14:55.349+0000] {local_task_job_runner.py:266} INFO - Task exited with return code 0
[2024-11-07T21:14:55.403+0000] {taskinstance.py:3895} INFO - 1 downstream tasks scheduled from follow-on schedule check
[2024-11-07T21:14:55.412+0000] {local_task_job_runner.py:245} INFO - ::endgroup::
[2024-11-09T22:05:35.347+0000] {local_task_job_runner.py:123} INFO - ::group::Pre task execution logs
[2024-11-09T22:05:35.374+0000] {taskinstance.py:2613} INFO - Dependencies all met for dep_context=non-requeueable deps ti=<TaskInstance: dag_with_postgres_operator.create_postgres_table scheduled__2024-10-29T00:00:00+00:00 [queued]>
[2024-11-09T22:05:35.394+0000] {taskinstance.py:2613} INFO - Dependencies all met for dep_context=requeueable deps ti=<TaskInstance: dag_with_postgres_operator.create_postgres_table scheduled__2024-10-29T00:00:00+00:00 [queued]>
[2024-11-09T22:05:35.395+0000] {taskinstance.py:2866} INFO - Starting attempt 1 of 6
[2024-11-09T22:05:35.428+0000] {taskinstance.py:2889} INFO - Executing <Task(PostgresOperator): create_postgres_table> on 2024-10-29 00:00:00+00:00
[2024-11-09T22:05:35.440+0000] {warnings.py:112} WARNING - /home/***/.local/lib/python3.12/site-packages/***/task/task_runner/standard_task_runner.py:70: DeprecationWarning: This process (pid=2361) is multi-threaded, use of fork() may lead to deadlocks in the child.
  pid = os.fork()

[2024-11-09T22:05:35.444+0000] {standard_task_runner.py:72} INFO - Started process 2367 to run task
[2024-11-09T22:05:35.444+0000] {standard_task_runner.py:104} INFO - Running: ['***', 'tasks', 'run', 'dag_with_postgres_operator', 'create_postgres_table', 'scheduled__2024-10-29T00:00:00+00:00', '--job-id', '1923', '--raw', '--subdir', 'DAGS_FOLDER/postgres.py', '--cfg-path', '/tmp/tmpn53lnvyh']
[2024-11-09T22:05:35.447+0000] {standard_task_runner.py:105} INFO - Job 1923: Subtask create_postgres_table
[2024-11-09T22:05:35.525+0000] {task_command.py:467} INFO - Running <TaskInstance: dag_with_postgres_operator.create_postgres_table scheduled__2024-10-29T00:00:00+00:00 [running]> on host 4778426a6c09
[2024-11-09T22:05:35.679+0000] {taskinstance.py:3132} INFO - Exporting env vars: AIRFLOW_CTX_DAG_OWNER='sumit kumar' AIRFLOW_CTX_DAG_ID='dag_with_postgres_operator' AIRFLOW_CTX_TASK_ID='create_postgres_table' AIRFLOW_CTX_EXECUTION_DATE='2024-10-29T00:00:00+00:00' AIRFLOW_CTX_TRY_NUMBER='1' AIRFLOW_CTX_DAG_RUN_ID='scheduled__2024-10-29T00:00:00+00:00'
[2024-11-09T22:05:35.681+0000] {logging_mixin.py:190} INFO - Task instance is in running state
[2024-11-09T22:05:35.682+0000] {logging_mixin.py:190} INFO -  Previous state of the Task instance: queued
[2024-11-09T22:05:35.682+0000] {logging_mixin.py:190} INFO - Current task name:create_postgres_table state:running start_date:2024-11-09 22:05:35.375299+00:00
[2024-11-09T22:05:35.683+0000] {logging_mixin.py:190} INFO - Dag name:dag_with_postgres_operator and current dag run status:running
[2024-11-09T22:05:35.683+0000] {taskinstance.py:731} INFO - ::endgroup::
[2024-11-09T22:05:35.684+0000] {sql.py:278} INFO - Executing: 
            CREATE TABLE if not exists Orders (
                OrderID INT PRIMARY KEY,
                Status VARCHAR(50)
            )
        
[2024-11-09T22:05:35.695+0000] {base.py:84} INFO - Retrieving connection 'postgres_local'
[2024-11-09T22:05:35.707+0000] {base.py:84} INFO - Retrieving connection 'postgres_local'
[2024-11-09T22:05:35.720+0000] {sql.py:544} INFO - Running statement: 
            CREATE TABLE if not exists Orders (
                OrderID INT PRIMARY KEY,
                Status VARCHAR(50)
            )
        , parameters: None
[2024-11-09T22:05:35.740+0000] {taskinstance.py:340} INFO - ::group::Post task execution logs
[2024-11-09T22:05:35.741+0000] {taskinstance.py:352} INFO - Marking task as SUCCESS. dag_id=dag_with_postgres_operator, task_id=create_postgres_table, run_id=scheduled__2024-10-29T00:00:00+00:00, execution_date=20241029T000000, start_date=20241109T220535, end_date=20241109T220535
[2024-11-09T22:05:35.756+0000] {logging_mixin.py:190} INFO - Task instance in success state
[2024-11-09T22:05:35.757+0000] {logging_mixin.py:190} INFO -  Previous state of the Task instance: running
[2024-11-09T22:05:35.760+0000] {logging_mixin.py:190} INFO - Dag name:dag_with_postgres_operator queued_at:2024-11-09 22:05:31.890297+00:00
[2024-11-09T22:05:35.760+0000] {logging_mixin.py:190} INFO - Task hostname:4778426a6c09 operator:PostgresOperator
[2024-11-09T22:05:35.782+0000] {local_task_job_runner.py:266} INFO - Task exited with return code 0
[2024-11-09T22:05:35.810+0000] {taskinstance.py:3895} INFO - 1 downstream tasks scheduled from follow-on schedule check
[2024-11-09T22:05:35.813+0000] {local_task_job_runner.py:245} INFO - ::endgroup::
