[2024-11-07T20:32:41.095+0000] {local_task_job_runner.py:123} INFO - ::group::Pre task execution logs
[2024-11-07T20:32:41.128+0000] {taskinstance.py:2613} INFO - Dependencies all met for dep_context=non-requeueable deps ti=<TaskInstance: dag_with_postgres_operator.create_postgres_table scheduled__2024-07-06T00:00:00+00:00 [queued]>
[2024-11-07T20:32:41.147+0000] {taskinstance.py:2613} INFO - Dependencies all met for dep_context=requeueable deps ti=<TaskInstance: dag_with_postgres_operator.create_postgres_table scheduled__2024-07-06T00:00:00+00:00 [queued]>
[2024-11-07T20:32:41.148+0000] {taskinstance.py:2866} INFO - Starting attempt 1 of 6
[2024-11-07T20:32:41.179+0000] {taskinstance.py:2889} INFO - Executing <Task(PostgresOperator): create_postgres_table> on 2024-07-06 00:00:00+00:00
[2024-11-07T20:32:41.192+0000] {warnings.py:112} WARNING - /home/***/.local/lib/python3.12/site-packages/***/task/task_runner/standard_task_runner.py:70: DeprecationWarning: This process (pid=2494) is multi-threaded, use of fork() may lead to deadlocks in the child.
  pid = os.fork()

[2024-11-07T20:32:41.195+0000] {standard_task_runner.py:72} INFO - Started process 2513 to run task
[2024-11-07T20:32:41.195+0000] {standard_task_runner.py:104} INFO - Running: ['***', 'tasks', 'run', 'dag_with_postgres_operator', 'create_postgres_table', 'scheduled__2024-07-06T00:00:00+00:00', '--job-id', '1134', '--raw', '--subdir', 'DAGS_FOLDER/postgres.py', '--cfg-path', '/tmp/tmp556mz6yx']
[2024-11-07T20:32:41.197+0000] {standard_task_runner.py:105} INFO - Job 1134: Subtask create_postgres_table
[2024-11-07T20:32:41.283+0000] {task_command.py:467} INFO - Running <TaskInstance: dag_with_postgres_operator.create_postgres_table scheduled__2024-07-06T00:00:00+00:00 [running]> on host 3f85553e814e
[2024-11-07T20:32:41.800+0000] {taskinstance.py:3132} INFO - Exporting env vars: AIRFLOW_CTX_DAG_OWNER='sumit kumar' AIRFLOW_CTX_DAG_ID='dag_with_postgres_operator' AIRFLOW_CTX_TASK_ID='create_postgres_table' AIRFLOW_CTX_EXECUTION_DATE='2024-07-06T00:00:00+00:00' AIRFLOW_CTX_TRY_NUMBER='1' AIRFLOW_CTX_DAG_RUN_ID='scheduled__2024-07-06T00:00:00+00:00'
[2024-11-07T20:32:41.802+0000] {logging_mixin.py:190} INFO - Task instance is in running state
[2024-11-07T20:32:41.803+0000] {logging_mixin.py:190} INFO -  Previous state of the Task instance: queued
[2024-11-07T20:32:41.803+0000] {logging_mixin.py:190} INFO - Current task name:create_postgres_table state:running start_date:2024-11-07 20:32:41.129287+00:00
[2024-11-07T20:32:41.804+0000] {logging_mixin.py:190} INFO - Dag name:dag_with_postgres_operator and current dag run status:running
[2024-11-07T20:32:41.805+0000] {taskinstance.py:731} INFO - ::endgroup::
[2024-11-07T20:32:41.806+0000] {sql.py:278} INFO - Executing: 
            CREATE TABLE if not exists Orders (
                OrderID INT PRIMARY KEY,
                Status VARCHAR(50)
            )
        
[2024-11-07T20:32:41.836+0000] {base.py:84} INFO - Retrieving connection 'postgres_local'
[2024-11-07T20:32:41.867+0000] {base.py:84} INFO - Retrieving connection 'postgres_local'
[2024-11-07T20:32:41.882+0000] {sql.py:544} INFO - Running statement: 
            CREATE TABLE if not exists Orders (
                OrderID INT PRIMARY KEY,
                Status VARCHAR(50)
            )
        , parameters: None
[2024-11-07T20:32:41.908+0000] {taskinstance.py:340} INFO - ::group::Post task execution logs
[2024-11-07T20:32:41.909+0000] {taskinstance.py:352} INFO - Marking task as SUCCESS. dag_id=dag_with_postgres_operator, task_id=create_postgres_table, run_id=scheduled__2024-07-06T00:00:00+00:00, execution_date=20240706T000000, start_date=20241107T203241, end_date=20241107T203241
[2024-11-07T20:32:41.925+0000] {logging_mixin.py:190} INFO - Task instance in success state
[2024-11-07T20:32:41.926+0000] {logging_mixin.py:190} INFO -  Previous state of the Task instance: running
[2024-11-07T20:32:41.927+0000] {logging_mixin.py:190} INFO - Dag name:dag_with_postgres_operator queued_at:2024-11-07 20:32:37.289645+00:00
[2024-11-07T20:32:41.928+0000] {logging_mixin.py:190} INFO - Task hostname:3f85553e814e operator:PostgresOperator
[2024-11-07T20:32:41.976+0000] {local_task_job_runner.py:266} INFO - Task exited with return code 0
[2024-11-07T20:32:42.024+0000] {taskinstance.py:3895} INFO - 1 downstream tasks scheduled from follow-on schedule check
[2024-11-07T20:32:42.031+0000] {local_task_job_runner.py:245} INFO - ::endgroup::
[2024-11-09T21:17:55.434+0000] {local_task_job_runner.py:123} INFO - ::group::Pre task execution logs
[2024-11-09T21:17:55.472+0000] {taskinstance.py:2613} INFO - Dependencies all met for dep_context=non-requeueable deps ti=<TaskInstance: dag_with_postgres_operator.create_postgres_table scheduled__2024-07-06T00:00:00+00:00 [queued]>
[2024-11-09T21:17:55.491+0000] {taskinstance.py:2613} INFO - Dependencies all met for dep_context=requeueable deps ti=<TaskInstance: dag_with_postgres_operator.create_postgres_table scheduled__2024-07-06T00:00:00+00:00 [queued]>
[2024-11-09T21:17:55.492+0000] {taskinstance.py:2866} INFO - Starting attempt 1 of 6
[2024-11-09T21:17:55.528+0000] {taskinstance.py:2889} INFO - Executing <Task(PostgresOperator): create_postgres_table> on 2024-07-06 00:00:00+00:00
[2024-11-09T21:17:55.547+0000] {warnings.py:112} WARNING - /home/***/.local/lib/python3.12/site-packages/***/task/task_runner/standard_task_runner.py:70: DeprecationWarning: This process (pid=463) is multi-threaded, use of fork() may lead to deadlocks in the child.
  pid = os.fork()

[2024-11-09T21:17:55.551+0000] {standard_task_runner.py:72} INFO - Started process 480 to run task
[2024-11-09T21:17:55.555+0000] {standard_task_runner.py:104} INFO - Running: ['***', 'tasks', 'run', 'dag_with_postgres_operator', 'create_postgres_table', 'scheduled__2024-07-06T00:00:00+00:00', '--job-id', '1136', '--raw', '--subdir', 'DAGS_FOLDER/postgres.py', '--cfg-path', '/tmp/tmpi4bo85hj']
[2024-11-09T21:17:55.558+0000] {standard_task_runner.py:105} INFO - Job 1136: Subtask create_postgres_table
[2024-11-09T21:17:55.669+0000] {task_command.py:467} INFO - Running <TaskInstance: dag_with_postgres_operator.create_postgres_table scheduled__2024-07-06T00:00:00+00:00 [running]> on host d5d7d0963395
[2024-11-09T21:17:55.914+0000] {taskinstance.py:3132} INFO - Exporting env vars: AIRFLOW_CTX_DAG_OWNER='sumit kumar' AIRFLOW_CTX_DAG_ID='dag_with_postgres_operator' AIRFLOW_CTX_TASK_ID='create_postgres_table' AIRFLOW_CTX_EXECUTION_DATE='2024-07-06T00:00:00+00:00' AIRFLOW_CTX_TRY_NUMBER='1' AIRFLOW_CTX_DAG_RUN_ID='scheduled__2024-07-06T00:00:00+00:00'
[2024-11-09T21:17:55.918+0000] {logging_mixin.py:190} INFO - Task instance is in running state
[2024-11-09T21:17:55.919+0000] {logging_mixin.py:190} INFO -  Previous state of the Task instance: queued
[2024-11-09T21:17:55.925+0000] {logging_mixin.py:190} INFO - Current task name:create_postgres_table state:running start_date:2024-11-09 21:17:55.473516+00:00
[2024-11-09T21:17:55.926+0000] {logging_mixin.py:190} INFO - Dag name:dag_with_postgres_operator and current dag run status:running
[2024-11-09T21:17:55.928+0000] {taskinstance.py:731} INFO - ::endgroup::
[2024-11-09T21:17:55.929+0000] {sql.py:278} INFO - Executing: 
            CREATE TABLE if not exists Orders (
                OrderID INT PRIMARY KEY,
                Status VARCHAR(50)
            )
        
[2024-11-09T21:17:55.954+0000] {base.py:84} INFO - Retrieving connection 'postgres_local'
[2024-11-09T21:17:55.978+0000] {base.py:84} INFO - Retrieving connection 'postgres_local'
[2024-11-09T21:17:56.000+0000] {sql.py:544} INFO - Running statement: 
            CREATE TABLE if not exists Orders (
                OrderID INT PRIMARY KEY,
                Status VARCHAR(50)
            )
        , parameters: None
[2024-11-09T21:17:56.041+0000] {taskinstance.py:340} INFO - ::group::Post task execution logs
[2024-11-09T21:17:56.043+0000] {taskinstance.py:352} INFO - Marking task as SUCCESS. dag_id=dag_with_postgres_operator, task_id=create_postgres_table, run_id=scheduled__2024-07-06T00:00:00+00:00, execution_date=20240706T000000, start_date=20241109T211755, end_date=20241109T211756
[2024-11-09T21:17:56.066+0000] {logging_mixin.py:190} INFO - Task instance in success state
[2024-11-09T21:17:56.067+0000] {logging_mixin.py:190} INFO -  Previous state of the Task instance: running
[2024-11-09T21:17:56.069+0000] {logging_mixin.py:190} INFO - Dag name:dag_with_postgres_operator queued_at:2024-11-09 21:17:50.064882+00:00
[2024-11-09T21:17:56.074+0000] {logging_mixin.py:190} INFO - Task hostname:d5d7d0963395 operator:PostgresOperator
[2024-11-09T21:17:56.140+0000] {local_task_job_runner.py:266} INFO - Task exited with return code 0
[2024-11-09T21:17:56.216+0000] {taskinstance.py:3895} INFO - 1 downstream tasks scheduled from follow-on schedule check
[2024-11-09T21:17:56.221+0000] {local_task_job_runner.py:245} INFO - ::endgroup::
