[2024-11-07T20:39:20.848+0000] {local_task_job_runner.py:123} INFO - ::group::Pre task execution logs
[2024-11-07T20:39:20.887+0000] {taskinstance.py:2613} INFO - Dependencies all met for dep_context=non-requeueable deps ti=<TaskInstance: dag_with_postgres_operator.create_postgres_table scheduled__2024-07-26T00:00:00+00:00 [queued]>
[2024-11-07T20:39:20.905+0000] {taskinstance.py:2613} INFO - Dependencies all met for dep_context=requeueable deps ti=<TaskInstance: dag_with_postgres_operator.create_postgres_table scheduled__2024-07-26T00:00:00+00:00 [queued]>
[2024-11-07T20:39:20.906+0000] {taskinstance.py:2866} INFO - Starting attempt 1 of 6
[2024-11-07T20:39:20.943+0000] {taskinstance.py:2889} INFO - Executing <Task(PostgresOperator): create_postgres_table> on 2024-07-26 00:00:00+00:00
[2024-11-07T20:39:20.955+0000] {warnings.py:112} WARNING - /home/***/.local/lib/python3.12/site-packages/***/task/task_runner/standard_task_runner.py:70: DeprecationWarning: This process (pid=3110) is multi-threaded, use of fork() may lead to deadlocks in the child.
  pid = os.fork()

[2024-11-07T20:39:20.958+0000] {standard_task_runner.py:72} INFO - Started process 3124 to run task
[2024-11-07T20:39:20.960+0000] {standard_task_runner.py:104} INFO - Running: ['***', 'tasks', 'run', 'dag_with_postgres_operator', 'create_postgres_table', 'scheduled__2024-07-26T00:00:00+00:00', '--job-id', '1266', '--raw', '--subdir', 'DAGS_FOLDER/postgres.py', '--cfg-path', '/tmp/tmpdr13l_gi']
[2024-11-07T20:39:20.962+0000] {standard_task_runner.py:105} INFO - Job 1266: Subtask create_postgres_table
[2024-11-07T20:39:21.078+0000] {task_command.py:467} INFO - Running <TaskInstance: dag_with_postgres_operator.create_postgres_table scheduled__2024-07-26T00:00:00+00:00 [running]> on host 3f85553e814e
[2024-11-07T20:39:21.284+0000] {taskinstance.py:3132} INFO - Exporting env vars: AIRFLOW_CTX_DAG_OWNER='sumit kumar' AIRFLOW_CTX_DAG_ID='dag_with_postgres_operator' AIRFLOW_CTX_TASK_ID='create_postgres_table' AIRFLOW_CTX_EXECUTION_DATE='2024-07-26T00:00:00+00:00' AIRFLOW_CTX_TRY_NUMBER='1' AIRFLOW_CTX_DAG_RUN_ID='scheduled__2024-07-26T00:00:00+00:00'
[2024-11-07T20:39:21.288+0000] {logging_mixin.py:190} INFO - Task instance is in running state
[2024-11-07T20:39:21.289+0000] {logging_mixin.py:190} INFO -  Previous state of the Task instance: queued
[2024-11-07T20:39:21.290+0000] {logging_mixin.py:190} INFO - Current task name:create_postgres_table state:running start_date:2024-11-07 20:39:20.888363+00:00
[2024-11-07T20:39:21.291+0000] {logging_mixin.py:190} INFO - Dag name:dag_with_postgres_operator and current dag run status:running
[2024-11-07T20:39:21.292+0000] {taskinstance.py:731} INFO - ::endgroup::
[2024-11-07T20:39:21.293+0000] {sql.py:278} INFO - Executing: 
            CREATE TABLE if not exists Orders (
                OrderID INT PRIMARY KEY,
                Status VARCHAR(50)
            )
        
[2024-11-07T20:39:21.307+0000] {base.py:84} INFO - Retrieving connection 'postgres_local'
[2024-11-07T20:39:21.324+0000] {base.py:84} INFO - Retrieving connection 'postgres_local'
[2024-11-07T20:39:21.344+0000] {sql.py:544} INFO - Running statement: 
            CREATE TABLE if not exists Orders (
                OrderID INT PRIMARY KEY,
                Status VARCHAR(50)
            )
        , parameters: None
[2024-11-07T20:39:21.376+0000] {taskinstance.py:340} INFO - ::group::Post task execution logs
[2024-11-07T20:39:21.377+0000] {taskinstance.py:352} INFO - Marking task as SUCCESS. dag_id=dag_with_postgres_operator, task_id=create_postgres_table, run_id=scheduled__2024-07-26T00:00:00+00:00, execution_date=20240726T000000, start_date=20241107T203920, end_date=20241107T203921
[2024-11-07T20:39:21.410+0000] {logging_mixin.py:190} INFO - Task instance in success state
[2024-11-07T20:39:21.412+0000] {logging_mixin.py:190} INFO -  Previous state of the Task instance: running
[2024-11-07T20:39:21.414+0000] {logging_mixin.py:190} INFO - Dag name:dag_with_postgres_operator queued_at:2024-11-07 20:39:16.842081+00:00
[2024-11-07T20:39:21.415+0000] {logging_mixin.py:190} INFO - Task hostname:3f85553e814e operator:PostgresOperator
[2024-11-07T20:39:21.464+0000] {local_task_job_runner.py:266} INFO - Task exited with return code 0
[2024-11-07T20:39:21.522+0000] {taskinstance.py:3895} INFO - 1 downstream tasks scheduled from follow-on schedule check
[2024-11-07T20:39:21.532+0000] {local_task_job_runner.py:245} INFO - ::endgroup::
[2024-11-09T21:27:31.008+0000] {local_task_job_runner.py:123} INFO - ::group::Pre task execution logs
[2024-11-09T21:27:31.099+0000] {taskinstance.py:2613} INFO - Dependencies all met for dep_context=non-requeueable deps ti=<TaskInstance: dag_with_postgres_operator.create_postgres_table scheduled__2024-07-26T00:00:00+00:00 [queued]>
[2024-11-09T21:27:31.139+0000] {taskinstance.py:2613} INFO - Dependencies all met for dep_context=requeueable deps ti=<TaskInstance: dag_with_postgres_operator.create_postgres_table scheduled__2024-07-26T00:00:00+00:00 [queued]>
[2024-11-09T21:27:31.140+0000] {taskinstance.py:2866} INFO - Starting attempt 1 of 6
[2024-11-09T21:27:31.233+0000] {taskinstance.py:2889} INFO - Executing <Task(PostgresOperator): create_postgres_table> on 2024-07-26 00:00:00+00:00
[2024-11-09T21:27:31.287+0000] {warnings.py:112} WARNING - /home/***/.local/lib/python3.12/site-packages/***/task/task_runner/standard_task_runner.py:70: DeprecationWarning: This process (pid=1211) is multi-threaded, use of fork() may lead to deadlocks in the child.
  pid = os.fork()

[2024-11-09T21:27:31.292+0000] {standard_task_runner.py:72} INFO - Started process 1239 to run task
[2024-11-09T21:27:31.302+0000] {standard_task_runner.py:104} INFO - Running: ['***', 'tasks', 'run', 'dag_with_postgres_operator', 'create_postgres_table', 'scheduled__2024-07-26T00:00:00+00:00', '--job-id', '1300', '--raw', '--subdir', 'DAGS_FOLDER/postgres.py', '--cfg-path', '/tmp/tmpxzgp86g1']
[2024-11-09T21:27:31.317+0000] {standard_task_runner.py:105} INFO - Job 1300: Subtask create_postgres_table
[2024-11-09T21:27:31.568+0000] {task_command.py:467} INFO - Running <TaskInstance: dag_with_postgres_operator.create_postgres_table scheduled__2024-07-26T00:00:00+00:00 [running]> on host d5d7d0963395
[2024-11-09T21:27:32.073+0000] {taskinstance.py:3132} INFO - Exporting env vars: AIRFLOW_CTX_DAG_OWNER='sumit kumar' AIRFLOW_CTX_DAG_ID='dag_with_postgres_operator' AIRFLOW_CTX_TASK_ID='create_postgres_table' AIRFLOW_CTX_EXECUTION_DATE='2024-07-26T00:00:00+00:00' AIRFLOW_CTX_TRY_NUMBER='1' AIRFLOW_CTX_DAG_RUN_ID='scheduled__2024-07-26T00:00:00+00:00'
[2024-11-09T21:27:32.086+0000] {logging_mixin.py:190} INFO - Task instance is in running state
[2024-11-09T21:27:32.089+0000] {logging_mixin.py:190} INFO -  Previous state of the Task instance: queued
[2024-11-09T21:27:32.092+0000] {logging_mixin.py:190} INFO - Current task name:create_postgres_table state:running start_date:2024-11-09 21:27:31.104629+00:00
[2024-11-09T21:27:32.093+0000] {logging_mixin.py:190} INFO - Dag name:dag_with_postgres_operator and current dag run status:running
[2024-11-09T21:27:32.095+0000] {taskinstance.py:731} INFO - ::endgroup::
[2024-11-09T21:27:32.098+0000] {sql.py:278} INFO - Executing: 
            CREATE TABLE if not exists Orders (
                OrderID INT PRIMARY KEY,
                Status VARCHAR(50)
            )
        
[2024-11-09T21:27:32.172+0000] {base.py:84} INFO - Retrieving connection 'postgres_local'
[2024-11-09T21:27:32.201+0000] {base.py:84} INFO - Retrieving connection 'postgres_local'
[2024-11-09T21:27:32.234+0000] {sql.py:544} INFO - Running statement: 
            CREATE TABLE if not exists Orders (
                OrderID INT PRIMARY KEY,
                Status VARCHAR(50)
            )
        , parameters: None
[2024-11-09T21:27:32.301+0000] {taskinstance.py:340} INFO - ::group::Post task execution logs
[2024-11-09T21:27:32.302+0000] {taskinstance.py:352} INFO - Marking task as SUCCESS. dag_id=dag_with_postgres_operator, task_id=create_postgres_table, run_id=scheduled__2024-07-26T00:00:00+00:00, execution_date=20240726T000000, start_date=20241109T212731, end_date=20241109T212732
[2024-11-09T21:27:32.350+0000] {logging_mixin.py:190} INFO - Task instance in success state
[2024-11-09T21:27:32.353+0000] {logging_mixin.py:190} INFO -  Previous state of the Task instance: running
[2024-11-09T21:27:32.371+0000] {logging_mixin.py:190} INFO - Dag name:dag_with_postgres_operator queued_at:2024-11-09 21:27:20.972853+00:00
[2024-11-09T21:27:32.374+0000] {logging_mixin.py:190} INFO - Task hostname:d5d7d0963395 operator:PostgresOperator
[2024-11-09T21:27:32.423+0000] {local_task_job_runner.py:266} INFO - Task exited with return code 0
[2024-11-09T21:27:32.475+0000] {local_task_job_runner.py:245} INFO - ::endgroup::
