[2024-11-07T20:57:03.250+0000] {local_task_job_runner.py:123} INFO - ::group::Pre task execution logs
[2024-11-07T20:57:03.289+0000] {taskinstance.py:2613} INFO - Dependencies all met for dep_context=non-requeueable deps ti=<TaskInstance: dag_with_postgres_operator.create_postgres_table scheduled__2024-09-14T00:00:00+00:00 [queued]>
[2024-11-07T20:57:03.307+0000] {taskinstance.py:2613} INFO - Dependencies all met for dep_context=requeueable deps ti=<TaskInstance: dag_with_postgres_operator.create_postgres_table scheduled__2024-09-14T00:00:00+00:00 [queued]>
[2024-11-07T20:57:03.309+0000] {taskinstance.py:2866} INFO - Starting attempt 1 of 6
[2024-11-07T20:57:03.346+0000] {taskinstance.py:2889} INFO - Executing <Task(PostgresOperator): create_postgres_table> on 2024-09-14 00:00:00+00:00
[2024-11-07T20:57:03.360+0000] {warnings.py:112} WARNING - /home/***/.local/lib/python3.12/site-packages/***/task/task_runner/standard_task_runner.py:70: DeprecationWarning: This process (pid=4671) is multi-threaded, use of fork() may lead to deadlocks in the child.
  pid = os.fork()

[2024-11-07T20:57:03.362+0000] {standard_task_runner.py:72} INFO - Started process 4689 to run task
[2024-11-07T20:57:03.366+0000] {standard_task_runner.py:104} INFO - Running: ['***', 'tasks', 'run', 'dag_with_postgres_operator', 'create_postgres_table', 'scheduled__2024-09-14T00:00:00+00:00', '--job-id', '1604', '--raw', '--subdir', 'DAGS_FOLDER/postgres.py', '--cfg-path', '/tmp/tmpscdgnprv']
[2024-11-07T20:57:03.372+0000] {standard_task_runner.py:105} INFO - Job 1604: Subtask create_postgres_table
[2024-11-07T20:57:03.486+0000] {task_command.py:467} INFO - Running <TaskInstance: dag_with_postgres_operator.create_postgres_table scheduled__2024-09-14T00:00:00+00:00 [running]> on host 3f85553e814e
[2024-11-07T20:57:04.343+0000] {taskinstance.py:3132} INFO - Exporting env vars: AIRFLOW_CTX_DAG_OWNER='sumit kumar' AIRFLOW_CTX_DAG_ID='dag_with_postgres_operator' AIRFLOW_CTX_TASK_ID='create_postgres_table' AIRFLOW_CTX_EXECUTION_DATE='2024-09-14T00:00:00+00:00' AIRFLOW_CTX_TRY_NUMBER='1' AIRFLOW_CTX_DAG_RUN_ID='scheduled__2024-09-14T00:00:00+00:00'
[2024-11-07T20:57:04.346+0000] {logging_mixin.py:190} INFO - Task instance is in running state
[2024-11-07T20:57:04.348+0000] {logging_mixin.py:190} INFO -  Previous state of the Task instance: queued
[2024-11-07T20:57:04.349+0000] {logging_mixin.py:190} INFO - Current task name:create_postgres_table state:running start_date:2024-11-07 20:57:03.290384+00:00
[2024-11-07T20:57:04.352+0000] {logging_mixin.py:190} INFO - Dag name:dag_with_postgres_operator and current dag run status:running
[2024-11-07T20:57:04.353+0000] {taskinstance.py:731} INFO - ::endgroup::
[2024-11-07T20:57:04.355+0000] {sql.py:278} INFO - Executing: 
            CREATE TABLE if not exists Orders (
                OrderID INT PRIMARY KEY,
                Status VARCHAR(50)
            )
        
[2024-11-07T20:57:04.400+0000] {base.py:84} INFO - Retrieving connection 'postgres_local'
[2024-11-07T20:57:04.461+0000] {base.py:84} INFO - Retrieving connection 'postgres_local'
[2024-11-07T20:57:04.500+0000] {sql.py:544} INFO - Running statement: 
            CREATE TABLE if not exists Orders (
                OrderID INT PRIMARY KEY,
                Status VARCHAR(50)
            )
        , parameters: None
[2024-11-07T20:57:04.566+0000] {taskinstance.py:340} INFO - ::group::Post task execution logs
[2024-11-07T20:57:04.567+0000] {taskinstance.py:352} INFO - Marking task as SUCCESS. dag_id=dag_with_postgres_operator, task_id=create_postgres_table, run_id=scheduled__2024-09-14T00:00:00+00:00, execution_date=20240914T000000, start_date=20241107T205703, end_date=20241107T205704
[2024-11-07T20:57:05.016+0000] {logging_mixin.py:190} INFO - Task instance in success state
[2024-11-07T20:57:05.018+0000] {logging_mixin.py:190} INFO -  Previous state of the Task instance: running
[2024-11-07T20:57:05.021+0000] {logging_mixin.py:190} INFO - Dag name:dag_with_postgres_operator queued_at:2024-11-07 20:56:56.747361+00:00
[2024-11-07T20:57:05.022+0000] {logging_mixin.py:190} INFO - Task hostname:3f85553e814e operator:PostgresOperator
[2024-11-07T20:57:05.089+0000] {local_task_job_runner.py:266} INFO - Task exited with return code 0
[2024-11-07T20:57:05.198+0000] {taskinstance.py:3895} INFO - 1 downstream tasks scheduled from follow-on schedule check
[2024-11-07T20:57:05.213+0000] {local_task_job_runner.py:245} INFO - ::endgroup::
[2024-11-09T21:51:51.173+0000] {local_task_job_runner.py:123} INFO - ::group::Pre task execution logs
[2024-11-09T21:51:51.243+0000] {taskinstance.py:2613} INFO - Dependencies all met for dep_context=non-requeueable deps ti=<TaskInstance: dag_with_postgres_operator.create_postgres_table scheduled__2024-09-14T00:00:00+00:00 [queued]>
[2024-11-09T21:51:51.286+0000] {taskinstance.py:2613} INFO - Dependencies all met for dep_context=requeueable deps ti=<TaskInstance: dag_with_postgres_operator.create_postgres_table scheduled__2024-09-14T00:00:00+00:00 [queued]>
[2024-11-09T21:51:51.287+0000] {taskinstance.py:2866} INFO - Starting attempt 1 of 6
[2024-11-09T21:51:51.357+0000] {taskinstance.py:2889} INFO - Executing <Task(PostgresOperator): create_postgres_table> on 2024-09-14 00:00:00+00:00
[2024-11-09T21:51:51.396+0000] {warnings.py:112} WARNING - /home/***/.local/lib/python3.12/site-packages/***/task/task_runner/standard_task_runner.py:70: DeprecationWarning: This process (pid=1157) is multi-threaded, use of fork() may lead to deadlocks in the child.
  pid = os.fork()

[2024-11-09T21:51:51.400+0000] {standard_task_runner.py:72} INFO - Started process 1194 to run task
[2024-11-09T21:51:51.456+0000] {standard_task_runner.py:104} INFO - Running: ['***', 'tasks', 'run', 'dag_with_postgres_operator', 'create_postgres_table', 'scheduled__2024-09-14T00:00:00+00:00', '--job-id', '1661', '--raw', '--subdir', 'DAGS_FOLDER/postgres.py', '--cfg-path', '/tmp/tmp4l5i_q12']
[2024-11-09T21:51:51.465+0000] {standard_task_runner.py:105} INFO - Job 1661: Subtask create_postgres_table
[2024-11-09T21:51:51.674+0000] {task_command.py:467} INFO - Running <TaskInstance: dag_with_postgres_operator.create_postgres_table scheduled__2024-09-14T00:00:00+00:00 [running]> on host 4778426a6c09
[2024-11-09T21:51:52.129+0000] {taskinstance.py:3132} INFO - Exporting env vars: AIRFLOW_CTX_DAG_OWNER='sumit kumar' AIRFLOW_CTX_DAG_ID='dag_with_postgres_operator' AIRFLOW_CTX_TASK_ID='create_postgres_table' AIRFLOW_CTX_EXECUTION_DATE='2024-09-14T00:00:00+00:00' AIRFLOW_CTX_TRY_NUMBER='1' AIRFLOW_CTX_DAG_RUN_ID='scheduled__2024-09-14T00:00:00+00:00'
[2024-11-09T21:51:52.132+0000] {logging_mixin.py:190} INFO - Task instance is in running state
[2024-11-09T21:51:52.134+0000] {logging_mixin.py:190} INFO -  Previous state of the Task instance: queued
[2024-11-09T21:51:52.135+0000] {logging_mixin.py:190} INFO - Current task name:create_postgres_table state:running start_date:2024-11-09 21:51:51.246780+00:00
[2024-11-09T21:51:52.136+0000] {logging_mixin.py:190} INFO - Dag name:dag_with_postgres_operator and current dag run status:running
[2024-11-09T21:51:52.138+0000] {taskinstance.py:731} INFO - ::endgroup::
[2024-11-09T21:51:52.139+0000] {sql.py:278} INFO - Executing: 
            CREATE TABLE if not exists Orders (
                OrderID INT PRIMARY KEY,
                Status VARCHAR(50)
            )
        
[2024-11-09T21:51:52.169+0000] {base.py:84} INFO - Retrieving connection 'postgres_local'
[2024-11-09T21:51:52.211+0000] {base.py:84} INFO - Retrieving connection 'postgres_local'
[2024-11-09T21:51:52.236+0000] {sql.py:544} INFO - Running statement: 
            CREATE TABLE if not exists Orders (
                OrderID INT PRIMARY KEY,
                Status VARCHAR(50)
            )
        , parameters: None
[2024-11-09T21:51:52.290+0000] {taskinstance.py:340} INFO - ::group::Post task execution logs
[2024-11-09T21:51:52.291+0000] {taskinstance.py:352} INFO - Marking task as SUCCESS. dag_id=dag_with_postgres_operator, task_id=create_postgres_table, run_id=scheduled__2024-09-14T00:00:00+00:00, execution_date=20240914T000000, start_date=20241109T215151, end_date=20241109T215152
[2024-11-09T21:51:52.339+0000] {logging_mixin.py:190} INFO - Task instance in success state
[2024-11-09T21:51:52.341+0000] {logging_mixin.py:190} INFO -  Previous state of the Task instance: running
[2024-11-09T21:51:52.342+0000] {logging_mixin.py:190} INFO - Dag name:dag_with_postgres_operator queued_at:2024-11-09 21:51:41.625280+00:00
[2024-11-09T21:51:52.344+0000] {logging_mixin.py:190} INFO - Task hostname:4778426a6c09 operator:PostgresOperator
[2024-11-09T21:51:52.393+0000] {local_task_job_runner.py:266} INFO - Task exited with return code 0
[2024-11-09T21:51:52.477+0000] {taskinstance.py:3895} INFO - 1 downstream tasks scheduled from follow-on schedule check
[2024-11-09T21:51:52.506+0000] {local_task_job_runner.py:245} INFO - ::endgroup::
