[2024-11-07T20:44:12.819+0000] {local_task_job_runner.py:123} INFO - ::group::Pre task execution logs
[2024-11-07T20:44:12.845+0000] {taskinstance.py:2613} INFO - Dependencies all met for dep_context=non-requeueable deps ti=<TaskInstance: dag_with_postgres_operator.create_postgres_table scheduled__2024-08-07T00:00:00+00:00 [queued]>
[2024-11-07T20:44:12.857+0000] {taskinstance.py:2613} INFO - Dependencies all met for dep_context=requeueable deps ti=<TaskInstance: dag_with_postgres_operator.create_postgres_table scheduled__2024-08-07T00:00:00+00:00 [queued]>
[2024-11-07T20:44:12.858+0000] {taskinstance.py:2866} INFO - Starting attempt 1 of 6
[2024-11-07T20:44:12.881+0000] {taskinstance.py:2889} INFO - Executing <Task(PostgresOperator): create_postgres_table> on 2024-08-07 00:00:00+00:00
[2024-11-07T20:44:12.890+0000] {warnings.py:112} WARNING - /home/***/.local/lib/python3.12/site-packages/***/task/task_runner/standard_task_runner.py:70: DeprecationWarning: This process (pid=3539) is multi-threaded, use of fork() may lead to deadlocks in the child.
  pid = os.fork()

[2024-11-07T20:44:12.893+0000] {standard_task_runner.py:72} INFO - Started process 3551 to run task
[2024-11-07T20:44:12.893+0000] {standard_task_runner.py:104} INFO - Running: ['***', 'tasks', 'run', 'dag_with_postgres_operator', 'create_postgres_table', 'scheduled__2024-08-07T00:00:00+00:00', '--job-id', '1358', '--raw', '--subdir', 'DAGS_FOLDER/postgres.py', '--cfg-path', '/tmp/tmp2wn9hepz']
[2024-11-07T20:44:12.894+0000] {standard_task_runner.py:105} INFO - Job 1358: Subtask create_postgres_table
[2024-11-07T20:44:12.971+0000] {task_command.py:467} INFO - Running <TaskInstance: dag_with_postgres_operator.create_postgres_table scheduled__2024-08-07T00:00:00+00:00 [running]> on host 3f85553e814e
[2024-11-07T20:44:13.393+0000] {taskinstance.py:3132} INFO - Exporting env vars: AIRFLOW_CTX_DAG_OWNER='sumit kumar' AIRFLOW_CTX_DAG_ID='dag_with_postgres_operator' AIRFLOW_CTX_TASK_ID='create_postgres_table' AIRFLOW_CTX_EXECUTION_DATE='2024-08-07T00:00:00+00:00' AIRFLOW_CTX_TRY_NUMBER='1' AIRFLOW_CTX_DAG_RUN_ID='scheduled__2024-08-07T00:00:00+00:00'
[2024-11-07T20:44:13.394+0000] {logging_mixin.py:190} INFO - Task instance is in running state
[2024-11-07T20:44:13.395+0000] {logging_mixin.py:190} INFO -  Previous state of the Task instance: queued
[2024-11-07T20:44:13.395+0000] {logging_mixin.py:190} INFO - Current task name:create_postgres_table state:running start_date:2024-11-07 20:44:12.845839+00:00
[2024-11-07T20:44:13.396+0000] {logging_mixin.py:190} INFO - Dag name:dag_with_postgres_operator and current dag run status:running
[2024-11-07T20:44:13.397+0000] {taskinstance.py:731} INFO - ::endgroup::
[2024-11-07T20:44:13.398+0000] {sql.py:278} INFO - Executing: 
            CREATE TABLE if not exists Orders (
                OrderID INT PRIMARY KEY,
                Status VARCHAR(50)
            )
        
[2024-11-07T20:44:13.408+0000] {base.py:84} INFO - Retrieving connection 'postgres_local'
[2024-11-07T20:44:13.421+0000] {base.py:84} INFO - Retrieving connection 'postgres_local'
[2024-11-07T20:44:13.437+0000] {sql.py:544} INFO - Running statement: 
            CREATE TABLE if not exists Orders (
                OrderID INT PRIMARY KEY,
                Status VARCHAR(50)
            )
        , parameters: None
[2024-11-07T20:44:13.458+0000] {taskinstance.py:340} INFO - ::group::Post task execution logs
[2024-11-07T20:44:13.459+0000] {taskinstance.py:352} INFO - Marking task as SUCCESS. dag_id=dag_with_postgres_operator, task_id=create_postgres_table, run_id=scheduled__2024-08-07T00:00:00+00:00, execution_date=20240807T000000, start_date=20241107T204412, end_date=20241107T204413
[2024-11-07T20:44:13.479+0000] {logging_mixin.py:190} INFO - Task instance in success state
[2024-11-07T20:44:13.480+0000] {logging_mixin.py:190} INFO -  Previous state of the Task instance: running
[2024-11-07T20:44:13.481+0000] {logging_mixin.py:190} INFO - Dag name:dag_with_postgres_operator queued_at:2024-11-07 20:44:08.918438+00:00
[2024-11-07T20:44:13.482+0000] {logging_mixin.py:190} INFO - Task hostname:3f85553e814e operator:PostgresOperator
[2024-11-07T20:44:13.511+0000] {local_task_job_runner.py:266} INFO - Task exited with return code 0
[2024-11-07T20:44:13.526+0000] {local_task_job_runner.py:245} INFO - ::endgroup::
[2024-11-09T21:30:27.116+0000] {local_task_job_runner.py:123} INFO - ::group::Pre task execution logs
[2024-11-09T21:30:27.224+0000] {taskinstance.py:2613} INFO - Dependencies all met for dep_context=non-requeueable deps ti=<TaskInstance: dag_with_postgres_operator.create_postgres_table scheduled__2024-08-07T00:00:00+00:00 [queued]>
[2024-11-09T21:30:27.267+0000] {taskinstance.py:2613} INFO - Dependencies all met for dep_context=requeueable deps ti=<TaskInstance: dag_with_postgres_operator.create_postgres_table scheduled__2024-08-07T00:00:00+00:00 [queued]>
[2024-11-09T21:30:27.276+0000] {taskinstance.py:2866} INFO - Starting attempt 1 of 6
[2024-11-09T21:30:27.581+0000] {taskinstance.py:2889} INFO - Executing <Task(PostgresOperator): create_postgres_table> on 2024-08-07 00:00:00+00:00
[2024-11-09T21:30:27.636+0000] {warnings.py:112} WARNING - /home/***/.local/lib/python3.12/site-packages/***/task/task_runner/standard_task_runner.py:70: DeprecationWarning: This process (pid=1488) is multi-threaded, use of fork() may lead to deadlocks in the child.
  pid = os.fork()

[2024-11-09T21:30:27.644+0000] {standard_task_runner.py:72} INFO - Started process 1510 to run task
[2024-11-09T21:30:27.652+0000] {standard_task_runner.py:104} INFO - Running: ['***', 'tasks', 'run', 'dag_with_postgres_operator', 'create_postgres_table', 'scheduled__2024-08-07T00:00:00+00:00', '--job-id', '1359', '--raw', '--subdir', 'DAGS_FOLDER/postgres.py', '--cfg-path', '/tmp/tmpa8ahqmxc']
[2024-11-09T21:30:27.681+0000] {standard_task_runner.py:105} INFO - Job 1359: Subtask create_postgres_table
[2024-11-09T21:30:27.936+0000] {task_command.py:467} INFO - Running <TaskInstance: dag_with_postgres_operator.create_postgres_table scheduled__2024-08-07T00:00:00+00:00 [running]> on host d5d7d0963395
[2024-11-09T21:30:28.507+0000] {taskinstance.py:3132} INFO - Exporting env vars: AIRFLOW_CTX_DAG_OWNER='sumit kumar' AIRFLOW_CTX_DAG_ID='dag_with_postgres_operator' AIRFLOW_CTX_TASK_ID='create_postgres_table' AIRFLOW_CTX_EXECUTION_DATE='2024-08-07T00:00:00+00:00' AIRFLOW_CTX_TRY_NUMBER='1' AIRFLOW_CTX_DAG_RUN_ID='scheduled__2024-08-07T00:00:00+00:00'
[2024-11-09T21:30:28.511+0000] {logging_mixin.py:190} INFO - Task instance is in running state
[2024-11-09T21:30:28.512+0000] {logging_mixin.py:190} INFO -  Previous state of the Task instance: queued
[2024-11-09T21:30:28.514+0000] {logging_mixin.py:190} INFO - Current task name:create_postgres_table state:running start_date:2024-11-09 21:30:27.226709+00:00
[2024-11-09T21:30:28.520+0000] {logging_mixin.py:190} INFO - Dag name:dag_with_postgres_operator and current dag run status:running
[2024-11-09T21:30:28.522+0000] {taskinstance.py:731} INFO - ::endgroup::
[2024-11-09T21:30:28.523+0000] {sql.py:278} INFO - Executing: 
            CREATE TABLE if not exists Orders (
                OrderID INT PRIMARY KEY,
                Status VARCHAR(50)
            )
        
[2024-11-09T21:30:28.552+0000] {base.py:84} INFO - Retrieving connection 'postgres_local'
[2024-11-09T21:30:28.594+0000] {base.py:84} INFO - Retrieving connection 'postgres_local'
[2024-11-09T21:30:28.664+0000] {sql.py:544} INFO - Running statement: 
            CREATE TABLE if not exists Orders (
                OrderID INT PRIMARY KEY,
                Status VARCHAR(50)
            )
        , parameters: None
[2024-11-09T21:30:28.752+0000] {taskinstance.py:340} INFO - ::group::Post task execution logs
[2024-11-09T21:30:28.754+0000] {taskinstance.py:352} INFO - Marking task as SUCCESS. dag_id=dag_with_postgres_operator, task_id=create_postgres_table, run_id=scheduled__2024-08-07T00:00:00+00:00, execution_date=20240807T000000, start_date=20241109T213027, end_date=20241109T213028
[2024-11-09T21:30:28.874+0000] {logging_mixin.py:190} INFO - Task instance in success state
[2024-11-09T21:30:28.889+0000] {logging_mixin.py:190} INFO -  Previous state of the Task instance: running
[2024-11-09T21:30:28.893+0000] {logging_mixin.py:190} INFO - Dag name:dag_with_postgres_operator queued_at:2024-11-09 21:30:16.903366+00:00
[2024-11-09T21:30:28.894+0000] {logging_mixin.py:190} INFO - Task hostname:d5d7d0963395 operator:PostgresOperator
[2024-11-09T21:30:28.950+0000] {local_task_job_runner.py:266} INFO - Task exited with return code 0
[2024-11-09T21:30:28.985+0000] {local_task_job_runner.py:245} INFO - ::endgroup::
