[2024-11-07T20:58:56.668+0000] {local_task_job_runner.py:123} INFO - ::group::Pre task execution logs
[2024-11-07T20:58:56.692+0000] {taskinstance.py:2613} INFO - Dependencies all met for dep_context=non-requeueable deps ti=<TaskInstance: dag_with_postgres_operator.create_postgres_table scheduled__2024-09-17T00:00:00+00:00 [queued]>
[2024-11-07T20:58:56.705+0000] {taskinstance.py:2613} INFO - Dependencies all met for dep_context=requeueable deps ti=<TaskInstance: dag_with_postgres_operator.create_postgres_table scheduled__2024-09-17T00:00:00+00:00 [queued]>
[2024-11-07T20:58:56.709+0000] {taskinstance.py:2866} INFO - Starting attempt 1 of 6
[2024-11-07T20:58:56.732+0000] {taskinstance.py:2889} INFO - Executing <Task(PostgresOperator): create_postgres_table> on 2024-09-17 00:00:00+00:00
[2024-11-07T20:58:56.740+0000] {warnings.py:112} WARNING - /home/***/.local/lib/python3.12/site-packages/***/task/task_runner/standard_task_runner.py:70: DeprecationWarning: This process (pid=4843) is multi-threaded, use of fork() may lead to deadlocks in the child.
  pid = os.fork()

[2024-11-07T20:58:56.743+0000] {standard_task_runner.py:72} INFO - Started process 4845 to run task
[2024-11-07T20:58:56.744+0000] {standard_task_runner.py:104} INFO - Running: ['***', 'tasks', 'run', 'dag_with_postgres_operator', 'create_postgres_table', 'scheduled__2024-09-17T00:00:00+00:00', '--job-id', '1639', '--raw', '--subdir', 'DAGS_FOLDER/postgres.py', '--cfg-path', '/tmp/tmpuiiwk_iq']
[2024-11-07T20:58:56.746+0000] {standard_task_runner.py:105} INFO - Job 1639: Subtask create_postgres_table
[2024-11-07T20:58:56.822+0000] {task_command.py:467} INFO - Running <TaskInstance: dag_with_postgres_operator.create_postgres_table scheduled__2024-09-17T00:00:00+00:00 [running]> on host 3f85553e814e
[2024-11-07T20:58:57.341+0000] {taskinstance.py:3132} INFO - Exporting env vars: AIRFLOW_CTX_DAG_OWNER='sumit kumar' AIRFLOW_CTX_DAG_ID='dag_with_postgres_operator' AIRFLOW_CTX_TASK_ID='create_postgres_table' AIRFLOW_CTX_EXECUTION_DATE='2024-09-17T00:00:00+00:00' AIRFLOW_CTX_TRY_NUMBER='1' AIRFLOW_CTX_DAG_RUN_ID='scheduled__2024-09-17T00:00:00+00:00'
[2024-11-07T20:58:57.343+0000] {logging_mixin.py:190} INFO - Task instance is in running state
[2024-11-07T20:58:57.343+0000] {logging_mixin.py:190} INFO -  Previous state of the Task instance: queued
[2024-11-07T20:58:57.344+0000] {logging_mixin.py:190} INFO - Current task name:create_postgres_table state:running start_date:2024-11-07 20:58:56.693606+00:00
[2024-11-07T20:58:57.345+0000] {logging_mixin.py:190} INFO - Dag name:dag_with_postgres_operator and current dag run status:running
[2024-11-07T20:58:57.345+0000] {taskinstance.py:731} INFO - ::endgroup::
[2024-11-07T20:58:57.346+0000] {sql.py:278} INFO - Executing: 
            CREATE TABLE if not exists Orders (
                OrderID INT PRIMARY KEY,
                Status VARCHAR(50)
            )
        
[2024-11-07T20:58:57.365+0000] {base.py:84} INFO - Retrieving connection 'postgres_local'
[2024-11-07T20:58:57.390+0000] {base.py:84} INFO - Retrieving connection 'postgres_local'
[2024-11-07T20:58:57.416+0000] {sql.py:544} INFO - Running statement: 
            CREATE TABLE if not exists Orders (
                OrderID INT PRIMARY KEY,
                Status VARCHAR(50)
            )
        , parameters: None
[2024-11-07T20:58:57.441+0000] {taskinstance.py:340} INFO - ::group::Post task execution logs
[2024-11-07T20:58:57.441+0000] {taskinstance.py:352} INFO - Marking task as SUCCESS. dag_id=dag_with_postgres_operator, task_id=create_postgres_table, run_id=scheduled__2024-09-17T00:00:00+00:00, execution_date=20240917T000000, start_date=20241107T205856, end_date=20241107T205857
[2024-11-07T20:58:57.457+0000] {logging_mixin.py:190} INFO - Task instance in success state
[2024-11-07T20:58:57.458+0000] {logging_mixin.py:190} INFO -  Previous state of the Task instance: running
[2024-11-07T20:58:57.459+0000] {logging_mixin.py:190} INFO - Dag name:dag_with_postgres_operator queued_at:2024-11-07 20:58:53.770707+00:00
[2024-11-07T20:58:57.459+0000] {logging_mixin.py:190} INFO - Task hostname:3f85553e814e operator:PostgresOperator
[2024-11-07T20:58:57.482+0000] {local_task_job_runner.py:266} INFO - Task exited with return code 0
[2024-11-07T20:58:57.517+0000] {taskinstance.py:3895} INFO - 1 downstream tasks scheduled from follow-on schedule check
[2024-11-07T20:58:57.520+0000] {local_task_job_runner.py:245} INFO - ::endgroup::
[2024-11-09T21:51:54.654+0000] {local_task_job_runner.py:123} INFO - ::group::Pre task execution logs
[2024-11-09T21:51:54.735+0000] {taskinstance.py:2613} INFO - Dependencies all met for dep_context=non-requeueable deps ti=<TaskInstance: dag_with_postgres_operator.create_postgres_table scheduled__2024-09-17T00:00:00+00:00 [queued]>
[2024-11-09T21:51:54.764+0000] {taskinstance.py:2613} INFO - Dependencies all met for dep_context=requeueable deps ti=<TaskInstance: dag_with_postgres_operator.create_postgres_table scheduled__2024-09-17T00:00:00+00:00 [queued]>
[2024-11-09T21:51:54.765+0000] {taskinstance.py:2866} INFO - Starting attempt 1 of 6
[2024-11-09T21:51:55.032+0000] {taskinstance.py:2889} INFO - Executing <Task(PostgresOperator): create_postgres_table> on 2024-09-17 00:00:00+00:00
[2024-11-09T21:51:55.049+0000] {warnings.py:112} WARNING - /home/***/.local/lib/python3.12/site-packages/***/task/task_runner/standard_task_runner.py:70: DeprecationWarning: This process (pid=1165) is multi-threaded, use of fork() may lead to deadlocks in the child.
  pid = os.fork()

[2024-11-09T21:51:55.065+0000] {standard_task_runner.py:72} INFO - Started process 1207 to run task
[2024-11-09T21:51:55.062+0000] {standard_task_runner.py:104} INFO - Running: ['***', 'tasks', 'run', 'dag_with_postgres_operator', 'create_postgres_table', 'scheduled__2024-09-17T00:00:00+00:00', '--job-id', '1666', '--raw', '--subdir', 'DAGS_FOLDER/postgres.py', '--cfg-path', '/tmp/tmp86zbfypi']
[2024-11-09T21:51:55.102+0000] {standard_task_runner.py:105} INFO - Job 1666: Subtask create_postgres_table
[2024-11-09T21:51:55.346+0000] {task_command.py:467} INFO - Running <TaskInstance: dag_with_postgres_operator.create_postgres_table scheduled__2024-09-17T00:00:00+00:00 [running]> on host 4778426a6c09
[2024-11-09T21:51:56.072+0000] {taskinstance.py:3132} INFO - Exporting env vars: AIRFLOW_CTX_DAG_OWNER='sumit kumar' AIRFLOW_CTX_DAG_ID='dag_with_postgres_operator' AIRFLOW_CTX_TASK_ID='create_postgres_table' AIRFLOW_CTX_EXECUTION_DATE='2024-09-17T00:00:00+00:00' AIRFLOW_CTX_TRY_NUMBER='1' AIRFLOW_CTX_DAG_RUN_ID='scheduled__2024-09-17T00:00:00+00:00'
[2024-11-09T21:51:56.078+0000] {logging_mixin.py:190} INFO - Task instance is in running state
[2024-11-09T21:51:56.080+0000] {logging_mixin.py:190} INFO -  Previous state of the Task instance: queued
[2024-11-09T21:51:56.082+0000] {logging_mixin.py:190} INFO - Current task name:create_postgres_table state:running start_date:2024-11-09 21:51:54.738017+00:00
[2024-11-09T21:51:56.083+0000] {logging_mixin.py:190} INFO - Dag name:dag_with_postgres_operator and current dag run status:running
[2024-11-09T21:51:56.085+0000] {taskinstance.py:731} INFO - ::endgroup::
[2024-11-09T21:51:56.088+0000] {sql.py:278} INFO - Executing: 
            CREATE TABLE if not exists Orders (
                OrderID INT PRIMARY KEY,
                Status VARCHAR(50)
            )
        
[2024-11-09T21:51:56.161+0000] {base.py:84} INFO - Retrieving connection 'postgres_local'
[2024-11-09T21:51:56.193+0000] {base.py:84} INFO - Retrieving connection 'postgres_local'
[2024-11-09T21:51:56.244+0000] {sql.py:544} INFO - Running statement: 
            CREATE TABLE if not exists Orders (
                OrderID INT PRIMARY KEY,
                Status VARCHAR(50)
            )
        , parameters: None
[2024-11-09T21:51:56.331+0000] {taskinstance.py:340} INFO - ::group::Post task execution logs
[2024-11-09T21:51:56.333+0000] {taskinstance.py:352} INFO - Marking task as SUCCESS. dag_id=dag_with_postgres_operator, task_id=create_postgres_table, run_id=scheduled__2024-09-17T00:00:00+00:00, execution_date=20240917T000000, start_date=20241109T215154, end_date=20241109T215156
[2024-11-09T21:51:56.526+0000] {logging_mixin.py:190} INFO - Task instance in success state
[2024-11-09T21:51:56.533+0000] {logging_mixin.py:190} INFO -  Previous state of the Task instance: running
[2024-11-09T21:51:56.535+0000] {logging_mixin.py:190} INFO - Dag name:dag_with_postgres_operator queued_at:2024-11-09 21:51:42.411419+00:00
[2024-11-09T21:51:56.538+0000] {logging_mixin.py:190} INFO - Task hostname:4778426a6c09 operator:PostgresOperator
[2024-11-09T21:51:56.571+0000] {local_task_job_runner.py:266} INFO - Task exited with return code 0
[2024-11-09T21:51:56.743+0000] {taskinstance.py:3895} INFO - 1 downstream tasks scheduled from follow-on schedule check
[2024-11-09T21:51:56.754+0000] {local_task_job_runner.py:245} INFO - ::endgroup::
