[2024-11-08T13:21:00.045+0000] {local_task_job_runner.py:123} INFO - ::group::Pre task execution logs
[2024-11-08T13:21:00.068+0000] {taskinstance.py:2613} INFO - Dependencies all met for dep_context=non-requeueable deps ti=<TaskInstance: spark_session_only.create_spark_session manual__2024-11-08T13:15:32.052020+00:00 [queued]>
[2024-11-08T13:21:00.079+0000] {taskinstance.py:2613} INFO - Dependencies all met for dep_context=requeueable deps ti=<TaskInstance: spark_session_only.create_spark_session manual__2024-11-08T13:15:32.052020+00:00 [queued]>
[2024-11-08T13:21:00.083+0000] {taskinstance.py:2866} INFO - Starting attempt 6 of 6
[2024-11-08T13:21:00.109+0000] {taskinstance.py:2889} INFO - Executing <Task(PythonOperator): create_spark_session> on 2024-11-08 13:15:32.052020+00:00
[2024-11-08T13:21:00.116+0000] {warnings.py:112} WARNING - /home/***/.local/lib/python3.12/site-packages/***/task/task_runner/standard_task_runner.py:70: DeprecationWarning: This process (pid=309) is multi-threaded, use of fork() may lead to deadlocks in the child.
  pid = os.fork()

[2024-11-08T13:21:00.118+0000] {standard_task_runner.py:72} INFO - Started process 318 to run task
[2024-11-08T13:21:00.119+0000] {standard_task_runner.py:104} INFO - Running: ['***', 'tasks', 'run', 'spark_session_only', 'create_spark_session', 'manual__2024-11-08T13:15:32.052020+00:00', '--job-id', '8', '--raw', '--subdir', 'DAGS_FOLDER/session.py', '--cfg-path', '/tmp/tmp2jaay848']
[2024-11-08T13:21:00.120+0000] {standard_task_runner.py:105} INFO - Job 8: Subtask create_spark_session
[2024-11-08T13:21:00.188+0000] {task_command.py:467} INFO - Running <TaskInstance: spark_session_only.create_spark_session manual__2024-11-08T13:15:32.052020+00:00 [running]> on host a0822f6a786a
[2024-11-08T13:21:00.330+0000] {taskinstance.py:3132} INFO - Exporting env vars: AIRFLOW_CTX_DAG_OWNER='SOUKAINA' AIRFLOW_CTX_DAG_ID='spark_session_only' AIRFLOW_CTX_TASK_ID='create_spark_session' AIRFLOW_CTX_EXECUTION_DATE='2024-11-08T13:15:32.052020+00:00' AIRFLOW_CTX_TRY_NUMBER='6' AIRFLOW_CTX_DAG_RUN_ID='manual__2024-11-08T13:15:32.052020+00:00'
[2024-11-08T13:21:00.332+0000] {logging_mixin.py:190} INFO - Task instance is in running state
[2024-11-08T13:21:00.333+0000] {logging_mixin.py:190} INFO -  Previous state of the Task instance: queued
[2024-11-08T13:21:00.334+0000] {logging_mixin.py:190} INFO - Current task name:create_spark_session state:running start_date:2024-11-08 13:21:00.069342+00:00
[2024-11-08T13:21:00.334+0000] {logging_mixin.py:190} INFO - Dag name:spark_session_only and current dag run status:running
[2024-11-08T13:21:00.335+0000] {taskinstance.py:731} INFO - ::endgroup::
[2024-11-08T13:21:00.468+0000] {taskinstance.py:3311} ERROR - Task failed with exception
Traceback (most recent call last):
  File "/home/airflow/.local/lib/python3.12/site-packages/airflow/models/taskinstance.py", line 767, in _execute_task
    result = _execute_callable(context=context, **execute_callable_kwargs)
             ^^^^^^^^^^^^^^^^^^^^^^^^^^^^^^^^^^^^^^^^^^^^^^^^^^^^^^^^^^^^^
  File "/home/airflow/.local/lib/python3.12/site-packages/airflow/models/taskinstance.py", line 733, in _execute_callable
    return ExecutionCallableRunner(
           ^^^^^^^^^^^^^^^^^^^^^^^^
  File "/home/airflow/.local/lib/python3.12/site-packages/airflow/utils/operator_helpers.py", line 252, in run
    return self.func(*args, **kwargs)
           ^^^^^^^^^^^^^^^^^^^^^^^^^^
  File "/home/airflow/.local/lib/python3.12/site-packages/airflow/models/baseoperator.py", line 417, in wrapper
    return func(self, *args, **kwargs)
           ^^^^^^^^^^^^^^^^^^^^^^^^^^^
  File "/home/airflow/.local/lib/python3.12/site-packages/airflow/operators/python.py", line 238, in execute
    return_value = self.execute_callable()
                   ^^^^^^^^^^^^^^^^^^^^^^^
  File "/home/airflow/.local/lib/python3.12/site-packages/airflow/operators/python.py", line 256, in execute_callable
    return runner.run(*self.op_args, **self.op_kwargs)
           ^^^^^^^^^^^^^^^^^^^^^^^^^^^^^^^^^^^^^^^^^^^
  File "/home/airflow/.local/lib/python3.12/site-packages/airflow/utils/operator_helpers.py", line 252, in run
    return self.func(*args, **kwargs)
           ^^^^^^^^^^^^^^^^^^^^^^^^^^
  File "/opt/airflow/dags/session.py", line 19, in create_spark_session
    .getOrCreate()
     ^^^^^^^^^^^^^
  File "/home/airflow/.local/lib/python3.12/site-packages/pyspark/sql/session.py", line 497, in getOrCreate
    sc = SparkContext.getOrCreate(sparkConf)
         ^^^^^^^^^^^^^^^^^^^^^^^^^^^^^^^^^^^
  File "/home/airflow/.local/lib/python3.12/site-packages/pyspark/context.py", line 515, in getOrCreate
    SparkContext(conf=conf or SparkConf())
  File "/home/airflow/.local/lib/python3.12/site-packages/pyspark/context.py", line 201, in __init__
    SparkContext._ensure_initialized(self, gateway=gateway, conf=conf)
  File "/home/airflow/.local/lib/python3.12/site-packages/pyspark/context.py", line 436, in _ensure_initialized
    SparkContext._gateway = gateway or launch_gateway(conf)
                                       ^^^^^^^^^^^^^^^^^^^^
  File "/home/airflow/.local/lib/python3.12/site-packages/pyspark/java_gateway.py", line 107, in launch_gateway
    raise PySparkRuntimeError(
pyspark.errors.exceptions.base.PySparkRuntimeError: [JAVA_GATEWAY_EXITED] Java gateway process exited before sending its port number.
[2024-11-08T13:21:00.484+0000] {logging_mixin.py:190} INFO - Task instance in failure state
[2024-11-08T13:21:00.485+0000] {logging_mixin.py:190} INFO - Task start:2024-11-08 13:21:00.069342+00:00 end:2024-11-08 13:21:00.483489+00:00 duration:0.414147
[2024-11-08T13:21:00.486+0000] {logging_mixin.py:190} INFO - Task:<Task(PythonOperator): create_spark_session> dag:<DAG: spark_session_only> dagrun:<DagRun spark_session_only @ 2024-11-08 13:15:32.052020+00:00: manual__2024-11-08T13:15:32.052020+00:00, state:running, queued_at: 2024-11-08 13:15:32.076387+00:00. externally triggered: True>
[2024-11-08T13:21:00.486+0000] {logging_mixin.py:190} INFO - Failure caused by [JAVA_GATEWAY_EXITED] Java gateway process exited before sending its port number.
[2024-11-08T13:21:00.487+0000] {taskinstance.py:1225} INFO - Marking task as FAILED. dag_id=spark_session_only, task_id=create_spark_session, run_id=manual__2024-11-08T13:15:32.052020+00:00, execution_date=20241108T131532, start_date=20241108T132100, end_date=20241108T132100
[2024-11-08T13:21:00.508+0000] {taskinstance.py:340} INFO - ::group::Post task execution logs
[2024-11-08T13:21:00.509+0000] {standard_task_runner.py:124} ERROR - Failed to execute job 8 for task create_spark_session ([JAVA_GATEWAY_EXITED] Java gateway process exited before sending its port number.; 318)
Traceback (most recent call last):
  File "/home/airflow/.local/lib/python3.12/site-packages/airflow/task/task_runner/standard_task_runner.py", line 117, in _start_by_fork
    ret = args.func(args, dag=self.dag)
          ^^^^^^^^^^^^^^^^^^^^^^^^^^^^^
  File "/home/airflow/.local/lib/python3.12/site-packages/airflow/cli/cli_config.py", line 49, in command
    return func(*args, **kwargs)
           ^^^^^^^^^^^^^^^^^^^^^
  File "/home/airflow/.local/lib/python3.12/site-packages/airflow/utils/cli.py", line 116, in wrapper
    return f(*args, **kwargs)
           ^^^^^^^^^^^^^^^^^^
  File "/home/airflow/.local/lib/python3.12/site-packages/airflow/cli/commands/task_command.py", line 483, in task_run
    task_return_code = _run_task_by_selected_method(args, _dag, ti)
                       ^^^^^^^^^^^^^^^^^^^^^^^^^^^^^^^^^^^^^^^^^^^^
  File "/home/airflow/.local/lib/python3.12/site-packages/airflow/cli/commands/task_command.py", line 256, in _run_task_by_selected_method
    return _run_raw_task(args, ti)
           ^^^^^^^^^^^^^^^^^^^^^^^
  File "/home/airflow/.local/lib/python3.12/site-packages/airflow/cli/commands/task_command.py", line 341, in _run_raw_task
    return ti._run_raw_task(
           ^^^^^^^^^^^^^^^^^
  File "/home/airflow/.local/lib/python3.12/site-packages/airflow/utils/session.py", line 97, in wrapper
    return func(*args, session=session, **kwargs)
           ^^^^^^^^^^^^^^^^^^^^^^^^^^^^^^^^^^^^^^
  File "/home/airflow/.local/lib/python3.12/site-packages/airflow/models/taskinstance.py", line 3005, in _run_raw_task
    return _run_raw_task(
           ^^^^^^^^^^^^^^
  File "/home/airflow/.local/lib/python3.12/site-packages/airflow/models/taskinstance.py", line 273, in _run_raw_task
    TaskInstance._execute_task_with_callbacks(
  File "/home/airflow/.local/lib/python3.12/site-packages/airflow/models/taskinstance.py", line 3159, in _execute_task_with_callbacks
    result = self._execute_task(context, task_orig)
             ^^^^^^^^^^^^^^^^^^^^^^^^^^^^^^^^^^^^^^
  File "/home/airflow/.local/lib/python3.12/site-packages/airflow/models/taskinstance.py", line 3183, in _execute_task
    return _execute_task(self, context, task_orig)
           ^^^^^^^^^^^^^^^^^^^^^^^^^^^^^^^^^^^^^^^
  File "/home/airflow/.local/lib/python3.12/site-packages/airflow/models/taskinstance.py", line 767, in _execute_task
    result = _execute_callable(context=context, **execute_callable_kwargs)
             ^^^^^^^^^^^^^^^^^^^^^^^^^^^^^^^^^^^^^^^^^^^^^^^^^^^^^^^^^^^^^
  File "/home/airflow/.local/lib/python3.12/site-packages/airflow/models/taskinstance.py", line 733, in _execute_callable
    return ExecutionCallableRunner(
           ^^^^^^^^^^^^^^^^^^^^^^^^
  File "/home/airflow/.local/lib/python3.12/site-packages/airflow/utils/operator_helpers.py", line 252, in run
    return self.func(*args, **kwargs)
           ^^^^^^^^^^^^^^^^^^^^^^^^^^
  File "/home/airflow/.local/lib/python3.12/site-packages/airflow/models/baseoperator.py", line 417, in wrapper
    return func(self, *args, **kwargs)
           ^^^^^^^^^^^^^^^^^^^^^^^^^^^
  File "/home/airflow/.local/lib/python3.12/site-packages/airflow/operators/python.py", line 238, in execute
    return_value = self.execute_callable()
                   ^^^^^^^^^^^^^^^^^^^^^^^
  File "/home/airflow/.local/lib/python3.12/site-packages/airflow/operators/python.py", line 256, in execute_callable
    return runner.run(*self.op_args, **self.op_kwargs)
           ^^^^^^^^^^^^^^^^^^^^^^^^^^^^^^^^^^^^^^^^^^^
  File "/home/airflow/.local/lib/python3.12/site-packages/airflow/utils/operator_helpers.py", line 252, in run
    return self.func(*args, **kwargs)
           ^^^^^^^^^^^^^^^^^^^^^^^^^^
  File "/opt/airflow/dags/session.py", line 19, in create_spark_session
    .getOrCreate()
     ^^^^^^^^^^^^^
  File "/home/airflow/.local/lib/python3.12/site-packages/pyspark/sql/session.py", line 497, in getOrCreate
    sc = SparkContext.getOrCreate(sparkConf)
         ^^^^^^^^^^^^^^^^^^^^^^^^^^^^^^^^^^^
  File "/home/airflow/.local/lib/python3.12/site-packages/pyspark/context.py", line 515, in getOrCreate
    SparkContext(conf=conf or SparkConf())
  File "/home/airflow/.local/lib/python3.12/site-packages/pyspark/context.py", line 201, in __init__
    SparkContext._ensure_initialized(self, gateway=gateway, conf=conf)
  File "/home/airflow/.local/lib/python3.12/site-packages/pyspark/context.py", line 436, in _ensure_initialized
    SparkContext._gateway = gateway or launch_gateway(conf)
                                       ^^^^^^^^^^^^^^^^^^^^
  File "/home/airflow/.local/lib/python3.12/site-packages/pyspark/java_gateway.py", line 107, in launch_gateway
    raise PySparkRuntimeError(
pyspark.errors.exceptions.base.PySparkRuntimeError: [JAVA_GATEWAY_EXITED] Java gateway process exited before sending its port number.
[2024-11-08T13:21:00.536+0000] {local_task_job_runner.py:266} INFO - Task exited with return code 1
[2024-11-08T13:21:00.557+0000] {taskinstance.py:3895} INFO - 0 downstream tasks scheduled from follow-on schedule check
[2024-11-08T13:21:00.561+0000] {local_task_job_runner.py:245} INFO - ::endgroup::
