[2024-11-07T20:55:59.008+0000] {local_task_job_runner.py:123} INFO - ::group::Pre task execution logs
[2024-11-07T20:55:59.054+0000] {taskinstance.py:2613} INFO - Dependencies all met for dep_context=non-requeueable deps ti=<TaskInstance: dag_with_postgres_operator.create_postgres_table scheduled__2024-09-07T00:00:00+00:00 [queued]>
[2024-11-07T20:55:59.074+0000] {taskinstance.py:2613} INFO - Dependencies all met for dep_context=requeueable deps ti=<TaskInstance: dag_with_postgres_operator.create_postgres_table scheduled__2024-09-07T00:00:00+00:00 [queued]>
[2024-11-07T20:55:59.075+0000] {taskinstance.py:2866} INFO - Starting attempt 1 of 6
[2024-11-07T20:55:59.134+0000] {taskinstance.py:2889} INFO - Executing <Task(PostgresOperator): create_postgres_table> on 2024-09-07 00:00:00+00:00
[2024-11-07T20:55:59.167+0000] {standard_task_runner.py:104} INFO - Running: ['***', 'tasks', 'run', 'dag_with_postgres_operator', 'create_postgres_table', 'scheduled__2024-09-07T00:00:00+00:00', '--job-id', '1581', '--raw', '--subdir', 'DAGS_FOLDER/postgres.py', '--cfg-path', '/tmp/tmpvzmljlte']
[2024-11-07T20:55:59.174+0000] {standard_task_runner.py:105} INFO - Job 1581: Subtask create_postgres_table
[2024-11-07T20:55:59.174+0000] {warnings.py:112} WARNING - /home/***/.local/lib/python3.12/site-packages/***/task/task_runner/standard_task_runner.py:70: DeprecationWarning: This process (pid=4574) is multi-threaded, use of fork() may lead to deadlocks in the child.
  pid = os.fork()

[2024-11-07T20:55:59.181+0000] {standard_task_runner.py:72} INFO - Started process 4586 to run task
[2024-11-07T20:55:59.312+0000] {task_command.py:467} INFO - Running <TaskInstance: dag_with_postgres_operator.create_postgres_table scheduled__2024-09-07T00:00:00+00:00 [running]> on host 3f85553e814e
[2024-11-07T20:55:59.580+0000] {taskinstance.py:3132} INFO - Exporting env vars: AIRFLOW_CTX_DAG_OWNER='sumit kumar' AIRFLOW_CTX_DAG_ID='dag_with_postgres_operator' AIRFLOW_CTX_TASK_ID='create_postgres_table' AIRFLOW_CTX_EXECUTION_DATE='2024-09-07T00:00:00+00:00' AIRFLOW_CTX_TRY_NUMBER='1' AIRFLOW_CTX_DAG_RUN_ID='scheduled__2024-09-07T00:00:00+00:00'
[2024-11-07T20:55:59.583+0000] {logging_mixin.py:190} INFO - Task instance is in running state
[2024-11-07T20:55:59.584+0000] {logging_mixin.py:190} INFO -  Previous state of the Task instance: queued
[2024-11-07T20:55:59.585+0000] {logging_mixin.py:190} INFO - Current task name:create_postgres_table state:running start_date:2024-11-07 20:55:59.056771+00:00
[2024-11-07T20:55:59.586+0000] {logging_mixin.py:190} INFO - Dag name:dag_with_postgres_operator and current dag run status:running
[2024-11-07T20:55:59.587+0000] {taskinstance.py:731} INFO - ::endgroup::
[2024-11-07T20:55:59.589+0000] {sql.py:278} INFO - Executing: 
            CREATE TABLE if not exists Orders (
                OrderID INT PRIMARY KEY,
                Status VARCHAR(50)
            )
        
[2024-11-07T20:55:59.613+0000] {base.py:84} INFO - Retrieving connection 'postgres_local'
[2024-11-07T20:55:59.634+0000] {base.py:84} INFO - Retrieving connection 'postgres_local'
[2024-11-07T20:55:59.677+0000] {sql.py:544} INFO - Running statement: 
            CREATE TABLE if not exists Orders (
                OrderID INT PRIMARY KEY,
                Status VARCHAR(50)
            )
        , parameters: None
[2024-11-07T20:55:59.732+0000] {taskinstance.py:340} INFO - ::group::Post task execution logs
[2024-11-07T20:55:59.734+0000] {taskinstance.py:352} INFO - Marking task as SUCCESS. dag_id=dag_with_postgres_operator, task_id=create_postgres_table, run_id=scheduled__2024-09-07T00:00:00+00:00, execution_date=20240907T000000, start_date=20241107T205559, end_date=20241107T205559
[2024-11-07T20:55:59.761+0000] {logging_mixin.py:190} INFO - Task instance in success state
[2024-11-07T20:55:59.764+0000] {logging_mixin.py:190} INFO -  Previous state of the Task instance: running
[2024-11-07T20:55:59.766+0000] {logging_mixin.py:190} INFO - Dag name:dag_with_postgres_operator queued_at:2024-11-07 20:55:53.949205+00:00
[2024-11-07T20:55:59.768+0000] {logging_mixin.py:190} INFO - Task hostname:3f85553e814e operator:PostgresOperator
[2024-11-07T20:55:59.806+0000] {local_task_job_runner.py:266} INFO - Task exited with return code 0
[2024-11-07T20:55:59.831+0000] {local_task_job_runner.py:245} INFO - ::endgroup::
[2024-11-09T21:47:09.889+0000] {local_task_job_runner.py:123} INFO - ::group::Pre task execution logs
[2024-11-09T21:47:09.995+0000] {taskinstance.py:2613} INFO - Dependencies all met for dep_context=non-requeueable deps ti=<TaskInstance: dag_with_postgres_operator.create_postgres_table scheduled__2024-09-07T00:00:00+00:00 [queued]>
[2024-11-09T21:47:10.064+0000] {taskinstance.py:2613} INFO - Dependencies all met for dep_context=requeueable deps ti=<TaskInstance: dag_with_postgres_operator.create_postgres_table scheduled__2024-09-07T00:00:00+00:00 [queued]>
[2024-11-09T21:47:10.068+0000] {taskinstance.py:2866} INFO - Starting attempt 1 of 6
[2024-11-09T21:47:10.163+0000] {taskinstance.py:2889} INFO - Executing <Task(PostgresOperator): create_postgres_table> on 2024-09-07 00:00:00+00:00
[2024-11-09T21:47:10.226+0000] {warnings.py:112} WARNING - /home/***/.local/lib/python3.12/site-packages/***/task/task_runner/standard_task_runner.py:70: DeprecationWarning: This process (pid=804) is multi-threaded, use of fork() may lead to deadlocks in the child.
  pid = os.fork()

[2024-11-09T21:47:10.246+0000] {standard_task_runner.py:72} INFO - Started process 822 to run task
[2024-11-09T21:47:10.259+0000] {standard_task_runner.py:104} INFO - Running: ['***', 'tasks', 'run', 'dag_with_postgres_operator', 'create_postgres_table', 'scheduled__2024-09-07T00:00:00+00:00', '--job-id', '1585', '--raw', '--subdir', 'DAGS_FOLDER/postgres.py', '--cfg-path', '/tmp/tmprmss0r9o']
[2024-11-09T21:47:10.262+0000] {standard_task_runner.py:105} INFO - Job 1585: Subtask create_postgres_table
[2024-11-09T21:47:10.399+0000] {task_command.py:467} INFO - Running <TaskInstance: dag_with_postgres_operator.create_postgres_table scheduled__2024-09-07T00:00:00+00:00 [running]> on host 4778426a6c09
[2024-11-09T21:47:10.743+0000] {taskinstance.py:3132} INFO - Exporting env vars: AIRFLOW_CTX_DAG_OWNER='sumit kumar' AIRFLOW_CTX_DAG_ID='dag_with_postgres_operator' AIRFLOW_CTX_TASK_ID='create_postgres_table' AIRFLOW_CTX_EXECUTION_DATE='2024-09-07T00:00:00+00:00' AIRFLOW_CTX_TRY_NUMBER='1' AIRFLOW_CTX_DAG_RUN_ID='scheduled__2024-09-07T00:00:00+00:00'
[2024-11-09T21:47:10.746+0000] {logging_mixin.py:190} INFO - Task instance is in running state
[2024-11-09T21:47:10.747+0000] {logging_mixin.py:190} INFO -  Previous state of the Task instance: queued
[2024-11-09T21:47:10.748+0000] {logging_mixin.py:190} INFO - Current task name:create_postgres_table state:running start_date:2024-11-09 21:47:09.997135+00:00
[2024-11-09T21:47:10.749+0000] {logging_mixin.py:190} INFO - Dag name:dag_with_postgres_operator and current dag run status:running
[2024-11-09T21:47:10.750+0000] {taskinstance.py:731} INFO - ::endgroup::
[2024-11-09T21:47:10.752+0000] {sql.py:278} INFO - Executing: 
            CREATE TABLE if not exists Orders (
                OrderID INT PRIMARY KEY,
                Status VARCHAR(50)
            )
        
[2024-11-09T21:47:10.783+0000] {base.py:84} INFO - Retrieving connection 'postgres_local'
[2024-11-09T21:47:10.823+0000] {base.py:84} INFO - Retrieving connection 'postgres_local'
[2024-11-09T21:47:10.873+0000] {sql.py:544} INFO - Running statement: 
            CREATE TABLE if not exists Orders (
                OrderID INT PRIMARY KEY,
                Status VARCHAR(50)
            )
        , parameters: None
[2024-11-09T21:47:10.924+0000] {taskinstance.py:340} INFO - ::group::Post task execution logs
[2024-11-09T21:47:10.928+0000] {taskinstance.py:352} INFO - Marking task as SUCCESS. dag_id=dag_with_postgres_operator, task_id=create_postgres_table, run_id=scheduled__2024-09-07T00:00:00+00:00, execution_date=20240907T000000, start_date=20241109T214709, end_date=20241109T214710
[2024-11-09T21:47:10.986+0000] {logging_mixin.py:190} INFO - Task instance in success state
[2024-11-09T21:47:10.987+0000] {logging_mixin.py:190} INFO -  Previous state of the Task instance: running
[2024-11-09T21:47:10.988+0000] {logging_mixin.py:190} INFO - Dag name:dag_with_postgres_operator queued_at:2024-11-09 21:47:02.678618+00:00
[2024-11-09T21:47:10.989+0000] {logging_mixin.py:190} INFO - Task hostname:4778426a6c09 operator:PostgresOperator
[2024-11-09T21:47:11.023+0000] {local_task_job_runner.py:266} INFO - Task exited with return code 0
[2024-11-09T21:47:11.122+0000] {taskinstance.py:3895} INFO - 1 downstream tasks scheduled from follow-on schedule check
[2024-11-09T21:47:11.136+0000] {local_task_job_runner.py:245} INFO - ::endgroup::
