[2024-11-09T22:10:50.677+0000] {local_task_job_runner.py:123} INFO - ::group::Pre task execution logs
[2024-11-09T22:10:50.710+0000] {taskinstance.py:2613} INFO - Dependencies all met for dep_context=non-requeueable deps ti=<TaskInstance: dag_with_postgres_operator.create_postgres_table scheduled__2024-11-07T00:00:00+00:00 [queued]>
[2024-11-09T22:10:50.728+0000] {taskinstance.py:2613} INFO - Dependencies all met for dep_context=requeueable deps ti=<TaskInstance: dag_with_postgres_operator.create_postgres_table scheduled__2024-11-07T00:00:00+00:00 [queued]>
[2024-11-09T22:10:50.729+0000] {taskinstance.py:2866} INFO - Starting attempt 1 of 6
[2024-11-09T22:10:50.766+0000] {taskinstance.py:2889} INFO - Executing <Task(PostgresOperator): create_postgres_table> on 2024-11-07 00:00:00+00:00
[2024-11-09T22:10:50.778+0000] {warnings.py:112} WARNING - /home/***/.local/lib/python3.12/site-packages/***/task/task_runner/standard_task_runner.py:70: DeprecationWarning: This process (pid=2792) is multi-threaded, use of fork() may lead to deadlocks in the child.
  pid = os.fork()

[2024-11-09T22:10:50.781+0000] {standard_task_runner.py:72} INFO - Started process 2806 to run task
[2024-11-09T22:10:50.787+0000] {standard_task_runner.py:104} INFO - Running: ['***', 'tasks', 'run', 'dag_with_postgres_operator', 'create_postgres_table', 'scheduled__2024-11-07T00:00:00+00:00', '--job-id', '2016', '--raw', '--subdir', 'DAGS_FOLDER/postgres.py', '--cfg-path', '/tmp/tmphlba4sio']
[2024-11-09T22:10:50.789+0000] {standard_task_runner.py:105} INFO - Job 2016: Subtask create_postgres_table
[2024-11-09T22:10:50.881+0000] {task_command.py:467} INFO - Running <TaskInstance: dag_with_postgres_operator.create_postgres_table scheduled__2024-11-07T00:00:00+00:00 [running]> on host 4778426a6c09
[2024-11-09T22:10:51.274+0000] {taskinstance.py:3132} INFO - Exporting env vars: AIRFLOW_CTX_DAG_OWNER='sumit kumar' AIRFLOW_CTX_DAG_ID='dag_with_postgres_operator' AIRFLOW_CTX_TASK_ID='create_postgres_table' AIRFLOW_CTX_EXECUTION_DATE='2024-11-07T00:00:00+00:00' AIRFLOW_CTX_TRY_NUMBER='1' AIRFLOW_CTX_DAG_RUN_ID='scheduled__2024-11-07T00:00:00+00:00'
[2024-11-09T22:10:51.277+0000] {logging_mixin.py:190} INFO - Task instance is in running state
[2024-11-09T22:10:51.278+0000] {logging_mixin.py:190} INFO -  Previous state of the Task instance: queued
[2024-11-09T22:10:51.279+0000] {logging_mixin.py:190} INFO - Current task name:create_postgres_table state:running start_date:2024-11-09 22:10:50.710846+00:00
[2024-11-09T22:10:51.280+0000] {logging_mixin.py:190} INFO - Dag name:dag_with_postgres_operator and current dag run status:running
[2024-11-09T22:10:51.281+0000] {taskinstance.py:731} INFO - ::endgroup::
[2024-11-09T22:10:51.282+0000] {sql.py:278} INFO - Executing: 
            CREATE TABLE if not exists Orders (
                OrderID INT PRIMARY KEY,
                Status VARCHAR(50)
            )
        
[2024-11-09T22:10:51.306+0000] {base.py:84} INFO - Retrieving connection 'postgres_local'
[2024-11-09T22:10:51.335+0000] {base.py:84} INFO - Retrieving connection 'postgres_local'
[2024-11-09T22:10:51.357+0000] {sql.py:544} INFO - Running statement: 
            CREATE TABLE if not exists Orders (
                OrderID INT PRIMARY KEY,
                Status VARCHAR(50)
            )
        , parameters: None
[2024-11-09T22:10:51.388+0000] {taskinstance.py:340} INFO - ::group::Post task execution logs
[2024-11-09T22:10:51.389+0000] {taskinstance.py:352} INFO - Marking task as SUCCESS. dag_id=dag_with_postgres_operator, task_id=create_postgres_table, run_id=scheduled__2024-11-07T00:00:00+00:00, execution_date=20241107T000000, start_date=20241109T221050, end_date=20241109T221051
[2024-11-09T22:10:51.414+0000] {logging_mixin.py:190} INFO - Task instance in success state
[2024-11-09T22:10:51.415+0000] {logging_mixin.py:190} INFO -  Previous state of the Task instance: running
[2024-11-09T22:10:51.416+0000] {logging_mixin.py:190} INFO - Dag name:dag_with_postgres_operator queued_at:2024-11-09 22:10:44.560168+00:00
[2024-11-09T22:10:51.417+0000] {logging_mixin.py:190} INFO - Task hostname:4778426a6c09 operator:PostgresOperator
[2024-11-09T22:10:51.445+0000] {local_task_job_runner.py:266} INFO - Task exited with return code 0
[2024-11-09T22:10:51.497+0000] {taskinstance.py:3895} INFO - 1 downstream tasks scheduled from follow-on schedule check
[2024-11-09T22:10:51.512+0000] {local_task_job_runner.py:245} INFO - ::endgroup::
