[2024-11-07T20:44:12.338+0000] {local_task_job_runner.py:123} INFO - ::group::Pre task execution logs
[2024-11-07T20:44:12.371+0000] {taskinstance.py:2613} INFO - Dependencies all met for dep_context=non-requeueable deps ti=<TaskInstance: dag_with_postgres_operator.create_postgres_table scheduled__2024-08-06T00:00:00+00:00 [queued]>
[2024-11-07T20:44:12.387+0000] {taskinstance.py:2613} INFO - Dependencies all met for dep_context=requeueable deps ti=<TaskInstance: dag_with_postgres_operator.create_postgres_table scheduled__2024-08-06T00:00:00+00:00 [queued]>
[2024-11-07T20:44:12.396+0000] {taskinstance.py:2866} INFO - Starting attempt 1 of 6
[2024-11-07T20:44:12.429+0000] {taskinstance.py:2889} INFO - Executing <Task(PostgresOperator): create_postgres_table> on 2024-08-06 00:00:00+00:00
[2024-11-07T20:44:12.441+0000] {warnings.py:112} WARNING - /home/***/.local/lib/python3.12/site-packages/***/task/task_runner/standard_task_runner.py:70: DeprecationWarning: This process (pid=3537) is multi-threaded, use of fork() may lead to deadlocks in the child.
  pid = os.fork()

[2024-11-07T20:44:12.445+0000] {standard_task_runner.py:72} INFO - Started process 3549 to run task
[2024-11-07T20:44:12.448+0000] {standard_task_runner.py:104} INFO - Running: ['***', 'tasks', 'run', 'dag_with_postgres_operator', 'create_postgres_table', 'scheduled__2024-08-06T00:00:00+00:00', '--job-id', '1357', '--raw', '--subdir', 'DAGS_FOLDER/postgres.py', '--cfg-path', '/tmp/tmpzcgv1ozr']
[2024-11-07T20:44:12.451+0000] {standard_task_runner.py:105} INFO - Job 1357: Subtask create_postgres_table
[2024-11-07T20:44:12.535+0000] {task_command.py:467} INFO - Running <TaskInstance: dag_with_postgres_operator.create_postgres_table scheduled__2024-08-06T00:00:00+00:00 [running]> on host 3f85553e814e
[2024-11-07T20:44:12.692+0000] {taskinstance.py:3132} INFO - Exporting env vars: AIRFLOW_CTX_DAG_OWNER='sumit kumar' AIRFLOW_CTX_DAG_ID='dag_with_postgres_operator' AIRFLOW_CTX_TASK_ID='create_postgres_table' AIRFLOW_CTX_EXECUTION_DATE='2024-08-06T00:00:00+00:00' AIRFLOW_CTX_TRY_NUMBER='1' AIRFLOW_CTX_DAG_RUN_ID='scheduled__2024-08-06T00:00:00+00:00'
[2024-11-07T20:44:12.694+0000] {logging_mixin.py:190} INFO - Task instance is in running state
[2024-11-07T20:44:12.694+0000] {logging_mixin.py:190} INFO -  Previous state of the Task instance: queued
[2024-11-07T20:44:12.695+0000] {logging_mixin.py:190} INFO - Current task name:create_postgres_table state:running start_date:2024-11-07 20:44:12.372766+00:00
[2024-11-07T20:44:12.696+0000] {logging_mixin.py:190} INFO - Dag name:dag_with_postgres_operator and current dag run status:running
[2024-11-07T20:44:12.696+0000] {taskinstance.py:731} INFO - ::endgroup::
[2024-11-07T20:44:12.697+0000] {sql.py:278} INFO - Executing: 
            CREATE TABLE if not exists Orders (
                OrderID INT PRIMARY KEY,
                Status VARCHAR(50)
            )
        
[2024-11-07T20:44:12.711+0000] {base.py:84} INFO - Retrieving connection 'postgres_local'
[2024-11-07T20:44:12.725+0000] {base.py:84} INFO - Retrieving connection 'postgres_local'
[2024-11-07T20:44:12.742+0000] {sql.py:544} INFO - Running statement: 
            CREATE TABLE if not exists Orders (
                OrderID INT PRIMARY KEY,
                Status VARCHAR(50)
            )
        , parameters: None
[2024-11-07T20:44:12.772+0000] {taskinstance.py:340} INFO - ::group::Post task execution logs
[2024-11-07T20:44:12.773+0000] {taskinstance.py:352} INFO - Marking task as SUCCESS. dag_id=dag_with_postgres_operator, task_id=create_postgres_table, run_id=scheduled__2024-08-06T00:00:00+00:00, execution_date=20240806T000000, start_date=20241107T204412, end_date=20241107T204412
[2024-11-07T20:44:12.807+0000] {logging_mixin.py:190} INFO - Task instance in success state
[2024-11-07T20:44:12.808+0000] {logging_mixin.py:190} INFO -  Previous state of the Task instance: running
[2024-11-07T20:44:12.809+0000] {logging_mixin.py:190} INFO - Dag name:dag_with_postgres_operator queued_at:2024-11-07 20:44:08.647855+00:00
[2024-11-07T20:44:12.810+0000] {logging_mixin.py:190} INFO - Task hostname:3f85553e814e operator:PostgresOperator
[2024-11-07T20:44:12.827+0000] {local_task_job_runner.py:266} INFO - Task exited with return code 0
[2024-11-07T20:44:12.858+0000] {taskinstance.py:3895} INFO - 1 downstream tasks scheduled from follow-on schedule check
[2024-11-07T20:44:12.865+0000] {local_task_job_runner.py:245} INFO - ::endgroup::
[2024-11-09T21:30:27.407+0000] {local_task_job_runner.py:123} INFO - ::group::Pre task execution logs
[2024-11-09T21:30:27.492+0000] {taskinstance.py:2613} INFO - Dependencies all met for dep_context=non-requeueable deps ti=<TaskInstance: dag_with_postgres_operator.create_postgres_table scheduled__2024-08-06T00:00:00+00:00 [queued]>
[2024-11-09T21:30:27.546+0000] {taskinstance.py:2613} INFO - Dependencies all met for dep_context=requeueable deps ti=<TaskInstance: dag_with_postgres_operator.create_postgres_table scheduled__2024-08-06T00:00:00+00:00 [queued]>
[2024-11-09T21:30:27.560+0000] {taskinstance.py:2866} INFO - Starting attempt 1 of 6
[2024-11-09T21:30:27.642+0000] {taskinstance.py:2889} INFO - Executing <Task(PostgresOperator): create_postgres_table> on 2024-08-06 00:00:00+00:00
[2024-11-09T21:30:27.673+0000] {warnings.py:112} WARNING - /home/***/.local/lib/python3.12/site-packages/***/task/task_runner/standard_task_runner.py:70: DeprecationWarning: This process (pid=1485) is multi-threaded, use of fork() may lead to deadlocks in the child.
  pid = os.fork()

[2024-11-09T21:30:27.683+0000] {standard_task_runner.py:72} INFO - Started process 1512 to run task
[2024-11-09T21:30:27.685+0000] {standard_task_runner.py:104} INFO - Running: ['***', 'tasks', 'run', 'dag_with_postgres_operator', 'create_postgres_table', 'scheduled__2024-08-06T00:00:00+00:00', '--job-id', '1360', '--raw', '--subdir', 'DAGS_FOLDER/postgres.py', '--cfg-path', '/tmp/tmpmcq3tfw_']
[2024-11-09T21:30:27.690+0000] {standard_task_runner.py:105} INFO - Job 1360: Subtask create_postgres_table
[2024-11-09T21:30:27.988+0000] {task_command.py:467} INFO - Running <TaskInstance: dag_with_postgres_operator.create_postgres_table scheduled__2024-08-06T00:00:00+00:00 [running]> on host d5d7d0963395
[2024-11-09T21:30:28.482+0000] {taskinstance.py:3132} INFO - Exporting env vars: AIRFLOW_CTX_DAG_OWNER='sumit kumar' AIRFLOW_CTX_DAG_ID='dag_with_postgres_operator' AIRFLOW_CTX_TASK_ID='create_postgres_table' AIRFLOW_CTX_EXECUTION_DATE='2024-08-06T00:00:00+00:00' AIRFLOW_CTX_TRY_NUMBER='1' AIRFLOW_CTX_DAG_RUN_ID='scheduled__2024-08-06T00:00:00+00:00'
[2024-11-09T21:30:28.493+0000] {logging_mixin.py:190} INFO - Task instance is in running state
[2024-11-09T21:30:28.495+0000] {logging_mixin.py:190} INFO -  Previous state of the Task instance: queued
[2024-11-09T21:30:28.496+0000] {logging_mixin.py:190} INFO - Current task name:create_postgres_table state:running start_date:2024-11-09 21:30:27.494381+00:00
[2024-11-09T21:30:28.498+0000] {logging_mixin.py:190} INFO - Dag name:dag_with_postgres_operator and current dag run status:running
[2024-11-09T21:30:28.501+0000] {taskinstance.py:731} INFO - ::endgroup::
[2024-11-09T21:30:28.505+0000] {sql.py:278} INFO - Executing: 
            CREATE TABLE if not exists Orders (
                OrderID INT PRIMARY KEY,
                Status VARCHAR(50)
            )
        
[2024-11-09T21:30:28.553+0000] {base.py:84} INFO - Retrieving connection 'postgres_local'
[2024-11-09T21:30:28.596+0000] {base.py:84} INFO - Retrieving connection 'postgres_local'
[2024-11-09T21:30:28.649+0000] {sql.py:544} INFO - Running statement: 
            CREATE TABLE if not exists Orders (
                OrderID INT PRIMARY KEY,
                Status VARCHAR(50)
            )
        , parameters: None
[2024-11-09T21:30:28.756+0000] {taskinstance.py:340} INFO - ::group::Post task execution logs
[2024-11-09T21:30:28.761+0000] {taskinstance.py:352} INFO - Marking task as SUCCESS. dag_id=dag_with_postgres_operator, task_id=create_postgres_table, run_id=scheduled__2024-08-06T00:00:00+00:00, execution_date=20240806T000000, start_date=20241109T213027, end_date=20241109T213028
[2024-11-09T21:30:28.872+0000] {logging_mixin.py:190} INFO - Task instance in success state
[2024-11-09T21:30:28.889+0000] {logging_mixin.py:190} INFO -  Previous state of the Task instance: running
[2024-11-09T21:30:28.893+0000] {logging_mixin.py:190} INFO - Dag name:dag_with_postgres_operator queued_at:2024-11-09 21:30:16.557847+00:00
[2024-11-09T21:30:28.894+0000] {logging_mixin.py:190} INFO - Task hostname:d5d7d0963395 operator:PostgresOperator
[2024-11-09T21:30:28.939+0000] {local_task_job_runner.py:266} INFO - Task exited with return code 0
[2024-11-09T21:30:28.986+0000] {local_task_job_runner.py:245} INFO - ::endgroup::
