[2024-11-10T12:12:54.697+0000] {local_task_job_runner.py:123} INFO - ::group::Pre task execution logs
[2024-11-10T12:12:54.726+0000] {taskinstance.py:2613} INFO - Dependencies all met for dep_context=non-requeueable deps ti=<TaskInstance: Etl_pipeline.create_table_task manual__2024-11-10T12:12:49.213114+00:00 [queued]>
[2024-11-10T12:12:54.740+0000] {taskinstance.py:2613} INFO - Dependencies all met for dep_context=requeueable deps ti=<TaskInstance: Etl_pipeline.create_table_task manual__2024-11-10T12:12:49.213114+00:00 [queued]>
[2024-11-10T12:12:54.741+0000] {taskinstance.py:2866} INFO - Starting attempt 1 of 3
[2024-11-10T12:12:54.768+0000] {taskinstance.py:2889} INFO - Executing <Task(PythonOperator): create_table_task> on 2024-11-10 12:12:49.213114+00:00
[2024-11-10T12:12:54.782+0000] {warnings.py:112} WARNING - /home/***/.local/lib/python3.12/site-packages/***/task/task_runner/standard_task_runner.py:70: DeprecationWarning: This process (pid=268) is multi-threaded, use of fork() may lead to deadlocks in the child.
  pid = os.fork()

[2024-11-10T12:12:54.786+0000] {standard_task_runner.py:72} INFO - Started process 270 to run task
[2024-11-10T12:12:54.785+0000] {standard_task_runner.py:104} INFO - Running: ['***', 'tasks', 'run', 'Etl_pipeline', 'create_table_task', 'manual__2024-11-10T12:12:49.213114+00:00', '--job-id', '2111', '--raw', '--subdir', 'DAGS_FOLDER/pipeline.py', '--cfg-path', '/tmp/tmpwm5qr6l3']
[2024-11-10T12:12:54.787+0000] {standard_task_runner.py:105} INFO - Job 2111: Subtask create_table_task
[2024-11-10T12:12:54.872+0000] {task_command.py:467} INFO - Running <TaskInstance: Etl_pipeline.create_table_task manual__2024-11-10T12:12:49.213114+00:00 [running]> on host 4a15e1d80cfe
[2024-11-10T12:12:55.052+0000] {taskinstance.py:3132} INFO - Exporting env vars: AIRFLOW_CTX_DAG_EMAIL='elidrissi.soukaina2024@gmail.com' AIRFLOW_CTX_DAG_OWNER='***' AIRFLOW_CTX_DAG_ID='Etl_pipeline' AIRFLOW_CTX_TASK_ID='create_table_task' AIRFLOW_CTX_EXECUTION_DATE='2024-11-10T12:12:49.213114+00:00' AIRFLOW_CTX_TRY_NUMBER='1' AIRFLOW_CTX_DAG_RUN_ID='manual__2024-11-10T12:12:49.213114+00:00'
[2024-11-10T12:12:55.054+0000] {logging_mixin.py:190} INFO - Task instance is in running state
[2024-11-10T12:12:55.055+0000] {logging_mixin.py:190} INFO -  Previous state of the Task instance: queued
[2024-11-10T12:12:55.056+0000] {logging_mixin.py:190} INFO - Current task name:create_table_task state:running start_date:2024-11-10 12:12:54.727335+00:00
[2024-11-10T12:12:55.058+0000] {logging_mixin.py:190} INFO - Dag name:Etl_pipeline and current dag run status:running
[2024-11-10T12:12:55.059+0000] {taskinstance.py:731} INFO - ::endgroup::
[2024-11-10T12:12:55.082+0000] {base.py:84} INFO - Retrieving connection 'postgres_local'
[2024-11-10T12:12:55.146+0000] {python.py:240} INFO - Done. Returned value was: None
[2024-11-10T12:12:55.174+0000] {taskinstance.py:340} INFO - ::group::Post task execution logs
[2024-11-10T12:12:55.176+0000] {taskinstance.py:352} INFO - Marking task as SUCCESS. dag_id=Etl_pipeline, task_id=create_table_task, run_id=manual__2024-11-10T12:12:49.213114+00:00, execution_date=20241110T121249, start_date=20241110T121254, end_date=20241110T121255
[2024-11-10T12:12:55.196+0000] {logging_mixin.py:190} INFO - Task instance in success state
[2024-11-10T12:12:55.197+0000] {logging_mixin.py:190} INFO -  Previous state of the Task instance: running
[2024-11-10T12:12:55.198+0000] {logging_mixin.py:190} INFO - Dag name:Etl_pipeline queued_at:2024-11-10 12:12:49.287783+00:00
[2024-11-10T12:12:55.199+0000] {logging_mixin.py:190} INFO - Task hostname:4a15e1d80cfe operator:PythonOperator
[2024-11-10T12:12:55.245+0000] {local_task_job_runner.py:266} INFO - Task exited with return code 0
[2024-11-10T12:12:55.299+0000] {taskinstance.py:3895} INFO - 1 downstream tasks scheduled from follow-on schedule check
[2024-11-10T12:12:55.306+0000] {local_task_job_runner.py:245} INFO - ::endgroup::
