[2024-11-07T21:09:30.636+0000] {local_task_job_runner.py:123} INFO - ::group::Pre task execution logs
[2024-11-07T21:09:30.677+0000] {taskinstance.py:2613} INFO - Dependencies all met for dep_context=non-requeueable deps ti=<TaskInstance: dag_with_postgres_operator.create_postgres_table scheduled__2024-10-16T00:00:00+00:00 [queued]>
[2024-11-07T21:09:30.694+0000] {taskinstance.py:2613} INFO - Dependencies all met for dep_context=requeueable deps ti=<TaskInstance: dag_with_postgres_operator.create_postgres_table scheduled__2024-10-16T00:00:00+00:00 [queued]>
[2024-11-07T21:09:30.696+0000] {taskinstance.py:2866} INFO - Starting attempt 1 of 6
[2024-11-07T21:09:30.727+0000] {taskinstance.py:2889} INFO - Executing <Task(PostgresOperator): create_postgres_table> on 2024-10-16 00:00:00+00:00
[2024-11-07T21:09:30.741+0000] {warnings.py:112} WARNING - /home/***/.local/lib/python3.12/site-packages/***/task/task_runner/standard_task_runner.py:70: DeprecationWarning: This process (pid=5725) is multi-threaded, use of fork() may lead to deadlocks in the child.
  pid = os.fork()

[2024-11-07T21:09:30.745+0000] {standard_task_runner.py:72} INFO - Started process 5735 to run task
[2024-11-07T21:09:30.746+0000] {standard_task_runner.py:104} INFO - Running: ['***', 'tasks', 'run', 'dag_with_postgres_operator', 'create_postgres_table', 'scheduled__2024-10-16T00:00:00+00:00', '--job-id', '1831', '--raw', '--subdir', 'DAGS_FOLDER/postgres.py', '--cfg-path', '/tmp/tmpolgph0go']
[2024-11-07T21:09:30.749+0000] {standard_task_runner.py:105} INFO - Job 1831: Subtask create_postgres_table
[2024-11-07T21:09:30.855+0000] {task_command.py:467} INFO - Running <TaskInstance: dag_with_postgres_operator.create_postgres_table scheduled__2024-10-16T00:00:00+00:00 [running]> on host 3f85553e814e
[2024-11-07T21:09:31.010+0000] {taskinstance.py:3132} INFO - Exporting env vars: AIRFLOW_CTX_DAG_OWNER='sumit kumar' AIRFLOW_CTX_DAG_ID='dag_with_postgres_operator' AIRFLOW_CTX_TASK_ID='create_postgres_table' AIRFLOW_CTX_EXECUTION_DATE='2024-10-16T00:00:00+00:00' AIRFLOW_CTX_TRY_NUMBER='1' AIRFLOW_CTX_DAG_RUN_ID='scheduled__2024-10-16T00:00:00+00:00'
[2024-11-07T21:09:31.014+0000] {logging_mixin.py:190} INFO - Task instance is in running state
[2024-11-07T21:09:31.015+0000] {logging_mixin.py:190} INFO -  Previous state of the Task instance: queued
[2024-11-07T21:09:31.015+0000] {logging_mixin.py:190} INFO - Current task name:create_postgres_table state:running start_date:2024-11-07 21:09:30.679024+00:00
[2024-11-07T21:09:31.016+0000] {logging_mixin.py:190} INFO - Dag name:dag_with_postgres_operator and current dag run status:running
[2024-11-07T21:09:31.018+0000] {taskinstance.py:731} INFO - ::endgroup::
[2024-11-07T21:09:31.019+0000] {sql.py:278} INFO - Executing: 
            CREATE TABLE if not exists Orders (
                OrderID INT PRIMARY KEY,
                Status VARCHAR(50)
            )
        
[2024-11-07T21:09:31.036+0000] {base.py:84} INFO - Retrieving connection 'postgres_local'
[2024-11-07T21:09:31.050+0000] {base.py:84} INFO - Retrieving connection 'postgres_local'
[2024-11-07T21:09:31.066+0000] {sql.py:544} INFO - Running statement: 
            CREATE TABLE if not exists Orders (
                OrderID INT PRIMARY KEY,
                Status VARCHAR(50)
            )
        , parameters: None
[2024-11-07T21:09:31.091+0000] {taskinstance.py:340} INFO - ::group::Post task execution logs
[2024-11-07T21:09:31.092+0000] {taskinstance.py:352} INFO - Marking task as SUCCESS. dag_id=dag_with_postgres_operator, task_id=create_postgres_table, run_id=scheduled__2024-10-16T00:00:00+00:00, execution_date=20241016T000000, start_date=20241107T210930, end_date=20241107T210931
[2024-11-07T21:09:31.107+0000] {logging_mixin.py:190} INFO - Task instance in success state
[2024-11-07T21:09:31.108+0000] {logging_mixin.py:190} INFO -  Previous state of the Task instance: running
[2024-11-07T21:09:31.108+0000] {logging_mixin.py:190} INFO - Dag name:dag_with_postgres_operator queued_at:2024-11-07 21:09:26.031772+00:00
[2024-11-07T21:09:31.109+0000] {logging_mixin.py:190} INFO - Task hostname:3f85553e814e operator:PostgresOperator
[2024-11-07T21:09:31.125+0000] {local_task_job_runner.py:266} INFO - Task exited with return code 0
[2024-11-07T21:09:31.163+0000] {taskinstance.py:3895} INFO - 1 downstream tasks scheduled from follow-on schedule check
[2024-11-07T21:09:31.165+0000] {local_task_job_runner.py:245} INFO - ::endgroup::
[2024-11-09T22:03:31.200+0000] {local_task_job_runner.py:123} INFO - ::group::Pre task execution logs
[2024-11-09T22:03:31.218+0000] {taskinstance.py:2613} INFO - Dependencies all met for dep_context=non-requeueable deps ti=<TaskInstance: dag_with_postgres_operator.create_postgres_table scheduled__2024-10-16T00:00:00+00:00 [queued]>
[2024-11-09T22:03:31.227+0000] {taskinstance.py:2613} INFO - Dependencies all met for dep_context=requeueable deps ti=<TaskInstance: dag_with_postgres_operator.create_postgres_table scheduled__2024-10-16T00:00:00+00:00 [queued]>
[2024-11-09T22:03:31.228+0000] {taskinstance.py:2866} INFO - Starting attempt 1 of 6
[2024-11-09T22:03:31.245+0000] {taskinstance.py:2889} INFO - Executing <Task(PostgresOperator): create_postgres_table> on 2024-10-16 00:00:00+00:00
[2024-11-09T22:03:31.253+0000] {warnings.py:112} WARNING - /home/***/.local/lib/python3.12/site-packages/***/task/task_runner/standard_task_runner.py:70: DeprecationWarning: This process (pid=2160) is multi-threaded, use of fork() may lead to deadlocks in the child.
  pid = os.fork()

[2024-11-09T22:03:31.255+0000] {standard_task_runner.py:72} INFO - Started process 2162 to run task
[2024-11-09T22:03:31.255+0000] {standard_task_runner.py:104} INFO - Running: ['***', 'tasks', 'run', 'dag_with_postgres_operator', 'create_postgres_table', 'scheduled__2024-10-16T00:00:00+00:00', '--job-id', '1877', '--raw', '--subdir', 'DAGS_FOLDER/postgres.py', '--cfg-path', '/tmp/tmpr3nwj2h2']
[2024-11-09T22:03:31.257+0000] {standard_task_runner.py:105} INFO - Job 1877: Subtask create_postgres_table
[2024-11-09T22:03:31.311+0000] {task_command.py:467} INFO - Running <TaskInstance: dag_with_postgres_operator.create_postgres_table scheduled__2024-10-16T00:00:00+00:00 [running]> on host 4778426a6c09
[2024-11-09T22:03:31.653+0000] {taskinstance.py:3132} INFO - Exporting env vars: AIRFLOW_CTX_DAG_OWNER='sumit kumar' AIRFLOW_CTX_DAG_ID='dag_with_postgres_operator' AIRFLOW_CTX_TASK_ID='create_postgres_table' AIRFLOW_CTX_EXECUTION_DATE='2024-10-16T00:00:00+00:00' AIRFLOW_CTX_TRY_NUMBER='1' AIRFLOW_CTX_DAG_RUN_ID='scheduled__2024-10-16T00:00:00+00:00'
[2024-11-09T22:03:31.654+0000] {logging_mixin.py:190} INFO - Task instance is in running state
[2024-11-09T22:03:31.654+0000] {logging_mixin.py:190} INFO -  Previous state of the Task instance: queued
[2024-11-09T22:03:31.655+0000] {logging_mixin.py:190} INFO - Current task name:create_postgres_table state:running start_date:2024-11-09 22:03:31.218859+00:00
[2024-11-09T22:03:31.655+0000] {logging_mixin.py:190} INFO - Dag name:dag_with_postgres_operator and current dag run status:running
[2024-11-09T22:03:31.656+0000] {taskinstance.py:731} INFO - ::endgroup::
[2024-11-09T22:03:31.656+0000] {sql.py:278} INFO - Executing: 
            CREATE TABLE if not exists Orders (
                OrderID INT PRIMARY KEY,
                Status VARCHAR(50)
            )
        
[2024-11-09T22:03:31.666+0000] {base.py:84} INFO - Retrieving connection 'postgres_local'
[2024-11-09T22:03:31.676+0000] {base.py:84} INFO - Retrieving connection 'postgres_local'
[2024-11-09T22:03:31.688+0000] {sql.py:544} INFO - Running statement: 
            CREATE TABLE if not exists Orders (
                OrderID INT PRIMARY KEY,
                Status VARCHAR(50)
            )
        , parameters: None
[2024-11-09T22:03:31.706+0000] {taskinstance.py:340} INFO - ::group::Post task execution logs
[2024-11-09T22:03:31.707+0000] {taskinstance.py:352} INFO - Marking task as SUCCESS. dag_id=dag_with_postgres_operator, task_id=create_postgres_table, run_id=scheduled__2024-10-16T00:00:00+00:00, execution_date=20241016T000000, start_date=20241109T220331, end_date=20241109T220331
[2024-11-09T22:03:31.721+0000] {logging_mixin.py:190} INFO - Task instance in success state
[2024-11-09T22:03:31.722+0000] {logging_mixin.py:190} INFO -  Previous state of the Task instance: running
[2024-11-09T22:03:31.723+0000] {logging_mixin.py:190} INFO - Dag name:dag_with_postgres_operator queued_at:2024-11-09 22:03:29.021726+00:00
[2024-11-09T22:03:31.723+0000] {logging_mixin.py:190} INFO - Task hostname:4778426a6c09 operator:PostgresOperator
[2024-11-09T22:03:31.751+0000] {local_task_job_runner.py:266} INFO - Task exited with return code 0
[2024-11-09T22:03:31.762+0000] {local_task_job_runner.py:245} INFO - ::endgroup::
