[2024-11-07T20:57:02.589+0000] {local_task_job_runner.py:123} INFO - ::group::Pre task execution logs
[2024-11-07T20:57:02.631+0000] {taskinstance.py:2613} INFO - Dependencies all met for dep_context=non-requeueable deps ti=<TaskInstance: dag_with_postgres_operator.create_postgres_table scheduled__2024-09-12T00:00:00+00:00 [queued]>
[2024-11-07T20:57:02.659+0000] {taskinstance.py:2613} INFO - Dependencies all met for dep_context=requeueable deps ti=<TaskInstance: dag_with_postgres_operator.create_postgres_table scheduled__2024-09-12T00:00:00+00:00 [queued]>
[2024-11-07T20:57:02.661+0000] {taskinstance.py:2866} INFO - Starting attempt 1 of 6
[2024-11-07T20:57:02.717+0000] {taskinstance.py:2889} INFO - Executing <Task(PostgresOperator): create_postgres_table> on 2024-09-12 00:00:00+00:00
[2024-11-07T20:57:02.734+0000] {warnings.py:112} WARNING - /home/***/.local/lib/python3.12/site-packages/***/task/task_runner/standard_task_runner.py:70: DeprecationWarning: This process (pid=4667) is multi-threaded, use of fork() may lead to deadlocks in the child.
  pid = os.fork()

[2024-11-07T20:57:02.738+0000] {standard_task_runner.py:72} INFO - Started process 4685 to run task
[2024-11-07T20:57:02.741+0000] {standard_task_runner.py:104} INFO - Running: ['***', 'tasks', 'run', 'dag_with_postgres_operator', 'create_postgres_table', 'scheduled__2024-09-12T00:00:00+00:00', '--job-id', '1602', '--raw', '--subdir', 'DAGS_FOLDER/postgres.py', '--cfg-path', '/tmp/tmpa3slu_uo']
[2024-11-07T20:57:02.745+0000] {standard_task_runner.py:105} INFO - Job 1602: Subtask create_postgres_table
[2024-11-07T20:57:02.899+0000] {task_command.py:467} INFO - Running <TaskInstance: dag_with_postgres_operator.create_postgres_table scheduled__2024-09-12T00:00:00+00:00 [running]> on host 3f85553e814e
[2024-11-07T20:57:03.586+0000] {taskinstance.py:3132} INFO - Exporting env vars: AIRFLOW_CTX_DAG_OWNER='sumit kumar' AIRFLOW_CTX_DAG_ID='dag_with_postgres_operator' AIRFLOW_CTX_TASK_ID='create_postgres_table' AIRFLOW_CTX_EXECUTION_DATE='2024-09-12T00:00:00+00:00' AIRFLOW_CTX_TRY_NUMBER='1' AIRFLOW_CTX_DAG_RUN_ID='scheduled__2024-09-12T00:00:00+00:00'
[2024-11-07T20:57:03.590+0000] {logging_mixin.py:190} INFO - Task instance is in running state
[2024-11-07T20:57:03.591+0000] {logging_mixin.py:190} INFO -  Previous state of the Task instance: queued
[2024-11-07T20:57:03.593+0000] {logging_mixin.py:190} INFO - Current task name:create_postgres_table state:running start_date:2024-11-07 20:57:02.633164+00:00
[2024-11-07T20:57:03.594+0000] {logging_mixin.py:190} INFO - Dag name:dag_with_postgres_operator and current dag run status:running
[2024-11-07T20:57:03.595+0000] {taskinstance.py:731} INFO - ::endgroup::
[2024-11-07T20:57:03.597+0000] {sql.py:278} INFO - Executing: 
            CREATE TABLE if not exists Orders (
                OrderID INT PRIMARY KEY,
                Status VARCHAR(50)
            )
        
[2024-11-07T20:57:03.621+0000] {base.py:84} INFO - Retrieving connection 'postgres_local'
[2024-11-07T20:57:03.644+0000] {base.py:84} INFO - Retrieving connection 'postgres_local'
[2024-11-07T20:57:03.681+0000] {sql.py:544} INFO - Running statement: 
            CREATE TABLE if not exists Orders (
                OrderID INT PRIMARY KEY,
                Status VARCHAR(50)
            )
        , parameters: None
[2024-11-07T20:57:03.725+0000] {taskinstance.py:340} INFO - ::group::Post task execution logs
[2024-11-07T20:57:03.739+0000] {taskinstance.py:352} INFO - Marking task as SUCCESS. dag_id=dag_with_postgres_operator, task_id=create_postgres_table, run_id=scheduled__2024-09-12T00:00:00+00:00, execution_date=20240912T000000, start_date=20241107T205702, end_date=20241107T205703
[2024-11-07T20:57:03.789+0000] {logging_mixin.py:190} INFO - Task instance in success state
[2024-11-07T20:57:03.791+0000] {logging_mixin.py:190} INFO -  Previous state of the Task instance: running
[2024-11-07T20:57:03.793+0000] {logging_mixin.py:190} INFO - Dag name:dag_with_postgres_operator queued_at:2024-11-07 20:56:55.921079+00:00
[2024-11-07T20:57:03.794+0000] {logging_mixin.py:190} INFO - Task hostname:3f85553e814e operator:PostgresOperator
[2024-11-07T20:57:03.867+0000] {local_task_job_runner.py:266} INFO - Task exited with return code 0
[2024-11-07T20:57:03.909+0000] {local_task_job_runner.py:245} INFO - ::endgroup::
[2024-11-09T21:49:36.942+0000] {local_task_job_runner.py:123} INFO - ::group::Pre task execution logs
[2024-11-09T21:49:36.963+0000] {taskinstance.py:2613} INFO - Dependencies all met for dep_context=non-requeueable deps ti=<TaskInstance: dag_with_postgres_operator.create_postgres_table scheduled__2024-09-12T00:00:00+00:00 [queued]>
[2024-11-09T21:49:36.972+0000] {taskinstance.py:2613} INFO - Dependencies all met for dep_context=requeueable deps ti=<TaskInstance: dag_with_postgres_operator.create_postgres_table scheduled__2024-09-12T00:00:00+00:00 [queued]>
[2024-11-09T21:49:36.973+0000] {taskinstance.py:2866} INFO - Starting attempt 1 of 6
[2024-11-09T21:49:36.993+0000] {taskinstance.py:2889} INFO - Executing <Task(PostgresOperator): create_postgres_table> on 2024-09-12 00:00:00+00:00
[2024-11-09T21:49:37.003+0000] {warnings.py:112} WARNING - /home/***/.local/lib/python3.12/site-packages/***/task/task_runner/standard_task_runner.py:70: DeprecationWarning: This process (pid=1008) is multi-threaded, use of fork() may lead to deadlocks in the child.
  pid = os.fork()

[2024-11-09T21:49:37.005+0000] {standard_task_runner.py:72} INFO - Started process 1020 to run task
[2024-11-09T21:49:37.005+0000] {standard_task_runner.py:104} INFO - Running: ['***', 'tasks', 'run', 'dag_with_postgres_operator', 'create_postgres_table', 'scheduled__2024-09-12T00:00:00+00:00', '--job-id', '1631', '--raw', '--subdir', 'DAGS_FOLDER/postgres.py', '--cfg-path', '/tmp/tmpywuuki47']
[2024-11-09T21:49:37.007+0000] {standard_task_runner.py:105} INFO - Job 1631: Subtask create_postgres_table
[2024-11-09T21:49:37.061+0000] {task_command.py:467} INFO - Running <TaskInstance: dag_with_postgres_operator.create_postgres_table scheduled__2024-09-12T00:00:00+00:00 [running]> on host 4778426a6c09
[2024-11-09T21:49:37.167+0000] {taskinstance.py:3132} INFO - Exporting env vars: AIRFLOW_CTX_DAG_OWNER='sumit kumar' AIRFLOW_CTX_DAG_ID='dag_with_postgres_operator' AIRFLOW_CTX_TASK_ID='create_postgres_table' AIRFLOW_CTX_EXECUTION_DATE='2024-09-12T00:00:00+00:00' AIRFLOW_CTX_TRY_NUMBER='1' AIRFLOW_CTX_DAG_RUN_ID='scheduled__2024-09-12T00:00:00+00:00'
[2024-11-09T21:49:37.168+0000] {logging_mixin.py:190} INFO - Task instance is in running state
[2024-11-09T21:49:37.169+0000] {logging_mixin.py:190} INFO -  Previous state of the Task instance: queued
[2024-11-09T21:49:37.169+0000] {logging_mixin.py:190} INFO - Current task name:create_postgres_table state:running start_date:2024-11-09 21:49:36.964284+00:00
[2024-11-09T21:49:37.170+0000] {logging_mixin.py:190} INFO - Dag name:dag_with_postgres_operator and current dag run status:running
[2024-11-09T21:49:37.170+0000] {taskinstance.py:731} INFO - ::endgroup::
[2024-11-09T21:49:37.171+0000] {sql.py:278} INFO - Executing: 
            CREATE TABLE if not exists Orders (
                OrderID INT PRIMARY KEY,
                Status VARCHAR(50)
            )
        
[2024-11-09T21:49:37.181+0000] {base.py:84} INFO - Retrieving connection 'postgres_local'
[2024-11-09T21:49:37.192+0000] {base.py:84} INFO - Retrieving connection 'postgres_local'
[2024-11-09T21:49:37.204+0000] {sql.py:544} INFO - Running statement: 
            CREATE TABLE if not exists Orders (
                OrderID INT PRIMARY KEY,
                Status VARCHAR(50)
            )
        , parameters: None
[2024-11-09T21:49:37.223+0000] {taskinstance.py:340} INFO - ::group::Post task execution logs
[2024-11-09T21:49:37.224+0000] {taskinstance.py:352} INFO - Marking task as SUCCESS. dag_id=dag_with_postgres_operator, task_id=create_postgres_table, run_id=scheduled__2024-09-12T00:00:00+00:00, execution_date=20240912T000000, start_date=20241109T214936, end_date=20241109T214937
[2024-11-09T21:49:37.243+0000] {logging_mixin.py:190} INFO - Task instance in success state
[2024-11-09T21:49:37.244+0000] {logging_mixin.py:190} INFO -  Previous state of the Task instance: running
[2024-11-09T21:49:37.245+0000] {logging_mixin.py:190} INFO - Dag name:dag_with_postgres_operator queued_at:2024-11-09 21:49:32.372389+00:00
[2024-11-09T21:49:37.246+0000] {logging_mixin.py:190} INFO - Task hostname:4778426a6c09 operator:PostgresOperator
[2024-11-09T21:49:37.261+0000] {local_task_job_runner.py:266} INFO - Task exited with return code 0
[2024-11-09T21:49:37.275+0000] {local_task_job_runner.py:245} INFO - ::endgroup::
