[2024-11-07T21:03:23.724+0000] {local_task_job_runner.py:123} INFO - ::group::Pre task execution logs
[2024-11-07T21:03:23.838+0000] {taskinstance.py:2613} INFO - Dependencies all met for dep_context=non-requeueable deps ti=<TaskInstance: dag_with_postgres_operator.create_postgres_table scheduled__2024-10-01T00:00:00+00:00 [queued]>
[2024-11-07T21:03:23.874+0000] {taskinstance.py:2613} INFO - Dependencies all met for dep_context=requeueable deps ti=<TaskInstance: dag_with_postgres_operator.create_postgres_table scheduled__2024-10-01T00:00:00+00:00 [queued]>
[2024-11-07T21:03:23.875+0000] {taskinstance.py:2866} INFO - Starting attempt 1 of 6
[2024-11-07T21:03:23.952+0000] {taskinstance.py:2889} INFO - Executing <Task(PostgresOperator): create_postgres_table> on 2024-10-01 00:00:00+00:00
[2024-11-07T21:03:23.962+0000] {warnings.py:112} WARNING - /home/***/.local/lib/python3.12/site-packages/***/task/task_runner/standard_task_runner.py:70: DeprecationWarning: This process (pid=5190) is multi-threaded, use of fork() may lead to deadlocks in the child.
  pid = os.fork()

[2024-11-07T21:03:23.986+0000] {standard_task_runner.py:72} INFO - Started process 5223 to run task
[2024-11-07T21:03:23.982+0000] {standard_task_runner.py:104} INFO - Running: ['***', 'tasks', 'run', 'dag_with_postgres_operator', 'create_postgres_table', 'scheduled__2024-10-01T00:00:00+00:00', '--job-id', '1716', '--raw', '--subdir', 'DAGS_FOLDER/postgres.py', '--cfg-path', '/tmp/tmp6aop5f8v']
[2024-11-07T21:03:23.992+0000] {standard_task_runner.py:105} INFO - Job 1716: Subtask create_postgres_table
[2024-11-07T21:03:24.203+0000] {task_command.py:467} INFO - Running <TaskInstance: dag_with_postgres_operator.create_postgres_table scheduled__2024-10-01T00:00:00+00:00 [running]> on host 3f85553e814e
[2024-11-07T21:03:25.364+0000] {taskinstance.py:3132} INFO - Exporting env vars: AIRFLOW_CTX_DAG_OWNER='sumit kumar' AIRFLOW_CTX_DAG_ID='dag_with_postgres_operator' AIRFLOW_CTX_TASK_ID='create_postgres_table' AIRFLOW_CTX_EXECUTION_DATE='2024-10-01T00:00:00+00:00' AIRFLOW_CTX_TRY_NUMBER='1' AIRFLOW_CTX_DAG_RUN_ID='scheduled__2024-10-01T00:00:00+00:00'
[2024-11-07T21:03:25.369+0000] {logging_mixin.py:190} INFO - Task instance is in running state
[2024-11-07T21:03:25.370+0000] {logging_mixin.py:190} INFO -  Previous state of the Task instance: queued
[2024-11-07T21:03:25.372+0000] {logging_mixin.py:190} INFO - Current task name:create_postgres_table state:running start_date:2024-11-07 21:03:23.841033+00:00
[2024-11-07T21:03:25.373+0000] {logging_mixin.py:190} INFO - Dag name:dag_with_postgres_operator and current dag run status:running
[2024-11-07T21:03:25.375+0000] {taskinstance.py:731} INFO - ::endgroup::
[2024-11-07T21:03:25.380+0000] {sql.py:278} INFO - Executing: 
            CREATE TABLE if not exists Orders (
                OrderID INT PRIMARY KEY,
                Status VARCHAR(50)
            )
        
[2024-11-07T21:03:25.409+0000] {base.py:84} INFO - Retrieving connection 'postgres_local'
[2024-11-07T21:03:25.481+0000] {base.py:84} INFO - Retrieving connection 'postgres_local'
[2024-11-07T21:03:25.531+0000] {sql.py:544} INFO - Running statement: 
            CREATE TABLE if not exists Orders (
                OrderID INT PRIMARY KEY,
                Status VARCHAR(50)
            )
        , parameters: None
[2024-11-07T21:03:25.623+0000] {taskinstance.py:340} INFO - ::group::Post task execution logs
[2024-11-07T21:03:25.646+0000] {taskinstance.py:352} INFO - Marking task as SUCCESS. dag_id=dag_with_postgres_operator, task_id=create_postgres_table, run_id=scheduled__2024-10-01T00:00:00+00:00, execution_date=20241001T000000, start_date=20241107T210323, end_date=20241107T210325
[2024-11-07T21:03:25.716+0000] {logging_mixin.py:190} INFO - Task instance in success state
[2024-11-07T21:03:25.718+0000] {logging_mixin.py:190} INFO -  Previous state of the Task instance: running
[2024-11-07T21:03:25.720+0000] {logging_mixin.py:190} INFO - Dag name:dag_with_postgres_operator queued_at:2024-11-07 21:03:08.270314+00:00
[2024-11-07T21:03:25.721+0000] {logging_mixin.py:190} INFO - Task hostname:3f85553e814e operator:PostgresOperator
[2024-11-07T21:03:25.783+0000] {local_task_job_runner.py:266} INFO - Task exited with return code 0
[2024-11-07T21:03:25.905+0000] {taskinstance.py:3895} INFO - 1 downstream tasks scheduled from follow-on schedule check
[2024-11-07T21:03:25.937+0000] {local_task_job_runner.py:245} INFO - ::endgroup::
[2024-11-09T21:58:16.221+0000] {local_task_job_runner.py:123} INFO - ::group::Pre task execution logs
[2024-11-09T21:58:16.310+0000] {taskinstance.py:2613} INFO - Dependencies all met for dep_context=non-requeueable deps ti=<TaskInstance: dag_with_postgres_operator.create_postgres_table scheduled__2024-10-01T00:00:00+00:00 [queued]>
[2024-11-09T21:58:16.370+0000] {taskinstance.py:2613} INFO - Dependencies all met for dep_context=requeueable deps ti=<TaskInstance: dag_with_postgres_operator.create_postgres_table scheduled__2024-10-01T00:00:00+00:00 [queued]>
[2024-11-09T21:58:16.373+0000] {taskinstance.py:2866} INFO - Starting attempt 1 of 6
[2024-11-09T21:58:16.497+0000] {taskinstance.py:2889} INFO - Executing <Task(PostgresOperator): create_postgres_table> on 2024-10-01 00:00:00+00:00
[2024-11-09T21:58:16.516+0000] {warnings.py:112} WARNING - /home/***/.local/lib/python3.12/site-packages/***/task/task_runner/standard_task_runner.py:70: DeprecationWarning: This process (pid=1697) is multi-threaded, use of fork() may lead to deadlocks in the child.
  pid = os.fork()

[2024-11-09T21:58:16.546+0000] {standard_task_runner.py:72} INFO - Started process 1729 to run task
[2024-11-09T21:58:16.570+0000] {standard_task_runner.py:104} INFO - Running: ['***', 'tasks', 'run', 'dag_with_postgres_operator', 'create_postgres_table', 'scheduled__2024-10-01T00:00:00+00:00', '--job-id', '1780', '--raw', '--subdir', 'DAGS_FOLDER/postgres.py', '--cfg-path', '/tmp/tmpqjr1ln_s']
[2024-11-09T21:58:16.588+0000] {standard_task_runner.py:105} INFO - Job 1780: Subtask create_postgres_table
[2024-11-09T21:58:16.904+0000] {task_command.py:467} INFO - Running <TaskInstance: dag_with_postgres_operator.create_postgres_table scheduled__2024-10-01T00:00:00+00:00 [running]> on host 4778426a6c09
[2024-11-09T21:58:17.433+0000] {taskinstance.py:3132} INFO - Exporting env vars: AIRFLOW_CTX_DAG_OWNER='sumit kumar' AIRFLOW_CTX_DAG_ID='dag_with_postgres_operator' AIRFLOW_CTX_TASK_ID='create_postgres_table' AIRFLOW_CTX_EXECUTION_DATE='2024-10-01T00:00:00+00:00' AIRFLOW_CTX_TRY_NUMBER='1' AIRFLOW_CTX_DAG_RUN_ID='scheduled__2024-10-01T00:00:00+00:00'
[2024-11-09T21:58:17.440+0000] {logging_mixin.py:190} INFO - Task instance is in running state
[2024-11-09T21:58:17.441+0000] {logging_mixin.py:190} INFO -  Previous state of the Task instance: queued
[2024-11-09T21:58:17.441+0000] {logging_mixin.py:190} INFO - Current task name:create_postgres_table state:running start_date:2024-11-09 21:58:16.328403+00:00
[2024-11-09T21:58:17.442+0000] {logging_mixin.py:190} INFO - Dag name:dag_with_postgres_operator and current dag run status:running
[2024-11-09T21:58:17.443+0000] {taskinstance.py:731} INFO - ::endgroup::
[2024-11-09T21:58:17.444+0000] {sql.py:278} INFO - Executing: 
            CREATE TABLE if not exists Orders (
                OrderID INT PRIMARY KEY,
                Status VARCHAR(50)
            )
        
[2024-11-09T21:58:17.527+0000] {base.py:84} INFO - Retrieving connection 'postgres_local'
[2024-11-09T21:58:17.587+0000] {base.py:84} INFO - Retrieving connection 'postgres_local'
[2024-11-09T21:58:17.631+0000] {sql.py:544} INFO - Running statement: 
            CREATE TABLE if not exists Orders (
                OrderID INT PRIMARY KEY,
                Status VARCHAR(50)
            )
        , parameters: None
[2024-11-09T21:58:17.696+0000] {taskinstance.py:340} INFO - ::group::Post task execution logs
[2024-11-09T21:58:17.701+0000] {taskinstance.py:352} INFO - Marking task as SUCCESS. dag_id=dag_with_postgres_operator, task_id=create_postgres_table, run_id=scheduled__2024-10-01T00:00:00+00:00, execution_date=20241001T000000, start_date=20241109T215816, end_date=20241109T215817
[2024-11-09T21:58:17.829+0000] {logging_mixin.py:190} INFO - Task instance in success state
[2024-11-09T21:58:17.836+0000] {logging_mixin.py:190} INFO -  Previous state of the Task instance: running
[2024-11-09T21:58:17.847+0000] {logging_mixin.py:190} INFO - Dag name:dag_with_postgres_operator queued_at:2024-11-09 21:57:58.641296+00:00
[2024-11-09T21:58:17.848+0000] {logging_mixin.py:190} INFO - Task hostname:4778426a6c09 operator:PostgresOperator
[2024-11-09T21:58:17.942+0000] {local_task_job_runner.py:266} INFO - Task exited with return code 0
[2024-11-09T21:58:18.097+0000] {taskinstance.py:3895} INFO - 1 downstream tasks scheduled from follow-on schedule check
[2024-11-09T21:58:18.107+0000] {local_task_job_runner.py:245} INFO - ::endgroup::
