[2024-11-07T20:33:29.766+0000] {local_task_job_runner.py:123} INFO - ::group::Pre task execution logs
[2024-11-07T20:33:29.822+0000] {taskinstance.py:2613} INFO - Dependencies all met for dep_context=non-requeueable deps ti=<TaskInstance: dag_with_postgres_operator.create_postgres_table scheduled__2024-07-12T00:00:00+00:00 [queued]>
[2024-11-07T20:33:29.841+0000] {taskinstance.py:2613} INFO - Dependencies all met for dep_context=requeueable deps ti=<TaskInstance: dag_with_postgres_operator.create_postgres_table scheduled__2024-07-12T00:00:00+00:00 [queued]>
[2024-11-07T20:33:29.844+0000] {taskinstance.py:2866} INFO - Starting attempt 1 of 6
[2024-11-07T20:33:29.899+0000] {taskinstance.py:2889} INFO - Executing <Task(PostgresOperator): create_postgres_table> on 2024-07-12 00:00:00+00:00
[2024-11-07T20:33:29.930+0000] {warnings.py:112} WARNING - /home/***/.local/lib/python3.12/site-packages/***/task/task_runner/standard_task_runner.py:70: DeprecationWarning: This process (pid=2585) is multi-threaded, use of fork() may lead to deadlocks in the child.
  pid = os.fork()

[2024-11-07T20:33:29.933+0000] {standard_task_runner.py:72} INFO - Started process 2597 to run task
[2024-11-07T20:33:29.949+0000] {standard_task_runner.py:104} INFO - Running: ['***', 'tasks', 'run', 'dag_with_postgres_operator', 'create_postgres_table', 'scheduled__2024-07-12T00:00:00+00:00', '--job-id', '1153', '--raw', '--subdir', 'DAGS_FOLDER/postgres.py', '--cfg-path', '/tmp/tmp3c33vqdn']
[2024-11-07T20:33:29.953+0000] {standard_task_runner.py:105} INFO - Job 1153: Subtask create_postgres_table
[2024-11-07T20:33:30.103+0000] {task_command.py:467} INFO - Running <TaskInstance: dag_with_postgres_operator.create_postgres_table scheduled__2024-07-12T00:00:00+00:00 [running]> on host 3f85553e814e
[2024-11-07T20:33:30.803+0000] {taskinstance.py:3132} INFO - Exporting env vars: AIRFLOW_CTX_DAG_OWNER='sumit kumar' AIRFLOW_CTX_DAG_ID='dag_with_postgres_operator' AIRFLOW_CTX_TASK_ID='create_postgres_table' AIRFLOW_CTX_EXECUTION_DATE='2024-07-12T00:00:00+00:00' AIRFLOW_CTX_TRY_NUMBER='1' AIRFLOW_CTX_DAG_RUN_ID='scheduled__2024-07-12T00:00:00+00:00'
[2024-11-07T20:33:30.805+0000] {logging_mixin.py:190} INFO - Task instance is in running state
[2024-11-07T20:33:30.807+0000] {logging_mixin.py:190} INFO -  Previous state of the Task instance: queued
[2024-11-07T20:33:30.808+0000] {logging_mixin.py:190} INFO - Current task name:create_postgres_table state:running start_date:2024-11-07 20:33:29.823768+00:00
[2024-11-07T20:33:30.809+0000] {logging_mixin.py:190} INFO - Dag name:dag_with_postgres_operator and current dag run status:running
[2024-11-07T20:33:30.810+0000] {taskinstance.py:731} INFO - ::endgroup::
[2024-11-07T20:33:30.812+0000] {sql.py:278} INFO - Executing: 
            CREATE TABLE if not exists Orders (
                OrderID INT PRIMARY KEY,
                Status VARCHAR(50)
            )
        
[2024-11-07T20:33:30.835+0000] {base.py:84} INFO - Retrieving connection 'postgres_local'
[2024-11-07T20:33:30.862+0000] {base.py:84} INFO - Retrieving connection 'postgres_local'
[2024-11-07T20:33:30.896+0000] {sql.py:544} INFO - Running statement: 
            CREATE TABLE if not exists Orders (
                OrderID INT PRIMARY KEY,
                Status VARCHAR(50)
            )
        , parameters: None
[2024-11-07T20:33:30.946+0000] {taskinstance.py:340} INFO - ::group::Post task execution logs
[2024-11-07T20:33:30.952+0000] {taskinstance.py:352} INFO - Marking task as SUCCESS. dag_id=dag_with_postgres_operator, task_id=create_postgres_table, run_id=scheduled__2024-07-12T00:00:00+00:00, execution_date=20240712T000000, start_date=20241107T203329, end_date=20241107T203330
[2024-11-07T20:33:30.975+0000] {logging_mixin.py:190} INFO - Task instance in success state
[2024-11-07T20:33:30.981+0000] {logging_mixin.py:190} INFO -  Previous state of the Task instance: running
[2024-11-07T20:33:30.982+0000] {logging_mixin.py:190} INFO - Dag name:dag_with_postgres_operator queued_at:2024-11-07 20:33:24.719719+00:00
[2024-11-07T20:33:30.984+0000] {logging_mixin.py:190} INFO - Task hostname:3f85553e814e operator:PostgresOperator
[2024-11-07T20:33:31.032+0000] {local_task_job_runner.py:266} INFO - Task exited with return code 0
[2024-11-07T20:33:31.090+0000] {taskinstance.py:3895} INFO - 1 downstream tasks scheduled from follow-on schedule check
[2024-11-07T20:33:31.098+0000] {local_task_job_runner.py:245} INFO - ::endgroup::
[2024-11-09T21:22:42.073+0000] {local_task_job_runner.py:123} INFO - ::group::Pre task execution logs
[2024-11-09T21:22:42.118+0000] {taskinstance.py:2613} INFO - Dependencies all met for dep_context=non-requeueable deps ti=<TaskInstance: dag_with_postgres_operator.create_postgres_table scheduled__2024-07-12T00:00:00+00:00 [queued]>
[2024-11-09T21:22:42.142+0000] {taskinstance.py:2613} INFO - Dependencies all met for dep_context=requeueable deps ti=<TaskInstance: dag_with_postgres_operator.create_postgres_table scheduled__2024-07-12T00:00:00+00:00 [queued]>
[2024-11-09T21:22:42.143+0000] {taskinstance.py:2866} INFO - Starting attempt 1 of 6
[2024-11-09T21:22:42.197+0000] {taskinstance.py:2889} INFO - Executing <Task(PostgresOperator): create_postgres_table> on 2024-07-12 00:00:00+00:00
[2024-11-09T21:22:42.219+0000] {warnings.py:112} WARNING - /home/***/.local/lib/python3.12/site-packages/***/task/task_runner/standard_task_runner.py:70: DeprecationWarning: This process (pid=819) is multi-threaded, use of fork() may lead to deadlocks in the child.
  pid = os.fork()

[2024-11-09T21:22:42.224+0000] {standard_task_runner.py:72} INFO - Started process 843 to run task
[2024-11-09T21:22:42.236+0000] {standard_task_runner.py:104} INFO - Running: ['***', 'tasks', 'run', 'dag_with_postgres_operator', 'create_postgres_table', 'scheduled__2024-07-12T00:00:00+00:00', '--job-id', '1214', '--raw', '--subdir', 'DAGS_FOLDER/postgres.py', '--cfg-path', '/tmp/tmpll2i4jo4']
[2024-11-09T21:22:42.240+0000] {standard_task_runner.py:105} INFO - Job 1214: Subtask create_postgres_table
[2024-11-09T21:22:42.391+0000] {task_command.py:467} INFO - Running <TaskInstance: dag_with_postgres_operator.create_postgres_table scheduled__2024-07-12T00:00:00+00:00 [running]> on host d5d7d0963395
[2024-11-09T21:22:42.760+0000] {taskinstance.py:3132} INFO - Exporting env vars: AIRFLOW_CTX_DAG_OWNER='sumit kumar' AIRFLOW_CTX_DAG_ID='dag_with_postgres_operator' AIRFLOW_CTX_TASK_ID='create_postgres_table' AIRFLOW_CTX_EXECUTION_DATE='2024-07-12T00:00:00+00:00' AIRFLOW_CTX_TRY_NUMBER='1' AIRFLOW_CTX_DAG_RUN_ID='scheduled__2024-07-12T00:00:00+00:00'
[2024-11-09T21:22:42.768+0000] {logging_mixin.py:190} INFO - Task instance is in running state
[2024-11-09T21:22:42.769+0000] {logging_mixin.py:190} INFO -  Previous state of the Task instance: queued
[2024-11-09T21:22:42.771+0000] {logging_mixin.py:190} INFO - Current task name:create_postgres_table state:running start_date:2024-11-09 21:22:42.119281+00:00
[2024-11-09T21:22:42.772+0000] {logging_mixin.py:190} INFO - Dag name:dag_with_postgres_operator and current dag run status:running
[2024-11-09T21:22:42.774+0000] {taskinstance.py:731} INFO - ::endgroup::
[2024-11-09T21:22:42.775+0000] {sql.py:278} INFO - Executing: 
            CREATE TABLE if not exists Orders (
                OrderID INT PRIMARY KEY,
                Status VARCHAR(50)
            )
        
[2024-11-09T21:22:42.809+0000] {base.py:84} INFO - Retrieving connection 'postgres_local'
[2024-11-09T21:22:42.849+0000] {base.py:84} INFO - Retrieving connection 'postgres_local'
[2024-11-09T21:22:42.880+0000] {sql.py:544} INFO - Running statement: 
            CREATE TABLE if not exists Orders (
                OrderID INT PRIMARY KEY,
                Status VARCHAR(50)
            )
        , parameters: None
[2024-11-09T21:22:42.934+0000] {taskinstance.py:340} INFO - ::group::Post task execution logs
[2024-11-09T21:22:42.938+0000] {taskinstance.py:352} INFO - Marking task as SUCCESS. dag_id=dag_with_postgres_operator, task_id=create_postgres_table, run_id=scheduled__2024-07-12T00:00:00+00:00, execution_date=20240712T000000, start_date=20241109T212242, end_date=20241109T212242
[2024-11-09T21:22:42.980+0000] {logging_mixin.py:190} INFO - Task instance in success state
[2024-11-09T21:22:42.982+0000] {logging_mixin.py:190} INFO -  Previous state of the Task instance: running
[2024-11-09T21:22:42.989+0000] {logging_mixin.py:190} INFO - Dag name:dag_with_postgres_operator queued_at:2024-11-09 21:22:30.419740+00:00
[2024-11-09T21:22:42.991+0000] {logging_mixin.py:190} INFO - Task hostname:d5d7d0963395 operator:PostgresOperator
[2024-11-09T21:22:43.023+0000] {local_task_job_runner.py:266} INFO - Task exited with return code 0
[2024-11-09T21:22:43.066+0000] {local_task_job_runner.py:245} INFO - ::endgroup::
